#
# A fatal error has been detected by the Java Runtime Environment:
#
#  Internal Error (0xc000000d), pid=9884, tid=0x00000000000017a0
#
# JRE version: Java(TM) SE Runtime Environment (8.0_111-b14) (build 1.8.0_111-b14)
# Java VM: Java HotSpot(TM) 64-Bit Server VM (25.111-b14 mixed mode windows-amd64 compressed oops)
# Problematic frame:
# C  [ntdll.dll+0xff44c]
#
# Failed to write core dump. Minidumps are not enabled by default on client versions of Windows
#
# If you would like to submit a bug report, please visit:
#   http://bugreport.java.com/bugreport/crash.jsp
#

---------------  T H R E A D  ---------------

Current thread (0x000000001c2b9000):  VMThread [stack: 0x000000001dfc0000,0x000000001e0c0000] [id=6048]

siginfo: ExceptionCode=0xc000000d

Registers:
RAX=0x0000000050a84103, RBX=0x0000000026ae7a30, RCX=0xfffffff90000004f, RDX=0x0000000000000007
RSP=0x000000001e0be960, RBP=0x0000000000000000, RSI=0x0000000026c369d0, RDI=0x0000000026c3ae60
R8 =0x0000000000000000, R9 =0x00000000504237e0, R10=0x0000000002811ca0, R11=0x000000001c2ba010
R12=0x0000000000000000, R13=0x00000000ffffffff, R14=0x0000000026c15ce0, R15=0x0000000026c369d0
RIP=0x00007ffca298f44c, EFLAGS=0x0000000000000206

Top of Stack: (sp=0x000000001e0be960)
0x000000001e0be960:   0000000000000057 0000000026ae7a30
0x000000001e0be970:   0000000026c369d0 0000000026c3ae60
0x000000001e0be980:   00000000c000000d 0000000000000000
0x000000001e0be990:   00007ffca298f44c 0000000000000000
0x000000001e0be9a0:   0000000000000000 0000000000000000
0x000000001e0be9b0:   0000000000000000 0000000000000000
0x000000001e0be9c0:   0000000000000000 0000000000000000
0x000000001e0be9d0:   0000000000000000 0000000000000000
0x000000001e0be9e0:   0000000000000000 0000000000000000
0x000000001e0be9f0:   0000000000000000 0000000000000000
0x000000001e0bea00:   0000000000000000 0000000000000000
0x000000001e0bea10:   0000000000000000 0000000000000003
0x000000001e0bea20:   000032bc9f6f429c 0000000000000000
0x000000001e0bea30:   00007ffca28fec90 00007ffca2951899
0x000000001e0bea40:   0000000000000001 00007ffc931ae8db
0x000000001e0bea50:   0000000000000003 0000000000c50000 

Instructions: (pc=0x00007ffca298f44c)
0x00007ffca298f42c:   d5 fa ff c7 44 24 20 0d 00 00 c0 b9 57 00 00 00
0x00007ffca298f43c:   e8 7f 13 f6 ff 90 48 8d 4c 24 20 e8 04 bf f4 ff
0x00007ffca298f44c:   eb 00 48 8b 8c 24 c0 00 00 00 48 33 cc e8 82 74
0x00007ffca298f45c:   f9 ff 48 81 c4 d8 00 00 00 c3 40 55 48 83 ec 20 


Register to memory mapping:

RAX=0x0000000050a84103 is an unknown value
RBX=0x0000000026ae7a30 is an unknown value
RCX=0xfffffff90000004f is an unknown value
RDX=0x0000000000000007 is an unknown value
RSP=0x000000001e0be960 is an unknown value
RBP=0x0000000000000000 is an unknown value
RSI=0x0000000026c369d0 is an unknown value
RDI=0x0000000026c3ae60 is an unknown value
R8 =0x0000000000000000 is an unknown value
R9 =0x00000000504237e0 is an unknown value
R10=0x0000000002811ca0 is an unknown value
R11=0x000000001c2ba010 is an unknown value
R12=0x0000000000000000 is an unknown value
R13=0x00000000ffffffff is an unknown value
R14=0x0000000026c15ce0 is an unknown value
R15=0x0000000026c369d0 is an unknown value


Stack: [0x000000001dfc0000,0x000000001e0c0000],  sp=0x000000001e0be960,  free space=1018k
Native frames: (J=compiled Java code, j=interpreted, Vv=VM code, C=native code)

VM_Operation (0x00000000261ad440): Exit, mode: safepoint, requested by thread 0x000000001f157800


---------------  P R O C E S S  ---------------

Java Threads: ( => current thread )
  0x000000001f157800 JavaThread "AWT-EventQueue-0" [_thread_blocked, id=1700, stack(0x00000000260b0000,0x00000000261b0000)]
  0x000000001e5ba800 JavaThread "AWT-Shutdown" [_thread_blocked, id=7684, stack(0x000000001fa30000,0x000000001fb30000)]
  0x000000001e5ba000 JavaThread "Java2D Disposer" daemon [_thread_blocked, id=4124, stack(0x000000001f8e0000,0x000000001f9e0000)]
  0x000000001e28d800 JavaThread "Service Thread" daemon [_thread_blocked, id=7824, stack(0x000000001edb0000,0x000000001eeb0000)]
  0x000000001e207800 JavaThread "C1 CompilerThread3" daemon [_thread_blocked, id=4952, stack(0x000000001ecb0000,0x000000001edb0000)]
  0x000000001e1fd000 JavaThread "C2 CompilerThread2" daemon [_thread_blocked, id=8020, stack(0x000000001ebb0000,0x000000001ecb0000)]
  0x000000001e1ea000 JavaThread "C2 CompilerThread1" daemon [_thread_blocked, id=9032, stack(0x000000001eab0000,0x000000001ebb0000)]
  0x000000001e1e6800 JavaThread "C2 CompilerThread0" daemon [_thread_blocked, id=6912, stack(0x000000001e9b0000,0x000000001eab0000)]
  0x000000001e1e4800 JavaThread "Attach Listener" daemon [_thread_blocked, id=5500, stack(0x000000001e8b0000,0x000000001e9b0000)]
  0x000000001c2ce800 JavaThread "Signal Dispatcher" daemon [_thread_blocked, id=6060, stack(0x000000001e7b0000,0x000000001e8b0000)]
  0x000000001e1e0800 JavaThread "Finalizer" daemon [_thread_blocked, id=8516, stack(0x000000001e5c0000,0x000000001e6c0000)]
  0x0000000002766000 JavaThread "Reference Handler" daemon [_thread_blocked, id=6444, stack(0x000000001e0c0000,0x000000001e1c0000)]
  0x0000000002670800 JavaThread "main" [_thread_blocked, id=6688, stack(0x0000000002560000,0x0000000002660000)]

Other Threads:
=>0x000000001c2b9000 VMThread [stack: 0x000000001dfc0000,0x000000001e0c0000] [id=6048]

VM state:at safepoint (shutting down)

VM Mutex/Monitor currently owned by a thread:  ([mutex/lock_event])
[0x000000000281b730] Threads_lock - owner thread: 0x000000001c2b9000

Heap:
 PSYoungGen      total 54272K, used 33640K [0x000000076af80000, 0x000000076eb80000, 0x00000007c0000000)
  eden space 51200K, 60% used [0x000000076af80000,0x000000076cd8f0d0,0x000000076e180000)
  from space 3072K, 93% used [0x000000076e280000,0x000000076e54b030,0x000000076e580000)
  to   space 5120K, 0% used [0x000000076e680000,0x000000076e680000,0x000000076eb80000)
 ParOldGen       total 175104K, used 170647K [0x00000006c0e00000, 0x00000006cb900000, 0x000000076af80000)
  object space 175104K, 97% used [0x00000006c0e00000,0x00000006cb4a5f38,0x00000006cb900000)
 Metaspace       used 8775K, capacity 8998K, committed 9088K, reserved 1056768K
  class space    used 1030K, capacity 1097K, committed 1152K, reserved 1048576K

Card table byte_map: [0x0000000011be0000,0x00000000123e0000] byte_map_base: 0x000000000e5d9000

Marking Bits: (ParMarkBitMap*) 0x0000000050c6a6c0
 Begin Bits: [0x0000000013140000, 0x0000000017108000)
 End Bits:   [0x0000000017108000, 0x000000001b0d0000)

Polling page: 0x0000000000dc0000

CodeCache: size=245760Kb used=2789Kb max_used=2798Kb free=242970Kb
 bounds [0x0000000002820000, 0x0000000002ae0000, 0x0000000011820000]
 total_blobs=1160 nmethods=711 adapters=362
 compilation: enabled

Compilation events (10 events):
Event: 38.201 Thread 0x000000001e207800  749       3       java.awt.Toolkit::getEventQueue (7 bytes)
Event: 38.201 Thread 0x000000001e207800 nmethod 749 0x0000000002ad98d0 code [0x0000000002ad9a80, 0x0000000002ada028]
Event: 38.201 Thread 0x000000001e207800  750       3       sun.awt.SunToolkit::getSystemEventQueueImpl (4 bytes)
Event: 38.201 Thread 0x000000001e207800 nmethod 750 0x0000000002ad91d0 code [0x0000000002ad9360, 0x0000000002ad9738]
Event: 38.203 Thread 0x000000001e207800  751       3       java.awt.event.ComponentEvent::<init> (7 bytes)
Event: 38.203 Thread 0x000000001e207800 nmethod 751 0x0000000002ad8e50 code [0x0000000002ad8fc0, 0x0000000002ad9148]
Event: 39.170 Thread 0x000000001e1e6800  752       4       java.awt.image.ComponentSampleModel::getNumDataElements (5 bytes)
Event: 39.171 Thread 0x000000001e1e6800 nmethod 752 0x0000000002921a90 code [0x0000000002921bc0, 0x0000000002921c18]
Event: 39.692 Thread 0x000000001e207800  753   !   3       java.awt.KeyboardFocusManager::getGlobalFocusOwner (20 bytes)
Event: 39.692 Thread 0x000000001e207800 nmethod 753 0x0000000002ad85d0 code [0x0000000002ad8780, 0x0000000002ad8c08]

GC Heap History (10 events):
Event: 38.901 GC heap before
{Heap before GC invocations=371 (full 0):
 PSYoungGen      total 57856K, used 57380K [0x000000076af80000, 0x000000076f280000, 0x00000007c0000000)
  eden space 56320K, 100% used [0x000000076af80000,0x000000076e680000,0x000000076e680000)
  from space 1536K, 69% used [0x000000076f100000,0x000000076f209010,0x000000076f280000)
  to   space 5120K, 0% used [0x000000076e880000,0x000000076e880000,0x000000076ed80000)
 ParOldGen       total 175104K, used 170631K [0x00000006c0e00000, 0x00000006cb900000, 0x000000076af80000)
  object space 175104K, 97% used [0x00000006c0e00000,0x00000006cb4a1f38,0x00000006cb900000)
 Metaspace       used 8770K, capacity 8998K, committed 9088K, reserved 1056768K
  class space    used 1029K, capacity 1097K, committed 1152K, reserved 1048576K
Event: 38.902 GC heap after
Heap after GC invocations=371 (full 0):
 PSYoungGen      total 58368K, used 2892K [0x000000076af80000, 0x000000076f180000, 0x00000007c0000000)
  eden space 55296K, 0% used [0x000000076af80000,0x000000076af80000,0x000000076e580000)
  from space 3072K, 94% used [0x000000076e880000,0x000000076eb53030,0x000000076eb80000)
  to   space 5120K, 0% used [0x000000076ec80000,0x000000076ec80000,0x000000076f180000)
 ParOldGen       total 175104K, used 170631K [0x00000006c0e00000, 0x00000006cb900000, 0x000000076af80000)
  object space 175104K, 97% used [0x00000006c0e00000,0x00000006cb4a1f38,0x00000006cb900000)
 Metaspace       used 8770K, capacity 8998K, committed 9088K, reserved 1056768K
  class space    used 1029K, capacity 1097K, committed 1152K, reserved 1048576K
}
Event: 39.093 GC heap before
{Heap before GC invocations=372 (full 0):
 PSYoungGen      total 58368K, used 58188K [0x000000076af80000, 0x000000076f180000, 0x00000007c0000000)
  eden space 55296K, 100% used [0x000000076af80000,0x000000076e580000,0x000000076e580000)
  from space 3072K, 94% used [0x000000076e880000,0x000000076eb53030,0x000000076eb80000)
  to   space 5120K, 0% used [0x000000076ec80000,0x000000076ec80000,0x000000076f180000)
 ParOldGen       total 175104K, used 170631K [0x00000006c0e00000, 0x00000006cb900000, 0x000000076af80000)
  object space 175104K, 97% used [0x00000006c0e00000,0x00000006cb4a1f38,0x00000006cb900000)
 Metaspace       used 8770K, capacity 8998K, committed 9088K, reserved 1056768K
  class space    used 1029K, capacity 1097K, committed 1152K, reserved 1048576K
Event: 39.094 GC heap after
Heap after GC invocations=372 (full 0):
 PSYoungGen      total 57344K, used 2892K [0x000000076af80000, 0x000000076ef80000, 0x00000007c0000000)
  eden space 54272K, 0% used [0x000000076af80000,0x000000076af80000,0x000000076e480000)
  from space 3072K, 94% used [0x000000076ec80000,0x000000076ef53030,0x000000076ef80000)
  to   space 5120K, 0% used [0x000000076e580000,0x000000076e580000,0x000000076ea80000)
 ParOldGen       total 175104K, used 170631K [0x00000006c0e00000, 0x00000006cb900000, 0x000000076af80000)
  object space 175104K, 97% used [0x00000006c0e00000,0x00000006cb4a1f38,0x00000006cb900000)
 Metaspace       used 8770K, capacity 8998K, committed 9088K, reserved 1056768K
  class space    used 1029K, capacity 1097K, committed 1152K, reserved 1048576K
}
Event: 39.300 GC heap before
{Heap before GC invocations=373 (full 0):
 PSYoungGen      total 57344K, used 57164K [0x000000076af80000, 0x000000076ef80000, 0x00000007c0000000)
  eden space 54272K, 100% used [0x000000076af80000,0x000000076e480000,0x000000076e480000)
  from space 3072K, 94% used [0x000000076ec80000,0x000000076ef53030,0x000000076ef80000)
  to   space 5120K, 0% used [0x000000076e580000,0x000000076e580000,0x000000076ea80000)
 ParOldGen       total 175104K, used 170631K [0x00000006c0e00000, 0x00000006cb900000, 0x000000076af80000)
  object space 175104K, 97% used [0x00000006c0e00000,0x00000006cb4a1f38,0x00000006cb900000)
 Metaspace       used 8770K, capacity 8998K, committed 9088K, reserved 1056768K
  class space    used 1029K, capacity 1097K, committed 1152K, reserved 1048576K
Event: 39.302 GC heap after
Heap after GC invocations=373 (full 0):
 PSYoungGen      total 56320K, used 2924K [0x000000076af80000, 0x000000076ed80000, 0x00000007c0000000)
  eden space 53248K, 0% used [0x000000076af80000,0x000000076af80000,0x000000076e380000)
  from space 3072K, 95% used [0x000000076e580000,0x000000076e85b030,0x000000076e880000)
  to   space 5120K, 0% used [0x000000076e880000,0x000000076e880000,0x000000076ed80000)
 ParOldGen       total 175104K, used 170631K [0x00000006c0e00000, 0x00000006cb900000, 0x000000076af80000)
  object space 175104K, 97% used [0x00000006c0e00000,0x00000006cb4a1f38,0x00000006cb900000)
 Metaspace       used 8770K, capacity 8998K, committed 9088K, reserved 1056768K
  class space    used 1029K, capacity 1097K, committed 1152K, reserved 1048576K
}
Event: 39.491 GC heap before
{Heap before GC invocations=374 (full 0):
 PSYoungGen      total 56320K, used 55461K [0x000000076af80000, 0x000000076ed80000, 0x00000007c0000000)
  eden space 53248K, 98% used [0x000000076af80000,0x000000076e2ce738,0x000000076e380000)
  from space 3072K, 95% used [0x000000076e580000,0x000000076e85b030,0x000000076e880000)
  to   space 5120K, 0% used [0x000000076e880000,0x000000076e880000,0x000000076ed80000)
 ParOldGen       total 175104K, used 170631K [0x00000006c0e00000, 0x00000006cb900000, 0x000000076af80000)
  object space 175104K, 97% used [0x00000006c0e00000,0x00000006cb4a1f38,0x00000006cb900000)
 Metaspace       used 8770K, capacity 8998K, committed 9088K, reserved 1056768K
  class space    used 1029K, capacity 1097K, committed 1152K, reserved 1048576K
Event: 39.491 GC heap after
Heap after GC invocations=374 (full 0):
 PSYoungGen      total 56320K, used 1028K [0x000000076af80000, 0x000000076ec80000, 0x00000007c0000000)
  eden space 52224K, 0% used [0x000000076af80000,0x000000076af80000,0x000000076e280000)
  from space 4096K, 25% used [0x000000076e880000,0x000000076e981010,0x000000076ec80000)
  to   space 5120K, 0% used [0x000000076e280000,0x000000076e280000,0x000000076e780000)
 ParOldGen       total 175104K, used 170647K [0x00000006c0e00000, 0x00000006cb900000, 0x000000076af80000)
  object space 175104K, 97% used [0x00000006c0e00000,0x00000006cb4a5f38,0x00000006cb900000)
 Metaspace       used 8770K, capacity 8998K, committed 9088K, reserved 1056768K
  class space    used 1029K, capacity 1097K, committed 1152K, reserved 1048576K
}
Event: 39.688 GC heap before
{Heap before GC invocations=375 (full 0):
 PSYoungGen      total 56320K, used 53252K [0x000000076af80000, 0x000000076ec80000, 0x00000007c0000000)
  eden space 52224K, 100% used [0x000000076af80000,0x000000076e280000,0x000000076e280000)
  from space 4096K, 25% used [0x000000076e880000,0x000000076e981010,0x000000076ec80000)
  to   space 5120K, 0% used [0x000000076e280000,0x000000076e280000,0x000000076e780000)
 ParOldGen       total 175104K, used 170647K [0x00000006c0e00000, 0x00000006cb900000, 0x000000076af80000)
  object space 175104K, 97% used [0x00000006c0e00000,0x00000006cb4a5f38,0x00000006cb900000)
 Metaspace       used 8770K, capacity 8998K, committed 9088K, reserved 1056768K
  class space    used 1029K, capacity 1097K, committed 1152K, reserved 1048576K
Event: 39.690 GC heap after
Heap after GC invocations=375 (full 0):
 PSYoungGen      total 54272K, used 2860K [0x000000076af80000, 0x000000076eb80000, 0x00000007c0000000)
  eden space 51200K, 0% used [0x000000076af80000,0x000000076af80000,0x000000076e180000)
  from space 3072K, 93% used [0x000000076e280000,0x000000076e54b030,0x000000076e580000)
  to   space 5120K, 0% used [0x000000076e680000,0x000000076e680000,0x000000076eb80000)
 ParOldGen       total 175104K, used 170647K [0x00000006c0e00000, 0x00000006cb900000, 0x000000076af80000)
  object space 175104K, 97% used [0x00000006c0e00000,0x00000006cb4a5f38,0x00000006cb900000)
 Metaspace       used 8770K, capacity 8998K, committed 9088K, reserved 1056768K
  class space    used 1029K, capacity 1097K, committed 1152K, reserved 1048576K
}

Deoptimization events (10 events):
Event: 0.718 Thread 0x0000000002670800 Uncommon trap: reason=unstable_if action=reinterpret pc=0x00000000029d497c method=java.awt.image.ComponentColorModel.getRGB(Ljava/lang/Object;)I @ 4
Event: 0.868 Thread 0x0000000002670800 Uncommon trap: reason=unstable_if action=reinterpret pc=0x00000000029f8214 method=PicRecoginition.isColor(I)Z @ 88
Event: 0.868 Thread 0x0000000002670800 Uncommon trap: reason=unstable_if action=reinterpret pc=0x00000000029cef68 method=PicRecoginition.isColor(I)Z @ 88
Event: 1.029 Thread 0x0000000002670800 Uncommon trap: reason=unstable_if action=reinterpret pc=0x00000000029f19d8 method=PicRecoginition.isColor(I)Z @ 50
Event: 1.030 Thread 0x0000000002670800 Uncommon trap: reason=unstable_if action=reinterpret pc=0x00000000029f54a4 method=PicRecoginition.isColor(I)Z @ 14
Event: 3.873 Thread 0x0000000002670800 Uncommon trap: reason=unstable_if action=reinterpret pc=0x00000000029ed130 method=PicRecoginition.percentMask([[IIILjava/awt/image/BufferedImage;)I @ 11
Event: 3.875 Thread 0x0000000002670800 Uncommon trap: reason=unstable_if action=reinterpret pc=0x0000000002a01494 method=PicRecoginition.winCheck(III)V @ 7
Event: 18.939 Thread 0x0000000002670800 Uncommon trap: reason=unstable_if action=reinterpret pc=0x0000000002a10370 method=PicRecoginition.setMask(IIILjava/awt/image/BufferedImage;)I @ 36
Event: 25.100 Thread 0x0000000002670800 Uncommon trap: reason=unstable_if action=reinterpret pc=0x0000000002a29b70 method=PicRecoginition.percentMask([[IIILjava/awt/image/BufferedImage;)I @ 49
Event: 25.100 Thread 0x0000000002670800 Uncommon trap: reason=unstable_if action=reinterpret pc=0x0000000002a27b50 method=PicRecoginition.percentMask([[IIILjava/awt/image/BufferedImage;)I @ 49

Internal exceptions (10 events):
Event: 0.019 Thread 0x0000000002670800 Exception <a 'java/lang/NoSuchMethodError': Method sun.misc.Unsafe.prefetchRead(Ljava/lang/Object;J)V name or signature does not match> (0x000000076af87f60) thrown at [C:\re\workspace\8-2-build-windows-amd64-cygwin\jdk8u111\7883\hotspot\src\share\vm\prims
Event: 0.063 Thread 0x0000000002670800 Exception <a 'java/security/PrivilegedActionException'> (0x000000076b003908) thrown at [C:\re\workspace\8-2-build-windows-amd64-cygwin\jdk8u111\7883\hotspot\src\share\vm\prims\jvm.cpp, line 1386]
Event: 0.063 Thread 0x0000000002670800 Exception <a 'java/security/PrivilegedActionException'> (0x000000076b003b18) thrown at [C:\re\workspace\8-2-build-windows-amd64-cygwin\jdk8u111\7883\hotspot\src\share\vm\prims\jvm.cpp, line 1386]
Event: 0.063 Thread 0x0000000002670800 Exception <a 'java/security/PrivilegedActionException'> (0x000000076b007760) thrown at [C:\re\workspace\8-2-build-windows-amd64-cygwin\jdk8u111\7883\hotspot\src\share\vm\prims\jvm.cpp, line 1386]
Event: 0.063 Thread 0x0000000002670800 Exception <a 'java/security/PrivilegedActionException'> (0x000000076b007970) thrown at [C:\re\workspace\8-2-build-windows-amd64-cygwin\jdk8u111\7883\hotspot\src\share\vm\prims\jvm.cpp, line 1386]
Event: 0.065 Thread 0x0000000002670800 Exception <a 'java/io/FileNotFoundException'> (0x000000076b009e88) thrown at [C:\re\workspace\8-2-build-windows-amd64-cygwin\jdk8u111\7883\hotspot\src\share\vm\prims\jni.cpp, line 709]
Event: 0.090 Thread 0x0000000002670800 Exception <a 'java/lang/NoSuchFieldError': method resolution failed> (0x000000076b21ed28) thrown at [C:\re\workspace\8-2-build-windows-amd64-cygwin\jdk8u111\7883\hotspot\src\share\vm\prims\methodHandles.cpp, line 1146]
Event: 0.091 Thread 0x0000000002670800 Exception <a 'java/lang/NoSuchFieldError': method resolution failed> (0x000000076b22c0f8) thrown at [C:\re\workspace\8-2-build-windows-amd64-cygwin\jdk8u111\7883\hotspot\src\share\vm\prims\methodHandles.cpp, line 1146]
Event: 0.113 Thread 0x0000000002670800 Exception <a 'java/io/FileNotFoundException'> (0x000000076b2bfca0) thrown at [C:\re\workspace\8-2-build-windows-amd64-cygwin\jdk8u111\7883\hotspot\src\share\vm\prims\jni.cpp, line 709]
Event: 0.156 Thread 0x0000000002670800 Implicit null exception at 0x000000000299251c to 0x00000000029926f5

Events (10 events):
Event: 39.690 Executing VM operation: ParallelGCFailedAllocation done
Event: 39.692 Thread 0x000000001e36e000 Thread added: 0x000000001e36e000
Event: 39.692 Thread 0x000000001e370800 Thread added: 0x000000001e370800
Event: 39.692 Thread 0x000000001e36e000 Thread exited: 0x000000001e36e000
Event: 39.693 Thread 0x000000001f1b2000 Thread exited: 0x000000001f1b2000
Event: 39.693 loading class sun/java2d/pipe/hw/AccelDeviceEventNotifier
Event: 39.693 loading class sun/java2d/pipe/hw/AccelDeviceEventNotifier done
Event: 39.704 Thread 0x000000001f0e4800 Thread exited: 0x000000001f0e4800
Event: 39.793 Thread 0x000000001e370800 Thread exited: 0x000000001e370800
Event: 39.793 Executing VM operation: Exit


Dynamic libraries:
0x00007ff7c4770000 - 0x00007ff7c47a7000 	C:\Program Files\Java\jre1.8.0_111\bin\javaw.exe
0x00007ffca2890000 - 0x00007ffca2a61000 	C:\Windows\SYSTEM32\ntdll.dll
0x00007ffc9eb70000 - 0x00007ffc9ec1b000 	C:\Windows\System32\KERNEL32.DLL
0x00007ffc8b2d0000 - 0x00007ffc8b324000 	C:\Program Files (x86)\AVG\Av\avghooka.dll
0x00007ffc9de40000 - 0x00007ffc9e05d000 	C:\Windows\System32\KERNELBASE.dll
0x00007ffc9f880000 - 0x00007ffc9f922000 	C:\Windows\System32\ADVAPI32.dll
0x00007ffc9f340000 - 0x00007ffc9f3de000 	C:\Windows\System32\msvcrt.dll
0x00007ffc9eb10000 - 0x00007ffc9eb69000 	C:\Windows\System32\sechost.dll
0x00007ffc9f750000 - 0x00007ffc9f871000 	C:\Windows\System32\RPCRT4.dll
0x00007ffc9f5e0000 - 0x00007ffc9f745000 	C:\Windows\System32\USER32.dll
0x00007ffc9dc90000 - 0x00007ffc9dcae000 	C:\Windows\System32\win32u.dll
0x00007ffc9ec20000 - 0x00007ffc9ec54000 	C:\Windows\System32\GDI32.dll
0x00007ffc9dcb0000 - 0x00007ffc9de32000 	C:\Windows\System32\gdi32full.dll
0x00007ffc945d0000 - 0x00007ffc94849000 	C:\Windows\WinSxS\amd64_microsoft.windows.common-controls_6595b64144ccf1df_6.0.14393.447_none_42191651c6827bb3\COMCTL32.dll
0x00007ffca0f20000 - 0x00007ffca11e8000 	C:\Windows\System32\combase.dll
0x00007ffc9db20000 - 0x00007ffc9dc15000 	C:\Windows\System32\ucrtbase.dll
0x00007ffc9dc20000 - 0x00007ffc9dc8a000 	C:\Windows\System32\bcryptPrimitives.dll
0x00007ffca1550000 - 0x00007ffca157e000 	C:\Windows\System32\IMM32.DLL
0x0000000050370000 - 0x0000000050442000 	C:\Program Files\Java\jre1.8.0_111\bin\msvcr100.dll
0x0000000050450000 - 0x0000000050cea000 	C:\Program Files\Java\jre1.8.0_111\bin\server\jvm.dll
0x00007ffca1520000 - 0x00007ffca1528000 	C:\Windows\System32\PSAPI.DLL
0x00007ffc8f1c0000 - 0x00007ffc8f1c9000 	C:\Windows\SYSTEM32\WSOCK32.dll
0x00007ffca0eb0000 - 0x00007ffca0f1a000 	C:\Windows\System32\WS2_32.dll
0x00007ffc9be00000 - 0x00007ffc9be23000 	C:\Windows\SYSTEM32\WINMM.dll
0x00007ffc99430000 - 0x00007ffc9943a000 	C:\Windows\SYSTEM32\VERSION.dll
0x00007ffc9bda0000 - 0x00007ffc9bdcb000 	C:\Windows\SYSTEM32\WINMMBASE.dll
0x00007ffc9e970000 - 0x00007ffc9e9b2000 	C:\Windows\System32\cfgmgr32.dll
0x0000000050f90000 - 0x0000000050f9f000 	C:\Program Files\Java\jre1.8.0_111\bin\verify.dll
0x0000000050f60000 - 0x0000000050f89000 	C:\Program Files\Java\jre1.8.0_111\bin\java.dll
0x0000000050f40000 - 0x0000000050f56000 	C:\Program Files\Java\jre1.8.0_111\bin\zip.dll
0x00007ffc9f990000 - 0x00007ffca0e99000 	C:\Windows\System32\SHELL32.dll
0x00007ffc9e0c0000 - 0x00007ffc9e79a000 	C:\Windows\System32\windows.storage.dll
0x00007ffc9da10000 - 0x00007ffc9da5c000 	C:\Windows\System32\powrprof.dll
0x00007ffca11f0000 - 0x00007ffca1242000 	C:\Windows\System32\shlwapi.dll
0x00007ffc9da00000 - 0x00007ffc9da0f000 	C:\Windows\System32\kernel.appcore.dll
0x00007ffc9ea60000 - 0x00007ffc9eb09000 	C:\Windows\System32\shcore.dll
0x00007ffc9d9e0000 - 0x00007ffc9d9f4000 	C:\Windows\System32\profapi.dll
0x00007ffc6a840000 - 0x00007ffc6c737000 	C:\Users\curti\OneDrive\Programming\opencv\build\java\x64\opencv_java320.dll
0x00007ffc9f190000 - 0x00007ffc9f2c7000 	C:\Windows\System32\ole32.dll
0x00007ffca12c0000 - 0x00007ffca137f000 	C:\Windows\System32\OLEAUT32.dll
0x00007ffc9e9c0000 - 0x00007ffc9ea5c000 	C:\Windows\System32\msvcp_win.dll
0x00007ffc8b100000 - 0x00007ffc8b129000 	C:\Windows\SYSTEM32\MSVFW32.dll
0x00007ffc96550000 - 0x00007ffc96570000 	C:\Windows\SYSTEM32\AVIFIL32.dll
0x00007ffc939f0000 - 0x00007ffc93a08000 	C:\Windows\SYSTEM32\AVICAP32.dll
0x00007ffc9a6a0000 - 0x00007ffc9a6bc000 	C:\Windows\SYSTEM32\MSACM32.dll
0x00000000501d0000 - 0x0000000050368000 	C:\Program Files\Java\jre1.8.0_111\bin\awt.dll
0x00007ffc9b6f0000 - 0x00007ffc9b76a000 	C:\Windows\SYSTEM32\apphelp.dll
0x00007ffc9b770000 - 0x00007ffc9b796000 	C:\Windows\system32\DWMAPI.DLL
0x00007ffc9c130000 - 0x00007ffc9c1c5000 	C:\Windows\system32\uxtheme.dll
0x00007ffc9f3e0000 - 0x00007ffc9f53b000 	C:\Windows\System32\MSCTF.dll
0x0000000050180000 - 0x00000000501c7000 	C:\Program Files\Java\jre1.8.0_111\bin\fontmanager.dll
0x00007ffc9f540000 - 0x00007ffc9f5df000 	C:\Windows\System32\clbcatq.dll
0x00007ffc8b0e0000 - 0x00007ffc8b0f8000 	C:\Windows\System32\devenum.dll
0x00007ffc9ec60000 - 0x00007ffc9f089000 	C:\Windows\System32\setupapi.dll
0x00007ffc9cd90000 - 0x00007ffc9cdc2000 	C:\Windows\SYSTEM32\ntmarta.dll
0x00007ffc9c5c0000 - 0x00007ffc9c5e8000 	C:\Windows\SYSTEM32\DEVOBJ.dll
0x00007ffc9e060000 - 0x00007ffc9e0b5000 	C:\Windows\System32\WINTRUST.dll
0x00007ffc9da60000 - 0x00007ffc9da70000 	C:\Windows\System32\MSASN1.dll
0x00007ffc9e7a0000 - 0x00007ffc9e969000 	C:\Windows\System32\CRYPT32.dll
0x00007ffc964a0000 - 0x00007ffc964aa000 	C:\Windows\SYSTEM32\msdmo.dll
0x00007ffc8afa0000 - 0x00007ffc8afd3000 	C:\Windows\System32\qcap.dll
0x00007ffc86ea0000 - 0x00007ffc87063000 	C:\Windows\System32\quartz.dll
0x00007ffc9d920000 - 0x00007ffc9d94b000 	C:\Windows\System32\bcrypt.dll
0x00007ffc8ad70000 - 0x00007ffc8adb8000 	C:\Windows\System32\mfksproxy.dll
0x00007ffc88320000 - 0x00007ffc8833c000 	C:\Windows\System32\ATL.DLL
0x00007ffc89650000 - 0x00007ffc8969e000 	C:\Windows\System32\MFSENSORGROUP.dll
0x00007ffc9b560000 - 0x00007ffc9b6c8000 	C:\Windows\System32\MFPlat.DLL
0x00007ffc9b1e0000 - 0x00007ffc9b20e000 	C:\Windows\System32\RTWorkQ.DLL
0x00007ffc79a00000 - 0x00007ffc79deb000 	C:\Windows\System32\MFCORE.dll
0x00007ffc96910000 - 0x00007ffc96919000 	C:\Windows\System32\ksuser.dll
0x00007ffc9d4b0000 - 0x00007ffc9d4bb000 	C:\Windows\System32\CRYPTBASE.DLL
0x00007ffc86800000 - 0x00007ffc86853000 	C:\Windows\System32\FSClient.dll
0x00007ffc9ac70000 - 0x00007ffc9ac7b000 	C:\Windows\System32\AVRT.dll
0x00007ffc939e0000 - 0x00007ffc939ed000 	C:\Windows\System32\vidcap.ax
0x00007ffc89a70000 - 0x00007ffc89a95000 	C:\Windows\System32\kswdmcap.ax
0x00007ffc7fa90000 - 0x00007ffc7fbf3000 	C:\Windows\System32\MFC42.dll
0x00007ffc84500000 - 0x00007ffc845af000 	C:\Windows\System32\ODBC32.dll
0x00007ffc9cf60000 - 0x00007ffc9cf6a000 	C:\Windows\System32\DPAPI.dll
0x00007ffc930c0000 - 0x00007ffc93103000 	C:\Windows\SYSTEM32\policymanager.dll
0x00007ffc9c3a0000 - 0x00007ffc9c431000 	C:\Windows\System32\msvcp110_win.dll
0x00007ffc93190000 - 0x00007ffc93264000 	C:\Windows\System32\MFReadWrite.dll
0x00007ffc86880000 - 0x00007ffc86923000 	C:\Windows\System32\qedit.dll
0x00007ffc9f090000 - 0x00007ffc9f18a000 	C:\Windows\System32\COMDLG32.dll
0x00007ffc95e50000 - 0x00007ffc95fea000 	C:\Windows\WinSxS\amd64_microsoft.windows.gdiplus_6595b64144ccf1df_1.1.14393.321_none_72fe05dd211a5fae\gdiplus.dll
0x00007ffc805f0000 - 0x00007ffc806e7000 	C:\Windows\System32\DDRAW.dll
0x00007ffc965e0000 - 0x00007ffc965e8000 	C:\Windows\System32\DCIMAN32.dll
0x00007ffc94cc0000 - 0x00007ffc94ccc000 	C:\Windows\SYSTEM32\msyuv.dll
0x00007ffc96d60000 - 0x00007ffc96ef2000 	C:\Windows\SYSTEM32\dbghelp.dll

VM Arguments:
jvm_args: -Dfile.encoding=Cp1252 
java_command: OverCoat
java_class_path (initial): C:\Users\curti\OneDrive\Programming\HoundDog\bin;C:\Users\curti\OneDrive\Programming\opencv\build\java\opencv-320.jar
Launcher Type: SUN_STANDARD

Environment Variables:
PATH=C:/Program Files/Java/jre1.8.0_111/bin/server;C:/Program Files/Java/jre1.8.0_111/bin;C:/Program Files/Java/jre1.8.0_111/lib/amd64;C:\ProgramData\Oracle\Java\javapath;C:\Windows\system32;C:\Windows;C:\Windows\System32\Wbem;C:\Windows\System32\WindowsPowerShell\v1.0\;C:\Users\curti\AppData\Local\Microsoft\WindowsApps;;C:\Users\curti\Desktop\desktop stuff;
USERNAME=curti
OS=Windows_NT
PROCESSOR_IDENTIFIER=Intel64 Family 6 Model 60 Stepping 3, GenuineIntel



---------------  S Y S T E M  ---------------

OS: Windows 10.0 , 64 bit Build 14393 (10.0.14393.0)

CPU:total 8 (4 cores per cpu, 2 threads per core) family 6 model 60 stepping 3, cmov, cx8, fxsr, mmx, sse, sse2, sse3, ssse3, sse4.1, sse4.2, popcnt, avx, avx2, aes, clmul, erms, lzcnt, ht, tsc, tscinvbit, bmi1, bmi2

Memory: 4k page, physical 16713384k(12128360k free), swap 19203752k(13325668k free)

vm_info: Java HotSpot(TM) 64-Bit Server VM (25.111-b14) for windows-amd64 JRE (1.8.0_111-b14), built on Sep 22 2016 19:24:05 by "java_re" with MS VC++ 10.0 (VS2010)

time: Mon Jan 16 14:32:32 2017
elapsed time: 40 seconds (0d 0h 0m 40s)

