#
# A fatal error has been detected by the Java Runtime Environment:
#
#  Internal Error (0xc000000d), pid=2964, tid=0x0000000000001acc
#
# JRE version: Java(TM) SE Runtime Environment (8.0_111-b14) (build 1.8.0_111-b14)
# Java VM: Java HotSpot(TM) 64-Bit Server VM (25.111-b14 mixed mode windows-amd64 compressed oops)
# Problematic frame:
# C  [ntdll.dll+0xff44c]
#
# Failed to write core dump. Minidumps are not enabled by default on client versions of Windows
#
# If you would like to submit a bug report, please visit:
#   http://bugreport.java.com/bugreport/crash.jsp
#

---------------  T H R E A D  ---------------

Current thread (0x000000001bfc8800):  VMThread [stack: 0x000000001dca0000,0x000000001dda0000] [id=6860]

siginfo: ExceptionCode=0xc000000d

Registers:
RAX=0x0000000050a84103, RBX=0x00000000265ece90, RCX=0xfffffff90000004f, RDX=0x0000000000000007
RSP=0x000000001dd9e770, RBP=0x0000000000000000, RSI=0x00000000267f69d0, RDI=0x00000000267f6c50
R8 =0x0000000000000000, R9 =0x00000000504237e0, R10=0x0000000002421c90, R11=0x000000001bfc9870
R12=0x0000000000000000, R13=0x00000000ffffffff, R14=0x00000000267d5ce0, R15=0x00000000267f69d0
RIP=0x00007ffca298f44c, EFLAGS=0x0000000000000202

Top of Stack: (sp=0x000000001dd9e770)
0x000000001dd9e770:   0000000000000057 00000000265ece90
0x000000001dd9e780:   00000000267f69d0 00000000267f6c50
0x000000001dd9e790:   00000000c000000d 0000000000000000
0x000000001dd9e7a0:   00007ffca298f44c 0000000000000000
0x000000001dd9e7b0:   0000000000000000 0000000000000000
0x000000001dd9e7c0:   0000000000000000 0000000000000000
0x000000001dd9e7d0:   0000000000000000 0000000000000000
0x000000001dd9e7e0:   0000000000000000 0000000000000000
0x000000001dd9e7f0:   0000000000000000 0000000000000000
0x000000001dd9e800:   0000000000000000 0000000000000000
0x000000001dd9e810:   0000000000000000 0000000000000000
0x000000001dd9e820:   0000000000000000 0000000000860cc0
0x000000001dd9e830:   0000f3b788889831 0000000000000000
0x000000001dd9e840:   0000000000000000 00007ffca2951899
0x000000001dd9e850:   0000000000000001 00007ffc931ae8db
0x000000001dd9e860:   0000000100000003 0000000000000004 

Instructions: (pc=0x00007ffca298f44c)
0x00007ffca298f42c:   d5 fa ff c7 44 24 20 0d 00 00 c0 b9 57 00 00 00
0x00007ffca298f43c:   e8 7f 13 f6 ff 90 48 8d 4c 24 20 e8 04 bf f4 ff
0x00007ffca298f44c:   eb 00 48 8b 8c 24 c0 00 00 00 48 33 cc e8 82 74
0x00007ffca298f45c:   f9 ff 48 81 c4 d8 00 00 00 c3 40 55 48 83 ec 20 


Register to memory mapping:

RAX=0x0000000050a84103 is an unknown value
RBX=0x00000000265ece90 is an unknown value
RCX=0xfffffff90000004f is an unknown value
RDX=0x0000000000000007 is an unknown value
RSP=0x000000001dd9e770 is an unknown value
RBP=0x0000000000000000 is an unknown value
RSI=0x00000000267f69d0 is an unknown value
RDI=0x00000000267f6c50 is an unknown value
R8 =0x0000000000000000 is an unknown value
R9 =0x00000000504237e0 is an unknown value
R10=0x0000000002421c90 is an unknown value
R11=0x000000001bfc9870 is an unknown value
R12=0x0000000000000000 is an unknown value
R13=0x00000000ffffffff is an unknown value
R14=0x00000000267d5ce0 is an unknown value
R15=0x00000000267f69d0 is an unknown value


Stack: [0x000000001dca0000,0x000000001dda0000],  sp=0x000000001dd9e770,  free space=1017k
Native frames: (J=compiled Java code, j=interpreted, Vv=VM code, C=native code)

VM_Operation (0x0000000025d6d060): Exit, mode: safepoint, requested by thread 0x000000001ee70800


---------------  P R O C E S S  ---------------

Java Threads: ( => current thread )
  0x000000001ee70800 JavaThread "AWT-EventQueue-0" [_thread_blocked, id=3168, stack(0x0000000025c70000,0x0000000025d70000)]
  0x000000001ee4b800 JavaThread "AWT-Shutdown" [_thread_blocked, id=7812, stack(0x000000001f6f0000,0x000000001f7f0000)]
  0x000000001e272800 JavaThread "Java2D Disposer" daemon [_thread_blocked, id=6884, stack(0x000000001f5c0000,0x000000001f6c0000)]
  0x000000001df74800 JavaThread "Service Thread" daemon [_thread_blocked, id=2312, stack(0x000000001ea90000,0x000000001eb90000)]
  0x000000001dedf000 JavaThread "C1 CompilerThread3" daemon [_thread_blocked, id=8516, stack(0x000000001e990000,0x000000001ea90000)]
  0x000000001ded0800 JavaThread "C2 CompilerThread2" daemon [_thread_blocked, id=5520, stack(0x000000001e890000,0x000000001e990000)]
  0x000000001dec9800 JavaThread "C2 CompilerThread1" daemon [_thread_blocked, id=2004, stack(0x000000001e790000,0x000000001e890000)]
  0x000000001dec7000 JavaThread "C2 CompilerThread0" daemon [_thread_blocked, id=7880, stack(0x000000001e690000,0x000000001e790000)]
  0x000000001dec6000 JavaThread "Attach Listener" daemon [_thread_blocked, id=5660, stack(0x000000001e590000,0x000000001e690000)]
  0x000000001bfde000 JavaThread "Signal Dispatcher" daemon [_thread_blocked, id=9980, stack(0x000000001e490000,0x000000001e590000)]
  0x000000001bfcf000 JavaThread "Finalizer" daemon [_thread_blocked, id=228, stack(0x000000001e2a0000,0x000000001e3a0000)]
  0x000000001bfcc800 JavaThread "Reference Handler" daemon [_thread_blocked, id=10008, stack(0x000000001dda0000,0x000000001dea0000)]
  0x0000000002430800 JavaThread "main" [_thread_blocked, id=7768, stack(0x0000000002290000,0x0000000002390000)]

Other Threads:
=>0x000000001bfc8800 VMThread [stack: 0x000000001dca0000,0x000000001dda0000] [id=6860]

VM state:at safepoint (shutting down)

VM Mutex/Monitor currently owned by a thread:  ([mutex/lock_event])
[0x000000000242b9b0] Threads_lock - owner thread: 0x000000001bfc8800

Heap:
 PSYoungGen      total 47616K, used 21948K [0x000000076af80000, 0x000000076e100000, 0x00000007c0000000)
  eden space 45568K, 43% used [0x000000076af80000,0x000000076c2f5078,0x000000076dc00000)
  from space 2048K, 98% used [0x000000076dd00000,0x000000076defa020,0x000000076df00000)
  to   space 2048K, 0% used [0x000000076df00000,0x000000076df00000,0x000000076e100000)
 ParOldGen       total 175104K, used 91754K [0x00000006c0e00000, 0x00000006cb900000, 0x000000076af80000)
  object space 175104K, 52% used [0x00000006c0e00000,0x00000006c679a9a8,0x00000006cb900000)
 Metaspace       used 8753K, capacity 8934K, committed 9088K, reserved 1056768K
  class space    used 1029K, capacity 1097K, committed 1152K, reserved 1048576K

Card table byte_map: [0x00000000118f0000,0x00000000120f0000] byte_map_base: 0x000000000e2e9000

Marking Bits: (ParMarkBitMap*) 0x0000000050c6a6c0
 Begin Bits: [0x0000000012e50000, 0x0000000016e18000)
 End Bits:   [0x0000000016e18000, 0x000000001ade0000)

Polling page: 0x0000000000920000

CodeCache: size=245760Kb used=2617Kb max_used=2617Kb free=243142Kb
 bounds [0x0000000002530000, 0x00000000027c0000, 0x0000000011530000]
 total_blobs=1114 nmethods=665 adapters=362
 compilation: enabled

Compilation events (10 events):
Event: 64.945 Thread 0x000000001dedf000  703       3       java.util.HashSet::remove (20 bytes)
Event: 64.945 Thread 0x000000001dedf000 nmethod 703 0x00000000027bc8d0 code [0x00000000027bca40, 0x00000000027bccc8]
Event: 64.945 Thread 0x000000001dedf000  705   !   3       java.util.concurrent.locks.AbstractQueuedSynchronizer::acquireQueued (93 bytes)
Event: 64.946 Thread 0x000000001dedf000 nmethod 705 0x00000000027bcd90 code [0x00000000027bcfc0, 0x00000000027bdaf8]
Event: 64.946 Thread 0x000000001dedf000  704       3       java.util.concurrent.locks.AbstractQueuedSynchronizer$ConditionObject::checkInterruptWhileWaiting (27 bytes)
Event: 64.946 Thread 0x000000001dedf000 nmethod 704 0x00000000027be190 code [0x00000000027be360, 0x00000000027be9b8]
Event: 64.947 Thread 0x000000001dedf000  706       3       java.util.concurrent.locks.AbstractQueuedSynchronizer::unparkSuccessor (84 bytes)
Event: 64.947 Thread 0x000000001dedf000 nmethod 706 0x00000000027bec10 code [0x00000000027beda0, 0x00000000027bf308]
Event: 64.958 Thread 0x000000001dedf000  707       3       java.awt.EventQueue::coalesceMouseEvent (44 bytes)
Event: 64.959 Thread 0x000000001dedf000 nmethod 707 0x00000000027bf510 code [0x00000000027bf6a0, 0x00000000027bfae8]

GC Heap History (10 events):
Event: 65.084 GC heap before
{Heap before GC invocations=583 (full 0):
 PSYoungGen      total 49664K, used 48531K [0x000000076af80000, 0x000000076e380000, 0x00000007c0000000)
  eden space 48128K, 98% used [0x000000076af80000,0x000000076dddbfa0,0x000000076de80000)
  from space 1536K, 69% used [0x000000076e200000,0x000000076e309010,0x000000076e380000)
  to   space 2048K, 0% used [0x000000076df80000,0x000000076df80000,0x000000076e180000)
 ParOldGen       total 175104K, used 84522K [0x00000006c0e00000, 0x00000006cb900000, 0x000000076af80000)
  object space 175104K, 48% used [0x00000006c0e00000,0x00000006c608a928,0x00000006cb900000)
 Metaspace       used 8748K, capacity 8934K, committed 9088K, reserved 1056768K
  class space    used 1028K, capacity 1097K, committed 1152K, reserved 1048576K
Event: 65.085 GC heap after
Heap after GC invocations=583 (full 0):
 PSYoungGen      total 49152K, used 1124K [0x000000076af80000, 0x000000076e280000, 0x00000007c0000000)
  eden space 47616K, 0% used [0x000000076af80000,0x000000076af80000,0x000000076de00000)
  from space 1536K, 73% used [0x000000076df80000,0x000000076e099010,0x000000076e100000)
  to   space 1536K, 0% used [0x000000076e100000,0x000000076e100000,0x000000076e280000)
 ParOldGen       total 175104K, used 84522K [0x00000006c0e00000, 0x00000006cb900000, 0x000000076af80000)
  object space 175104K, 48% used [0x00000006c0e00000,0x00000006c608a928,0x00000006cb900000)
 Metaspace       used 8748K, capacity 8934K, committed 9088K, reserved 1056768K
  class space    used 1028K, capacity 1097K, committed 1152K, reserved 1048576K
}
Event: 65.247 GC heap before
{Heap before GC invocations=584 (full 0):
 PSYoungGen      total 49152K, used 48740K [0x000000076af80000, 0x000000076e280000, 0x00000007c0000000)
  eden space 47616K, 100% used [0x000000076af80000,0x000000076de00000,0x000000076de00000)
  from space 1536K, 73% used [0x000000076df80000,0x000000076e099010,0x000000076e100000)
  to   space 1536K, 0% used [0x000000076e100000,0x000000076e100000,0x000000076e280000)
 ParOldGen       total 175104K, used 84522K [0x00000006c0e00000, 0x00000006cb900000, 0x000000076af80000)
  object space 175104K, 48% used [0x00000006c0e00000,0x00000006c608a928,0x00000006cb900000)
 Metaspace       used 8748K, capacity 8934K, committed 9088K, reserved 1056768K
  class space    used 1028K, capacity 1097K, committed 1152K, reserved 1048576K
Event: 65.248 GC heap after
Heap after GC invocations=584 (full 0):
 PSYoungGen      total 48640K, used 1156K [0x000000076af80000, 0x000000076e280000, 0x00000007c0000000)
  eden space 47104K, 0% used [0x000000076af80000,0x000000076af80000,0x000000076dd80000)
  from space 1536K, 75% used [0x000000076e100000,0x000000076e221010,0x000000076e280000)
  to   space 2048K, 0% used [0x000000076de80000,0x000000076de80000,0x000000076e080000)
 ParOldGen       total 175104K, used 86354K [0x00000006c0e00000, 0x00000006cb900000, 0x000000076af80000)
  object space 175104K, 49% used [0x00000006c0e00000,0x00000006c6254948,0x00000006cb900000)
 Metaspace       used 8748K, capacity 8934K, committed 9088K, reserved 1056768K
  class space    used 1028K, capacity 1097K, committed 1152K, reserved 1048576K
}
Event: 65.432 GC heap before
{Heap before GC invocations=585 (full 0):
 PSYoungGen      total 48640K, used 48260K [0x000000076af80000, 0x000000076e280000, 0x00000007c0000000)
  eden space 47104K, 100% used [0x000000076af80000,0x000000076dd80000,0x000000076dd80000)
  from space 1536K, 75% used [0x000000076e100000,0x000000076e221010,0x000000076e280000)
  to   space 2048K, 0% used [0x000000076de80000,0x000000076de80000,0x000000076e080000)
 ParOldGen       total 175104K, used 86354K [0x00000006c0e00000, 0x00000006cb900000, 0x000000076af80000)
  object space 175104K, 49% used [0x00000006c0e00000,0x00000006c6254948,0x00000006cb900000)
 Metaspace       used 8748K, capacity 8934K, committed 9088K, reserved 1056768K
  class space    used 1028K, capacity 1097K, committed 1152K, reserved 1048576K
Event: 65.433 GC heap after
Heap after GC invocations=585 (full 0):
 PSYoungGen      total 48640K, used 1992K [0x000000076af80000, 0x000000076e200000, 0x00000007c0000000)
  eden space 46592K, 0% used [0x000000076af80000,0x000000076af80000,0x000000076dd00000)
  from space 2048K, 97% used [0x000000076de80000,0x000000076e072020,0x000000076e080000)
  to   space 1536K, 0% used [0x000000076e080000,0x000000076e080000,0x000000076e200000)
 ParOldGen       total 175104K, used 87254K [0x00000006c0e00000, 0x00000006cb900000, 0x000000076af80000)
  object space 175104K, 49% used [0x00000006c0e00000,0x00000006c6335958,0x00000006cb900000)
 Metaspace       used 8748K, capacity 8934K, committed 9088K, reserved 1056768K
  class space    used 1028K, capacity 1097K, committed 1152K, reserved 1048576K
}
Event: 65.614 GC heap before
{Heap before GC invocations=586 (full 0):
 PSYoungGen      total 48640K, used 48584K [0x000000076af80000, 0x000000076e200000, 0x00000007c0000000)
  eden space 46592K, 100% used [0x000000076af80000,0x000000076dd00000,0x000000076dd00000)
  from space 2048K, 97% used [0x000000076de80000,0x000000076e072020,0x000000076e080000)
  to   space 1536K, 0% used [0x000000076e080000,0x000000076e080000,0x000000076e200000)
 ParOldGen       total 175104K, used 87254K [0x00000006c0e00000, 0x00000006cb900000, 0x000000076af80000)
  object space 175104K, 49% used [0x00000006c0e00000,0x00000006c6335958,0x00000006cb900000)
 Metaspace       used 8748K, capacity 8934K, committed 9088K, reserved 1056768K
  class space    used 1028K, capacity 1097K, committed 1152K, reserved 1048576K
Event: 65.616 GC heap after
Heap after GC invocations=586 (full 0):
 PSYoungGen      total 47616K, used 1060K [0x000000076af80000, 0x000000076e200000, 0x00000007c0000000)
  eden space 46080K, 0% used [0x000000076af80000,0x000000076af80000,0x000000076dc80000)
  from space 1536K, 69% used [0x000000076e080000,0x000000076e189010,0x000000076e200000)
  to   space 2560K, 0% used [0x000000076dd00000,0x000000076dd00000,0x000000076df80000)
 ParOldGen       total 175104K, used 89054K [0x00000006c0e00000, 0x00000006cb900000, 0x000000076af80000)
  object space 175104K, 50% used [0x00000006c0e00000,0x00000006c64f7978,0x00000006cb900000)
 Metaspace       used 8748K, capacity 8934K, committed 9088K, reserved 1056768K
  class space    used 1028K, capacity 1097K, committed 1152K, reserved 1048576K
}
Event: 65.769 GC heap before
{Heap before GC invocations=587 (full 0):
 PSYoungGen      total 47616K, used 47140K [0x000000076af80000, 0x000000076e200000, 0x00000007c0000000)
  eden space 46080K, 100% used [0x000000076af80000,0x000000076dc80000,0x000000076dc80000)
  from space 1536K, 69% used [0x000000076e080000,0x000000076e189010,0x000000076e200000)
  to   space 2560K, 0% used [0x000000076dd00000,0x000000076dd00000,0x000000076df80000)
 ParOldGen       total 175104K, used 89054K [0x00000006c0e00000, 0x00000006cb900000, 0x000000076af80000)
  object space 175104K, 50% used [0x00000006c0e00000,0x00000006c64f7978,0x00000006cb900000)
 Metaspace       used 8753K, capacity 8934K, committed 9088K, reserved 1056768K
  class space    used 1029K, capacity 1097K, committed 1152K, reserved 1048576K
Event: 65.770 GC heap after
Heap after GC invocations=587 (full 0):
 PSYoungGen      total 47616K, used 2024K [0x000000076af80000, 0x000000076e100000, 0x00000007c0000000)
  eden space 45568K, 0% used [0x000000076af80000,0x000000076af80000,0x000000076dc00000)
  from space 2048K, 98% used [0x000000076dd00000,0x000000076defa020,0x000000076df00000)
  to   space 2048K, 0% used [0x000000076df00000,0x000000076df00000,0x000000076e100000)
 ParOldGen       total 175104K, used 91754K [0x00000006c0e00000, 0x00000006cb900000, 0x000000076af80000)
  object space 175104K, 52% used [0x00000006c0e00000,0x00000006c679a9a8,0x00000006cb900000)
 Metaspace       used 8753K, capacity 8934K, committed 9088K, reserved 1056768K
  class space    used 1029K, capacity 1097K, committed 1152K, reserved 1048576K
}

Deoptimization events (6 events):
Event: 0.158 Thread 0x0000000002430800 Uncommon trap: reason=null_check action=make_not_entrant pc=0x00000000026a6204 method=java.lang.String.equals(Ljava/lang/Object;)Z @ 8
Event: 0.700 Thread 0x0000000002430800 Uncommon trap: reason=unstable_if action=reinterpret pc=0x00000000026e8290 method=PicRecoginition.isColor(I)Z @ 69
Event: 0.701 Thread 0x0000000002430800 Uncommon trap: reason=unstable_if action=reinterpret pc=0x00000000026e7d1c method=PicRecoginition.isColor(I)Z @ 50
Event: 0.721 Thread 0x0000000002430800 Uncommon trap: reason=unstable_if action=reinterpret pc=0x00000000026f367c method=PicRecoginition.porcessedImg(Ljava/awt/image/BufferedImage;)Ljava/awt/image/BufferedImage; @ 70
Event: 0.727 Thread 0x0000000002430800 Uncommon trap: reason=unstable_if action=reinterpret pc=0x00000000026e867c method=java.awt.image.ComponentColorModel.getRGB(Ljava/lang/Object;)I @ 4
Event: 1.604 Thread 0x0000000002430800 Uncommon trap: reason=unstable_if action=reinterpret pc=0x0000000002707cf0 method=PicRecoginition.setMask(IIILjava/awt/image/BufferedImage;)I @ 36

Internal exceptions (10 events):
Event: 0.024 Thread 0x0000000002430800 Exception <a 'java/lang/NoSuchMethodError': Method sun.misc.Unsafe.prefetchRead(Ljava/lang/Object;J)V name or signature does not match> (0x000000076af87f60) thrown at [C:\re\workspace\8-2-build-windows-amd64-cygwin\jdk8u111\7883\hotspot\src\share\vm\prims
Event: 0.067 Thread 0x0000000002430800 Exception <a 'java/security/PrivilegedActionException'> (0x000000076b0038a0) thrown at [C:\re\workspace\8-2-build-windows-amd64-cygwin\jdk8u111\7883\hotspot\src\share\vm\prims\jvm.cpp, line 1386]
Event: 0.067 Thread 0x0000000002430800 Exception <a 'java/security/PrivilegedActionException'> (0x000000076b003ab0) thrown at [C:\re\workspace\8-2-build-windows-amd64-cygwin\jdk8u111\7883\hotspot\src\share\vm\prims\jvm.cpp, line 1386]
Event: 0.068 Thread 0x0000000002430800 Exception <a 'java/security/PrivilegedActionException'> (0x000000076b0076f8) thrown at [C:\re\workspace\8-2-build-windows-amd64-cygwin\jdk8u111\7883\hotspot\src\share\vm\prims\jvm.cpp, line 1386]
Event: 0.068 Thread 0x0000000002430800 Exception <a 'java/security/PrivilegedActionException'> (0x000000076b007908) thrown at [C:\re\workspace\8-2-build-windows-amd64-cygwin\jdk8u111\7883\hotspot\src\share\vm\prims\jvm.cpp, line 1386]
Event: 0.070 Thread 0x0000000002430800 Exception <a 'java/io/FileNotFoundException'> (0x000000076b009e20) thrown at [C:\re\workspace\8-2-build-windows-amd64-cygwin\jdk8u111\7883\hotspot\src\share\vm\prims\jni.cpp, line 709]
Event: 0.093 Thread 0x0000000002430800 Exception <a 'java/lang/NoSuchFieldError': method resolution failed> (0x000000076b21ed28) thrown at [C:\re\workspace\8-2-build-windows-amd64-cygwin\jdk8u111\7883\hotspot\src\share\vm\prims\methodHandles.cpp, line 1146]
Event: 0.094 Thread 0x0000000002430800 Exception <a 'java/lang/NoSuchFieldError': method resolution failed> (0x000000076b22c0f8) thrown at [C:\re\workspace\8-2-build-windows-amd64-cygwin\jdk8u111\7883\hotspot\src\share\vm\prims\methodHandles.cpp, line 1146]
Event: 0.119 Thread 0x0000000002430800 Exception <a 'java/io/FileNotFoundException'> (0x000000076b2bfca0) thrown at [C:\re\workspace\8-2-build-windows-amd64-cygwin\jdk8u111\7883\hotspot\src\share\vm\prims\jni.cpp, line 709]
Event: 0.158 Thread 0x0000000002430800 Implicit null exception at 0x00000000026a601c to 0x00000000026a61f5

Events (10 events):
Event: 65.753 Thread 0x000000001e244000 Thread added: 0x000000001e244000
Event: 65.753 Thread 0x000000001e259000 Thread exited: 0x000000001e259000
Event: 65.753 Thread 0x000000001e29a800 Thread exited: 0x000000001e29a800
Event: 65.753 loading class sun/java2d/pipe/hw/AccelDeviceEventNotifier
Event: 65.753 loading class sun/java2d/pipe/hw/AccelDeviceEventNotifier done
Event: 65.766 Thread 0x000000001ee4c000 Thread exited: 0x000000001ee4c000
Event: 65.769 Executing VM operation: ParallelGCFailedAllocation
Event: 65.771 Executing VM operation: ParallelGCFailedAllocation done
Event: 65.854 Thread 0x000000001e244000 Thread exited: 0x000000001e244000
Event: 65.854 Executing VM operation: Exit


Dynamic libraries:
0x00007ff7c4770000 - 0x00007ff7c47a7000 	C:\Program Files\Java\jre1.8.0_111\bin\javaw.exe
0x00007ffca2890000 - 0x00007ffca2a61000 	C:\Windows\SYSTEM32\ntdll.dll
0x00007ffc9eb70000 - 0x00007ffc9ec1b000 	C:\Windows\System32\KERNEL32.DLL
0x00007ffc8b2d0000 - 0x00007ffc8b324000 	C:\Program Files (x86)\AVG\Av\avghooka.dll
0x00007ffc9de40000 - 0x00007ffc9e05d000 	C:\Windows\System32\KERNELBASE.dll
0x00007ffc9f880000 - 0x00007ffc9f922000 	C:\Windows\System32\ADVAPI32.dll
0x00007ffc9f340000 - 0x00007ffc9f3de000 	C:\Windows\System32\msvcrt.dll
0x00007ffc9eb10000 - 0x00007ffc9eb69000 	C:\Windows\System32\sechost.dll
0x00007ffc9f750000 - 0x00007ffc9f871000 	C:\Windows\System32\RPCRT4.dll
0x00007ffc9f5e0000 - 0x00007ffc9f745000 	C:\Windows\System32\USER32.dll
0x00007ffc9dc90000 - 0x00007ffc9dcae000 	C:\Windows\System32\win32u.dll
0x00007ffc9ec20000 - 0x00007ffc9ec54000 	C:\Windows\System32\GDI32.dll
0x00007ffc9dcb0000 - 0x00007ffc9de32000 	C:\Windows\System32\gdi32full.dll
0x00007ffc945d0000 - 0x00007ffc94849000 	C:\Windows\WinSxS\amd64_microsoft.windows.common-controls_6595b64144ccf1df_6.0.14393.447_none_42191651c6827bb3\COMCTL32.dll
0x00007ffca0f20000 - 0x00007ffca11e8000 	C:\Windows\System32\combase.dll
0x00007ffc9db20000 - 0x00007ffc9dc15000 	C:\Windows\System32\ucrtbase.dll
0x00007ffc9dc20000 - 0x00007ffc9dc8a000 	C:\Windows\System32\bcryptPrimitives.dll
0x00007ffca1550000 - 0x00007ffca157e000 	C:\Windows\System32\IMM32.DLL
0x0000000050370000 - 0x0000000050442000 	C:\Program Files\Java\jre1.8.0_111\bin\msvcr100.dll
0x0000000050450000 - 0x0000000050cea000 	C:\Program Files\Java\jre1.8.0_111\bin\server\jvm.dll
0x00007ffca1520000 - 0x00007ffca1528000 	C:\Windows\System32\PSAPI.DLL
0x00007ffc8f1c0000 - 0x00007ffc8f1c9000 	C:\Windows\SYSTEM32\WSOCK32.dll
0x00007ffca0eb0000 - 0x00007ffca0f1a000 	C:\Windows\System32\WS2_32.dll
0x00007ffc9be00000 - 0x00007ffc9be23000 	C:\Windows\SYSTEM32\WINMM.dll
0x00007ffc99430000 - 0x00007ffc9943a000 	C:\Windows\SYSTEM32\VERSION.dll
0x00007ffc9bda0000 - 0x00007ffc9bdcb000 	C:\Windows\SYSTEM32\WINMMBASE.dll
0x00007ffc9e970000 - 0x00007ffc9e9b2000 	C:\Windows\System32\cfgmgr32.dll
0x0000000050f90000 - 0x0000000050f9f000 	C:\Program Files\Java\jre1.8.0_111\bin\verify.dll
0x0000000050f60000 - 0x0000000050f89000 	C:\Program Files\Java\jre1.8.0_111\bin\java.dll
0x0000000050f40000 - 0x0000000050f56000 	C:\Program Files\Java\jre1.8.0_111\bin\zip.dll
0x00007ffc9f990000 - 0x00007ffca0e99000 	C:\Windows\System32\SHELL32.dll
0x00007ffc9e0c0000 - 0x00007ffc9e79a000 	C:\Windows\System32\windows.storage.dll
0x00007ffc9da10000 - 0x00007ffc9da5c000 	C:\Windows\System32\powrprof.dll
0x00007ffca11f0000 - 0x00007ffca1242000 	C:\Windows\System32\shlwapi.dll
0x00007ffc9da00000 - 0x00007ffc9da0f000 	C:\Windows\System32\kernel.appcore.dll
0x00007ffc9ea60000 - 0x00007ffc9eb09000 	C:\Windows\System32\shcore.dll
0x00007ffc9d9e0000 - 0x00007ffc9d9f4000 	C:\Windows\System32\profapi.dll
0x00007ffc68430000 - 0x00007ffc6a327000 	C:\Users\curti\OneDrive\Programming\opencv\build\java\x64\opencv_java320.dll
0x00007ffc9f190000 - 0x00007ffc9f2c7000 	C:\Windows\System32\ole32.dll
0x00007ffca12c0000 - 0x00007ffca137f000 	C:\Windows\System32\OLEAUT32.dll
0x00007ffc9e9c0000 - 0x00007ffc9ea5c000 	C:\Windows\System32\msvcp_win.dll
0x00007ffc939e0000 - 0x00007ffc93a09000 	C:\Windows\SYSTEM32\MSVFW32.dll
0x00007ffc94cb0000 - 0x00007ffc94cd0000 	C:\Windows\SYSTEM32\AVIFIL32.dll
0x00007ffc930a0000 - 0x00007ffc930b8000 	C:\Windows\SYSTEM32\AVICAP32.dll
0x00007ffc9a6a0000 - 0x00007ffc9a6bc000 	C:\Windows\SYSTEM32\MSACM32.dll
0x00000000501d0000 - 0x0000000050368000 	C:\Program Files\Java\jre1.8.0_111\bin\awt.dll
0x00007ffc9b6f0000 - 0x00007ffc9b76a000 	C:\Windows\SYSTEM32\apphelp.dll
0x00007ffc9b770000 - 0x00007ffc9b796000 	C:\Windows\system32\DWMAPI.DLL
0x00007ffc9c130000 - 0x00007ffc9c1c5000 	C:\Windows\system32\uxtheme.dll
0x00007ffc9f3e0000 - 0x00007ffc9f53b000 	C:\Windows\System32\MSCTF.dll
0x0000000050180000 - 0x00000000501c7000 	C:\Program Files\Java\jre1.8.0_111\bin\fontmanager.dll
0x00007ffc9f540000 - 0x00007ffc9f5df000 	C:\Windows\System32\clbcatq.dll
0x00007ffc93060000 - 0x00007ffc93078000 	C:\Windows\System32\devenum.dll
0x00007ffc9ec60000 - 0x00007ffc9f089000 	C:\Windows\System32\setupapi.dll
0x00007ffc9cd90000 - 0x00007ffc9cdc2000 	C:\Windows\SYSTEM32\ntmarta.dll
0x00007ffc9c5c0000 - 0x00007ffc9c5e8000 	C:\Windows\SYSTEM32\DEVOBJ.dll
0x00007ffc9e060000 - 0x00007ffc9e0b5000 	C:\Windows\System32\WINTRUST.dll
0x00007ffc9da60000 - 0x00007ffc9da70000 	C:\Windows\System32\MSASN1.dll
0x00007ffc9e7a0000 - 0x00007ffc9e969000 	C:\Windows\System32\CRYPT32.dll
0x00007ffc964a0000 - 0x00007ffc964aa000 	C:\Windows\SYSTEM32\msdmo.dll
0x00007ffc8f2c0000 - 0x00007ffc8f2f3000 	C:\Windows\System32\qcap.dll
0x00007ffc85430000 - 0x00007ffc855f3000 	C:\Windows\System32\quartz.dll
0x00007ffc9d920000 - 0x00007ffc9d94b000 	C:\Windows\System32\bcrypt.dll
0x00007ffc8ae80000 - 0x00007ffc8aec8000 	C:\Windows\System32\mfksproxy.dll
0x00007ffc88320000 - 0x00007ffc8833c000 	C:\Windows\System32\ATL.DLL
0x00007ffc89650000 - 0x00007ffc8969e000 	C:\Windows\System32\MFSENSORGROUP.dll
0x00007ffc9b560000 - 0x00007ffc9b6c8000 	C:\Windows\System32\MFPlat.DLL
0x00007ffc9b1e0000 - 0x00007ffc9b20e000 	C:\Windows\System32\RTWorkQ.DLL
0x00007ffc79a00000 - 0x00007ffc79deb000 	C:\Windows\System32\MFCORE.dll
0x00007ffc96910000 - 0x00007ffc96919000 	C:\Windows\System32\ksuser.dll
0x00007ffc9d4b0000 - 0x00007ffc9d4bb000 	C:\Windows\System32\CRYPTBASE.DLL
0x00007ffc8a9d0000 - 0x00007ffc8aa23000 	C:\Windows\System32\FSClient.dll
0x00007ffc9ac70000 - 0x00007ffc9ac7b000 	C:\Windows\System32\AVRT.dll
0x00007ffc98ca0000 - 0x00007ffc98cad000 	C:\Windows\System32\vidcap.ax
0x00007ffc8ae50000 - 0x00007ffc8ae75000 	C:\Windows\System32\kswdmcap.ax
0x00007ffc7f8f0000 - 0x00007ffc7fa53000 	C:\Windows\System32\MFC42.dll
0x00007ffc90f50000 - 0x00007ffc90fff000 	C:\Windows\System32\ODBC32.dll
0x00007ffc9cf60000 - 0x00007ffc9cf6a000 	C:\Windows\System32\DPAPI.dll
0x00007ffc930c0000 - 0x00007ffc93103000 	C:\Windows\SYSTEM32\policymanager.dll
0x00007ffc9c3a0000 - 0x00007ffc9c431000 	C:\Windows\System32\msvcp110_win.dll
0x00007ffc93190000 - 0x00007ffc93264000 	C:\Windows\System32\MFReadWrite.dll
0x00007ffc84500000 - 0x00007ffc845a3000 	C:\Windows\System32\qedit.dll
0x00007ffc9f090000 - 0x00007ffc9f18a000 	C:\Windows\System32\COMDLG32.dll
0x00007ffc95e50000 - 0x00007ffc95fea000 	C:\Windows\WinSxS\amd64_microsoft.windows.gdiplus_6595b64144ccf1df_1.1.14393.321_none_72fe05dd211a5fae\gdiplus.dll
0x00007ffc78540000 - 0x00007ffc78637000 	C:\Windows\System32\DDRAW.dll
0x00007ffc939d0000 - 0x00007ffc939d8000 	C:\Windows\System32\DCIMAN32.dll
0x00007ffc93090000 - 0x00007ffc9309c000 	C:\Windows\SYSTEM32\msyuv.dll
0x00007ffc96d60000 - 0x00007ffc96ef2000 	C:\Windows\SYSTEM32\dbghelp.dll

VM Arguments:
jvm_args: -Dfile.encoding=Cp1252 
java_command: OverCoat
java_class_path (initial): C:\Users\curti\OneDrive\Programming\HoundDog\bin;C:\Users\curti\OneDrive\Programming\opencv\build\java\opencv-320.jar
Launcher Type: SUN_STANDARD

Environment Variables:
PATH=C:/Program Files/Java/jre1.8.0_111/bin/server;C:/Program Files/Java/jre1.8.0_111/bin;C:/Program Files/Java/jre1.8.0_111/lib/amd64;C:\ProgramData\Oracle\Java\javapath;C:\Windows\system32;C:\Windows;C:\Windows\System32\Wbem;C:\Windows\System32\WindowsPowerShell\v1.0\;C:\Users\curti\AppData\Local\Microsoft\WindowsApps;;C:\Users\curti\Desktop;
USERNAME=curti
OS=Windows_NT
PROCESSOR_IDENTIFIER=Intel64 Family 6 Model 60 Stepping 3, GenuineIntel



---------------  S Y S T E M  ---------------

OS: Windows 10.0 , 64 bit Build 14393 (10.0.14393.0)

CPU:total 8 (4 cores per cpu, 2 threads per core) family 6 model 60 stepping 3, cmov, cx8, fxsr, mmx, sse, sse2, sse3, ssse3, sse4.1, sse4.2, popcnt, avx, avx2, aes, clmul, erms, lzcnt, ht, tsc, tscinvbit, bmi1, bmi2

Memory: 4k page, physical 16713384k(12076820k free), swap 19203752k(13410324k free)

vm_info: Java HotSpot(TM) 64-Bit Server VM (25.111-b14) for windows-amd64 JRE (1.8.0_111-b14), built on Sep 22 2016 19:24:05 by "java_re" with MS VC++ 10.0 (VS2010)

time: Mon Jan 16 10:41:21 2017
elapsed time: 66 seconds (0d 0h 1m 6s)

