#
# A fatal error has been detected by the Java Runtime Environment:
#
#  Internal Error (0xc000000d), pid=7340, tid=0x0000000000000008
#
# JRE version: Java(TM) SE Runtime Environment (8.0_111-b14) (build 1.8.0_111-b14)
# Java VM: Java HotSpot(TM) 64-Bit Server VM (25.111-b14 mixed mode windows-amd64 compressed oops)
# Problematic frame:
# C  [ntdll.dll+0xff44c]
#
# Failed to write core dump. Minidumps are not enabled by default on client versions of Windows
#
# If you would like to submit a bug report, please visit:
#   http://bugreport.java.com/bugreport/crash.jsp
#

---------------  T H R E A D  ---------------

Current thread (0x000000001c819000):  VMThread [stack: 0x000000001e4e0000,0x000000001e5e0000] [id=8]

siginfo: ExceptionCode=0xc000000d

Registers:
RAX=0x0000000050a84103, RBX=0x0000000026fbb050, RCX=0xfffffff90000004f, RDX=0x0000000000000007
RSP=0x000000001e5debb0, RBP=0x0000000000000000, RSI=0x00000000271369d0, RDI=0x0000000027136a80
R8 =0x0000000000000000, R9 =0x00000000504237e0, R10=0x0000000002bf1c90, R11=0x000000001c81a010
R12=0x0000000000000000, R13=0x00000000ffffffff, R14=0x0000000027115ce0, R15=0x00000000271369d0
RIP=0x00007ffca298f44c, EFLAGS=0x0000000000000206

Top of Stack: (sp=0x000000001e5debb0)
0x000000001e5debb0:   0000000000000057 0000000026fbb050
0x000000001e5debc0:   00000000271369d0 0000000027136a80
0x000000001e5debd0:   00000000c000000d 0000000000000000
0x000000001e5debe0:   00007ffca298f44c 0000000000000000
0x000000001e5debf0:   0000000000000000 0000000000000000
0x000000001e5dec00:   0000000000000000 0000000000000000
0x000000001e5dec10:   0000000000000000 0000000000000000
0x000000001e5dec20:   0000000000000000 0000000000000000
0x000000001e5dec30:   0000000000000000 0000000000000000
0x000000001e5dec40:   0000000000000000 0000000000000000
0x000000001e5dec50:   0000000000000000 0000000000000000
0x000000001e5dec60:   0000000000000000 0000000001200cc0
0x000000001e5dec70:   0000ead05aaf1e99 0000000000000000
0x000000001e5dec80:   0000000000000000 00007ffca2951899
0x000000001e5dec90:   0000000000000001 00007ffc931ae8db
0x000000001e5deca0:   0000000100000003 0000000000000004 

Instructions: (pc=0x00007ffca298f44c)
0x00007ffca298f42c:   d5 fa ff c7 44 24 20 0d 00 00 c0 b9 57 00 00 00
0x00007ffca298f43c:   e8 7f 13 f6 ff 90 48 8d 4c 24 20 e8 04 bf f4 ff
0x00007ffca298f44c:   eb 00 48 8b 8c 24 c0 00 00 00 48 33 cc e8 82 74
0x00007ffca298f45c:   f9 ff 48 81 c4 d8 00 00 00 c3 40 55 48 83 ec 20 


Register to memory mapping:

RAX=0x0000000050a84103 is an unknown value
RBX=0x0000000026fbb050 is an unknown value
RCX=0xfffffff90000004f is an unknown value
RDX=0x0000000000000007 is an unknown value
RSP=0x000000001e5debb0 is an unknown value
RBP=0x0000000000000000 is an unknown value
RSI=0x00000000271369d0 is an unknown value
RDI=0x0000000027136a80 is an unknown value
R8 =0x0000000000000000 is an unknown value
R9 =0x00000000504237e0 is an unknown value
R10=0x0000000002bf1c90 is an unknown value
R11=0x000000001c81a010 is an unknown value
R12=0x0000000000000000 is an unknown value
R13=0x00000000ffffffff is an unknown value
R14=0x0000000027115ce0 is an unknown value
R15=0x00000000271369d0 is an unknown value


Stack: [0x000000001e4e0000,0x000000001e5e0000],  sp=0x000000001e5debb0,  free space=1018k
Native frames: (J=compiled Java code, j=interpreted, Vv=VM code, C=native code)

VM_Operation (0x000000002665d2c0): Exit, mode: safepoint, requested by thread 0x000000001f7cc800


---------------  P R O C E S S  ---------------

Java Threads: ( => current thread )
  0x000000001f7cc800 JavaThread "AWT-EventQueue-0" [_thread_blocked, id=2964, stack(0x0000000026560000,0x0000000026660000)]
  0x000000001f7a3000 JavaThread "AWT-Shutdown" [_thread_blocked, id=4816, stack(0x000000001ff60000,0x0000000020060000)]
  0x000000001f7a2800 JavaThread "Java2D Disposer" daemon [_thread_blocked, id=236, stack(0x000000001f640000,0x000000001f740000)]
  0x000000001e7a7000 JavaThread "Service Thread" daemon [_thread_blocked, id=5912, stack(0x000000001f2e0000,0x000000001f3e0000)]
  0x000000001e719800 JavaThread "C1 CompilerThread3" daemon [_thread_blocked, id=6000, stack(0x000000001f1e0000,0x000000001f2e0000)]
  0x000000001e710000 JavaThread "C2 CompilerThread2" daemon [_thread_blocked, id=5056, stack(0x000000001f0e0000,0x000000001f1e0000)]
  0x000000001e70b000 JavaThread "C2 CompilerThread1" daemon [_thread_blocked, id=6440, stack(0x000000001efe0000,0x000000001f0e0000)]
  0x000000001e707800 JavaThread "C2 CompilerThread0" daemon [_thread_blocked, id=7400, stack(0x000000001eee0000,0x000000001efe0000)]
  0x000000001e706000 JavaThread "Attach Listener" daemon [_thread_blocked, id=10212, stack(0x000000001ede0000,0x000000001eee0000)]
  0x000000001c82d800 JavaThread "Signal Dispatcher" daemon [_thread_blocked, id=9124, stack(0x000000001ece0000,0x000000001ede0000)]
  0x0000000002d2e000 JavaThread "Finalizer" daemon [_thread_blocked, id=9456, stack(0x000000001eae0000,0x000000001ebe0000)]
  0x0000000002d26000 JavaThread "Reference Handler" daemon [_thread_blocked, id=7596, stack(0x000000001e5e0000,0x000000001e6e0000)]
  0x0000000002c30800 JavaThread "main" [_thread_blocked, id=5984, stack(0x0000000002af0000,0x0000000002bf0000)]

Other Threads:
=>0x000000001c819000 VMThread [stack: 0x000000001e4e0000,0x000000001e5e0000] [id=8]

VM state:at safepoint (shutting down)

VM Mutex/Monitor currently owned by a thread:  ([mutex/lock_event])
[0x0000000002bfc430] Threads_lock - owner thread: 0x000000001c819000

Heap:
 PSYoungGen      total 40448K, used 4344K [0x000000076af80000, 0x000000076da80000, 0x00000007c0000000)
  eden space 37888K, 8% used [0x000000076af80000,0x000000076b276308,0x000000076d480000)
  from space 2560K, 51% used [0x000000076d800000,0x000000076d948000,0x000000076da80000)
  to   space 3072K, 0% used [0x000000076d480000,0x000000076d480000,0x000000076d780000)
 ParOldGen       total 175104K, used 33521K [0x00000006c0e00000, 0x00000006cb900000, 0x000000076af80000)
  object space 175104K, 19% used [0x00000006c0e00000,0x00000006c2ebc588,0x00000006cb900000)
 Metaspace       used 8751K, capacity 8926K, committed 9088K, reserved 1056768K
  class space    used 1029K, capacity 1097K, committed 1152K, reserved 1048576K

Card table byte_map: [0x00000000120f0000,0x00000000128f0000] byte_map_base: 0x000000000eae9000

Marking Bits: (ParMarkBitMap*) 0x0000000050c6a6c0
 Begin Bits: [0x0000000013650000, 0x0000000017618000)
 End Bits:   [0x0000000017618000, 0x000000001b5e0000)

Polling page: 0x00000000012c0000

CodeCache: size=245760Kb used=2606Kb max_used=2606Kb free=243153Kb
 bounds [0x0000000002d30000, 0x0000000002fc0000, 0x0000000011d30000]
 total_blobs=1031 nmethods=582 adapters=362
 compilation: enabled

Compilation events (10 events):
Event: 29.937 Thread 0x000000001e719800  620       3       sun.awt.windows.WComponentPeer::updateCursorImmediately (7 bytes)
Event: 29.937 Thread 0x000000001e719800 nmethod 620 0x0000000002f9af10 code [0x0000000002f9b0c0, 0x0000000002f9b6b8]
Event: 29.937 Thread 0x000000001e719800  621   !   3       sun.awt.GlobalCursorManager::updateCursorImmediately (31 bytes)
Event: 29.937 Thread 0x000000001e719800 nmethod 621 0x0000000002ef9050 code [0x0000000002ef91c0, 0x0000000002ef9508]
Event: 29.937 Thread 0x000000001e719800  622       3       java.util.concurrent.locks.AbstractQueuedSynchronizer$ConditionObject::addConditionWaiter (64 bytes)
Event: 29.938 Thread 0x000000001e719800 nmethod 622 0x0000000002f9a790 code [0x0000000002f9a920, 0x0000000002f9ad68]
Event: 29.938 Thread 0x000000001e719800  623       3       java.util.concurrent.locks.AbstractQueuedSynchronizer$Node::<init> (15 bytes)
Event: 29.938 Thread 0x000000001e719800 nmethod 623 0x0000000002f98e50 code [0x0000000002f98fa0, 0x0000000002f99170]
Event: 29.938 Thread 0x000000001e719800  624   !   3       java.util.concurrent.locks.AbstractQueuedSynchronizer::fullyRelease (54 bytes)
Event: 29.938 Thread 0x000000001e719800 nmethod 624 0x0000000002fbeb10 code [0x0000000002fbecc0, 0x0000000002fbf2a8]

GC Heap History (10 events):
Event: 30.426 GC heap before
{Heap before GC invocations=368 (full 0):
 PSYoungGen      total 32768K, used 32320K [0x000000076af80000, 0x000000076d500000, 0x00000007c0000000)
  eden space 31232K, 100% used [0x000000076af80000,0x000000076ce00000,0x000000076ce00000)
  from space 1536K, 70% used [0x000000076ce80000,0x000000076cf90000,0x000000076d000000)
  to   space 3584K, 0% used [0x000000076d180000,0x000000076d180000,0x000000076d500000)
 ParOldGen       total 175104K, used 33481K [0x00000006c0e00000, 0x00000006cb900000, 0x000000076af80000)
  object space 175104K, 19% used [0x00000006c0e00000,0x00000006c2eb2588,0x00000006cb900000)
 Metaspace       used 8747K, capacity 8926K, committed 9088K, reserved 1056768K
  class space    used 1028K, capacity 1097K, committed 1152K, reserved 1048576K
Event: 30.426 GC heap after
Heap after GC invocations=368 (full 0):
 PSYoungGen      total 34816K, used 960K [0x000000076af80000, 0x000000076d500000, 0x00000007c0000000)
  eden space 31232K, 0% used [0x000000076af80000,0x000000076af80000,0x000000076ce00000)
  from space 3584K, 26% used [0x000000076d180000,0x000000076d270000,0x000000076d500000)
  to   space 3584K, 0% used [0x000000076ce00000,0x000000076ce00000,0x000000076d180000)
 ParOldGen       total 175104K, used 33481K [0x00000006c0e00000, 0x00000006cb900000, 0x000000076af80000)
  object space 175104K, 19% used [0x00000006c0e00000,0x00000006c2eb2588,0x00000006cb900000)
 Metaspace       used 8747K, capacity 8926K, committed 9088K, reserved 1056768K
  class space    used 1028K, capacity 1097K, committed 1152K, reserved 1048576K
}
Event: 30.486 GC heap before
{Heap before GC invocations=369 (full 0):
 PSYoungGen      total 34816K, used 32192K [0x000000076af80000, 0x000000076d500000, 0x00000007c0000000)
  eden space 31232K, 100% used [0x000000076af80000,0x000000076ce00000,0x000000076ce00000)
  from space 3584K, 26% used [0x000000076d180000,0x000000076d270000,0x000000076d500000)
  to   space 3584K, 0% used [0x000000076ce00000,0x000000076ce00000,0x000000076d180000)
 ParOldGen       total 175104K, used 33481K [0x00000006c0e00000, 0x00000006cb900000, 0x000000076af80000)
  object space 175104K, 19% used [0x00000006c0e00000,0x00000006c2eb2588,0x00000006cb900000)
 Metaspace       used 8747K, capacity 8926K, committed 9088K, reserved 1056768K
  class space    used 1028K, capacity 1097K, committed 1152K, reserved 1048576K
Event: 30.486 GC heap after
Heap after GC invocations=369 (full 0):
 PSYoungGen      total 34816K, used 640K [0x000000076af80000, 0x000000076d500000, 0x00000007c0000000)
  eden space 31232K, 0% used [0x000000076af80000,0x000000076af80000,0x000000076ce00000)
  from space 3584K, 17% used [0x000000076ce00000,0x000000076cea0000,0x000000076d180000)
  to   space 3584K, 0% used [0x000000076d180000,0x000000076d180000,0x000000076d500000)
 ParOldGen       total 175104K, used 33481K [0x00000006c0e00000, 0x00000006cb900000, 0x000000076af80000)
  object space 175104K, 19% used [0x00000006c0e00000,0x00000006c2eb2588,0x00000006cb900000)
 Metaspace       used 8747K, capacity 8926K, committed 9088K, reserved 1056768K
  class space    used 1028K, capacity 1097K, committed 1152K, reserved 1048576K
}
Event: 30.543 GC heap before
{Heap before GC invocations=370 (full 0):
 PSYoungGen      total 34816K, used 31872K [0x000000076af80000, 0x000000076d500000, 0x00000007c0000000)
  eden space 31232K, 100% used [0x000000076af80000,0x000000076ce00000,0x000000076ce00000)
  from space 3584K, 17% used [0x000000076ce00000,0x000000076cea0000,0x000000076d180000)
  to   space 3584K, 0% used [0x000000076d180000,0x000000076d180000,0x000000076d500000)
 ParOldGen       total 175104K, used 33481K [0x00000006c0e00000, 0x00000006cb900000, 0x000000076af80000)
  object space 175104K, 19% used [0x00000006c0e00000,0x00000006c2eb2588,0x00000006cb900000)
 Metaspace       used 8747K, capacity 8926K, committed 9088K, reserved 1056768K
  class space    used 1028K, capacity 1097K, committed 1152K, reserved 1048576K
Event: 30.544 GC heap after
Heap after GC invocations=370 (full 0):
 PSYoungGen      total 34816K, used 672K [0x000000076af80000, 0x000000076db80000, 0x00000007c0000000)
  eden space 31232K, 0% used [0x000000076af80000,0x000000076af80000,0x000000076ce00000)
  from space 3584K, 18% used [0x000000076d180000,0x000000076d228000,0x000000076d500000)
  to   space 3584K, 0% used [0x000000076ce00000,0x000000076ce00000,0x000000076d180000)
 ParOldGen       total 175104K, used 33481K [0x00000006c0e00000, 0x00000006cb900000, 0x000000076af80000)
  object space 175104K, 19% used [0x00000006c0e00000,0x00000006c2eb2588,0x00000006cb900000)
 Metaspace       used 8747K, capacity 8926K, committed 9088K, reserved 1056768K
  class space    used 1028K, capacity 1097K, committed 1152K, reserved 1048576K
}
Event: 30.604 GC heap before
{Heap before GC invocations=371 (full 0):
 PSYoungGen      total 34816K, used 31904K [0x000000076af80000, 0x000000076db80000, 0x00000007c0000000)
  eden space 31232K, 100% used [0x000000076af80000,0x000000076ce00000,0x000000076ce00000)
  from space 3584K, 18% used [0x000000076d180000,0x000000076d228000,0x000000076d500000)
  to   space 3584K, 0% used [0x000000076ce00000,0x000000076ce00000,0x000000076d180000)
 ParOldGen       total 175104K, used 33481K [0x00000006c0e00000, 0x00000006cb900000, 0x000000076af80000)
  object space 175104K, 19% used [0x00000006c0e00000,0x00000006c2eb2588,0x00000006cb900000)
 Metaspace       used 8751K, capacity 8926K, committed 9088K, reserved 1056768K
  class space    used 1029K, capacity 1097K, committed 1152K, reserved 1048576K
Event: 30.605 GC heap after
Heap after GC invocations=371 (full 0):
 PSYoungGen      total 34816K, used 448K [0x000000076af80000, 0x000000076db80000, 0x00000007c0000000)
  eden space 31232K, 0% used [0x000000076af80000,0x000000076af80000,0x000000076ce00000)
  from space 3584K, 12% used [0x000000076ce00000,0x000000076ce70000,0x000000076d180000)
  to   space 3584K, 0% used [0x000000076d800000,0x000000076d800000,0x000000076db80000)
 ParOldGen       total 175104K, used 33481K [0x00000006c0e00000, 0x00000006cb900000, 0x000000076af80000)
  object space 175104K, 19% used [0x00000006c0e00000,0x00000006c2eb2588,0x00000006cb900000)
 Metaspace       used 8751K, capacity 8926K, committed 9088K, reserved 1056768K
  class space    used 1029K, capacity 1097K, committed 1152K, reserved 1048576K
}
Event: 30.659 GC heap before
{Heap before GC invocations=372 (full 0):
 PSYoungGen      total 34816K, used 31680K [0x000000076af80000, 0x000000076db80000, 0x00000007c0000000)
  eden space 31232K, 100% used [0x000000076af80000,0x000000076ce00000,0x000000076ce00000)
  from space 3584K, 12% used [0x000000076ce00000,0x000000076ce70000,0x000000076d180000)
  to   space 3584K, 0% used [0x000000076d800000,0x000000076d800000,0x000000076db80000)
 ParOldGen       total 175104K, used 33481K [0x00000006c0e00000, 0x00000006cb900000, 0x000000076af80000)
  object space 175104K, 19% used [0x00000006c0e00000,0x00000006c2eb2588,0x00000006cb900000)
 Metaspace       used 8751K, capacity 8926K, committed 9088K, reserved 1056768K
  class space    used 1029K, capacity 1097K, committed 1152K, reserved 1048576K
Event: 30.660 GC heap after
Heap after GC invocations=372 (full 0):
 PSYoungGen      total 40448K, used 1312K [0x000000076af80000, 0x000000076da80000, 0x00000007c0000000)
  eden space 37888K, 0% used [0x000000076af80000,0x000000076af80000,0x000000076d480000)
  from space 2560K, 51% used [0x000000076d800000,0x000000076d948000,0x000000076da80000)
  to   space 3072K, 0% used [0x000000076d480000,0x000000076d480000,0x000000076d780000)
 ParOldGen       total 175104K, used 33521K [0x00000006c0e00000, 0x00000006cb900000, 0x000000076af80000)
  object space 175104K, 19% used [0x00000006c0e00000,0x00000006c2ebc588,0x00000006cb900000)
 Metaspace       used 8751K, capacity 8926K, committed 9088K, reserved 1056768K
  class space    used 1029K, capacity 1097K, committed 1152K, reserved 1048576K
}

Deoptimization events (10 events):
Event: 1.078 Thread 0x0000000002c30800 Uncommon trap: reason=unstable_if action=reinterpret pc=0x0000000002ef1884 method=PicRecoginition.isColor(I)Z @ 14
Event: 1.081 Thread 0x0000000002c30800 Uncommon trap: reason=unstable_if action=reinterpret pc=0x0000000002ef89a8 method=PicRecoginition.isColor(I)Z @ 88
Event: 1.096 Thread 0x0000000002c30800 Uncommon trap: reason=unstable_if action=reinterpret pc=0x0000000002efc6f0 method=PicRecoginition.porcessedImg(Ljava/awt/image/BufferedImage;)Ljava/awt/image/BufferedImage; @ 20
Event: 1.193 Thread 0x0000000002c30800 Uncommon trap: reason=unstable_if action=reinterpret pc=0x0000000002f17754 method=PicRecoginition.percentMask([[IIILjava/awt/image/BufferedImage;)I @ 27
Event: 1.193 Thread 0x0000000002c30800 Uncommon trap: reason=unstable_if action=reinterpret pc=0x0000000002f10210 method=PicRecoginition.percentMask([[IIILjava/awt/image/BufferedImage;)I @ 27
Event: 1.222 Thread 0x0000000002c30800 Uncommon trap: reason=unstable_if action=reinterpret pc=0x0000000002ee9944 method=java.awt.image.ComponentColorModel.getRGB(Ljava/lang/Object;)I @ 4
Event: 1.263 Thread 0x0000000002c30800 Uncommon trap: reason=unstable_if action=reinterpret pc=0x0000000002f12288 method=PicRecoginition.percentMask([[IIILjava/awt/image/BufferedImage;)I @ 27
Event: 4.337 Thread 0x0000000002c30800 Uncommon trap: reason=unstable_if action=reinterpret pc=0x0000000002f1cf30 method=PicRecoginition.setMask(IIILjava/awt/image/BufferedImage;)I @ 36
Event: 4.339 Thread 0x0000000002c30800 Uncommon trap: reason=unstable_if action=reinterpret pc=0x0000000002f2945c method=PicRecoginition.percentMask([[IIILjava/awt/image/BufferedImage;)I @ 39
Event: 4.339 Thread 0x0000000002c30800 Uncommon trap: reason=unstable_if action=reinterpret pc=0x0000000002f247b4 method=PicRecoginition.percentMask([[IIILjava/awt/image/BufferedImage;)I @ 39

Internal exceptions (10 events):
Event: 0.024 Thread 0x0000000002c30800 Exception <a 'java/lang/NoSuchMethodError': Method sun.misc.Unsafe.prefetchRead(Ljava/lang/Object;J)V name or signature does not match> (0x000000076af87f60) thrown at [C:\re\workspace\8-2-build-windows-amd64-cygwin\jdk8u111\7883\hotspot\src\share\vm\prims
Event: 0.068 Thread 0x0000000002c30800 Exception <a 'java/security/PrivilegedActionException'> (0x000000076b0038a0) thrown at [C:\re\workspace\8-2-build-windows-amd64-cygwin\jdk8u111\7883\hotspot\src\share\vm\prims\jvm.cpp, line 1386]
Event: 0.068 Thread 0x0000000002c30800 Exception <a 'java/security/PrivilegedActionException'> (0x000000076b003ab0) thrown at [C:\re\workspace\8-2-build-windows-amd64-cygwin\jdk8u111\7883\hotspot\src\share\vm\prims\jvm.cpp, line 1386]
Event: 0.068 Thread 0x0000000002c30800 Exception <a 'java/security/PrivilegedActionException'> (0x000000076b0076f8) thrown at [C:\re\workspace\8-2-build-windows-amd64-cygwin\jdk8u111\7883\hotspot\src\share\vm\prims\jvm.cpp, line 1386]
Event: 0.068 Thread 0x0000000002c30800 Exception <a 'java/security/PrivilegedActionException'> (0x000000076b007908) thrown at [C:\re\workspace\8-2-build-windows-amd64-cygwin\jdk8u111\7883\hotspot\src\share\vm\prims\jvm.cpp, line 1386]
Event: 0.071 Thread 0x0000000002c30800 Exception <a 'java/io/FileNotFoundException'> (0x000000076b009e20) thrown at [C:\re\workspace\8-2-build-windows-amd64-cygwin\jdk8u111\7883\hotspot\src\share\vm\prims\jni.cpp, line 709]
Event: 0.093 Thread 0x0000000002c30800 Exception <a 'java/lang/NoSuchFieldError': method resolution failed> (0x000000076b21ed28) thrown at [C:\re\workspace\8-2-build-windows-amd64-cygwin\jdk8u111\7883\hotspot\src\share\vm\prims\methodHandles.cpp, line 1146]
Event: 0.094 Thread 0x0000000002c30800 Exception <a 'java/lang/NoSuchFieldError': method resolution failed> (0x000000076b22c0f8) thrown at [C:\re\workspace\8-2-build-windows-amd64-cygwin\jdk8u111\7883\hotspot\src\share\vm\prims\methodHandles.cpp, line 1146]
Event: 0.116 Thread 0x0000000002c30800 Exception <a 'java/io/FileNotFoundException'> (0x000000076b2bfca0) thrown at [C:\re\workspace\8-2-build-windows-amd64-cygwin\jdk8u111\7883\hotspot\src\share\vm\prims\jni.cpp, line 709]
Event: 0.156 Thread 0x0000000002c30800 Implicit null exception at 0x0000000002ea381c to 0x0000000002ea39f5

Events (10 events):
Event: 30.559 Thread 0x000000001f825000 Thread exited: 0x000000001f825000
Event: 30.559 loading class sun/java2d/pipe/hw/AccelDeviceEventNotifier
Event: 30.559 loading class sun/java2d/pipe/hw/AccelDeviceEventNotifier done
Event: 30.570 Thread 0x000000001ead0000 Thread exited: 0x000000001ead0000
Event: 30.604 Executing VM operation: ParallelGCFailedAllocation
Event: 30.605 Executing VM operation: ParallelGCFailedAllocation done
Event: 30.659 Executing VM operation: ParallelGCFailedAllocation
Event: 30.660 Executing VM operation: ParallelGCFailedAllocation done
Event: 30.660 Thread 0x000000001ea09000 Thread exited: 0x000000001ea09000
Event: 30.660 Executing VM operation: Exit


Dynamic libraries:
0x00007ff7c4770000 - 0x00007ff7c47a7000 	C:\Program Files\Java\jre1.8.0_111\bin\javaw.exe
0x00007ffca2890000 - 0x00007ffca2a61000 	C:\Windows\SYSTEM32\ntdll.dll
0x00007ffc9eb70000 - 0x00007ffc9ec1b000 	C:\Windows\System32\KERNEL32.DLL
0x00007ffc8b2d0000 - 0x00007ffc8b324000 	C:\Program Files (x86)\AVG\Av\avghooka.dll
0x00007ffc9de40000 - 0x00007ffc9e05d000 	C:\Windows\System32\KERNELBASE.dll
0x00007ffc9f880000 - 0x00007ffc9f922000 	C:\Windows\System32\ADVAPI32.dll
0x00007ffc9f340000 - 0x00007ffc9f3de000 	C:\Windows\System32\msvcrt.dll
0x00007ffc9eb10000 - 0x00007ffc9eb69000 	C:\Windows\System32\sechost.dll
0x00007ffc9f750000 - 0x00007ffc9f871000 	C:\Windows\System32\RPCRT4.dll
0x00007ffc9f5e0000 - 0x00007ffc9f745000 	C:\Windows\System32\USER32.dll
0x00007ffc9dc90000 - 0x00007ffc9dcae000 	C:\Windows\System32\win32u.dll
0x00007ffc9ec20000 - 0x00007ffc9ec54000 	C:\Windows\System32\GDI32.dll
0x00007ffc9dcb0000 - 0x00007ffc9de32000 	C:\Windows\System32\gdi32full.dll
0x00007ffc945d0000 - 0x00007ffc94849000 	C:\Windows\WinSxS\amd64_microsoft.windows.common-controls_6595b64144ccf1df_6.0.14393.447_none_42191651c6827bb3\COMCTL32.dll
0x00007ffca0f20000 - 0x00007ffca11e8000 	C:\Windows\System32\combase.dll
0x00007ffc9db20000 - 0x00007ffc9dc15000 	C:\Windows\System32\ucrtbase.dll
0x00007ffc9dc20000 - 0x00007ffc9dc8a000 	C:\Windows\System32\bcryptPrimitives.dll
0x00007ffca1550000 - 0x00007ffca157e000 	C:\Windows\System32\IMM32.DLL
0x0000000050370000 - 0x0000000050442000 	C:\Program Files\Java\jre1.8.0_111\bin\msvcr100.dll
0x0000000050450000 - 0x0000000050cea000 	C:\Program Files\Java\jre1.8.0_111\bin\server\jvm.dll
0x00007ffca1520000 - 0x00007ffca1528000 	C:\Windows\System32\PSAPI.DLL
0x00007ffc8f1c0000 - 0x00007ffc8f1c9000 	C:\Windows\SYSTEM32\WSOCK32.dll
0x00007ffca0eb0000 - 0x00007ffca0f1a000 	C:\Windows\System32\WS2_32.dll
0x00007ffc9be00000 - 0x00007ffc9be23000 	C:\Windows\SYSTEM32\WINMM.dll
0x00007ffc99430000 - 0x00007ffc9943a000 	C:\Windows\SYSTEM32\VERSION.dll
0x00007ffc9bda0000 - 0x00007ffc9bdcb000 	C:\Windows\SYSTEM32\WINMMBASE.dll
0x00007ffc9e970000 - 0x00007ffc9e9b2000 	C:\Windows\System32\cfgmgr32.dll
0x0000000050f90000 - 0x0000000050f9f000 	C:\Program Files\Java\jre1.8.0_111\bin\verify.dll
0x0000000050f60000 - 0x0000000050f89000 	C:\Program Files\Java\jre1.8.0_111\bin\java.dll
0x0000000050f40000 - 0x0000000050f56000 	C:\Program Files\Java\jre1.8.0_111\bin\zip.dll
0x00007ffc9f990000 - 0x00007ffca0e99000 	C:\Windows\System32\SHELL32.dll
0x00007ffc9e0c0000 - 0x00007ffc9e79a000 	C:\Windows\System32\windows.storage.dll
0x00007ffc9da10000 - 0x00007ffc9da5c000 	C:\Windows\System32\powrprof.dll
0x00007ffca11f0000 - 0x00007ffca1242000 	C:\Windows\System32\shlwapi.dll
0x00007ffc9da00000 - 0x00007ffc9da0f000 	C:\Windows\System32\kernel.appcore.dll
0x00007ffc9ea60000 - 0x00007ffc9eb09000 	C:\Windows\System32\shcore.dll
0x00007ffc9d9e0000 - 0x00007ffc9d9f4000 	C:\Windows\System32\profapi.dll
0x00007ffc68430000 - 0x00007ffc6a327000 	C:\Users\curti\OneDrive\Programming\opencv\build\java\x64\opencv_java320.dll
0x00007ffc9f190000 - 0x00007ffc9f2c7000 	C:\Windows\System32\ole32.dll
0x00007ffca12c0000 - 0x00007ffca137f000 	C:\Windows\System32\OLEAUT32.dll
0x00007ffc9e9c0000 - 0x00007ffc9ea5c000 	C:\Windows\System32\msvcp_win.dll
0x00007ffc939e0000 - 0x00007ffc93a09000 	C:\Windows\SYSTEM32\MSVFW32.dll
0x00007ffc94cb0000 - 0x00007ffc94cd0000 	C:\Windows\SYSTEM32\AVIFIL32.dll
0x00007ffc930a0000 - 0x00007ffc930b8000 	C:\Windows\SYSTEM32\AVICAP32.dll
0x00007ffc9a6a0000 - 0x00007ffc9a6bc000 	C:\Windows\SYSTEM32\MSACM32.dll
0x00000000501d0000 - 0x0000000050368000 	C:\Program Files\Java\jre1.8.0_111\bin\awt.dll
0x00007ffc9b6f0000 - 0x00007ffc9b76a000 	C:\Windows\SYSTEM32\apphelp.dll
0x00007ffc9b770000 - 0x00007ffc9b796000 	C:\Windows\system32\DWMAPI.DLL
0x00007ffc9c130000 - 0x00007ffc9c1c5000 	C:\Windows\system32\uxtheme.dll
0x00007ffc9f3e0000 - 0x00007ffc9f53b000 	C:\Windows\System32\MSCTF.dll
0x0000000050180000 - 0x00000000501c7000 	C:\Program Files\Java\jre1.8.0_111\bin\fontmanager.dll
0x00007ffc9f540000 - 0x00007ffc9f5df000 	C:\Windows\System32\clbcatq.dll
0x00007ffc93060000 - 0x00007ffc93078000 	C:\Windows\System32\devenum.dll
0x00007ffc9ec60000 - 0x00007ffc9f089000 	C:\Windows\System32\setupapi.dll
0x00007ffc9cd90000 - 0x00007ffc9cdc2000 	C:\Windows\SYSTEM32\ntmarta.dll
0x00007ffc9c5c0000 - 0x00007ffc9c5e8000 	C:\Windows\SYSTEM32\DEVOBJ.dll
0x00007ffc9e060000 - 0x00007ffc9e0b5000 	C:\Windows\System32\WINTRUST.dll
0x00007ffc9da60000 - 0x00007ffc9da70000 	C:\Windows\System32\MSASN1.dll
0x00007ffc9e7a0000 - 0x00007ffc9e969000 	C:\Windows\System32\CRYPT32.dll
0x00007ffc964a0000 - 0x00007ffc964aa000 	C:\Windows\SYSTEM32\msdmo.dll
0x00007ffc8f2c0000 - 0x00007ffc8f2f3000 	C:\Windows\System32\qcap.dll
0x00007ffc85430000 - 0x00007ffc855f3000 	C:\Windows\System32\quartz.dll
0x00007ffc9d920000 - 0x00007ffc9d94b000 	C:\Windows\System32\bcrypt.dll
0x00007ffc8ae80000 - 0x00007ffc8aec8000 	C:\Windows\System32\mfksproxy.dll
0x00007ffc88320000 - 0x00007ffc8833c000 	C:\Windows\System32\ATL.DLL
0x00007ffc89650000 - 0x00007ffc8969e000 	C:\Windows\System32\MFSENSORGROUP.dll
0x00007ffc9b560000 - 0x00007ffc9b6c8000 	C:\Windows\System32\MFPlat.DLL
0x00007ffc9b1e0000 - 0x00007ffc9b20e000 	C:\Windows\System32\RTWorkQ.DLL
0x00007ffc79a00000 - 0x00007ffc79deb000 	C:\Windows\System32\MFCORE.dll
0x00007ffc96910000 - 0x00007ffc96919000 	C:\Windows\System32\ksuser.dll
0x00007ffc9d4b0000 - 0x00007ffc9d4bb000 	C:\Windows\System32\CRYPTBASE.DLL
0x00007ffc8ad60000 - 0x00007ffc8adb3000 	C:\Windows\System32\FSClient.dll
0x00007ffc9ac70000 - 0x00007ffc9ac7b000 	C:\Windows\System32\AVRT.dll
0x00007ffc98ca0000 - 0x00007ffc98cad000 	C:\Windows\System32\vidcap.ax
0x00007ffc8ae50000 - 0x00007ffc8ae75000 	C:\Windows\System32\kswdmcap.ax
0x00007ffc7f8f0000 - 0x00007ffc7fa53000 	C:\Windows\System32\MFC42.dll
0x00007ffc90f50000 - 0x00007ffc90fff000 	C:\Windows\System32\ODBC32.dll
0x00007ffc9cf60000 - 0x00007ffc9cf6a000 	C:\Windows\System32\DPAPI.dll
0x00007ffc930c0000 - 0x00007ffc93103000 	C:\Windows\SYSTEM32\policymanager.dll
0x00007ffc9c3a0000 - 0x00007ffc9c431000 	C:\Windows\System32\msvcp110_win.dll
0x00007ffc93190000 - 0x00007ffc93264000 	C:\Windows\System32\MFReadWrite.dll
0x00007ffc852e0000 - 0x00007ffc85383000 	C:\Windows\System32\qedit.dll
0x00007ffc9f090000 - 0x00007ffc9f18a000 	C:\Windows\System32\COMDLG32.dll
0x00007ffc95e50000 - 0x00007ffc95fea000 	C:\Windows\WinSxS\amd64_microsoft.windows.gdiplus_6595b64144ccf1df_1.1.14393.321_none_72fe05dd211a5fae\gdiplus.dll
0x00007ffc848d0000 - 0x00007ffc849c7000 	C:\Windows\System32\DDRAW.dll
0x00007ffc93b80000 - 0x00007ffc93b88000 	C:\Windows\System32\DCIMAN32.dll
0x00007ffc939d0000 - 0x00007ffc939dc000 	C:\Windows\SYSTEM32\msyuv.dll
0x00007ffc96d60000 - 0x00007ffc96ef2000 	C:\Windows\SYSTEM32\dbghelp.dll

VM Arguments:
jvm_args: -Dfile.encoding=Cp1252 
java_command: OverCoat
java_class_path (initial): C:\Users\curti\OneDrive\Programming\HoundDog\bin;C:\Users\curti\OneDrive\Programming\opencv\build\java\opencv-320.jar
Launcher Type: SUN_STANDARD

Environment Variables:
PATH=C:/Program Files/Java/jre1.8.0_111/bin/server;C:/Program Files/Java/jre1.8.0_111/bin;C:/Program Files/Java/jre1.8.0_111/lib/amd64;C:\ProgramData\Oracle\Java\javapath;C:\Windows\system32;C:\Windows;C:\Windows\System32\Wbem;C:\Windows\System32\WindowsPowerShell\v1.0\;C:\Users\curti\AppData\Local\Microsoft\WindowsApps;;C:\Users\curti\Desktop;
USERNAME=curti
OS=Windows_NT
PROCESSOR_IDENTIFIER=Intel64 Family 6 Model 60 Stepping 3, GenuineIntel



---------------  S Y S T E M  ---------------

OS: Windows 10.0 , 64 bit Build 14393 (10.0.14393.0)

CPU:total 8 (4 cores per cpu, 2 threads per core) family 6 model 60 stepping 3, cmov, cx8, fxsr, mmx, sse, sse2, sse3, ssse3, sse4.1, sse4.2, popcnt, avx, avx2, aes, clmul, erms, lzcnt, ht, tsc, tscinvbit, bmi1, bmi2

Memory: 4k page, physical 16713384k(12354500k free), swap 19203752k(13709756k free)

vm_info: Java HotSpot(TM) 64-Bit Server VM (25.111-b14) for windows-amd64 JRE (1.8.0_111-b14), built on Sep 22 2016 19:24:05 by "java_re" with MS VC++ 10.0 (VS2010)

time: Mon Jan 16 10:10:37 2017
elapsed time: 30 seconds (0d 0h 0m 30s)

