#
# A fatal error has been detected by the Java Runtime Environment:
#
#  Internal Error (0xc000000d), pid=7924, tid=0x0000000000002b60
#
# JRE version: Java(TM) SE Runtime Environment (8.0_111-b14) (build 1.8.0_111-b14)
# Java VM: Java HotSpot(TM) 64-Bit Server VM (25.111-b14 mixed mode windows-amd64 compressed oops)
# Problematic frame:
# C  [ntdll.dll+0xff44c]
#
# Failed to write core dump. Minidumps are not enabled by default on client versions of Windows
#
# If you would like to submit a bug report, please visit:
#   http://bugreport.java.com/bugreport/crash.jsp
#

---------------  T H R E A D  ---------------

Current thread (0x000000001bfe7800):  VMThread [stack: 0x000000001d070000,0x000000001d170000] [id=11104]

siginfo: ExceptionCode=0xc000000d

Registers:
RAX=0x0000000075294103, RBX=0x000000001e862410, RCX=0xfffffff90000004f, RDX=0x0000000000000007
RSP=0x000000001d16ec50, RBP=0x0000000000000000, RSI=0x0000000020c81c50, RDI=0x0000000020c939f0
R8 =0x0000000000000000, R9 =0x0000000074b537e0, R10=0x0000000002781fd0, R11=0x000000001bfe89e0
R12=0x0000000000000000, R13=0x00000000ffffffff, R14=0x0000000020c82b60, R15=0x0000000020c81c50
RIP=0x00007ffa1614f44c, EFLAGS=0x0000000000000202

Top of Stack: (sp=0x000000001d16ec50)
0x000000001d16ec50:   0000000000000057 000000001e862410
0x000000001d16ec60:   0000000020c81c50 0000000020c939f0
0x000000001d16ec70:   00000000c000000d 0000000000000000
0x000000001d16ec80:   00007ffa1614f44c 0000000000000000
0x000000001d16ec90:   0000000000000000 0000000000000000
0x000000001d16eca0:   0000000000000000 0000000000000000
0x000000001d16ecb0:   0000000000000000 0000000000000000
0x000000001d16ecc0:   0000000000000000 0000000000000000
0x000000001d16ecd0:   0000000000000000 0000000000000000
0x000000001d16ece0:   0000000000000000 0000000000000000
0x000000001d16ecf0:   0000000000000000 0000000000000000
0x000000001d16ed00:   0000000000000000 0000000000000003
0x000000001d16ed10:   0000255b96f18128 0000000000000000
0x000000001d16ed20:   0000000000b31000 00007ffa16111899
0x000000001d16ed30:   0000000000d00000 00007ff9f8c5e8db
0x000000001d16ed40:   00000000ffffffff 0000000000000000 

Instructions: (pc=0x00007ffa1614f44c)
0x00007ffa1614f42c:   d5 fa ff c7 44 24 20 0d 00 00 c0 b9 57 00 00 00
0x00007ffa1614f43c:   e8 7f 13 f6 ff 90 48 8d 4c 24 20 e8 04 bf f4 ff
0x00007ffa1614f44c:   eb 00 48 8b 8c 24 c0 00 00 00 48 33 cc e8 82 74
0x00007ffa1614f45c:   f9 ff 48 81 c4 d8 00 00 00 c3 40 55 48 83 ec 20 


Register to memory mapping:

RAX=0x0000000075294103 is an unknown value
RBX=0x000000001e862410 is an unknown value
RCX=0xfffffff90000004f is an unknown value
RDX=0x0000000000000007 is an unknown value
RSP=0x000000001d16ec50 is an unknown value
RBP=0x0000000000000000 is an unknown value
RSI=0x0000000020c81c50 is an unknown value
RDI=0x0000000020c939f0 is an unknown value
R8 =0x0000000000000000 is an unknown value
R9 =0x0000000074b537e0 is an unknown value
R10=0x0000000002781fd0 is an unknown value
R11=0x000000001bfe89e0 is an unknown value
R12=0x0000000000000000 is an unknown value
R13=0x00000000ffffffff is an unknown value
R14=0x0000000020c82b60 is an unknown value
R15=0x0000000020c81c50 is an unknown value


Stack: [0x000000001d070000,0x000000001d170000],  sp=0x000000001d16ec50,  free space=1019k
Native frames: (J=compiled Java code, j=interpreted, Vv=VM code, C=native code)

VM_Operation (0x000000002080d110): Exit, mode: safepoint, requested by thread 0x000000001dd55800


---------------  P R O C E S S  ---------------

Java Threads: ( => current thread )
  0x000000001dd55800 JavaThread "AWT-EventQueue-0" [_thread_blocked, id=3644, stack(0x0000000020710000,0x0000000020810000)]
  0x000000001dd2e000 JavaThread "AWT-Shutdown" [_thread_blocked, id=8708, stack(0x000000001e530000,0x000000001e630000)]
  0x000000001dd2d800 JavaThread "Java2D Disposer" daemon [_thread_blocked, id=5424, stack(0x000000001e430000,0x000000001e530000)]
  0x000000001d97f000 JavaThread "Service Thread" daemon [_thread_blocked, id=4636, stack(0x000000001dd60000,0x000000001de60000)]
  0x000000001c076000 JavaThread "C1 CompilerThread2" daemon [_thread_blocked, id=6792, stack(0x000000001d860000,0x000000001d960000)]
  0x000000001c073800 JavaThread "C2 CompilerThread1" daemon [_thread_blocked, id=9980, stack(0x000000001d760000,0x000000001d860000)]
  0x000000001c01d800 JavaThread "C2 CompilerThread0" daemon [_thread_blocked, id=7544, stack(0x000000001d660000,0x000000001d760000)]
  0x000000001c01b000 JavaThread "Attach Listener" daemon [_thread_blocked, id=6652, stack(0x000000001d560000,0x000000001d660000)]
  0x000000001c00a000 JavaThread "Finalizer" daemon [_thread_blocked, id=9660, stack(0x000000001d270000,0x000000001d370000)]
  0x000000000299f000 JavaThread "Reference Handler" daemon [_thread_blocked, id=9696, stack(0x000000001d170000,0x000000001d270000)]
  0x00000000028b0800 JavaThread "main" [_thread_blocked, id=6444, stack(0x0000000002790000,0x0000000002890000)]

Other Threads:
=>0x000000001bfe7800 VMThread [stack: 0x000000001d070000,0x000000001d170000] [id=11104]

VM state:at safepoint (shutting down)

VM Mutex/Monitor currently owned by a thread:  ([mutex/lock_event])
[0x000000000278c2b0] Threads_lock - owner thread: 0x000000001bfe7800

Heap:
 PSYoungGen      total 102912K, used 63821K [0x000000076b100000, 0x0000000774a00000, 0x00000007c0000000)
  eden space 100864K, 61% used [0x000000076b100000,0x000000076ed795d8,0x0000000771380000)
  from space 2048K, 92% used [0x0000000774800000,0x00000007749da020,0x0000000774a00000)
  to   space 5632K, 0% used [0x0000000773f00000,0x0000000773f00000,0x0000000774480000)
 ParOldGen       total 175104K, used 22595K [0x00000006c1200000, 0x00000006cbd00000, 0x000000076b100000)
  object space 175104K, 12% used [0x00000006c1200000,0x00000006c2810e10,0x00000006cbd00000)
 Metaspace       used 8499K, capacity 8628K, committed 8832K, reserved 1056768K
  class space    used 1003K, capacity 1064K, committed 1152K, reserved 1048576K

Card table byte_map: [0x0000000011d70000,0x0000000012570000] byte_map_base: 0x000000000e767000

Marking Bits: (ParMarkBitMap*) 0x000000007547a6c0
 Begin Bits: [0x0000000012ec0000, 0x0000000016e78000)
 End Bits:   [0x0000000016e78000, 0x000000001ae30000)

Polling page: 0x0000000002710000

CodeCache: size=245760Kb used=2356Kb max_used=2356Kb free=243404Kb
 bounds [0x00000000029b0000, 0x0000000002c20000, 0x00000000119b0000]
 total_blobs=949 nmethods=515 adapters=347
 compilation: enabled

Compilation events (10 events):
Event: 15.593 Thread 0x000000001c076000  511       3       java.util.ArrayList$Itr::checkForComodification (23 bytes)
Event: 15.593 Thread 0x000000001c076000 nmethod 511 0x0000000002bfbe50 code [0x0000000002bfbfc0, 0x0000000002bfc1e8]
Event: 15.593 Thread 0x000000001c076000  513       3       java.awt.Component::inside (30 bytes)
Event: 15.593 Thread 0x000000001c076000 nmethod 513 0x0000000002bfc2d0 code [0x0000000002bfc440, 0x0000000002bfc6b0]
Event: 15.593 Thread 0x000000001c076000  512       3       java.util.ArrayList$Itr::next (66 bytes)
Event: 15.593 Thread 0x000000001c076000 nmethod 512 0x0000000002bfc710 code [0x0000000002bfc8c0, 0x0000000002bfcd68]
Event: 15.607 Thread 0x000000001c076000  514       1       java.lang.Boolean::booleanValue (5 bytes)
Event: 15.607 Thread 0x000000001c076000 nmethod 514 0x0000000002bfcfd0 code [0x0000000002bfd120, 0x0000000002bfd230]
Event: 15.607 Thread 0x000000001c076000  515       3       javax.swing.JComponent::contains (27 bytes)
Event: 15.608 Thread 0x000000001c076000 nmethod 515 0x0000000002bfd290 code [0x0000000002bfd420, 0x0000000002bfdaf0]

GC Heap History (10 events):
Event: 14.940 GC heap before
{Heap before GC invocations=30 (full 0):
 PSYoungGen      total 119808K, used 119564K [0x000000076b100000, 0x0000000775880000, 0x00000007c0000000)
  eden space 116736K, 100% used [0x000000076b100000,0x0000000772300000,0x0000000772300000)
  from space 3072K, 92% used [0x0000000774e00000,0x00000007750c3030,0x0000000775100000)
  to   space 6144K, 0% used [0x0000000775280000,0x0000000775280000,0x0000000775880000)
 ParOldGen       total 175104K, used 22579K [0x00000006c1200000, 0x00000006cbd00000, 0x000000076b100000)
  object space 175104K, 12% used [0x00000006c1200000,0x00000006c280ce10,0x00000006cbd00000)
 Metaspace       used 8492K, capacity 8628K, committed 8832K, reserved 1056768K
  class space    used 1003K, capacity 1064K, committed 1152K, reserved 1048576K
Event: 14.941 GC heap after
Heap after GC invocations=30 (full 0):
 PSYoungGen      total 116224K, used 2828K [0x000000076b100000, 0x0000000775580000, 0x00000007c0000000)
  eden space 113152K, 0% used [0x000000076b100000,0x000000076b100000,0x0000000771f80000)
  from space 3072K, 92% used [0x0000000775280000,0x0000000775543030,0x0000000775580000)
  to   space 6144K, 0% used [0x0000000774980000,0x0000000774980000,0x0000000774f80000)
 ParOldGen       total 175104K, used 22587K [0x00000006c1200000, 0x00000006cbd00000, 0x000000076b100000)
  object space 175104K, 12% used [0x00000006c1200000,0x00000006c280ee10,0x00000006cbd00000)
 Metaspace       used 8492K, capacity 8628K, committed 8832K, reserved 1056768K
  class space    used 1003K, capacity 1064K, committed 1152K, reserved 1048576K
}
Event: 15.367 GC heap before
{Heap before GC invocations=31 (full 0):
 PSYoungGen      total 116224K, used 115680K [0x000000076b100000, 0x0000000775580000, 0x00000007c0000000)
  eden space 113152K, 99% used [0x000000076b100000,0x0000000771f350d0,0x0000000771f80000)
  from space 3072K, 92% used [0x0000000775280000,0x0000000775543030,0x0000000775580000)
  to   space 6144K, 0% used [0x0000000774980000,0x0000000774980000,0x0000000774f80000)
 ParOldGen       total 175104K, used 22587K [0x00000006c1200000, 0x00000006cbd00000, 0x000000076b100000)
  object space 175104K, 12% used [0x00000006c1200000,0x00000006c280ee10,0x00000006cbd00000)
 Metaspace       used 8492K, capacity 8628K, committed 8832K, reserved 1056768K
  class space    used 1003K, capacity 1064K, committed 1152K, reserved 1048576K
Event: 15.368 GC heap after
Heap after GC invocations=31 (full 0):
 PSYoungGen      total 111104K, used 996K [0x000000076b100000, 0x0000000775300000, 0x00000007c0000000)
  eden space 110080K, 0% used [0x000000076b100000,0x000000076b100000,0x0000000771c80000)
  from space 1024K, 97% used [0x0000000774980000,0x0000000774a79010,0x0000000774a80000)
  to   space 6144K, 0% used [0x0000000774d00000,0x0000000774d00000,0x0000000775300000)
 ParOldGen       total 175104K, used 22587K [0x00000006c1200000, 0x00000006cbd00000, 0x000000076b100000)
  object space 175104K, 12% used [0x00000006c1200000,0x00000006c280ee10,0x00000006cbd00000)
 Metaspace       used 8492K, capacity 8628K, committed 8832K, reserved 1056768K
  class space    used 1003K, capacity 1064K, committed 1152K, reserved 1048576K
}
Event: 15.753 GC heap before
{Heap before GC invocations=32 (full 0):
 PSYoungGen      total 111104K, used 111076K [0x000000076b100000, 0x0000000775300000, 0x00000007c0000000)
  eden space 110080K, 100% used [0x000000076b100000,0x0000000771c80000,0x0000000771c80000)
  from space 1024K, 97% used [0x0000000774980000,0x0000000774a79010,0x0000000774a80000)
  to   space 6144K, 0% used [0x0000000774d00000,0x0000000774d00000,0x0000000775300000)
 ParOldGen       total 175104K, used 22587K [0x00000006c1200000, 0x00000006cbd00000, 0x000000076b100000)
  object space 175104K, 12% used [0x00000006c1200000,0x00000006c280ee10,0x00000006cbd00000)
 Metaspace       used 8498K, capacity 8628K, committed 8832K, reserved 1056768K
  class space    used 1003K, capacity 1064K, committed 1152K, reserved 1048576K
Event: 15.755 GC heap after
Heap after GC invocations=32 (full 0):
 PSYoungGen      total 108032K, used 996K [0x000000076b100000, 0x0000000774e00000, 0x00000007c0000000)
  eden space 107008K, 0% used [0x000000076b100000,0x000000076b100000,0x0000000771980000)
  from space 1024K, 97% used [0x0000000774d00000,0x0000000774df9010,0x0000000774e00000)
  to   space 6144K, 0% used [0x0000000774200000,0x0000000774200000,0x0000000774800000)
 ParOldGen       total 175104K, used 22587K [0x00000006c1200000, 0x00000006cbd00000, 0x000000076b100000)
  object space 175104K, 12% used [0x00000006c1200000,0x00000006c280ee10,0x00000006cbd00000)
 Metaspace       used 8498K, capacity 8628K, committed 8832K, reserved 1056768K
  class space    used 1003K, capacity 1064K, committed 1152K, reserved 1048576K
}
Event: 16.154 GC heap before
{Heap before GC invocations=33 (full 0):
 PSYoungGen      total 108032K, used 108004K [0x000000076b100000, 0x0000000774e00000, 0x00000007c0000000)
  eden space 107008K, 100% used [0x000000076b100000,0x0000000771980000,0x0000000771980000)
  from space 1024K, 97% used [0x0000000774d00000,0x0000000774df9010,0x0000000774e00000)
  to   space 6144K, 0% used [0x0000000774200000,0x0000000774200000,0x0000000774800000)
 ParOldGen       total 175104K, used 22587K [0x00000006c1200000, 0x00000006cbd00000, 0x000000076b100000)
  object space 175104K, 12% used [0x00000006c1200000,0x00000006c280ee10,0x00000006cbd00000)
 Metaspace       used 8498K, capacity 8628K, committed 8832K, reserved 1056768K
  class space    used 1003K, capacity 1064K, committed 1152K, reserved 1048576K
Event: 16.154 GC heap after
Heap after GC invocations=33 (full 0):
 PSYoungGen      total 110080K, used 1896K [0x000000076b100000, 0x0000000774d80000, 0x00000007c0000000)
  eden space 103936K, 0% used [0x000000076b100000,0x000000076b100000,0x0000000771680000)
  from space 6144K, 30% used [0x0000000774200000,0x00000007743da020,0x0000000774800000)
  to   space 5632K, 0% used [0x0000000774800000,0x0000000774800000,0x0000000774d80000)
 ParOldGen       total 175104K, used 22595K [0x00000006c1200000, 0x00000006cbd00000, 0x000000076b100000)
  object space 175104K, 12% used [0x00000006c1200000,0x00000006c2810e10,0x00000006cbd00000)
 Metaspace       used 8498K, capacity 8628K, committed 8832K, reserved 1056768K
  class space    used 1003K, capacity 1064K, committed 1152K, reserved 1048576K
}
Event: 16.550 GC heap before
{Heap before GC invocations=34 (full 0):
 PSYoungGen      total 110080K, used 105832K [0x000000076b100000, 0x0000000774d80000, 0x00000007c0000000)
  eden space 103936K, 100% used [0x000000076b100000,0x0000000771680000,0x0000000771680000)
  from space 6144K, 30% used [0x0000000774200000,0x00000007743da020,0x0000000774800000)
  to   space 5632K, 0% used [0x0000000774800000,0x0000000774800000,0x0000000774d80000)
 ParOldGen       total 175104K, used 22595K [0x00000006c1200000, 0x00000006cbd00000, 0x000000076b100000)
  object space 175104K, 12% used [0x00000006c1200000,0x00000006c2810e10,0x00000006cbd00000)
 Metaspace       used 8498K, capacity 8628K, committed 8832K, reserved 1056768K
  class space    used 1003K, capacity 1064K, committed 1152K, reserved 1048576K
Event: 16.551 GC heap after
Heap after GC invocations=34 (full 0):
 PSYoungGen      total 102912K, used 1896K [0x000000076b100000, 0x0000000774a00000, 0x00000007c0000000)
  eden space 100864K, 0% used [0x000000076b100000,0x000000076b100000,0x0000000771380000)
  from space 2048K, 92% used [0x0000000774800000,0x00000007749da020,0x0000000774a00000)
  to   space 5632K, 0% used [0x0000000773f00000,0x0000000773f00000,0x0000000774480000)
 ParOldGen       total 175104K, used 22595K [0x00000006c1200000, 0x00000006cbd00000, 0x000000076b100000)
  object space 175104K, 12% used [0x00000006c1200000,0x00000006c2810e10,0x00000006cbd00000)
 Metaspace       used 8498K, capacity 8628K, committed 8832K, reserved 1056768K
  class space    used 1003K, capacity 1064K, committed 1152K, reserved 1048576K
}

Deoptimization events (7 events):
Event: 0.258 Thread 0x00000000028b0800 Uncommon trap: reason=null_check action=make_not_entrant pc=0x0000000002b2b544 method=java.lang.String.equals(Ljava/lang/Object;)Z @ 8
Event: 0.811 Thread 0x00000000028b0800 Uncommon trap: reason=unstable_if action=reinterpret pc=0x0000000002b889c8 method=PicRecoginition.porcessedImg(Ljava/awt/image/BufferedImage;)Ljava/awt/image/BufferedImage; @ 89
Event: 0.814 Thread 0x00000000028b0800 Uncommon trap: reason=unstable_if action=reinterpret pc=0x0000000002b665fc method=java.awt.image.ComponentColorModel.getRGB(Ljava/lang/Object;)I @ 4
Event: 5.838 Thread 0x00000000028b0800 Uncommon trap: reason=unstable_if action=reinterpret pc=0x0000000002b97c80 method=PicRecoginition.percentMask([[IIILjava/awt/image/BufferedImage;)I @ 11
Event: 5.840 Thread 0x00000000028b0800 Uncommon trap: reason=unstable_if action=reinterpret pc=0x0000000002b6ce94 method=PicRecoginition.winCheck(III)V @ 7
Event: 5.840 Thread 0x00000000028b0800 Uncommon trap: reason=unstable_if action=reinterpret pc=0x0000000002b67a30 method=PicRecoginition.percentMask([[IIILjava/awt/image/BufferedImage;)I @ 11
Event: 5.883 Thread 0x00000000028b0800 Uncommon trap: reason=unstable_if action=reinterpret pc=0x0000000002b901e4 method=PicRecoginition.percentMask([[IIILjava/awt/image/BufferedImage;)I @ 11

Internal exceptions (10 events):
Event: 0.036 Thread 0x00000000028b0800 Exception <a 'java/lang/NoSuchMethodError': Method sun.misc.Unsafe.prefetchRead(Ljava/lang/Object;J)V name or signature does not match> (0x000000076b107f60) thrown at [C:\re\workspace\8-2-build-windows-amd64-cygwin\jdk8u111\7883\hotspot\src\share\vm\prims
Event: 0.138 Thread 0x00000000028b0800 Exception <a 'java/security/PrivilegedActionException'> (0x000000076b184f20) thrown at [C:\re\workspace\8-2-build-windows-amd64-cygwin\jdk8u111\7883\hotspot\src\share\vm\prims\jvm.cpp, line 1386]
Event: 0.138 Thread 0x00000000028b0800 Exception <a 'java/security/PrivilegedActionException'> (0x000000076b185130) thrown at [C:\re\workspace\8-2-build-windows-amd64-cygwin\jdk8u111\7883\hotspot\src\share\vm\prims\jvm.cpp, line 1386]
Event: 0.139 Thread 0x00000000028b0800 Exception <a 'java/security/PrivilegedActionException'> (0x000000076b188d78) thrown at [C:\re\workspace\8-2-build-windows-amd64-cygwin\jdk8u111\7883\hotspot\src\share\vm\prims\jvm.cpp, line 1386]
Event: 0.139 Thread 0x00000000028b0800 Exception <a 'java/security/PrivilegedActionException'> (0x000000076b188f88) thrown at [C:\re\workspace\8-2-build-windows-amd64-cygwin\jdk8u111\7883\hotspot\src\share\vm\prims\jvm.cpp, line 1386]
Event: 0.144 Thread 0x00000000028b0800 Exception <a 'java/io/FileNotFoundException'> (0x000000076b18b4a0) thrown at [C:\re\workspace\8-2-build-windows-amd64-cygwin\jdk8u111\7883\hotspot\src\share\vm\prims\jni.cpp, line 709]
Event: 0.181 Thread 0x00000000028b0800 Exception <a 'java/lang/NoSuchFieldError': method resolution failed> (0x000000076b3a0390) thrown at [C:\re\workspace\8-2-build-windows-amd64-cygwin\jdk8u111\7883\hotspot\src\share\vm\prims\methodHandles.cpp, line 1146]
Event: 0.184 Thread 0x00000000028b0800 Exception <a 'java/lang/NoSuchFieldError': method resolution failed> (0x000000076b3ad760) thrown at [C:\re\workspace\8-2-build-windows-amd64-cygwin\jdk8u111\7883\hotspot\src\share\vm\prims\methodHandles.cpp, line 1146]
Event: 0.231 Thread 0x00000000028b0800 Exception <a 'java/io/FileNotFoundException'> (0x000000076b4415e0) thrown at [C:\re\workspace\8-2-build-windows-amd64-cygwin\jdk8u111\7883\hotspot\src\share\vm\prims\jni.cpp, line 709]
Event: 0.258 Thread 0x00000000028b0800 Implicit null exception at 0x0000000002b2b35c to 0x0000000002b2b535

Events (10 events):
Event: 16.154 Executing VM operation: ParallelGCFailedAllocation done
Event: 16.550 Executing VM operation: ParallelGCFailedAllocation
Event: 16.551 Executing VM operation: ParallelGCFailedAllocation done
Event: 16.654 Thread 0x0000000020161000 Thread added: 0x0000000020161000
Event: 16.654 Thread 0x0000000020162000 Thread added: 0x0000000020162000
Event: 16.654 Thread 0x0000000020161000 Thread exited: 0x0000000020161000
Event: 16.661 Thread 0x000000001dd33800 Thread exited: 0x000000001dd33800
Event: 16.755 Thread 0x0000000020162000 Thread exited: 0x0000000020162000
Event: 16.755 Thread 0x000000001c019800 Thread exited: 0x000000001c019800
Event: 16.755 Executing VM operation: Exit


Dynamic libraries:
0x00007ff7df1d0000 - 0x00007ff7df207000 	C:\Program Files\Java\jre1.8.0_111\bin\javaw.exe
0x00007ffa16050000 - 0x00007ffa16221000 	C:\WINDOWS\SYSTEM32\ntdll.dll
0x00007ffa149e0000 - 0x00007ffa14a8b000 	C:\WINDOWS\System32\KERNEL32.DLL
0x00007ff9e77d0000 - 0x00007ff9e7824000 	C:\Program Files (x86)\AVG\Av\avghooka.dll
0x00007ffa113e0000 - 0x00007ffa115fd000 	C:\WINDOWS\System32\KERNELBASE.dll
0x00007ffa12330000 - 0x00007ffa123d2000 	C:\WINDOWS\System32\ADVAPI32.dll
0x00007ffa14480000 - 0x00007ffa1451e000 	C:\WINDOWS\System32\msvcrt.dll
0x00007ffa13da0000 - 0x00007ffa13df9000 	C:\WINDOWS\System32\sechost.dll
0x00007ffa140f0000 - 0x00007ffa14211000 	C:\WINDOWS\System32\RPCRT4.dll
0x00007ffa14a90000 - 0x00007ffa14bf5000 	C:\WINDOWS\System32\USER32.dll
0x00007ffa119d0000 - 0x00007ffa119ee000 	C:\WINDOWS\System32\win32u.dll
0x00007ffa13e00000 - 0x00007ffa13e34000 	C:\WINDOWS\System32\GDI32.dll
0x00007ffa120d0000 - 0x00007ffa12252000 	C:\WINDOWS\System32\gdi32full.dll
0x00007ff9fe190000 - 0x00007ff9fe409000 	C:\WINDOWS\WinSxS\amd64_microsoft.windows.common-controls_6595b64144ccf1df_6.0.14393.447_none_42191651c6827bb3\COMCTL32.dll
0x00007ffa14550000 - 0x00007ffa14818000 	C:\WINDOWS\System32\combase.dll
0x00007ffa11600000 - 0x00007ffa116f5000 	C:\WINDOWS\System32\ucrtbase.dll
0x00007ffa12260000 - 0x00007ffa122ca000 	C:\WINDOWS\System32\bcryptPrimitives.dll
0x00007ffa14520000 - 0x00007ffa1454e000 	C:\WINDOWS\System32\IMM32.DLL
0x0000000074aa0000 - 0x0000000074b72000 	C:\Program Files\Java\jre1.8.0_111\bin\msvcr100.dll
0x0000000074c60000 - 0x00000000754fa000 	C:\Program Files\Java\jre1.8.0_111\bin\server\jvm.dll
0x00007ffa13ed0000 - 0x00007ffa13ed8000 	C:\WINDOWS\System32\PSAPI.DLL
0x00007ff9e4760000 - 0x00007ff9e4769000 	C:\WINDOWS\SYSTEM32\WSOCK32.dll
0x00007ffa14080000 - 0x00007ffa140ea000 	C:\WINDOWS\System32\WS2_32.dll
0x00007ffa0f380000 - 0x00007ffa0f3a3000 	C:\WINDOWS\SYSTEM32\WINMM.dll
0x00007ffa04450000 - 0x00007ffa0445a000 	C:\WINDOWS\SYSTEM32\VERSION.dll
0x00007ffa0f0e0000 - 0x00007ffa0f10b000 	C:\WINDOWS\SYSTEM32\WINMMBASE.dll
0x00007ffa11980000 - 0x00007ffa119c2000 	C:\WINDOWS\System32\cfgmgr32.dll
0x0000000074c50000 - 0x0000000074c5f000 	C:\Program Files\Java\jre1.8.0_111\bin\verify.dll
0x0000000074c20000 - 0x0000000074c49000 	C:\Program Files\Java\jre1.8.0_111\bin\java.dll
0x0000000074c00000 - 0x0000000074c16000 	C:\Program Files\Java\jre1.8.0_111\bin\zip.dll
0x00007ffa123f0000 - 0x00007ffa138f9000 	C:\WINDOWS\System32\SHELL32.dll
0x00007ffa119f0000 - 0x00007ffa120ca000 	C:\WINDOWS\System32\windows.storage.dll
0x00007ffa111e0000 - 0x00007ffa1122c000 	C:\WINDOWS\System32\powrprof.dll
0x00007ffa14820000 - 0x00007ffa14872000 	C:\WINDOWS\System32\shlwapi.dll
0x00007ffa111d0000 - 0x00007ffa111df000 	C:\WINDOWS\System32\kernel.appcore.dll
0x00007ffa11230000 - 0x00007ffa112d9000 	C:\WINDOWS\System32\shcore.dll
0x00007ffa111b0000 - 0x00007ffa111c4000 	C:\WINDOWS\System32\profapi.dll
0x00007ff9be2b0000 - 0x00007ff9c01a7000 	C:\Users\curti\OneDrive\Programming\opencv\build\java\x64\opencv_java320.dll
0x00007ffa14c00000 - 0x00007ffa14d37000 	C:\WINDOWS\System32\ole32.dll
0x00007ffa143c0000 - 0x00007ffa1447f000 	C:\WINDOWS\System32\OLEAUT32.dll
0x00007ffa112e0000 - 0x00007ffa1137c000 	C:\WINDOWS\System32\msvcp_win.dll
0x00007ffa0a1f0000 - 0x00007ffa0a219000 	C:\WINDOWS\SYSTEM32\MSVFW32.dll
0x00007ffa0a250000 - 0x00007ffa0a270000 	C:\WINDOWS\SYSTEM32\AVIFIL32.dll
0x00007ffa0a1a0000 - 0x00007ffa0a1b8000 	C:\WINDOWS\SYSTEM32\AVICAP32.dll
0x00007ffa09d80000 - 0x00007ffa09d9c000 	C:\WINDOWS\SYSTEM32\MSACM32.dll
0x0000000074900000 - 0x0000000074a98000 	C:\Program Files\Java\jre1.8.0_111\bin\awt.dll
0x00007ffa0f730000 - 0x00007ffa0f7aa000 	C:\WINDOWS\SYSTEM32\apphelp.dll
0x00007ffa0eba0000 - 0x00007ffa0ebc6000 	C:\WINDOWS\system32\DWMAPI.DLL
0x00007ffa0f8d0000 - 0x00007ffa0f965000 	C:\WINDOWS\system32\uxtheme.dll
0x00007ffa14880000 - 0x00007ffa149db000 	C:\WINDOWS\System32\MSCTF.dll
0x00007ff9ea940000 - 0x00007ff9ea9d8000 	C:\Program Files\Common Files\microsoft shared\ink\tiptsf.dll
0x00000000748b0000 - 0x00000000748f7000 	C:\Program Files\Java\jre1.8.0_111\bin\fontmanager.dll
0x00007ffa13ee0000 - 0x00007ffa13f7f000 	C:\WINDOWS\System32\clbcatq.dll
0x00007ff9fbad0000 - 0x00007ff9fbc7a000 	C:\Windows\System32\uiautomationcore.dll
0x00007ffa108f0000 - 0x00007ffa1090f000 	C:\Windows\System32\USERENV.dll
0x00007ffa11040000 - 0x00007ffa110d8000 	C:\WINDOWS\SYSTEM32\sxs.dll
0x00007ff9fdf70000 - 0x00007ff9fdfd5000 	C:\Windows\System32\OLEACC.dll
0x00007ff9eac40000 - 0x00007ff9eacbd000 	C:\WINDOWS\SYSTEM32\twinapi.dll
0x00007ffa0fc90000 - 0x00007ffa0fdac000 	C:\WINDOWS\SYSTEM32\twinapi.appcore.dll
0x00007ffa110e0000 - 0x00007ffa1110b000 	C:\WINDOWS\SYSTEM32\bcrypt.dll
0x00007ffa0a290000 - 0x00007ffa0a2a8000 	C:\Windows\System32\devenum.dll
0x00007ffa13900000 - 0x00007ffa13d29000 	C:\WINDOWS\System32\setupapi.dll
0x00007ffa10550000 - 0x00007ffa10582000 	C:\WINDOWS\SYSTEM32\ntmarta.dll
0x00007ffa0fe50000 - 0x00007ffa0fe78000 	C:\WINDOWS\SYSTEM32\DEVOBJ.dll
0x00007ffa11380000 - 0x00007ffa113d5000 	C:\WINDOWS\System32\WINTRUST.dll
0x00007ffa111a0000 - 0x00007ffa111b0000 	C:\WINDOWS\System32\MSASN1.dll
0x00007ffa117b0000 - 0x00007ffa11979000 	C:\WINDOWS\System32\CRYPT32.dll
0x00007ffa0a280000 - 0x00007ffa0a28a000 	C:\WINDOWS\SYSTEM32\msdmo.dll
0x00007ffa07360000 - 0x00007ffa07393000 	C:\Windows\System32\qcap.dll
0x00007ff9c7cb0000 - 0x00007ff9c7e73000 	C:\Windows\System32\quartz.dll
0x00007ffa07310000 - 0x00007ffa07358000 	C:\Windows\System32\mfksproxy.dll
0x00007ffa0d9b0000 - 0x00007ffa0d9cc000 	C:\Windows\System32\ATL.DLL
0x00007ffa05de0000 - 0x00007ffa05e2e000 	C:\Windows\System32\MFSENSORGROUP.dll
0x00007ffa0a360000 - 0x00007ffa0a4c8000 	C:\Windows\System32\MFPlat.DLL
0x00007ffa0c160000 - 0x00007ffa0c18e000 	C:\Windows\System32\RTWorkQ.DLL
0x00007ff9cccc0000 - 0x00007ff9cd0ab000 	C:\Windows\System32\MFCORE.dll
0x00007ffa0c210000 - 0x00007ffa0c219000 	C:\Windows\System32\ksuser.dll
0x00007ffa10c30000 - 0x00007ffa10c3b000 	C:\Windows\System32\CRYPTBASE.DLL
0x00007ffa03c90000 - 0x00007ffa03ce3000 	C:\Windows\System32\FSClient.dll
0x00007ffa0d230000 - 0x00007ffa0d23b000 	C:\Windows\System32\AVRT.dll
0x00007ffa0a190000 - 0x00007ffa0a19d000 	C:\Windows\System32\vidcap.ax
0x00007ffa040c0000 - 0x00007ffa040e5000 	C:\Windows\System32\kswdmcap.ax
0x00007ff9e0af0000 - 0x00007ff9e0c53000 	C:\Windows\System32\MFC42.dll
0x00007ffa07c00000 - 0x00007ffa07caf000 	C:\Windows\System32\ODBC32.dll
0x00007ffa106c0000 - 0x00007ffa106ca000 	C:\Windows\System32\DPAPI.dll
0x00007ff9cc760000 - 0x00007ff9cccba000 	C:\WINDOWS\system32\IntelCameraPlugin64.dll
0x00007ffa02ff0000 - 0x00007ffa03058000 	C:\WINDOWS\system32\SkyCamAIC_dynamic64.dll
0x00007ffa0d240000 - 0x00007ffa0d4f6000 	C:\WINDOWS\system32\d3d11.dll
0x00007ffa10130000 - 0x00007ffa101cf000 	C:\WINDOWS\system32\dxgi.dll
0x00007ffa0e3b0000 - 0x00007ffa0e3f3000 	C:\WINDOWS\SYSTEM32\policymanager.dll
0x00007ffa0fbf0000 - 0x00007ffa0fc81000 	C:\Windows\System32\msvcp110_win.dll
0x00007ff9f8c40000 - 0x00007ff9f8d14000 	C:\Windows\System32\MFReadWrite.dll
0x00007ffa03d60000 - 0x00007ffa03e03000 	C:\Windows\System32\qedit.dll
0x00007ffa13f80000 - 0x00007ffa1407a000 	C:\WINDOWS\System32\COMDLG32.dll
0x00007ff9fdfe0000 - 0x00007ff9fe17a000 	C:\WINDOWS\WinSxS\amd64_microsoft.windows.gdiplus_6595b64144ccf1df_1.1.14393.321_none_72fe05dd211a5fae\gdiplus.dll
0x00007ff9ea460000 - 0x00007ff9ea557000 	C:\Windows\System32\DDRAW.dll
0x00007ffa0eeb0000 - 0x00007ffa0eeb8000 	C:\Windows\System32\DCIMAN32.dll
0x00007ffa0a1e0000 - 0x00007ffa0a1ec000 	C:\WINDOWS\SYSTEM32\msyuv.dll
0x00007ffa0cfc0000 - 0x00007ffa0d152000 	C:\WINDOWS\SYSTEM32\dbghelp.dll

VM Arguments:
jvm_args: -Dfile.encoding=Cp1252 
java_command: OverCoat
java_class_path (initial): C:\Users\curti\OneDrive\Programming\HoundDog\bin;C:\Users\curti\OneDrive\Programming\opencv\build\java\opencv-320.jar
Launcher Type: SUN_STANDARD

Environment Variables:
PATH=C:/Program Files/Java/jre1.8.0_111/bin/server;C:/Program Files/Java/jre1.8.0_111/bin;C:/Program Files/Java/jre1.8.0_111/lib/amd64;C:\ProgramData\Oracle\Java\javapath;C:\Program Files (x86)\NVIDIA Corporation\PhysX\Common;C:\WINDOWS\system32;C:\WINDOWS;C:\WINDOWS\System32\Wbem;C:\WINDOWS\System32\WindowsPowerShell\v1.0\;C:\WINDOWS\system32\config\systemprofile\.dnx\bin;C:\Program Files\Microsoft DNX\Dnvm\;C:\Program Files (x86)\Windows Kits\8.1\Windows Performance Toolkit\;C:\Program Files\Microsoft SQL Server\120\Tools\Binn\;C:\Program Files\Microsoft SQL Server\130\Tools\Binn\;C:\Program Files\Microsoft SQL Server\Client SDK\ODBC\110\Tools\Binn\;C:\Program Files (x86)\Microsoft SQL Server\120\Tools\Binn\;C:\Program Files\Microsoft SQL Server\120\DTS\Binn\;C:\Program Files\Git\cmd;C:\Users\curti\AppData\Local\Microsoft\WindowsApps;;C:\Users\curti\Desktop\desktop stuff;
USERNAME=curti
OS=Windows_NT
PROCESSOR_IDENTIFIER=Intel64 Family 6 Model 78 Stepping 3, GenuineIntel



---------------  S Y S T E M  ---------------

OS: Windows 10.0 , 64 bit Build 14393 (10.0.14393.0)

CPU:total 4 (2 cores per cpu, 2 threads per core) family 6 model 78 stepping 3, cmov, cx8, fxsr, mmx, sse, sse2, sse3, ssse3, sse4.1, sse4.2, popcnt, avx, avx2, aes, clmul, erms, rtm, 3dnowpref, lzcnt, ht, tsc, tscinvbit, bmi1, bmi2, adx

Memory: 4k page, physical 16701568k(11346872k free), swap 19191936k(13126512k free)

vm_info: Java HotSpot(TM) 64-Bit Server VM (25.111-b14) for windows-amd64 JRE (1.8.0_111-b14), built on Sep 22 2016 19:24:05 by "java_re" with MS VC++ 10.0 (VS2010)

time: Mon Jan 16 19:10:49 2017
elapsed time: 17 seconds (0d 0h 0m 17s)

