#
# A fatal error has been detected by the Java Runtime Environment:
#
#  Internal Error (0xc000000d), pid=4772, tid=0x0000000000001b44
#
# JRE version: Java(TM) SE Runtime Environment (8.0_111-b14) (build 1.8.0_111-b14)
# Java VM: Java HotSpot(TM) 64-Bit Server VM (25.111-b14 mixed mode windows-amd64 compressed oops)
# Problematic frame:
# C  [ntdll.dll+0xff44c]
#
# Failed to write core dump. Minidumps are not enabled by default on client versions of Windows
#
# If you would like to submit a bug report, please visit:
#   http://bugreport.java.com/bugreport/crash.jsp
#

---------------  T H R E A D  ---------------

Current thread (0x000000001c859000):  VMThread [stack: 0x000000001e550000,0x000000001e650000] [id=6980]

siginfo: ExceptionCode=0xc000000d

Registers:
RAX=0x0000000000000000, RBX=0x0000000020530bc0, RCX=0x0000000000000000, RDX=0x0000000000000000
RSP=0x000000001e64e790, RBP=0x0000000000000000, RSI=0x00000000271569d0, RDI=0x0000000027159ed0
R8 =0x0000000000000000, R9 =0x0000000000000000, R10=0x0000000000000000, R11=0x0000000000000000
R12=0x0000000000000000, R13=0x00000000ffffffff, R14=0x0000000027135ce0, R15=0x00000000271569d0
RIP=0x00007ffca298f44c, EFLAGS=0x0000000000000202

Top of Stack: (sp=0x000000001e64e790)
0x000000001e64e790:   0000000000000057 0000000020530bc0
0x000000001e64e7a0:   00000000271569d0 0000000027159ed0
0x000000001e64e7b0:   00000000c000000d 0000000000000000
0x000000001e64e7c0:   00007ffca298f44c 0000000000000000
0x000000001e64e7d0:   0000000000000000 0000000000000000
0x000000001e64e7e0:   0000000000000000 0000000000000000
0x000000001e64e7f0:   0000000000000000 0000000000000000
0x000000001e64e800:   0000000000000000 0000000000000000
0x000000001e64e810:   0000000000000000 0000000000000000
0x000000001e64e820:   0000000000000000 0000000000000000
0x000000001e64e830:   0000000000000000 0000000000000000
0x000000001e64e840:   0000000000000000 00000000011d0cc0
0x000000001e64e850:   00002e78fd3b698c 0000000000000000
0x000000001e64e860:   0000000000000000 00007ffca2951899
0x000000001e64e870:   0000000000000001 00007ffc931ae8db
0x000000001e64e880:   0000000100000003 0000000000000004 

Instructions: (pc=0x00007ffca298f44c)
0x00007ffca298f42c:   d5 fa ff c7 44 24 20 0d 00 00 c0 b9 57 00 00 00
0x00007ffca298f43c:   e8 7f 13 f6 ff 90 48 8d 4c 24 20 e8 04 bf f4 ff
0x00007ffca298f44c:   eb 00 48 8b 8c 24 c0 00 00 00 48 33 cc e8 82 74
0x00007ffca298f45c:   f9 ff 48 81 c4 d8 00 00 00 c3 40 55 48 83 ec 20 


Register to memory mapping:

RAX=0x0000000000000000 is an unknown value
RBX=0x0000000020530bc0 is an unknown value
RCX=0x0000000000000000 is an unknown value
RDX=0x0000000000000000 is an unknown value
RSP=0x000000001e64e790 is an unknown value
RBP=0x0000000000000000 is an unknown value
RSI=0x00000000271569d0 is an unknown value
RDI=0x0000000027159ed0 is an unknown value
R8 =0x0000000000000000 is an unknown value
R9 =0x0000000000000000 is an unknown value
R10=0x0000000000000000 is an unknown value
R11=0x0000000000000000 is an unknown value
R12=0x0000000000000000 is an unknown value
R13=0x00000000ffffffff is an unknown value
R14=0x0000000027135ce0 is an unknown value
R15=0x00000000271569d0 is an unknown value


Stack: [0x000000001e550000,0x000000001e650000],  sp=0x000000001e64e790,  free space=1017k
Native frames: (J=compiled Java code, j=interpreted, Vv=VM code, C=native code)

VM_Operation (0x000000002667cdc0): Exit, mode: safepoint, requested by thread 0x000000001f6ff000


---------------  P R O C E S S  ---------------

Java Threads: ( => current thread )
  0x0000000002cc0800 JavaThread "DestroyJavaVM" [_thread_blocked, id=1800, stack(0x0000000002bc0000,0x0000000002cc0000)]
  0x000000001f6ff000 JavaThread "AWT-EventQueue-0" [_thread_blocked, id=8032, stack(0x0000000026580000,0x0000000026680000)]
  0x000000001f6df000 JavaThread "AWT-Shutdown" [_thread_blocked, id=6032, stack(0x0000000020060000,0x0000000020160000)]
  0x000000001f6de800 JavaThread "Java2D Disposer" daemon [_thread_blocked, id=2024, stack(0x000000001ff60000,0x0000000020060000)]
  0x000000001e81c000 JavaThread "Service Thread" daemon [_thread_blocked, id=8896, stack(0x000000001f340000,0x000000001f440000)]
  0x000000001e78d000 JavaThread "C1 CompilerThread3" daemon [_thread_blocked, id=2312, stack(0x000000001f240000,0x000000001f340000)]
  0x000000001e780800 JavaThread "C2 CompilerThread2" daemon [_thread_blocked, id=6620, stack(0x000000001f140000,0x000000001f240000)]
  0x000000001e779800 JavaThread "C2 CompilerThread1" daemon [_thread_blocked, id=4592, stack(0x000000001f040000,0x000000001f140000)]
  0x000000001e776000 JavaThread "C2 CompilerThread0" daemon [_thread_blocked, id=8152, stack(0x000000001ef40000,0x000000001f040000)]
  0x000000001e774800 JavaThread "Attach Listener" daemon [_thread_blocked, id=8128, stack(0x000000001ee40000,0x000000001ef40000)]
  0x000000001c86e800 JavaThread "Signal Dispatcher" daemon [_thread_blocked, id=8384, stack(0x000000001ed40000,0x000000001ee40000)]
  0x000000001e770800 JavaThread "Finalizer" daemon [_thread_blocked, id=5492, stack(0x000000001eb50000,0x000000001ec50000)]
  0x0000000002db6000 JavaThread "Reference Handler" daemon [_thread_blocked, id=9904, stack(0x000000001e650000,0x000000001e750000)]

Other Threads:
=>0x000000001c859000 VMThread [stack: 0x000000001e550000,0x000000001e650000] [id=6980]

VM state:at safepoint (shutting down)

VM Mutex/Monitor currently owned by a thread:  ([mutex/lock_event])
[0x00000000014cbfb0] Threads_lock - owner thread: 0x000000001c859000

Heap:
 PSYoungGen      total 76288K, used 14908K [0x000000076af80000, 0x0000000770480000, 0x00000007c0000000)
  eden space 65536K, 22% used [0x000000076af80000,0x000000076be0f318,0x000000076ef80000)
  from space 10752K, 0% used [0x000000076fa00000,0x000000076fa00000,0x0000000770480000)
  to   space 10752K, 0% used [0x000000076ef80000,0x000000076ef80000,0x000000076fa00000)
 ParOldGen       total 175104K, used 0K [0x00000006c0e00000, 0x00000006cb900000, 0x000000076af80000)
  object space 175104K, 0% used [0x00000006c0e00000,0x00000006c0e00000,0x00000006cb900000)
 Metaspace       used 8694K, capacity 8862K, committed 9088K, reserved 1056768K
  class space    used 1029K, capacity 1097K, committed 1152K, reserved 1048576K

Card table byte_map: [0x0000000012180000,0x0000000012980000] byte_map_base: 0x000000000eb79000

Marking Bits: (ParMarkBitMap*) 0x0000000050c6a6c0
 Begin Bits: [0x00000000136e0000, 0x00000000176a8000)
 End Bits:   [0x00000000176a8000, 0x000000001b670000)

Polling page: 0x00000000014b0000

CodeCache: size=245760Kb used=2396Kb max_used=2396Kb free=243363Kb
 bounds [0x0000000002dc0000, 0x0000000003030000, 0x0000000011dc0000]
 total_blobs=976 nmethods=528 adapters=361
 compilation: enabled

Compilation events (10 events):
Event: 2.761 Thread 0x000000001e78d000  520       3       java.util.HashMap::afterNodeRemoval (1 bytes)
Event: 2.761 Thread 0x000000001e78d000 nmethod 520 0x0000000002ff4010 code [0x0000000002ff4160, 0x0000000002ff42b0]
Event: 2.761 Thread 0x000000001e78d000  526       3       java.awt.Container::eventEnabled (49 bytes)
Event: 2.761 Thread 0x000000001e78d000 nmethod 526 0x0000000003015e10 code [0x0000000003015f80, 0x00000000030163c8]
Event: 2.761 Thread 0x000000001e78d000  522   !   3       sun.awt.AWTAutoShutdown::notifyThreadFree (74 bytes)
Event: 2.761 Thread 0x000000001e78d000 nmethod 522 0x00000000030164d0 code [0x0000000003016680, 0x0000000003016d88]
Event: 2.811 Thread 0x000000001e78d000  527       3       java.lang.reflect.Field::setBoolean (52 bytes)
Event: 2.812 Thread 0x000000001e78d000 nmethod 527 0x00000000030170d0 code [0x00000000030172a0, 0x00000000030178e8]
Event: 4.486 Thread 0x000000001e78d000  528       3       java.util.Arrays::copyOf (46 bytes)
Event: 4.486 Thread 0x000000001e78d000 nmethod 528 0x0000000003017b10 code [0x0000000003017cc0, 0x0000000003018368]

GC Heap History (0 events):
No events

Deoptimization events (2 events):
Event: 0.195 Thread 0x0000000002cc0800 Uncommon trap: reason=null_check action=make_not_entrant pc=0x0000000002f34bc4 method=java.lang.String.equals(Ljava/lang/Object;)Z @ 8
Event: 0.699 Thread 0x0000000002cc0800 Uncommon trap: reason=unstable_if action=reinterpret pc=0x0000000002f7c490 method=PicRecoginition.isColor(I)Z @ 31

Internal exceptions (10 events):
Event: 0.074 Thread 0x0000000002cc0800 Exception <a 'java/security/PrivilegedActionException'> (0x000000076b003908) thrown at [C:\re\workspace\8-2-build-windows-amd64-cygwin\jdk8u111\7883\hotspot\src\share\vm\prims\jvm.cpp, line 1386]
Event: 0.074 Thread 0x0000000002cc0800 Exception <a 'java/security/PrivilegedActionException'> (0x000000076b003b18) thrown at [C:\re\workspace\8-2-build-windows-amd64-cygwin\jdk8u111\7883\hotspot\src\share\vm\prims\jvm.cpp, line 1386]
Event: 0.075 Thread 0x0000000002cc0800 Exception <a 'java/security/PrivilegedActionException'> (0x000000076b007760) thrown at [C:\re\workspace\8-2-build-windows-amd64-cygwin\jdk8u111\7883\hotspot\src\share\vm\prims\jvm.cpp, line 1386]
Event: 0.075 Thread 0x0000000002cc0800 Exception <a 'java/security/PrivilegedActionException'> (0x000000076b007970) thrown at [C:\re\workspace\8-2-build-windows-amd64-cygwin\jdk8u111\7883\hotspot\src\share\vm\prims\jvm.cpp, line 1386]
Event: 0.078 Thread 0x0000000002cc0800 Exception <a 'java/io/FileNotFoundException'> (0x000000076b009e88) thrown at [C:\re\workspace\8-2-build-windows-amd64-cygwin\jdk8u111\7883\hotspot\src\share\vm\prims\jni.cpp, line 709]
Event: 0.111 Thread 0x0000000002cc0800 Exception <a 'java/lang/NoSuchFieldError': method resolution failed> (0x000000076b21ed28) thrown at [C:\re\workspace\8-2-build-windows-amd64-cygwin\jdk8u111\7883\hotspot\src\share\vm\prims\methodHandles.cpp, line 1146]
Event: 0.113 Thread 0x0000000002cc0800 Exception <a 'java/lang/NoSuchFieldError': method resolution failed> (0x000000076b22c0f8) thrown at [C:\re\workspace\8-2-build-windows-amd64-cygwin\jdk8u111\7883\hotspot\src\share\vm\prims\methodHandles.cpp, line 1146]
Event: 0.152 Thread 0x0000000002cc0800 Exception <a 'java/io/FileNotFoundException'> (0x000000076b2bfca0) thrown at [C:\re\workspace\8-2-build-windows-amd64-cygwin\jdk8u111\7883\hotspot\src\share\vm\prims\jni.cpp, line 709]
Event: 0.195 Thread 0x0000000002cc0800 Implicit null exception at 0x0000000002f349dc to 0x0000000002f34bb5
Event: 0.700 Thread 0x0000000002cc0800 Exception <a 'java/lang/ArrayIndexOutOfBoundsException': 0> (0x000000076baa95b0) thrown at [C:\re\workspace\8-2-build-windows-amd64-cygwin\jdk8u111\7883\hotspot\src\share\vm\interpreter\interpreterRuntime.cpp, line 366]

Events (10 events):
Event: 4.101 Executing VM operation: EnableBiasedLocking done
Event: 4.486 Thread 0x000000001f8d9800 Thread added: 0x000000001f8d9800
Event: 4.486 Thread 0x000000001f8dc000 Thread added: 0x000000001f8dc000
Event: 4.486 Thread 0x000000001f8d9800 Thread exited: 0x000000001f8d9800
Event: 4.486 Thread 0x000000001f70b800 Thread exited: 0x000000001f70b800
Event: 4.486 loading class sun/java2d/pipe/hw/AccelDeviceEventNotifier
Event: 4.486 loading class sun/java2d/pipe/hw/AccelDeviceEventNotifier done
Event: 4.499 Thread 0x000000001f682800 Thread exited: 0x000000001f682800
Event: 4.587 Thread 0x000000001f8dc000 Thread exited: 0x000000001f8dc000
Event: 4.587 Executing VM operation: Exit


Dynamic libraries:
0x00007ff7c4770000 - 0x00007ff7c47a7000 	C:\Program Files\Java\jre1.8.0_111\bin\javaw.exe
0x00007ffca2890000 - 0x00007ffca2a61000 	C:\Windows\SYSTEM32\ntdll.dll
0x00007ffc9eb70000 - 0x00007ffc9ec1b000 	C:\Windows\System32\KERNEL32.DLL
0x00007ffc8b2d0000 - 0x00007ffc8b324000 	C:\Program Files (x86)\AVG\Av\avghooka.dll
0x00007ffc9de40000 - 0x00007ffc9e05d000 	C:\Windows\System32\KERNELBASE.dll
0x00007ffc9f880000 - 0x00007ffc9f922000 	C:\Windows\System32\ADVAPI32.dll
0x00007ffc9f340000 - 0x00007ffc9f3de000 	C:\Windows\System32\msvcrt.dll
0x00007ffc9eb10000 - 0x00007ffc9eb69000 	C:\Windows\System32\sechost.dll
0x00007ffc9f750000 - 0x00007ffc9f871000 	C:\Windows\System32\RPCRT4.dll
0x00007ffc9f5e0000 - 0x00007ffc9f745000 	C:\Windows\System32\USER32.dll
0x00007ffc9dc90000 - 0x00007ffc9dcae000 	C:\Windows\System32\win32u.dll
0x00007ffc9ec20000 - 0x00007ffc9ec54000 	C:\Windows\System32\GDI32.dll
0x00007ffc9dcb0000 - 0x00007ffc9de32000 	C:\Windows\System32\gdi32full.dll
0x00007ffc945d0000 - 0x00007ffc94849000 	C:\Windows\WinSxS\amd64_microsoft.windows.common-controls_6595b64144ccf1df_6.0.14393.447_none_42191651c6827bb3\COMCTL32.dll
0x00007ffca0f20000 - 0x00007ffca11e8000 	C:\Windows\System32\combase.dll
0x00007ffc9db20000 - 0x00007ffc9dc15000 	C:\Windows\System32\ucrtbase.dll
0x00007ffc9dc20000 - 0x00007ffc9dc8a000 	C:\Windows\System32\bcryptPrimitives.dll
0x00007ffca1550000 - 0x00007ffca157e000 	C:\Windows\System32\IMM32.DLL
0x0000000050370000 - 0x0000000050442000 	C:\Program Files\Java\jre1.8.0_111\bin\msvcr100.dll
0x0000000050450000 - 0x0000000050cea000 	C:\Program Files\Java\jre1.8.0_111\bin\server\jvm.dll
0x00007ffca1520000 - 0x00007ffca1528000 	C:\Windows\System32\PSAPI.DLL
0x00007ffc8f1c0000 - 0x00007ffc8f1c9000 	C:\Windows\SYSTEM32\WSOCK32.dll
0x00007ffca0eb0000 - 0x00007ffca0f1a000 	C:\Windows\System32\WS2_32.dll
0x00007ffc9be00000 - 0x00007ffc9be23000 	C:\Windows\SYSTEM32\WINMM.dll
0x00007ffc99430000 - 0x00007ffc9943a000 	C:\Windows\SYSTEM32\VERSION.dll
0x00007ffc9bda0000 - 0x00007ffc9bdcb000 	C:\Windows\SYSTEM32\WINMMBASE.dll
0x00007ffc9e970000 - 0x00007ffc9e9b2000 	C:\Windows\System32\cfgmgr32.dll
0x0000000050f90000 - 0x0000000050f9f000 	C:\Program Files\Java\jre1.8.0_111\bin\verify.dll
0x0000000050f60000 - 0x0000000050f89000 	C:\Program Files\Java\jre1.8.0_111\bin\java.dll
0x0000000050f40000 - 0x0000000050f56000 	C:\Program Files\Java\jre1.8.0_111\bin\zip.dll
0x00007ffc9f990000 - 0x00007ffca0e99000 	C:\Windows\System32\SHELL32.dll
0x00007ffc9e0c0000 - 0x00007ffc9e79a000 	C:\Windows\System32\windows.storage.dll
0x00007ffc9da10000 - 0x00007ffc9da5c000 	C:\Windows\System32\powrprof.dll
0x00007ffca11f0000 - 0x00007ffca1242000 	C:\Windows\System32\shlwapi.dll
0x00007ffc9da00000 - 0x00007ffc9da0f000 	C:\Windows\System32\kernel.appcore.dll
0x00007ffc9ea60000 - 0x00007ffc9eb09000 	C:\Windows\System32\shcore.dll
0x00007ffc9d9e0000 - 0x00007ffc9d9f4000 	C:\Windows\System32\profapi.dll
0x00007ffc6de60000 - 0x00007ffc6fd57000 	C:\Users\curti\OneDrive\Programming\opencv\build\java\x64\opencv_java320.dll
0x00007ffc9f190000 - 0x00007ffc9f2c7000 	C:\Windows\System32\ole32.dll
0x00007ffca12c0000 - 0x00007ffca137f000 	C:\Windows\System32\OLEAUT32.dll
0x00007ffc9e9c0000 - 0x00007ffc9ea5c000 	C:\Windows\System32\msvcp_win.dll
0x00007ffc939b0000 - 0x00007ffc939d9000 	C:\Windows\SYSTEM32\MSVFW32.dll
0x00007ffc96610000 - 0x00007ffc96630000 	C:\Windows\SYSTEM32\AVIFIL32.dll
0x00007ffc939f0000 - 0x00007ffc93a08000 	C:\Windows\SYSTEM32\AVICAP32.dll
0x00007ffc9a6a0000 - 0x00007ffc9a6bc000 	C:\Windows\SYSTEM32\MSACM32.dll
0x00000000501d0000 - 0x0000000050368000 	C:\Program Files\Java\jre1.8.0_111\bin\awt.dll
0x00007ffc9b6f0000 - 0x00007ffc9b76a000 	C:\Windows\SYSTEM32\apphelp.dll
0x00007ffc9b770000 - 0x00007ffc9b796000 	C:\Windows\system32\DWMAPI.DLL
0x00007ffc9c130000 - 0x00007ffc9c1c5000 	C:\Windows\system32\uxtheme.dll
0x00007ffc9f3e0000 - 0x00007ffc9f53b000 	C:\Windows\System32\MSCTF.dll
0x0000000050180000 - 0x00000000501c7000 	C:\Program Files\Java\jre1.8.0_111\bin\fontmanager.dll
0x00007ffc9f540000 - 0x00007ffc9f5df000 	C:\Windows\System32\clbcatq.dll
0x00007ffc96550000 - 0x00007ffc96568000 	C:\Windows\System32\devenum.dll
0x00007ffc9ec60000 - 0x00007ffc9f089000 	C:\Windows\System32\setupapi.dll
0x00007ffc9cd90000 - 0x00007ffc9cdc2000 	C:\Windows\SYSTEM32\ntmarta.dll
0x00007ffc9c5c0000 - 0x00007ffc9c5e8000 	C:\Windows\SYSTEM32\DEVOBJ.dll
0x00007ffc9e060000 - 0x00007ffc9e0b5000 	C:\Windows\System32\WINTRUST.dll
0x00007ffc9da60000 - 0x00007ffc9da70000 	C:\Windows\System32\MSASN1.dll
0x00007ffc9e7a0000 - 0x00007ffc9e969000 	C:\Windows\System32\CRYPT32.dll
0x00007ffc964a0000 - 0x00007ffc964aa000 	C:\Windows\SYSTEM32\msdmo.dll
0x00007ffc8b070000 - 0x00007ffc8b0a3000 	C:\Windows\System32\qcap.dll
0x00007ffc86f40000 - 0x00007ffc87103000 	C:\Windows\System32\quartz.dll
0x00007ffc9d920000 - 0x00007ffc9d94b000 	C:\Windows\System32\bcrypt.dll
0x00007ffc8b020000 - 0x00007ffc8b068000 	C:\Windows\System32\mfksproxy.dll
0x00007ffc88320000 - 0x00007ffc8833c000 	C:\Windows\System32\ATL.DLL
0x00007ffc89650000 - 0x00007ffc8969e000 	C:\Windows\System32\MFSENSORGROUP.dll
0x00007ffc9b560000 - 0x00007ffc9b6c8000 	C:\Windows\System32\MFPlat.DLL
0x00007ffc9b1e0000 - 0x00007ffc9b20e000 	C:\Windows\System32\RTWorkQ.DLL
0x00007ffc79a00000 - 0x00007ffc79deb000 	C:\Windows\System32\MFCORE.dll
0x00007ffc96910000 - 0x00007ffc96919000 	C:\Windows\System32\ksuser.dll
0x00007ffc9d4b0000 - 0x00007ffc9d4bb000 	C:\Windows\System32\CRYPTBASE.DLL
0x00007ffc86800000 - 0x00007ffc86853000 	C:\Windows\System32\FSClient.dll
0x00007ffc9ac70000 - 0x00007ffc9ac7b000 	C:\Windows\System32\AVRT.dll
0x00007ffc939e0000 - 0x00007ffc939ed000 	C:\Windows\System32\vidcap.ax
0x00007ffc89a70000 - 0x00007ffc89a95000 	C:\Windows\System32\kswdmcap.ax
0x00007ffc7fa90000 - 0x00007ffc7fbf3000 	C:\Windows\System32\MFC42.dll
0x00007ffc84500000 - 0x00007ffc845af000 	C:\Windows\System32\ODBC32.dll
0x00007ffc9cf60000 - 0x00007ffc9cf6a000 	C:\Windows\System32\DPAPI.dll
0x00007ffc930c0000 - 0x00007ffc93103000 	C:\Windows\SYSTEM32\policymanager.dll
0x00007ffc9c3a0000 - 0x00007ffc9c431000 	C:\Windows\System32\msvcp110_win.dll
0x00007ffc93190000 - 0x00007ffc93264000 	C:\Windows\System32\MFReadWrite.dll
0x00007ffc85ba0000 - 0x00007ffc85c43000 	C:\Windows\System32\qedit.dll
0x00007ffc9f090000 - 0x00007ffc9f18a000 	C:\Windows\System32\COMDLG32.dll
0x00007ffc95e50000 - 0x00007ffc95fea000 	C:\Windows\WinSxS\amd64_microsoft.windows.gdiplus_6595b64144ccf1df_1.1.14393.321_none_72fe05dd211a5fae\gdiplus.dll
0x00007ffc853e0000 - 0x00007ffc854d7000 	C:\Windows\System32\DDRAW.dll
0x00007ffc96960000 - 0x00007ffc96968000 	C:\Windows\System32\DCIMAN32.dll
0x00007ffc965e0000 - 0x00007ffc965ec000 	C:\Windows\SYSTEM32\msyuv.dll
0x00007ffc96d60000 - 0x00007ffc96ef2000 	C:\Windows\SYSTEM32\dbghelp.dll

VM Arguments:
jvm_args: -Dfile.encoding=Cp1252 
java_command: OverCoat
java_class_path (initial): C:\Users\curti\OneDrive\Programming\HoundDog\bin;C:\Users\curti\OneDrive\Programming\opencv\build\java\opencv-320.jar
Launcher Type: SUN_STANDARD

Environment Variables:
PATH=C:/Program Files/Java/jre1.8.0_111/bin/server;C:/Program Files/Java/jre1.8.0_111/bin;C:/Program Files/Java/jre1.8.0_111/lib/amd64;C:\ProgramData\Oracle\Java\javapath;C:\Windows\system32;C:\Windows;C:\Windows\System32\Wbem;C:\Windows\System32\WindowsPowerShell\v1.0\;C:\Users\curti\AppData\Local\Microsoft\WindowsApps;;C:\Users\curti\Desktop\desktop stuff;
USERNAME=curti
OS=Windows_NT
PROCESSOR_IDENTIFIER=Intel64 Family 6 Model 60 Stepping 3, GenuineIntel



---------------  S Y S T E M  ---------------

OS: Windows 10.0 , 64 bit Build 14393 (10.0.14393.0)

CPU:total 8 (4 cores per cpu, 2 threads per core) family 6 model 60 stepping 3, cmov, cx8, fxsr, mmx, sse, sse2, sse3, ssse3, sse4.1, sse4.2, popcnt, avx, avx2, aes, clmul, erms, lzcnt, ht, tsc, tscinvbit, bmi1, bmi2

Memory: 4k page, physical 16713384k(12888708k free), swap 19203752k(14248688k free)

vm_info: Java HotSpot(TM) 64-Bit Server VM (25.111-b14) for windows-amd64 JRE (1.8.0_111-b14), built on Sep 22 2016 19:24:05 by "java_re" with MS VC++ 10.0 (VS2010)

time: Mon Jan 16 14:00:41 2017
elapsed time: 4 seconds (0d 0h 0m 4s)

