#
# A fatal error has been detected by the Java Runtime Environment:
#
#  Internal Error (0xc000000d), pid=10596, tid=0x00000000000029b0
#
# JRE version: Java(TM) SE Runtime Environment (8.0_111-b14) (build 1.8.0_111-b14)
# Java VM: Java HotSpot(TM) 64-Bit Server VM (25.111-b14 mixed mode windows-amd64 compressed oops)
# Problematic frame:
# C  [ntdll.dll+0xff44c]
#
# Failed to write core dump. Minidumps are not enabled by default on client versions of Windows
#
# If you would like to submit a bug report, please visit:
#   http://bugreport.java.com/bugreport/crash.jsp
#

---------------  T H R E A D  ---------------

Current thread (0x000000001b6d7800):  VMThread [stack: 0x000000001c780000,0x000000001c880000] [id=10672]

siginfo: ExceptionCode=0xc000000d

Registers:
RAX=0x000000006fed4103, RBX=0x0000000020e32790, RCX=0xfffffff90000004f, RDX=0x0000000000000007
RSP=0x000000001c87ec30, RBP=0x0000000000000000, RSI=0x000000002038c300, RDI=0x0000000020358f50
R8 =0x0000000000000000, R9 =0x000000006f7a37e0, R10=0x0000000001e71f10, R11=0x000000000200d0d0
R12=0x0000000000000000, R13=0x00000000ffffffff, R14=0x000000002037cef0, R15=0x000000002038c300
RIP=0x00007ffd9554f44c, EFLAGS=0x0000000000000202

Top of Stack: (sp=0x000000001c87ec30)
0x000000001c87ec30:   0000000000000057 0000000020e32790
0x000000001c87ec40:   000000002038c300 0000000020358f50
0x000000001c87ec50:   00000000c000000d 0000000000000000
0x000000001c87ec60:   00007ffd9554f44c 0000000000000000
0x000000001c87ec70:   0000000000000000 0000000000000000
0x000000001c87ec80:   0000000000000000 0000000000000000
0x000000001c87ec90:   0000000000000000 0000000000000000
0x000000001c87eca0:   0000000000000000 0000000000000000
0x000000001c87ecb0:   0000000000000000 0000000000000000
0x000000001c87ecc0:   0000000000000000 0000000000000000
0x000000001c87ecd0:   0000000000000000 0000000000000000
0x000000001c87ece0:   0000000000000000 0000000000000003
0x000000001c87ecf0:   0000efbb8d7f0e68 0000000000000000
0x000000001c87ed00:   00007ffd954bec90 00007ffd95511899
0x000000001c87ed10:   0000000000000001 00007ffd5f60e8db
0x000000001c87ed20:   0000000000000003 0000000000490000 

Instructions: (pc=0x00007ffd9554f44c)
0x00007ffd9554f42c:   d5 fa ff c7 44 24 20 0d 00 00 c0 b9 57 00 00 00
0x00007ffd9554f43c:   e8 7f 13 f6 ff 90 48 8d 4c 24 20 e8 04 bf f4 ff
0x00007ffd9554f44c:   eb 00 48 8b 8c 24 c0 00 00 00 48 33 cc e8 82 74
0x00007ffd9554f45c:   f9 ff 48 81 c4 d8 00 00 00 c3 40 55 48 83 ec 20 


Register to memory mapping:

RAX=0x000000006fed4103 is an unknown value
RBX=0x0000000020e32790 is an unknown value
RCX=0xfffffff90000004f is an unknown value
RDX=0x0000000000000007 is an unknown value
RSP=0x000000001c87ec30 is an unknown value
RBP=0x0000000000000000 is an unknown value
RSI=0x000000002038c300 is an unknown value
RDI=0x0000000020358f50 is an unknown value
R8 =0x0000000000000000 is an unknown value
R9 =0x000000006f7a37e0 is an unknown value
R10=0x0000000001e71f10 is an unknown value
R11=0x000000000200d0d0 is an unknown value
R12=0x0000000000000000 is an unknown value
R13=0x00000000ffffffff is an unknown value
R14=0x000000002037cef0 is an unknown value
R15=0x000000002038c300 is an unknown value


Stack: [0x000000001c780000,0x000000001c880000],  sp=0x000000001c87ec30,  free space=1019k
Native frames: (J=compiled Java code, j=interpreted, Vv=VM code, C=native code)

VM_Operation (0x000000001f70ceb0): Exit, mode: safepoint, requested by thread 0x000000001d45f000


---------------  P R O C E S S  ---------------

Java Threads: ( => current thread )
  0x000000001d45f000 JavaThread "AWT-EventQueue-0" [_thread_blocked, id=10776, stack(0x000000001f610000,0x000000001f710000)]
  0x000000001d43a000 JavaThread "AWT-Shutdown" [_thread_blocked, id=10772, stack(0x000000001dc40000,0x000000001dd40000)]
  0x000000001d439800 JavaThread "Java2D Disposer" daemon [_thread_blocked, id=10768, stack(0x000000001db40000,0x000000001dc40000)]
  0x000000001d0a1800 JavaThread "Service Thread" daemon [_thread_blocked, id=10728, stack(0x000000001d470000,0x000000001d570000)]
  0x000000001b716000 JavaThread "C1 CompilerThread2" daemon [_thread_blocked, id=10248, stack(0x000000001cf70000,0x000000001d070000)]
  0x000000001b712800 JavaThread "C2 CompilerThread1" daemon [_thread_blocked, id=10716, stack(0x000000001ce70000,0x000000001cf70000)]
  0x000000001b70d000 JavaThread "C2 CompilerThread0" daemon [_thread_blocked, id=10736, stack(0x000000001cd70000,0x000000001ce70000)]
  0x000000001b70b800 JavaThread "Attach Listener" daemon [_thread_blocked, id=10732, stack(0x000000001cc70000,0x000000001cd70000)]
  0x000000001b70a800 JavaThread "Signal Dispatcher" daemon [_thread_blocked, id=10704, stack(0x000000001cb70000,0x000000001cc70000)]
  0x000000001b6fa800 JavaThread "Finalizer" daemon [_thread_blocked, id=10700, stack(0x000000001c980000,0x000000001ca80000)]
  0x00000000020df000 JavaThread "Reference Handler" daemon [_thread_blocked, id=10696, stack(0x000000001c880000,0x000000001c980000)]
  0x0000000001ff0800 JavaThread "main" [_thread_blocked, id=10664, stack(0x0000000001ef0000,0x0000000001ff0000)]

Other Threads:
=>0x000000001b6d7800 VMThread [stack: 0x000000001c780000,0x000000001c880000] [id=10672]

VM state:at safepoint (shutting down)

VM Mutex/Monitor currently owned by a thread:  ([mutex/lock_event])
[0x0000000001e7bc10] Threads_lock - owner thread: 0x000000001b6d7800

Heap:
 PSYoungGen      total 32256K, used 4486K [0x000000076b100000, 0x0000000781d00000, 0x00000007c0000000)
  eden space 31744K, 13% used [0x000000076b100000,0x000000076b551820,0x000000076d000000)
  from space 512K, 12% used [0x0000000781c00000,0x0000000781c10000,0x0000000781c80000)
  to   space 512K, 0% used [0x0000000781c80000,0x0000000781c80000,0x0000000781d00000)
 ParOldGen       total 175104K, used 37809K [0x00000006c1200000, 0x00000006cbd00000, 0x000000076b100000)
  object space 175104K, 21% used [0x00000006c1200000,0x00000006c36ec658,0x00000006cbd00000)
 Metaspace       used 8432K, capacity 8564K, committed 8832K, reserved 1056768K
  class space    used 1002K, capacity 1064K, committed 1152K, reserved 1048576K

Card table byte_map: [0x00000000114b0000,0x0000000011cb0000] byte_map_base: 0x000000000dea7000

Marking Bits: (ParMarkBitMap*) 0x00000000700ba6c0
 Begin Bits: [0x0000000012600000, 0x00000000165b8000)
 End Bits:   [0x00000000165b8000, 0x000000001a570000)

Polling page: 0x0000000000460000

CodeCache: size=245760Kb used=1972Kb max_used=1972Kb free=243787Kb
 bounds [0x00000000020f0000, 0x0000000002360000, 0x00000000110f0000]
 total_blobs=818 nmethods=384 adapters=347
 compilation: enabled

Compilation events (10 events):
Event: 29.534 Thread 0x000000001b716000  380       3       java.util.concurrent.locks.AbstractQueuedSynchronizer::compareAndSetState (13 bytes)
Event: 29.534 Thread 0x000000001b716000 nmethod 380 0x00000000022d94d0 code [0x00000000022d9620, 0x00000000022d9790]
Event: 29.534 Thread 0x000000001b716000  381       3       java.util.concurrent.locks.AbstractQueuedSynchronizer::release (33 bytes)
Event: 29.534 Thread 0x000000001b716000 nmethod 381 0x00000000022d9810 code [0x00000000022d9980, 0x00000000022d9c98]
Event: 29.541 Thread 0x000000001b716000  382       3       java.security.AccessControlContext::optimize (318 bytes)
Event: 29.543 Thread 0x000000001b716000 nmethod 382 0x00000000022d9d90 code [0x00000000022da0e0, 0x00000000022dbc98]
Event: 29.549 Thread 0x000000001b716000  383       3       java.util.concurrent.locks.ReentrantLock::lock (8 bytes)
Event: 29.549 Thread 0x000000001b716000 nmethod 383 0x00000000022dcb50 code [0x00000000022dccc0, 0x00000000022dcee8]
Event: 29.549 Thread 0x000000001b716000  384       3       java.util.concurrent.locks.ReentrantLock$NonfairSync::lock (25 bytes)
Event: 29.549 Thread 0x000000001b716000 nmethod 384 0x00000000022dcf90 code [0x00000000022dd160, 0x00000000022dd9b8]

GC Heap History (10 events):
Event: 30.284 GC heap before
{Heap before GC invocations=113 (full 0):
 PSYoungGen      total 34816K, used 34592K [0x000000076b100000, 0x0000000781d00000, 0x00000007c0000000)
  eden space 34304K, 100% used [0x000000076b100000,0x000000076d280000,0x000000076d280000)
  from space 512K, 56% used [0x0000000781c80000,0x0000000781cc8000,0x0000000781d00000)
  to   space 512K, 0% used [0x0000000781c00000,0x0000000781c00000,0x0000000781c80000)
 ParOldGen       total 175104K, used 37785K [0x00000006c1200000, 0x00000006cbd00000, 0x000000076b100000)
  object space 175104K, 21% used [0x00000006c1200000,0x00000006c36e6658,0x00000006cbd00000)
 Metaspace       used 8431K, capacity 8564K, committed 8832K, reserved 1056768K
  class space    used 1002K, capacity 1064K, committed 1152K, reserved 1048576K
Event: 30.285 GC heap after
Heap after GC invocations=113 (full 0):
 PSYoungGen      total 34304K, used 96K [0x000000076b100000, 0x0000000781d00000, 0x00000007c0000000)
  eden space 33792K, 0% used [0x000000076b100000,0x000000076b100000,0x000000076d200000)
  from space 512K, 18% used [0x0000000781c00000,0x0000000781c18000,0x0000000781c80000)
  to   space 512K, 0% used [0x0000000781c80000,0x0000000781c80000,0x0000000781d00000)
 ParOldGen       total 175104K, used 37785K [0x00000006c1200000, 0x00000006cbd00000, 0x000000076b100000)
  object space 175104K, 21% used [0x00000006c1200000,0x00000006c36e6658,0x00000006cbd00000)
 Metaspace       used 8431K, capacity 8564K, committed 8832K, reserved 1056768K
  class space    used 1002K, capacity 1064K, committed 1152K, reserved 1048576K
}
Event: 30.345 GC heap before
{Heap before GC invocations=114 (full 0):
 PSYoungGen      total 34304K, used 33888K [0x000000076b100000, 0x0000000781d00000, 0x00000007c0000000)
  eden space 33792K, 100% used [0x000000076b100000,0x000000076d200000,0x000000076d200000)
  from space 512K, 18% used [0x0000000781c00000,0x0000000781c18000,0x0000000781c80000)
  to   space 512K, 0% used [0x0000000781c80000,0x0000000781c80000,0x0000000781d00000)
 ParOldGen       total 175104K, used 37785K [0x00000006c1200000, 0x00000006cbd00000, 0x000000076b100000)
  object space 175104K, 21% used [0x00000006c1200000,0x00000006c36e6658,0x00000006cbd00000)
 Metaspace       used 8431K, capacity 8564K, committed 8832K, reserved 1056768K
  class space    used 1002K, capacity 1064K, committed 1152K, reserved 1048576K
Event: 30.345 GC heap after
Heap after GC invocations=114 (full 0):
 PSYoungGen      total 33792K, used 160K [0x000000076b100000, 0x0000000781d00000, 0x00000007c0000000)
  eden space 33280K, 0% used [0x000000076b100000,0x000000076b100000,0x000000076d180000)
  from space 512K, 31% used [0x0000000781c80000,0x0000000781ca8000,0x0000000781d00000)
  to   space 512K, 0% used [0x0000000781c00000,0x0000000781c00000,0x0000000781c80000)
 ParOldGen       total 175104K, used 37785K [0x00000006c1200000, 0x00000006cbd00000, 0x000000076b100000)
  object space 175104K, 21% used [0x00000006c1200000,0x00000006c36e6658,0x00000006cbd00000)
 Metaspace       used 8431K, capacity 8564K, committed 8832K, reserved 1056768K
  class space    used 1002K, capacity 1064K, committed 1152K, reserved 1048576K
}
Event: 30.405 GC heap before
{Heap before GC invocations=115 (full 0):
 PSYoungGen      total 33792K, used 33440K [0x000000076b100000, 0x0000000781d00000, 0x00000007c0000000)
  eden space 33280K, 100% used [0x000000076b100000,0x000000076d180000,0x000000076d180000)
  from space 512K, 31% used [0x0000000781c80000,0x0000000781ca8000,0x0000000781d00000)
  to   space 512K, 0% used [0x0000000781c00000,0x0000000781c00000,0x0000000781c80000)
 ParOldGen       total 175104K, used 37785K [0x00000006c1200000, 0x00000006cbd00000, 0x000000076b100000)
  object space 175104K, 21% used [0x00000006c1200000,0x00000006c36e6658,0x00000006cbd00000)
 Metaspace       used 8431K, capacity 8564K, committed 8832K, reserved 1056768K
  class space    used 1002K, capacity 1064K, committed 1152K, reserved 1048576K
Event: 30.405 GC heap after
Heap after GC invocations=115 (full 0):
 PSYoungGen      total 33280K, used 160K [0x000000076b100000, 0x0000000781d00000, 0x00000007c0000000)
  eden space 32768K, 0% used [0x000000076b100000,0x000000076b100000,0x000000076d100000)
  from space 512K, 31% used [0x0000000781c00000,0x0000000781c28000,0x0000000781c80000)
  to   space 512K, 0% used [0x0000000781c80000,0x0000000781c80000,0x0000000781d00000)
 ParOldGen       total 175104K, used 37785K [0x00000006c1200000, 0x00000006cbd00000, 0x000000076b100000)
  object space 175104K, 21% used [0x00000006c1200000,0x00000006c36e6658,0x00000006cbd00000)
 Metaspace       used 8431K, capacity 8564K, committed 8832K, reserved 1056768K
  class space    used 1002K, capacity 1064K, committed 1152K, reserved 1048576K
}
Event: 30.478 GC heap before
{Heap before GC invocations=116 (full 0):
 PSYoungGen      total 33280K, used 32928K [0x000000076b100000, 0x0000000781d00000, 0x00000007c0000000)
  eden space 32768K, 100% used [0x000000076b100000,0x000000076d100000,0x000000076d100000)
  from space 512K, 31% used [0x0000000781c00000,0x0000000781c28000,0x0000000781c80000)
  to   space 512K, 0% used [0x0000000781c80000,0x0000000781c80000,0x0000000781d00000)
 ParOldGen       total 175104K, used 37785K [0x00000006c1200000, 0x00000006cbd00000, 0x000000076b100000)
  object space 175104K, 21% used [0x00000006c1200000,0x00000006c36e6658,0x00000006cbd00000)
 Metaspace       used 8432K, capacity 8564K, committed 8832K, reserved 1056768K
  class space    used 1002K, capacity 1064K, committed 1152K, reserved 1048576K
Event: 30.479 GC heap after
Heap after GC invocations=116 (full 0):
 PSYoungGen      total 32768K, used 96K [0x000000076b100000, 0x0000000781d00000, 0x00000007c0000000)
  eden space 32256K, 0% used [0x000000076b100000,0x000000076b100000,0x000000076d080000)
  from space 512K, 18% used [0x0000000781c80000,0x0000000781c98000,0x0000000781d00000)
  to   space 512K, 0% used [0x0000000781c00000,0x0000000781c00000,0x0000000781c80000)
 ParOldGen       total 175104K, used 37785K [0x00000006c1200000, 0x00000006cbd00000, 0x000000076b100000)
  object space 175104K, 21% used [0x00000006c1200000,0x00000006c36e6658,0x00000006cbd00000)
 Metaspace       used 8432K, capacity 8564K, committed 8832K, reserved 1056768K
  class space    used 1002K, capacity 1064K, committed 1152K, reserved 1048576K
}
Event: 30.543 GC heap before
{Heap before GC invocations=117 (full 0):
 PSYoungGen      total 32768K, used 32352K [0x000000076b100000, 0x0000000781d00000, 0x00000007c0000000)
  eden space 32256K, 100% used [0x000000076b100000,0x000000076d080000,0x000000076d080000)
  from space 512K, 18% used [0x0000000781c80000,0x0000000781c98000,0x0000000781d00000)
  to   space 512K, 0% used [0x0000000781c00000,0x0000000781c00000,0x0000000781c80000)
 ParOldGen       total 175104K, used 37785K [0x00000006c1200000, 0x00000006cbd00000, 0x000000076b100000)
  object space 175104K, 21% used [0x00000006c1200000,0x00000006c36e6658,0x00000006cbd00000)
 Metaspace       used 8432K, capacity 8564K, committed 8832K, reserved 1056768K
  class space    used 1002K, capacity 1064K, committed 1152K, reserved 1048576K
Event: 30.543 GC heap after
Heap after GC invocations=117 (full 0):
 PSYoungGen      total 32256K, used 64K [0x000000076b100000, 0x0000000781d00000, 0x00000007c0000000)
  eden space 31744K, 0% used [0x000000076b100000,0x000000076b100000,0x000000076d000000)
  from space 512K, 12% used [0x0000000781c00000,0x0000000781c10000,0x0000000781c80000)
  to   space 512K, 0% used [0x0000000781c80000,0x0000000781c80000,0x0000000781d00000)
 ParOldGen       total 175104K, used 37809K [0x00000006c1200000, 0x00000006cbd00000, 0x000000076b100000)
  object space 175104K, 21% used [0x00000006c1200000,0x00000006c36ec658,0x00000006cbd00000)
 Metaspace       used 8432K, capacity 8564K, committed 8832K, reserved 1056768K
  class space    used 1002K, capacity 1064K, committed 1152K, reserved 1048576K
}

Deoptimization events (7 events):
Event: 0.197 Thread 0x0000000001ff0800 Uncommon trap: reason=null_check action=make_not_entrant pc=0x00000000022625c4 method=java.lang.String.equals(Ljava/lang/Object;)Z @ 8
Event: 0.680 Thread 0x0000000001ff0800 Uncommon trap: reason=unstable_if action=reinterpret pc=0x00000000022a08e8 method=PicRecoginition.isColor(I)Z @ 88
Event: 0.869 Thread 0x0000000001ff0800 Uncommon trap: reason=unstable_if action=reinterpret pc=0x00000000022be170 method=PicRecoginition.percentMask([[IIILjava/awt/image/BufferedImage;)I @ 11
Event: 0.876 Thread 0x0000000001ff0800 Uncommon trap: reason=unstable_if action=reinterpret pc=0x00000000022a8d54 method=PicRecoginition.winCheck(III)V @ 7
Event: 0.885 Thread 0x0000000001ff0800 Uncommon trap: reason=unstable_if action=reinterpret pc=0x00000000022a20f0 method=PicRecoginition.percentMask([[IIILjava/awt/image/BufferedImage;)I @ 11
Event: 0.933 Thread 0x0000000001ff0800 Uncommon trap: reason=unstable_if action=reinterpret pc=0x000000000229ad3c method=java.awt.image.ComponentColorModel.getRGB(Ljava/lang/Object;)I @ 4
Event: 2.143 Thread 0x0000000001ff0800 Uncommon trap: reason=unstable_if action=reinterpret pc=0x00000000022ce618 method=PicRecoginition.porcessedImg(Ljava/awt/image/BufferedImage;)Ljava/awt/image/BufferedImage; @ 89

Internal exceptions (10 events):
Event: 0.037 Thread 0x0000000001ff0800 Exception <a 'java/lang/NoSuchMethodError': Method sun.misc.Unsafe.prefetchRead(Ljava/lang/Object;J)V name or signature does not match> (0x000000076b107f60) thrown at [C:\re\workspace\8-2-build-windows-amd64-cygwin\jdk8u111\7883\hotspot\src\share\vm\prims
Event: 0.100 Thread 0x0000000001ff0800 Exception <a 'java/security/PrivilegedActionException'> (0x000000076b184a30) thrown at [C:\re\workspace\8-2-build-windows-amd64-cygwin\jdk8u111\7883\hotspot\src\share\vm\prims\jvm.cpp, line 1386]
Event: 0.100 Thread 0x0000000001ff0800 Exception <a 'java/security/PrivilegedActionException'> (0x000000076b184c40) thrown at [C:\re\workspace\8-2-build-windows-amd64-cygwin\jdk8u111\7883\hotspot\src\share\vm\prims\jvm.cpp, line 1386]
Event: 0.101 Thread 0x0000000001ff0800 Exception <a 'java/security/PrivilegedActionException'> (0x000000076b188888) thrown at [C:\re\workspace\8-2-build-windows-amd64-cygwin\jdk8u111\7883\hotspot\src\share\vm\prims\jvm.cpp, line 1386]
Event: 0.101 Thread 0x0000000001ff0800 Exception <a 'java/security/PrivilegedActionException'> (0x000000076b188a98) thrown at [C:\re\workspace\8-2-build-windows-amd64-cygwin\jdk8u111\7883\hotspot\src\share\vm\prims\jvm.cpp, line 1386]
Event: 0.103 Thread 0x0000000001ff0800 Exception <a 'java/io/FileNotFoundException'> (0x000000076b18afb0) thrown at [C:\re\workspace\8-2-build-windows-amd64-cygwin\jdk8u111\7883\hotspot\src\share\vm\prims\jni.cpp, line 709]
Event: 0.135 Thread 0x0000000001ff0800 Exception <a 'java/lang/NoSuchFieldError': method resolution failed> (0x000000076b39ff08) thrown at [C:\re\workspace\8-2-build-windows-amd64-cygwin\jdk8u111\7883\hotspot\src\share\vm\prims\methodHandles.cpp, line 1146]
Event: 0.137 Thread 0x0000000001ff0800 Exception <a 'java/lang/NoSuchFieldError': method resolution failed> (0x000000076b3ad2d8) thrown at [C:\re\workspace\8-2-build-windows-amd64-cygwin\jdk8u111\7883\hotspot\src\share\vm\prims\methodHandles.cpp, line 1146]
Event: 0.173 Thread 0x0000000001ff0800 Exception <a 'java/io/FileNotFoundException'> (0x000000076b440e80) thrown at [C:\re\workspace\8-2-build-windows-amd64-cygwin\jdk8u111\7883\hotspot\src\share\vm\prims\jni.cpp, line 709]
Event: 0.197 Thread 0x0000000001ff0800 Implicit null exception at 0x00000000022623dc to 0x00000000022625b5

Events (10 events):
Event: 30.449 Thread 0x000000001f8bc800 Thread added: 0x000000001f8bc800
Event: 30.449 Thread 0x000000001d1a8000 Thread added: 0x000000001d1a8000
Event: 30.449 Thread 0x000000001f8bc800 Thread exited: 0x000000001f8bc800
Event: 30.455 Thread 0x000000001d43e800 Thread exited: 0x000000001d43e800
Event: 30.478 Executing VM operation: ParallelGCFailedAllocation
Event: 30.479 Executing VM operation: ParallelGCFailedAllocation done
Event: 30.543 Executing VM operation: ParallelGCFailedAllocation
Event: 30.543 Executing VM operation: ParallelGCFailedAllocation done
Event: 30.550 Thread 0x000000001d1a8000 Thread exited: 0x000000001d1a8000
Event: 30.550 Executing VM operation: Exit


Dynamic libraries:
0x00007ff6244d0000 - 0x00007ff624507000 	C:\Program Files\Java\jre1.8.0_111\bin\javaw.exe
0x00007ffd95450000 - 0x00007ffd95621000 	C:\WINDOWS\SYSTEM32\ntdll.dll
0x00007ffd92950000 - 0x00007ffd929fb000 	C:\WINDOWS\System32\KERNEL32.DLL
0x00007ffd6a6d0000 - 0x00007ffd6a724000 	C:\Program Files (x86)\AVG\Av\avghooka.dll
0x00007ffd90ff0000 - 0x00007ffd9120d000 	C:\WINDOWS\System32\KERNELBASE.dll
0x00007ffd92830000 - 0x00007ffd928d2000 	C:\WINDOWS\System32\ADVAPI32.dll
0x00007ffd92380000 - 0x00007ffd9241e000 	C:\WINDOWS\System32\msvcrt.dll
0x00007ffd92490000 - 0x00007ffd924e9000 	C:\WINDOWS\System32\sechost.dll
0x00007ffd916e0000 - 0x00007ffd91801000 	C:\WINDOWS\System32\RPCRT4.dll
0x00007ffd91b10000 - 0x00007ffd91c75000 	C:\WINDOWS\System32\USER32.dll
0x00007ffd90fd0000 - 0x00007ffd90fee000 	C:\WINDOWS\System32\win32u.dll
0x00007ffd92340000 - 0x00007ffd92374000 	C:\WINDOWS\System32\GDI32.dll
0x00007ffd91210000 - 0x00007ffd91392000 	C:\WINDOWS\System32\gdi32full.dll
0x00007ffd83230000 - 0x00007ffd834a9000 	C:\WINDOWS\WinSxS\amd64_microsoft.windows.common-controls_6595b64144ccf1df_6.0.14393.447_none_42191651c6827bb3\COMCTL32.dll
0x00007ffd91810000 - 0x00007ffd91ad8000 	C:\WINDOWS\System32\combase.dll
0x00007ffd90ed0000 - 0x00007ffd90fc5000 	C:\WINDOWS\System32\ucrtbase.dll
0x00007ffd90d60000 - 0x00007ffd90dca000 	C:\WINDOWS\System32\bcryptPrimitives.dll
0x00007ffd91ae0000 - 0x00007ffd91b0e000 	C:\WINDOWS\System32\IMM32.DLL
0x000000006f6f0000 - 0x000000006f7c2000 	C:\Program Files\Java\jre1.8.0_111\bin\msvcr100.dll
0x000000006f8a0000 - 0x000000007013a000 	C:\Program Files\Java\jre1.8.0_111\bin\server\jvm.dll
0x00007ffd92480000 - 0x00007ffd92488000 	C:\WINDOWS\System32\PSAPI.DLL
0x00007ffd63c00000 - 0x00007ffd63c09000 	C:\WINDOWS\SYSTEM32\WSOCK32.dll
0x00007ffd928e0000 - 0x00007ffd9294a000 	C:\WINDOWS\System32\WS2_32.dll
0x00007ffd8e4d0000 - 0x00007ffd8e4f3000 	C:\WINDOWS\SYSTEM32\WINMM.dll
0x00007ffd84e10000 - 0x00007ffd84e1a000 	C:\WINDOWS\SYSTEM32\VERSION.dll
0x00007ffd8e450000 - 0x00007ffd8e47b000 	C:\WINDOWS\SYSTEM32\WINMMBASE.dll
0x00007ffd90630000 - 0x00007ffd90672000 	C:\WINDOWS\System32\cfgmgr32.dll
0x000000006f890000 - 0x000000006f89f000 	C:\Program Files\Java\jre1.8.0_111\bin\verify.dll
0x000000006f860000 - 0x000000006f889000 	C:\Program Files\Java\jre1.8.0_111\bin\java.dll
0x000000006f840000 - 0x000000006f856000 	C:\Program Files\Java\jre1.8.0_111\bin\zip.dll
0x00007ffd92a90000 - 0x00007ffd93f99000 	C:\WINDOWS\System32\SHELL32.dll
0x00007ffd90680000 - 0x00007ffd90d5a000 	C:\WINDOWS\System32\windows.storage.dll
0x00007ffd905d0000 - 0x00007ffd9061c000 	C:\WINDOWS\System32\powrprof.dll
0x00007ffd92420000 - 0x00007ffd92472000 	C:\WINDOWS\System32\shlwapi.dll
0x00007ffd905c0000 - 0x00007ffd905cf000 	C:\WINDOWS\System32\kernel.appcore.dll
0x00007ffd913a0000 - 0x00007ffd91449000 	C:\WINDOWS\System32\shcore.dll
0x00007ffd905a0000 - 0x00007ffd905b4000 	C:\WINDOWS\System32\profapi.dll
0x00007ffd47020000 - 0x00007ffd48f17000 	C:\Users\curti\OneDrive\Programming\opencv\build\java\x64\opencv_java320.dll
0x00007ffd94000000 - 0x00007ffd94137000 	C:\WINDOWS\System32\ole32.dll
0x00007ffd91c80000 - 0x00007ffd91d3f000 	C:\WINDOWS\System32\OLEAUT32.dll
0x00007ffd90e30000 - 0x00007ffd90ecc000 	C:\WINDOWS\System32\msvcp_win.dll
0x00007ffd88600000 - 0x00007ffd88629000 	C:\WINDOWS\SYSTEM32\MSVFW32.dll
0x00007ffd8b990000 - 0x00007ffd8b9b0000 	C:\WINDOWS\SYSTEM32\AVIFIL32.dll
0x00007ffd885e0000 - 0x00007ffd885f8000 	C:\WINDOWS\SYSTEM32\AVICAP32.dll
0x00007ffd885c0000 - 0x00007ffd885dc000 	C:\WINDOWS\SYSTEM32\MSACM32.dll
0x000000006f550000 - 0x000000006f6e8000 	C:\Program Files\Java\jre1.8.0_111\bin\awt.dll
0x00007ffd8eb30000 - 0x00007ffd8ebaa000 	C:\WINDOWS\SYSTEM32\apphelp.dll
0x00007ffd8e3f0000 - 0x00007ffd8e416000 	C:\WINDOWS\system32\DWMAPI.DLL
0x00007ffd8ecd0000 - 0x00007ffd8ed65000 	C:\WINDOWS\system32\uxtheme.dll
0x00007ffd92170000 - 0x00007ffd922cb000 	C:\WINDOWS\System32\MSCTF.dll
0x00007ffd67b20000 - 0x00007ffd67bb8000 	C:\Program Files\Common Files\microsoft shared\ink\tiptsf.dll
0x000000006f500000 - 0x000000006f547000 	C:\Program Files\Java\jre1.8.0_111\bin\fontmanager.dll
0x00007ffd92690000 - 0x00007ffd9272f000 	C:\WINDOWS\System32\clbcatq.dll
0x00007ffd67970000 - 0x00007ffd67b1a000 	C:\Windows\System32\uiautomationcore.dll
0x00007ffd8fcf0000 - 0x00007ffd8fd0f000 	C:\Windows\System32\USERENV.dll
0x00007ffd90440000 - 0x00007ffd904d8000 	C:\WINDOWS\SYSTEM32\sxs.dll
0x00007ffd7f250000 - 0x00007ffd7f2b5000 	C:\Windows\System32\OLEACC.dll
0x00007ffd67e10000 - 0x00007ffd67e8d000 	C:\WINDOWS\SYSTEM32\twinapi.dll
0x00007ffd8f070000 - 0x00007ffd8f18c000 	C:\WINDOWS\SYSTEM32\twinapi.appcore.dll
0x00007ffd904e0000 - 0x00007ffd9050b000 	C:\WINDOWS\SYSTEM32\bcrypt.dll
0x00007ffd67be0000 - 0x00007ffd67bf8000 	C:\Windows\System32\devenum.dll
0x00007ffd91d40000 - 0x00007ffd92169000 	C:\WINDOWS\System32\setupapi.dll
0x00007ffd8f950000 - 0x00007ffd8f982000 	C:\WINDOWS\SYSTEM32\ntmarta.dll
0x00007ffd8f210000 - 0x00007ffd8f238000 	C:\WINDOWS\SYSTEM32\DEVOBJ.dll
0x00007ffd90dd0000 - 0x00007ffd90e25000 	C:\WINDOWS\System32\WINTRUST.dll
0x00007ffd90620000 - 0x00007ffd90630000 	C:\WINDOWS\System32\MSASN1.dll
0x00007ffd91450000 - 0x00007ffd91619000 	C:\WINDOWS\System32\CRYPT32.dll
0x00007ffd7f2d0000 - 0x00007ffd7f2da000 	C:\WINDOWS\SYSTEM32\msdmo.dll
0x00007ffd88580000 - 0x00007ffd885b3000 	C:\Windows\System32\qcap.dll
0x00007ffd883b0000 - 0x00007ffd88573000 	C:\Windows\System32\quartz.dll
0x00007ffd88360000 - 0x00007ffd883a8000 	C:\Windows\System32\mfksproxy.dll
0x00007ffd8cce0000 - 0x00007ffd8ccfc000 	C:\Windows\System32\ATL.DLL
0x00007ffd8b930000 - 0x00007ffd8b97e000 	C:\Windows\System32\MFSENSORGROUP.dll
0x00007ffd89a20000 - 0x00007ffd89b88000 	C:\Windows\System32\MFPlat.DLL
0x00007ffd8b900000 - 0x00007ffd8b92e000 	C:\Windows\System32\RTWorkQ.DLL
0x00007ffd5fb80000 - 0x00007ffd5ff6b000 	C:\Windows\System32\MFCORE.dll
0x00007ffd7f210000 - 0x00007ffd7f219000 	C:\Windows\System32\ksuser.dll
0x00007ffd90030000 - 0x00007ffd9003b000 	C:\Windows\System32\CRYPTBASE.DLL
0x00007ffd88300000 - 0x00007ffd88353000 	C:\Windows\System32\FSClient.dll
0x00007ffd8c600000 - 0x00007ffd8c60b000 	C:\Windows\System32\AVRT.dll
0x00007ffd7f1a0000 - 0x00007ffd7f1ad000 	C:\Windows\System32\vidcap.ax
0x00007ffd65e40000 - 0x00007ffd65e65000 	C:\Windows\System32\kswdmcap.ax
0x00007ffd5f6d0000 - 0x00007ffd5f833000 	C:\Windows\System32\MFC42.dll
0x00007ffd88db0000 - 0x00007ffd88e5f000 	C:\Windows\System32\ODBC32.dll
0x00007ffd8fac0000 - 0x00007ffd8faca000 	C:\Windows\System32\DPAPI.dll
0x00007ffd8d9c0000 - 0x00007ffd8da03000 	C:\WINDOWS\SYSTEM32\policymanager.dll
0x00007ffd8efd0000 - 0x00007ffd8f061000 	C:\Windows\System32\msvcp110_win.dll
0x00007ffd5f5f0000 - 0x00007ffd5f6c4000 	C:\Windows\System32\MFReadWrite.dll
0x00007ffd88250000 - 0x00007ffd882f3000 	C:\Windows\System32\qedit.dll
0x00007ffd92730000 - 0x00007ffd9282a000 	C:\WINDOWS\System32\COMDLG32.dll
0x00007ffd7ec80000 - 0x00007ffd7ee1a000 	C:\WINDOWS\WinSxS\amd64_microsoft.windows.gdiplus_6595b64144ccf1df_1.1.14393.321_none_72fe05dd211a5fae\gdiplus.dll
0x00007ffd80630000 - 0x00007ffd80727000 	C:\Windows\System32\DDRAW.dll
0x00007ffd8e500000 - 0x00007ffd8e508000 	C:\Windows\System32\DCIMAN32.dll
0x00007ffd88240000 - 0x00007ffd8824c000 	C:\WINDOWS\SYSTEM32\msyuv.dll
0x00007ffd8bbd0000 - 0x00007ffd8bd62000 	C:\WINDOWS\SYSTEM32\dbghelp.dll

VM Arguments:
jvm_args: -Dfile.encoding=Cp1252 
java_command: OverCoat
java_class_path (initial): C:\Users\curti\OneDrive\Programming\HoundDog\bin;C:\Users\curti\OneDrive\Programming\opencv\build\java\opencv-320.jar
Launcher Type: SUN_STANDARD

Environment Variables:
PATH=C:/Program Files/Java/jre1.8.0_111/bin/server;C:/Program Files/Java/jre1.8.0_111/bin;C:/Program Files/Java/jre1.8.0_111/lib/amd64;C:\ProgramData\Oracle\Java\javapath;C:\Program Files (x86)\NVIDIA Corporation\PhysX\Common;C:\WINDOWS\system32;C:\WINDOWS;C:\WINDOWS\System32\Wbem;C:\WINDOWS\System32\WindowsPowerShell\v1.0\;C:\WINDOWS\system32\config\systemprofile\.dnx\bin;C:\Program Files\Microsoft DNX\Dnvm\;C:\Program Files (x86)\Windows Kits\8.1\Windows Performance Toolkit\;C:\Program Files\Microsoft SQL Server\120\Tools\Binn\;C:\Program Files\Microsoft SQL Server\130\Tools\Binn\;C:\Program Files\Microsoft SQL Server\Client SDK\ODBC\110\Tools\Binn\;C:\Program Files (x86)\Microsoft SQL Server\120\Tools\Binn\;C:\Program Files\Microsoft SQL Server\120\DTS\Binn\;C:\Program Files\Git\cmd;C:\Users\curti\AppData\Local\Microsoft\WindowsApps;;C:\Users\curti\Desktop\desktop stuff;
USERNAME=curti
OS=Windows_NT
PROCESSOR_IDENTIFIER=Intel64 Family 6 Model 78 Stepping 3, GenuineIntel



---------------  S Y S T E M  ---------------

OS: Windows 10.0 , 64 bit Build 14393 (10.0.14393.0)

CPU:total 4 (2 cores per cpu, 2 threads per core) family 6 model 78 stepping 3, cmov, cx8, fxsr, mmx, sse, sse2, sse3, ssse3, sse4.1, sse4.2, popcnt, avx, avx2, aes, clmul, erms, rtm, 3dnowpref, lzcnt, ht, tsc, tscinvbit, bmi1, bmi2, adx

Memory: 4k page, physical 16701568k(11650976k free), swap 19191936k(13634212k free)

vm_info: Java HotSpot(TM) 64-Bit Server VM (25.111-b14) for windows-amd64 JRE (1.8.0_111-b14), built on Sep 22 2016 19:24:05 by "java_re" with MS VC++ 10.0 (VS2010)

time: Mon Jan 16 19:50:46 2017
elapsed time: 30 seconds (0d 0h 0m 30s)

