#
# A fatal error has been detected by the Java Runtime Environment:
#
#  Internal Error (0xc000000d), pid=2116, tid=0x0000000000000af4
#
# JRE version: Java(TM) SE Runtime Environment (8.0_111-b14) (build 1.8.0_111-b14)
# Java VM: Java HotSpot(TM) 64-Bit Server VM (25.111-b14 mixed mode windows-amd64 compressed oops)
# Problematic frame:
# C  [ntdll.dll+0xff44c]
#
# Failed to write core dump. Minidumps are not enabled by default on client versions of Windows
#
# If you would like to submit a bug report, please visit:
#   http://bugreport.java.com/bugreport/crash.jsp
#

---------------  T H R E A D  ---------------

Current thread (0x000000001bb99000):  VMThread [stack: 0x000000001d870000,0x000000001d970000] [id=2804]

siginfo: ExceptionCode=0xc000000d

Registers:
RAX=0x0000000050a84103, RBX=0x0000000026328580, RCX=0xfffffff90000004f, RDX=0x0000000000000007
RSP=0x000000001d96ee10, RBP=0x0000000000000000, RSI=0x00000000264c69d0, RDI=0x00000000264c6c50
R8 =0x0000000000000000, R9 =0x00000000504237e0, R10=0x0000000001ff1ca0, R11=0x00000000020a7280
R12=0x0000000000000000, R13=0x00000000ffffffff, R14=0x00000000264a5ce0, R15=0x00000000264c69d0
RIP=0x00007ffca298f44c, EFLAGS=0x0000000000000206

Top of Stack: (sp=0x000000001d96ee10)
0x000000001d96ee10:   0000000000000057 0000000026328580
0x000000001d96ee20:   00000000264c69d0 00000000264c6c50
0x000000001d96ee30:   00000000c000000d 0000000000000000
0x000000001d96ee40:   00007ffca298f44c 0000000000000000
0x000000001d96ee50:   0000000000000000 0000000000000000
0x000000001d96ee60:   0000000000000000 0000000000000000
0x000000001d96ee70:   0000000000000000 0000000000000000
0x000000001d96ee80:   0000000000000000 0000000000000000
0x000000001d96ee90:   0000000000000000 0000000000000000
0x000000001d96eea0:   0000000000000000 0000000000000000
0x000000001d96eeb0:   0000000000000000 0000000000000000
0x000000001d96eec0:   0000000000000000 0000000000000000
0x000000001d96eed0:   00006da32e07c795 0000000000000000
0x000000001d96eee0:   00007ffca28fec90 00007ffca2951899
0x000000001d96eef0:   0000000000000001 00007ffc931ae8db
0x000000001d96ef00:   0000000000000003 0000000000610000 

Instructions: (pc=0x00007ffca298f44c)
0x00007ffca298f42c:   d5 fa ff c7 44 24 20 0d 00 00 c0 b9 57 00 00 00
0x00007ffca298f43c:   e8 7f 13 f6 ff 90 48 8d 4c 24 20 e8 04 bf f4 ff
0x00007ffca298f44c:   eb 00 48 8b 8c 24 c0 00 00 00 48 33 cc e8 82 74
0x00007ffca298f45c:   f9 ff 48 81 c4 d8 00 00 00 c3 40 55 48 83 ec 20 


Register to memory mapping:

RAX=0x0000000050a84103 is an unknown value
RBX=0x0000000026328580 is an unknown value
RCX=0xfffffff90000004f is an unknown value
RDX=0x0000000000000007 is an unknown value
RSP=0x000000001d96ee10 is an unknown value
RBP=0x0000000000000000 is an unknown value
RSI=0x00000000264c69d0 is an unknown value
RDI=0x00000000264c6c50 is an unknown value
R8 =0x0000000000000000 is an unknown value
R9 =0x00000000504237e0 is an unknown value
R10=0x0000000001ff1ca0 is an unknown value
R11=0x00000000020a7280 is an unknown value
R12=0x0000000000000000 is an unknown value
R13=0x00000000ffffffff is an unknown value
R14=0x00000000264a5ce0 is an unknown value
R15=0x00000000264c69d0 is an unknown value


Stack: [0x000000001d870000,0x000000001d970000],  sp=0x000000001d96ee10,  free space=1019k
Native frames: (J=compiled Java code, j=interpreted, Vv=VM code, C=native code)

VM_Operation (0x0000000025a1d2c0): Exit, mode: safepoint, requested by thread 0x000000001ea54000


---------------  P R O C E S S  ---------------

Java Threads: ( => current thread )
  0x000000001ea54000 JavaThread "AWT-EventQueue-0" [_thread_blocked, id=8916, stack(0x0000000025920000,0x0000000025a20000)]
  0x000000001ea2a000 JavaThread "AWT-Shutdown" [_thread_blocked, id=3848, stack(0x000000001f360000,0x000000001f460000)]
  0x000000001ea29800 JavaThread "Java2D Disposer" daemon [_thread_blocked, id=6860, stack(0x000000001f1d0000,0x000000001f2d0000)]
  0x000000001db31000 JavaThread "Service Thread" daemon [_thread_blocked, id=6888, stack(0x000000001e670000,0x000000001e770000)]
  0x000000001daa6000 JavaThread "C1 CompilerThread3" daemon [_thread_blocked, id=8256, stack(0x000000001e570000,0x000000001e670000)]
  0x000000001da9d800 JavaThread "C2 CompilerThread2" daemon [_thread_blocked, id=7560, stack(0x000000001e470000,0x000000001e570000)]
  0x000000001da9a800 JavaThread "C2 CompilerThread1" daemon [_thread_blocked, id=8000, stack(0x000000001e370000,0x000000001e470000)]
  0x000000001da98000 JavaThread "C2 CompilerThread0" daemon [_thread_blocked, id=5112, stack(0x000000001e270000,0x000000001e370000)]
  0x000000001da97000 JavaThread "Attach Listener" daemon [_thread_blocked, id=5796, stack(0x000000001e170000,0x000000001e270000)]
  0x000000001da96000 JavaThread "Signal Dispatcher" daemon [_thread_blocked, id=8956, stack(0x000000001e070000,0x000000001e170000)]
  0x000000001da90800 JavaThread "Finalizer" daemon [_thread_blocked, id=2756, stack(0x000000001de70000,0x000000001df70000)]
  0x000000001bb9d800 JavaThread "Reference Handler" daemon [_thread_blocked, id=3888, stack(0x000000001d970000,0x000000001da70000)]
  0x0000000002000800 JavaThread "main" [_thread_blocked, id=4300, stack(0x0000000001ea0000,0x0000000001fa0000)]

Other Threads:
=>0x000000001bb99000 VMThread [stack: 0x000000001d870000,0x000000001d970000] [id=2804]

VM state:at safepoint (shutting down)

VM Mutex/Monitor currently owned by a thread:  ([mutex/lock_event])
[0x0000000001ffbb30] Threads_lock - owner thread: 0x000000001bb99000

Heap:
 PSYoungGen      total 41984K, used 6975K [0x000000076af80000, 0x000000076df80000, 0x00000007c0000000)
  eden space 36864K, 5% used [0x000000076af80000,0x000000076b1a2c60,0x000000076d380000)
  from space 5120K, 93% used [0x000000076d400000,0x000000076d8ad050,0x000000076d900000)
  to   space 6144K, 0% used [0x000000076d980000,0x000000076d980000,0x000000076df80000)
 ParOldGen       total 175104K, used 39181K [0x00000006c0e00000, 0x00000006cb900000, 0x000000076af80000)
  object space 175104K, 22% used [0x00000006c0e00000,0x00000006c3443618,0x00000006cb900000)
 Metaspace       used 8701K, capacity 8870K, committed 9088K, reserved 1056768K
  class space    used 1029K, capacity 1097K, committed 1152K, reserved 1048576K

Card table byte_map: [0x00000000114c0000,0x0000000011cc0000] byte_map_base: 0x000000000deb9000

Marking Bits: (ParMarkBitMap*) 0x0000000050c6a6c0
 Begin Bits: [0x0000000012a20000, 0x00000000169e8000)
 End Bits:   [0x00000000169e8000, 0x000000001a9b0000)

Polling page: 0x0000000000600000

CodeCache: size=245760Kb used=2460Kb max_used=2467Kb free=243299Kb
 bounds [0x0000000002100000, 0x0000000002370000, 0x0000000011100000]
 total_blobs=1064 nmethods=615 adapters=362
 compilation: enabled

Compilation events (10 events):
Event: 11.851 Thread 0x000000001daa6000  647       3       sun.java2d.DefaultDisposerRecord::dispose (12 bytes)
Event: 11.851 Thread 0x000000001daa6000 nmethod 647 0x0000000002365f10 code [0x0000000002366080, 0x0000000002366228]
Event: 11.854 Thread 0x000000001daa6000  649   !   3       sun.java2d.Disposer::clearDeferredRecords (70 bytes)
Event: 11.855 Thread 0x000000001daa6000 nmethod 649 0x0000000002366650 code [0x0000000002366880, 0x00000000023673d8]
Event: 14.328 Thread 0x000000001da9d800  650       4       sun.java2d.pipe.RenderBuffer::putDouble (26 bytes)
Event: 14.328 Thread 0x000000001da9d800 nmethod 650 0x00000000022c1f50 code [0x00000000022c2080, 0x00000000022c2118]
Event: 14.361 Thread 0x000000001daa6000  651  s    3       java.io.BufferedOutputStream::write (67 bytes)
Event: 14.361 Thread 0x000000001daa6000 nmethod 651 0x0000000002369a50 code [0x0000000002369c20, 0x000000000236a478]
Event: 14.361 Thread 0x000000001daa6000  652       3       java.io.FileOutputStream::write (12 bytes)
Event: 14.361 Thread 0x000000001daa6000 nmethod 652 0x0000000002369690 code [0x0000000002369800, 0x0000000002369988]

GC Heap History (10 events):
Event: 14.387 GC heap before
{Heap before GC invocations=109 (full 0):
 PSYoungGen      total 44544K, used 42348K [0x000000076af80000, 0x000000076e000000, 0x00000007c0000000)
  eden space 39424K, 100% used [0x000000076af80000,0x000000076d600000,0x000000076d600000)
  from space 5120K, 57% used [0x000000076db00000,0x000000076dddb030,0x000000076e000000)
  to   space 5120K, 0% used [0x000000076d600000,0x000000076d600000,0x000000076db00000)
 ParOldGen       total 175104K, used 35581K [0x00000006c0e00000, 0x00000006cb900000, 0x000000076af80000)
  object space 175104K, 20% used [0x00000006c0e00000,0x00000006c30bf5d8,0x00000006cb900000)
 Metaspace       used 8696K, capacity 8870K, committed 9088K, reserved 1056768K
  class space    used 1028K, capacity 1097K, committed 1152K, reserved 1048576K
Event: 14.388 GC heap after
Heap after GC invocations=109 (full 0):
 PSYoungGen      total 41984K, used 2828K [0x000000076af80000, 0x000000076df80000, 0x00000007c0000000)
  eden space 38912K, 0% used [0x000000076af80000,0x000000076af80000,0x000000076d580000)
  from space 3072K, 92% used [0x000000076d600000,0x000000076d8c3030,0x000000076d900000)
  to   space 5120K, 0% used [0x000000076da80000,0x000000076da80000,0x000000076df80000)
 ParOldGen       total 175104K, used 35581K [0x00000006c0e00000, 0x00000006cb900000, 0x000000076af80000)
  object space 175104K, 20% used [0x00000006c0e00000,0x00000006c30bf5d8,0x00000006cb900000)
 Metaspace       used 8696K, capacity 8870K, committed 9088K, reserved 1056768K
  class space    used 1028K, capacity 1097K, committed 1152K, reserved 1048576K
}
Event: 14.572 GC heap before
{Heap before GC invocations=110 (full 0):
 PSYoungGen      total 41984K, used 41740K [0x000000076af80000, 0x000000076df80000, 0x00000007c0000000)
  eden space 38912K, 100% used [0x000000076af80000,0x000000076d580000,0x000000076d580000)
  from space 3072K, 92% used [0x000000076d600000,0x000000076d8c3030,0x000000076d900000)
  to   space 5120K, 0% used [0x000000076da80000,0x000000076da80000,0x000000076df80000)
 ParOldGen       total 175104K, used 35581K [0x00000006c0e00000, 0x00000006cb900000, 0x000000076af80000)
  object space 175104K, 20% used [0x00000006c0e00000,0x00000006c30bf5d8,0x00000006cb900000)
 Metaspace       used 8696K, capacity 8870K, committed 9088K, reserved 1056768K
  class space    used 1028K, capacity 1097K, committed 1152K, reserved 1048576K
Event: 14.573 GC heap after
Heap after GC invocations=110 (full 0):
 PSYoungGen      total 43008K, used 2892K [0x000000076af80000, 0x000000076df00000, 0x00000007c0000000)
  eden space 38400K, 0% used [0x000000076af80000,0x000000076af80000,0x000000076d500000)
  from space 4608K, 62% used [0x000000076da80000,0x000000076dd53030,0x000000076df00000)
  to   space 5120K, 0% used [0x000000076d500000,0x000000076d500000,0x000000076da00000)
 ParOldGen       total 175104K, used 35581K [0x00000006c0e00000, 0x00000006cb900000, 0x000000076af80000)
  object space 175104K, 20% used [0x00000006c0e00000,0x00000006c30bf5d8,0x00000006cb900000)
 Metaspace       used 8696K, capacity 8870K, committed 9088K, reserved 1056768K
  class space    used 1028K, capacity 1097K, committed 1152K, reserved 1048576K
}
Event: 14.684 GC heap before
{Heap before GC invocations=111 (full 0):
 PSYoungGen      total 43008K, used 41292K [0x000000076af80000, 0x000000076df00000, 0x00000007c0000000)
  eden space 38400K, 100% used [0x000000076af80000,0x000000076d500000,0x000000076d500000)
  from space 4608K, 62% used [0x000000076da80000,0x000000076dd53030,0x000000076df00000)
  to   space 5120K, 0% used [0x000000076d500000,0x000000076d500000,0x000000076da00000)
 ParOldGen       total 175104K, used 35581K [0x00000006c0e00000, 0x00000006cb900000, 0x000000076af80000)
  object space 175104K, 20% used [0x00000006c0e00000,0x00000006c30bf5d8,0x00000006cb900000)
 Metaspace       used 8696K, capacity 8870K, committed 9088K, reserved 1056768K
  class space    used 1028K, capacity 1097K, committed 1152K, reserved 1048576K
Event: 14.685 GC heap after
Heap after GC invocations=111 (full 0):
 PSYoungGen      total 38400K, used 160K [0x000000076af80000, 0x000000076de80000, 0x00000007c0000000)
  eden space 37888K, 0% used [0x000000076af80000,0x000000076af80000,0x000000076d480000)
  from space 512K, 31% used [0x000000076d500000,0x000000076d528000,0x000000076d580000)
  to   space 5120K, 0% used [0x000000076d980000,0x000000076d980000,0x000000076de80000)
 ParOldGen       total 175104K, used 35581K [0x00000006c0e00000, 0x00000006cb900000, 0x000000076af80000)
  object space 175104K, 20% used [0x00000006c0e00000,0x00000006c30bf5d8,0x00000006cb900000)
 Metaspace       used 8696K, capacity 8870K, committed 9088K, reserved 1056768K
  class space    used 1028K, capacity 1097K, committed 1152K, reserved 1048576K
}
Event: 14.828 GC heap before
{Heap before GC invocations=112 (full 0):
 PSYoungGen      total 38400K, used 37528K [0x000000076af80000, 0x000000076de80000, 0x00000007c0000000)
  eden space 37888K, 98% used [0x000000076af80000,0x000000076d3fe090,0x000000076d480000)
  from space 512K, 31% used [0x000000076d500000,0x000000076d528000,0x000000076d580000)
  to   space 5120K, 0% used [0x000000076d980000,0x000000076d980000,0x000000076de80000)
 ParOldGen       total 175104K, used 35581K [0x00000006c0e00000, 0x00000006cb900000, 0x000000076af80000)
  object space 175104K, 20% used [0x00000006c0e00000,0x00000006c30bf5d8,0x00000006cb900000)
 Metaspace       used 8696K, capacity 8870K, committed 9088K, reserved 1056768K
  class space    used 1028K, capacity 1097K, committed 1152K, reserved 1048576K
Event: 14.828 GC heap after
Heap after GC invocations=112 (full 0):
 PSYoungGen      total 41984K, used 256K [0x000000076af80000, 0x000000076de00000, 0x00000007c0000000)
  eden space 37376K, 0% used [0x000000076af80000,0x000000076af80000,0x000000076d400000)
  from space 4608K, 5% used [0x000000076d980000,0x000000076d9c0000,0x000000076de00000)
  to   space 5120K, 0% used [0x000000076d400000,0x000000076d400000,0x000000076d900000)
 ParOldGen       total 175104K, used 35581K [0x00000006c0e00000, 0x00000006cb900000, 0x000000076af80000)
  object space 175104K, 20% used [0x00000006c0e00000,0x00000006c30bf5d8,0x00000006cb900000)
 Metaspace       used 8696K, capacity 8870K, committed 9088K, reserved 1056768K
  class space    used 1028K, capacity 1097K, committed 1152K, reserved 1048576K
}
Event: 14.934 GC heap before
{Heap before GC invocations=113 (full 0):
 PSYoungGen      total 41984K, used 37632K [0x000000076af80000, 0x000000076de00000, 0x00000007c0000000)
  eden space 37376K, 100% used [0x000000076af80000,0x000000076d400000,0x000000076d400000)
  from space 4608K, 5% used [0x000000076d980000,0x000000076d9c0000,0x000000076de00000)
  to   space 5120K, 0% used [0x000000076d400000,0x000000076d400000,0x000000076d900000)
 ParOldGen       total 175104K, used 35581K [0x00000006c0e00000, 0x00000006cb900000, 0x000000076af80000)
  object space 175104K, 20% used [0x00000006c0e00000,0x00000006c30bf5d8,0x00000006cb900000)
 Metaspace       used 8701K, capacity 8870K, committed 9088K, reserved 1056768K
  class space    used 1029K, capacity 1097K, committed 1152K, reserved 1048576K
Event: 14.936 GC heap after
Heap after GC invocations=113 (full 0):
 PSYoungGen      total 41984K, used 4788K [0x000000076af80000, 0x000000076df80000, 0x00000007c0000000)
  eden space 36864K, 0% used [0x000000076af80000,0x000000076af80000,0x000000076d380000)
  from space 5120K, 93% used [0x000000076d400000,0x000000076d8ad050,0x000000076d900000)
  to   space 6144K, 0% used [0x000000076d980000,0x000000076d980000,0x000000076df80000)
 ParOldGen       total 175104K, used 39181K [0x00000006c0e00000, 0x00000006cb900000, 0x000000076af80000)
  object space 175104K, 22% used [0x00000006c0e00000,0x00000006c3443618,0x00000006cb900000)
 Metaspace       used 8701K, capacity 8870K, committed 9088K, reserved 1056768K
  class space    used 1029K, capacity 1097K, committed 1152K, reserved 1048576K
}

Deoptimization events (9 events):
Event: 0.153 Thread 0x0000000002000800 Uncommon trap: reason=null_check action=make_not_entrant pc=0x0000000002272f84 method=java.lang.String.equals(Ljava/lang/Object;)Z @ 8
Event: 0.622 Thread 0x0000000002000800 Uncommon trap: reason=unstable_if action=reinterpret pc=0x00000000022cbe00 method=PicRecoginition.porcessedImg(Ljava/awt/image/BufferedImage;)Ljava/awt/image/BufferedImage; @ 89
Event: 0.628 Thread 0x0000000002000800 Uncommon trap: reason=unstable_if action=reinterpret pc=0x00000000022baafc method=java.awt.image.ComponentColorModel.getRGB(Ljava/lang/Object;)I @ 4
Event: 0.700 Thread 0x0000000002000800 Uncommon trap: reason=unstable_if action=reinterpret pc=0x00000000022e4c08 method=PicRecoginition.isColor(I)Z @ 14
Event: 0.700 Thread 0x0000000002000800 Uncommon trap: reason=unstable_if action=reinterpret pc=0x00000000022c20f4 method=PicRecoginition.isColor(I)Z @ 14
Event: 0.700 Thread 0x0000000002000800 Uncommon trap: reason=unstable_if action=reinterpret pc=0x00000000022e174c method=PicRecoginition.isColor(I)Z @ 14
Event: 1.750 Thread 0x0000000002000800 Uncommon trap: reason=unstable_if action=reinterpret pc=0x00000000022eb9ec method=PicRecoginition.percentMask([[IIILjava/awt/image/BufferedImage;)I @ 10
Event: 1.750 Thread 0x0000000002000800 Uncommon trap: reason=unstable_if action=reinterpret pc=0x00000000022f88d4 method=PicRecoginition.winCheck(III)V @ 7
Event: 2.920 Thread 0x0000000002000800 Uncommon trap: reason=unstable_if action=reinterpret pc=0x000000000230f7dc method=PicRecoginition.percentMask([[IIILjava/awt/image/BufferedImage;)I @ 48

Internal exceptions (10 events):
Event: 0.021 Thread 0x0000000002000800 Exception <a 'java/lang/NoSuchMethodError': Method sun.misc.Unsafe.prefetchRead(Ljava/lang/Object;J)V name or signature does not match> (0x000000076af87f60) thrown at [C:\re\workspace\8-2-build-windows-amd64-cygwin\jdk8u111\7883\hotspot\src\share\vm\prims
Event: 0.063 Thread 0x0000000002000800 Exception <a 'java/security/PrivilegedActionException'> (0x000000076b003908) thrown at [C:\re\workspace\8-2-build-windows-amd64-cygwin\jdk8u111\7883\hotspot\src\share\vm\prims\jvm.cpp, line 1386]
Event: 0.063 Thread 0x0000000002000800 Exception <a 'java/security/PrivilegedActionException'> (0x000000076b003b18) thrown at [C:\re\workspace\8-2-build-windows-amd64-cygwin\jdk8u111\7883\hotspot\src\share\vm\prims\jvm.cpp, line 1386]
Event: 0.064 Thread 0x0000000002000800 Exception <a 'java/security/PrivilegedActionException'> (0x000000076b007760) thrown at [C:\re\workspace\8-2-build-windows-amd64-cygwin\jdk8u111\7883\hotspot\src\share\vm\prims\jvm.cpp, line 1386]
Event: 0.064 Thread 0x0000000002000800 Exception <a 'java/security/PrivilegedActionException'> (0x000000076b007970) thrown at [C:\re\workspace\8-2-build-windows-amd64-cygwin\jdk8u111\7883\hotspot\src\share\vm\prims\jvm.cpp, line 1386]
Event: 0.066 Thread 0x0000000002000800 Exception <a 'java/io/FileNotFoundException'> (0x000000076b009e88) thrown at [C:\re\workspace\8-2-build-windows-amd64-cygwin\jdk8u111\7883\hotspot\src\share\vm\prims\jni.cpp, line 709]
Event: 0.089 Thread 0x0000000002000800 Exception <a 'java/lang/NoSuchFieldError': method resolution failed> (0x000000076b21ed28) thrown at [C:\re\workspace\8-2-build-windows-amd64-cygwin\jdk8u111\7883\hotspot\src\share\vm\prims\methodHandles.cpp, line 1146]
Event: 0.089 Thread 0x0000000002000800 Exception <a 'java/lang/NoSuchFieldError': method resolution failed> (0x000000076b22c0f8) thrown at [C:\re\workspace\8-2-build-windows-amd64-cygwin\jdk8u111\7883\hotspot\src\share\vm\prims\methodHandles.cpp, line 1146]
Event: 0.114 Thread 0x0000000002000800 Exception <a 'java/io/FileNotFoundException'> (0x000000076b2bfca0) thrown at [C:\re\workspace\8-2-build-windows-amd64-cygwin\jdk8u111\7883\hotspot\src\share\vm\prims\jni.cpp, line 709]
Event: 0.153 Thread 0x0000000002000800 Implicit null exception at 0x0000000002272d9c to 0x0000000002272f75

Events (10 events):
Event: 14.852 Thread 0x000000001ed0e000 Thread added: 0x000000001ed0e000
Event: 14.852 Thread 0x000000001ed0b000 Thread exited: 0x000000001ed0b000
Event: 14.852 Thread 0x000000001eaab000 Thread exited: 0x000000001eaab000
Event: 14.852 loading class sun/java2d/pipe/hw/AccelDeviceEventNotifier
Event: 14.852 loading class sun/java2d/pipe/hw/AccelDeviceEventNotifier done
Event: 14.863 Thread 0x000000001ea2d000 Thread exited: 0x000000001ea2d000
Event: 14.934 Executing VM operation: ParallelGCFailedAllocation
Event: 14.936 Executing VM operation: ParallelGCFailedAllocation done
Event: 14.952 Thread 0x000000001ed0e000 Thread exited: 0x000000001ed0e000
Event: 14.953 Executing VM operation: Exit


Dynamic libraries:
0x00007ff7c4770000 - 0x00007ff7c47a7000 	C:\Program Files\Java\jre1.8.0_111\bin\javaw.exe
0x00007ffca2890000 - 0x00007ffca2a61000 	C:\Windows\SYSTEM32\ntdll.dll
0x00007ffc9eb70000 - 0x00007ffc9ec1b000 	C:\Windows\System32\KERNEL32.DLL
0x00007ffc8b2d0000 - 0x00007ffc8b324000 	C:\Program Files (x86)\AVG\Av\avghooka.dll
0x00007ffc9de40000 - 0x00007ffc9e05d000 	C:\Windows\System32\KERNELBASE.dll
0x00007ffc9f880000 - 0x00007ffc9f922000 	C:\Windows\System32\ADVAPI32.dll
0x00007ffc9f340000 - 0x00007ffc9f3de000 	C:\Windows\System32\msvcrt.dll
0x00007ffc9eb10000 - 0x00007ffc9eb69000 	C:\Windows\System32\sechost.dll
0x00007ffc9f750000 - 0x00007ffc9f871000 	C:\Windows\System32\RPCRT4.dll
0x00007ffc9f5e0000 - 0x00007ffc9f745000 	C:\Windows\System32\USER32.dll
0x00007ffc9dc90000 - 0x00007ffc9dcae000 	C:\Windows\System32\win32u.dll
0x00007ffc9ec20000 - 0x00007ffc9ec54000 	C:\Windows\System32\GDI32.dll
0x00007ffc9dcb0000 - 0x00007ffc9de32000 	C:\Windows\System32\gdi32full.dll
0x00007ffc945d0000 - 0x00007ffc94849000 	C:\Windows\WinSxS\amd64_microsoft.windows.common-controls_6595b64144ccf1df_6.0.14393.447_none_42191651c6827bb3\COMCTL32.dll
0x00007ffca0f20000 - 0x00007ffca11e8000 	C:\Windows\System32\combase.dll
0x00007ffc9db20000 - 0x00007ffc9dc15000 	C:\Windows\System32\ucrtbase.dll
0x00007ffc9dc20000 - 0x00007ffc9dc8a000 	C:\Windows\System32\bcryptPrimitives.dll
0x00007ffca1550000 - 0x00007ffca157e000 	C:\Windows\System32\IMM32.DLL
0x0000000050370000 - 0x0000000050442000 	C:\Program Files\Java\jre1.8.0_111\bin\msvcr100.dll
0x0000000050450000 - 0x0000000050cea000 	C:\Program Files\Java\jre1.8.0_111\bin\server\jvm.dll
0x00007ffca1520000 - 0x00007ffca1528000 	C:\Windows\System32\PSAPI.DLL
0x00007ffc8f1c0000 - 0x00007ffc8f1c9000 	C:\Windows\SYSTEM32\WSOCK32.dll
0x00007ffca0eb0000 - 0x00007ffca0f1a000 	C:\Windows\System32\WS2_32.dll
0x00007ffc9be00000 - 0x00007ffc9be23000 	C:\Windows\SYSTEM32\WINMM.dll
0x00007ffc99430000 - 0x00007ffc9943a000 	C:\Windows\SYSTEM32\VERSION.dll
0x00007ffc9bda0000 - 0x00007ffc9bdcb000 	C:\Windows\SYSTEM32\WINMMBASE.dll
0x00007ffc9e970000 - 0x00007ffc9e9b2000 	C:\Windows\System32\cfgmgr32.dll
0x0000000050f90000 - 0x0000000050f9f000 	C:\Program Files\Java\jre1.8.0_111\bin\verify.dll
0x0000000050f60000 - 0x0000000050f89000 	C:\Program Files\Java\jre1.8.0_111\bin\java.dll
0x0000000050f40000 - 0x0000000050f56000 	C:\Program Files\Java\jre1.8.0_111\bin\zip.dll
0x00007ffc9f990000 - 0x00007ffca0e99000 	C:\Windows\System32\SHELL32.dll
0x00007ffc9e0c0000 - 0x00007ffc9e79a000 	C:\Windows\System32\windows.storage.dll
0x00007ffc9da10000 - 0x00007ffc9da5c000 	C:\Windows\System32\powrprof.dll
0x00007ffca11f0000 - 0x00007ffca1242000 	C:\Windows\System32\shlwapi.dll
0x00007ffc9da00000 - 0x00007ffc9da0f000 	C:\Windows\System32\kernel.appcore.dll
0x00007ffc9ea60000 - 0x00007ffc9eb09000 	C:\Windows\System32\shcore.dll
0x00007ffc9d9e0000 - 0x00007ffc9d9f4000 	C:\Windows\System32\profapi.dll
0x00007ffc6de60000 - 0x00007ffc6fd57000 	C:\Users\curti\OneDrive\Programming\opencv\build\java\x64\opencv_java320.dll
0x00007ffc9f190000 - 0x00007ffc9f2c7000 	C:\Windows\System32\ole32.dll
0x00007ffca12c0000 - 0x00007ffca137f000 	C:\Windows\System32\OLEAUT32.dll
0x00007ffc9e9c0000 - 0x00007ffc9ea5c000 	C:\Windows\System32\msvcp_win.dll
0x00007ffc8b030000 - 0x00007ffc8b059000 	C:\Windows\SYSTEM32\MSVFW32.dll
0x00007ffc96610000 - 0x00007ffc96630000 	C:\Windows\SYSTEM32\AVIFIL32.dll
0x00007ffc939f0000 - 0x00007ffc93a08000 	C:\Windows\SYSTEM32\AVICAP32.dll
0x00007ffc9a6a0000 - 0x00007ffc9a6bc000 	C:\Windows\SYSTEM32\MSACM32.dll
0x00000000501d0000 - 0x0000000050368000 	C:\Program Files\Java\jre1.8.0_111\bin\awt.dll
0x00007ffc9b6f0000 - 0x00007ffc9b76a000 	C:\Windows\SYSTEM32\apphelp.dll
0x00007ffc9b770000 - 0x00007ffc9b796000 	C:\Windows\system32\DWMAPI.DLL
0x00007ffc9c130000 - 0x00007ffc9c1c5000 	C:\Windows\system32\uxtheme.dll
0x00007ffc9f3e0000 - 0x00007ffc9f53b000 	C:\Windows\System32\MSCTF.dll
0x0000000050180000 - 0x00000000501c7000 	C:\Program Files\Java\jre1.8.0_111\bin\fontmanager.dll
0x00007ffc9f540000 - 0x00007ffc9f5df000 	C:\Windows\System32\clbcatq.dll
0x00007ffc8afd0000 - 0x00007ffc8afe8000 	C:\Windows\System32\devenum.dll
0x00007ffc9ec60000 - 0x00007ffc9f089000 	C:\Windows\System32\setupapi.dll
0x00007ffc9cd90000 - 0x00007ffc9cdc2000 	C:\Windows\SYSTEM32\ntmarta.dll
0x00007ffc9c5c0000 - 0x00007ffc9c5e8000 	C:\Windows\SYSTEM32\DEVOBJ.dll
0x00007ffc9e060000 - 0x00007ffc9e0b5000 	C:\Windows\System32\WINTRUST.dll
0x00007ffc9da60000 - 0x00007ffc9da70000 	C:\Windows\System32\MSASN1.dll
0x00007ffc9e7a0000 - 0x00007ffc9e969000 	C:\Windows\System32\CRYPT32.dll
0x00007ffc964a0000 - 0x00007ffc964aa000 	C:\Windows\SYSTEM32\msdmo.dll
0x00007ffc8aff0000 - 0x00007ffc8b023000 	C:\Windows\System32\qcap.dll
0x00007ffc878e0000 - 0x00007ffc87aa3000 	C:\Windows\System32\quartz.dll
0x00007ffc9d920000 - 0x00007ffc9d94b000 	C:\Windows\System32\bcrypt.dll
0x00007ffc8af80000 - 0x00007ffc8afc8000 	C:\Windows\System32\mfksproxy.dll
0x00007ffc88320000 - 0x00007ffc8833c000 	C:\Windows\System32\ATL.DLL
0x00007ffc89650000 - 0x00007ffc8969e000 	C:\Windows\System32\MFSENSORGROUP.dll
0x00007ffc9b560000 - 0x00007ffc9b6c8000 	C:\Windows\System32\MFPlat.DLL
0x00007ffc9b1e0000 - 0x00007ffc9b20e000 	C:\Windows\System32\RTWorkQ.DLL
0x00007ffc79a00000 - 0x00007ffc79deb000 	C:\Windows\System32\MFCORE.dll
0x00007ffc96910000 - 0x00007ffc96919000 	C:\Windows\System32\ksuser.dll
0x00007ffc9d4b0000 - 0x00007ffc9d4bb000 	C:\Windows\System32\CRYPTBASE.DLL
0x00007ffc86800000 - 0x00007ffc86853000 	C:\Windows\System32\FSClient.dll
0x00007ffc9ac70000 - 0x00007ffc9ac7b000 	C:\Windows\System32\AVRT.dll
0x00007ffc939e0000 - 0x00007ffc939ed000 	C:\Windows\System32\vidcap.ax
0x00007ffc89a70000 - 0x00007ffc89a95000 	C:\Windows\System32\kswdmcap.ax
0x00007ffc7fa90000 - 0x00007ffc7fbf3000 	C:\Windows\System32\MFC42.dll
0x00007ffc84500000 - 0x00007ffc845af000 	C:\Windows\System32\ODBC32.dll
0x00007ffc9cf60000 - 0x00007ffc9cf6a000 	C:\Windows\System32\DPAPI.dll
0x00007ffc930c0000 - 0x00007ffc93103000 	C:\Windows\SYSTEM32\policymanager.dll
0x00007ffc9c3a0000 - 0x00007ffc9c431000 	C:\Windows\System32\msvcp110_win.dll
0x00007ffc93190000 - 0x00007ffc93264000 	C:\Windows\System32\MFReadWrite.dll
0x00007ffc85430000 - 0x00007ffc854d3000 	C:\Windows\System32\qedit.dll
0x00007ffc9f090000 - 0x00007ffc9f18a000 	C:\Windows\System32\COMDLG32.dll
0x00007ffc95e50000 - 0x00007ffc95fea000 	C:\Windows\WinSxS\amd64_microsoft.windows.gdiplus_6595b64144ccf1df_1.1.14393.321_none_72fe05dd211a5fae\gdiplus.dll
0x00007ffc80f80000 - 0x00007ffc81077000 	C:\Windows\System32\DDRAW.dll
0x00007ffc98cd0000 - 0x00007ffc98cd8000 	C:\Windows\System32\DCIMAN32.dll
0x00007ffc96960000 - 0x00007ffc9696c000 	C:\Windows\SYSTEM32\msyuv.dll
0x00007ffc96d60000 - 0x00007ffc96ef2000 	C:\Windows\SYSTEM32\dbghelp.dll

VM Arguments:
jvm_args: -Dfile.encoding=Cp1252 
java_command: OverCoat
java_class_path (initial): C:\Users\curti\OneDrive\Programming\HoundDog\bin;C:\Users\curti\OneDrive\Programming\opencv\build\java\opencv-320.jar
Launcher Type: SUN_STANDARD

Environment Variables:
PATH=C:/Program Files/Java/jre1.8.0_111/bin/server;C:/Program Files/Java/jre1.8.0_111/bin;C:/Program Files/Java/jre1.8.0_111/lib/amd64;C:\ProgramData\Oracle\Java\javapath;C:\Windows\system32;C:\Windows;C:\Windows\System32\Wbem;C:\Windows\System32\WindowsPowerShell\v1.0\;C:\Users\curti\AppData\Local\Microsoft\WindowsApps;;C:\Users\curti\Desktop\desktop stuff;
USERNAME=curti
OS=Windows_NT
PROCESSOR_IDENTIFIER=Intel64 Family 6 Model 60 Stepping 3, GenuineIntel



---------------  S Y S T E M  ---------------

OS: Windows 10.0 , 64 bit Build 14393 (10.0.14393.0)

CPU:total 8 (4 cores per cpu, 2 threads per core) family 6 model 60 stepping 3, cmov, cx8, fxsr, mmx, sse, sse2, sse3, ssse3, sse4.1, sse4.2, popcnt, avx, avx2, aes, clmul, erms, lzcnt, ht, tsc, tscinvbit, bmi1, bmi2

Memory: 4k page, physical 16713384k(12733952k free), swap 19203752k(14150636k free)

vm_info: Java HotSpot(TM) 64-Bit Server VM (25.111-b14) for windows-amd64 JRE (1.8.0_111-b14), built on Sep 22 2016 19:24:05 by "java_re" with MS VC++ 10.0 (VS2010)

time: Mon Jan 16 14:12:50 2017
elapsed time: 15 seconds (0d 0h 0m 15s)

