#
# A fatal error has been detected by the Java Runtime Environment:
#
#  Internal Error (0xc000000d), pid=5624, tid=0x0000000000001c78
#
# JRE version: Java(TM) SE Runtime Environment (8.0_111-b14) (build 1.8.0_111-b14)
# Java VM: Java HotSpot(TM) 64-Bit Server VM (25.111-b14 mixed mode windows-amd64 compressed oops)
# Problematic frame:
# C  [ntdll.dll+0xff44c]
#
# Failed to write core dump. Minidumps are not enabled by default on client versions of Windows
#
# If you would like to submit a bug report, please visit:
#   http://bugreport.java.com/bugreport/crash.jsp
#

---------------  T H R E A D  ---------------

Current thread (0x000000001c499000):  VMThread [stack: 0x000000001e160000,0x000000001e260000] [id=7288]

siginfo: ExceptionCode=0xc000000d

Registers:
RAX=0x0000000050a84103, RBX=0x0000000026b68920, RCX=0xfffffff90000004f, RDX=0x0000000000000007
RSP=0x000000001e25ebb0, RBP=0x0000000000000000, RSI=0x0000000026cb69d0, RDI=0x0000000026cb6c50
R8 =0x0000000000000000, R9 =0x00000000504237e0, R10=0x00000000028f1c90, R11=0x000000000294c020
R12=0x0000000000000000, R13=0x00000000ffffffff, R14=0x0000000026c95ce0, R15=0x0000000026cb69d0
RIP=0x00007ffca298f44c, EFLAGS=0x0000000000000206

Top of Stack: (sp=0x000000001e25ebb0)
0x000000001e25ebb0:   0000000000000057 0000000026b68920
0x000000001e25ebc0:   0000000026cb69d0 0000000026cb6c50
0x000000001e25ebd0:   00000000c000000d 0000000000000000
0x000000001e25ebe0:   00007ffca298f44c 0000000000000000
0x000000001e25ebf0:   0000000000000000 0000000000000000
0x000000001e25ec00:   0000000000000000 0000000000000000
0x000000001e25ec10:   0000000000000000 0000000000000000
0x000000001e25ec20:   0000000000000000 0000000000000000
0x000000001e25ec30:   0000000000000000 0000000000000000
0x000000001e25ec40:   0000000000000000 0000000000000000
0x000000001e25ec50:   0000000000000000 0000000000000000
0x000000001e25ec60:   0000000000000000 0000000000d10cc0
0x000000001e25ec70:   0000dd3493b31d56 0000000000000000
0x000000001e25ec80:   0000000000000000 00007ffca2951899
0x000000001e25ec90:   0000000000000001 00007ffc931ae8db
0x000000001e25eca0:   0000000100000003 0000000000000004 

Instructions: (pc=0x00007ffca298f44c)
0x00007ffca298f42c:   d5 fa ff c7 44 24 20 0d 00 00 c0 b9 57 00 00 00
0x00007ffca298f43c:   e8 7f 13 f6 ff 90 48 8d 4c 24 20 e8 04 bf f4 ff
0x00007ffca298f44c:   eb 00 48 8b 8c 24 c0 00 00 00 48 33 cc e8 82 74
0x00007ffca298f45c:   f9 ff 48 81 c4 d8 00 00 00 c3 40 55 48 83 ec 20 


Register to memory mapping:

RAX=0x0000000050a84103 is an unknown value
RBX=0x0000000026b68920 is an unknown value
RCX=0xfffffff90000004f is an unknown value
RDX=0x0000000000000007 is an unknown value
RSP=0x000000001e25ebb0 is an unknown value
RBP=0x0000000000000000 is an unknown value
RSI=0x0000000026cb69d0 is an unknown value
RDI=0x0000000026cb6c50 is an unknown value
R8 =0x0000000000000000 is an unknown value
R9 =0x00000000504237e0 is an unknown value
R10=0x00000000028f1c90 is an unknown value
R11=0x000000000294c020 is an unknown value
R12=0x0000000000000000 is an unknown value
R13=0x00000000ffffffff is an unknown value
R14=0x0000000026c95ce0 is an unknown value
R15=0x0000000026cb69d0 is an unknown value


Stack: [0x000000001e160000,0x000000001e260000],  sp=0x000000001e25ebb0,  free space=1018k
Native frames: (J=compiled Java code, j=interpreted, Vv=VM code, C=native code)

VM_Operation (0x000000002622d0b0): Exit, mode: safepoint, requested by thread 0x000000001f214800


---------------  P R O C E S S  ---------------

Java Threads: ( => current thread )
  0x000000001f214800 JavaThread "AWT-EventQueue-0" [_thread_blocked, id=7032, stack(0x0000000026130000,0x0000000026230000)]
  0x000000001f1e2800 JavaThread "AWT-Shutdown" [_thread_blocked, id=6184, stack(0x000000001fb70000,0x000000001fc70000)]
  0x000000001f1e1800 JavaThread "Java2D Disposer" daemon [_thread_blocked, id=10052, stack(0x000000001f990000,0x000000001fa90000)]
  0x000000001e420000 JavaThread "Service Thread" daemon [_thread_blocked, id=9032, stack(0x000000001ee60000,0x000000001ef60000)]
  0x000000001e39a000 JavaThread "C1 CompilerThread3" daemon [_thread_blocked, id=5168, stack(0x000000001ed60000,0x000000001ee60000)]
  0x000000001e392000 JavaThread "C2 CompilerThread2" daemon [_thread_blocked, id=5048, stack(0x000000001ec60000,0x000000001ed60000)]
  0x000000001e38b000 JavaThread "C2 CompilerThread1" daemon [_thread_blocked, id=2340, stack(0x000000001eb60000,0x000000001ec60000)]
  0x000000001e387800 JavaThread "C2 CompilerThread0" daemon [_thread_blocked, id=5804, stack(0x000000001ea60000,0x000000001eb60000)]
  0x000000001e386000 JavaThread "Attach Listener" daemon [_thread_blocked, id=6216, stack(0x000000001e960000,0x000000001ea60000)]
  0x000000001c4ae000 JavaThread "Signal Dispatcher" daemon [_thread_blocked, id=5312, stack(0x000000001e860000,0x000000001e960000)]
  0x00000000029f9000 JavaThread "Finalizer" daemon [_thread_blocked, id=3068, stack(0x000000001e760000,0x000000001e860000)]
  0x00000000029f8000 JavaThread "Reference Handler" daemon [_thread_blocked, id=3376, stack(0x000000001e260000,0x000000001e360000)]
  0x0000000002900800 JavaThread "main" [_thread_blocked, id=3956, stack(0x0000000002700000,0x0000000002800000)]

Other Threads:
=>0x000000001c499000 VMThread [stack: 0x000000001e160000,0x000000001e260000] [id=7288]

VM state:at safepoint (shutting down)

VM Mutex/Monitor currently owned by a thread:  ([mutex/lock_event])
[0x00000000028fbcb0] Threads_lock - owner thread: 0x000000001c499000

Heap:
 PSYoungGen      total 42496K, used 6045K [0x000000076af80000, 0x000000076dc80000, 0x00000007c0000000)
  eden space 41984K, 13% used [0x000000076af80000,0x000000076b5375d8,0x000000076d880000)
  from space 512K, 37% used [0x000000076d900000,0x000000076d930000,0x000000076d980000)
  to   space 2048K, 0% used [0x000000076da80000,0x000000076da80000,0x000000076dc80000)
 ParOldGen       total 175104K, used 38869K [0x00000006c0e00000, 0x00000006cb900000, 0x000000076af80000)
  object space 175104K, 22% used [0x00000006c0e00000,0x00000006c33f5618,0x00000006cb900000)
 Metaspace       used 8578K, capacity 8734K, committed 8832K, reserved 1056768K
  class space    used 1029K, capacity 1097K, committed 1152K, reserved 1048576K

Card table byte_map: [0x0000000011dc0000,0x00000000125c0000] byte_map_base: 0x000000000e7b9000

Marking Bits: (ParMarkBitMap*) 0x0000000050c6a6c0
 Begin Bits: [0x0000000013320000, 0x00000000172e8000)
 End Bits:   [0x00000000172e8000, 0x000000001b2b0000)

Polling page: 0x0000000000db0000

CodeCache: size=245760Kb used=2349Kb max_used=2352Kb free=243410Kb
 bounds [0x0000000002a00000, 0x0000000002c70000, 0x0000000011a00000]
 total_blobs=930 nmethods=481 adapters=362
 compilation: enabled

Compilation events (10 events):
Event: 9.020 Thread 0x000000001e39a000  504       1       java.util.concurrent.locks.AbstractOwnableSynchronizer::setExclusiveOwnerThread (6 bytes)
Event: 9.020 Thread 0x000000001e39a000 nmethod 504 0x0000000002c49f10 code [0x0000000002c4a060, 0x0000000002c4a190]
Event: 9.021 Thread 0x000000001e39a000  505       3       sun.awt.EventQueueItem::<init> (10 bytes)
Event: 9.021 Thread 0x000000001e39a000 nmethod 505 0x0000000002c4a1d0 code [0x0000000002c4a320, 0x0000000002c4a4f0]
Event: 9.022 Thread 0x000000001e39a000  506       1       sun.awt.AWTAutoShutdown::getInstance (4 bytes)
Event: 9.022 Thread 0x000000001e39a000 nmethod 506 0x0000000002bad6d0 code [0x0000000002bad820, 0x0000000002bad910]
Event: 9.447 Thread 0x000000001e387800  508       4       sun.java2d.pipe.RenderBuffer::putInt (26 bytes)
Event: 9.448 Thread 0x000000001e387800 nmethod 508 0x0000000002c05f50 code [0x0000000002c06080, 0x0000000002c06118]
Event: 9.782 Thread 0x000000001e39a000  509       3       java.nio.Buffer::<init> (121 bytes)
Event: 9.782 Thread 0x000000001e39a000 nmethod 509 0x0000000002c4b4d0 code [0x0000000002c4b7a0, 0x0000000002c4cc48]

GC Heap History (10 events):
Event: 10.085 GC heap before
{Heap before GC invocations=103 (full 0):
 PSYoungGen      total 46592K, used 44736K [0x000000076af80000, 0x000000076e000000, 0x00000007c0000000)
  eden space 44544K, 100% used [0x000000076af80000,0x000000076db00000,0x000000076db00000)
  from space 2048K, 9% used [0x000000076de00000,0x000000076de30000,0x000000076e000000)
  to   space 2560K, 0% used [0x000000076db00000,0x000000076db00000,0x000000076dd80000)
 ParOldGen       total 175104K, used 38829K [0x00000006c0e00000, 0x00000006cb900000, 0x000000076af80000)
  object space 175104K, 22% used [0x00000006c0e00000,0x00000006c33eb618,0x00000006cb900000)
 Metaspace       used 8573K, capacity 8734K, committed 8832K, reserved 1056768K
  class space    used 1028K, capacity 1097K, committed 1152K, reserved 1048576K
Event: 10.086 GC heap after
Heap after GC invocations=103 (full 0):
 PSYoungGen      total 44544K, used 192K [0x000000076af80000, 0x000000076df80000, 0x00000007c0000000)
  eden space 44032K, 0% used [0x000000076af80000,0x000000076af80000,0x000000076da80000)
  from space 512K, 37% used [0x000000076db00000,0x000000076db30000,0x000000076db80000)
  to   space 2560K, 0% used [0x000000076dd00000,0x000000076dd00000,0x000000076df80000)
 ParOldGen       total 175104K, used 38829K [0x00000006c0e00000, 0x00000006cb900000, 0x000000076af80000)
  object space 175104K, 22% used [0x00000006c0e00000,0x00000006c33eb618,0x00000006cb900000)
 Metaspace       used 8573K, capacity 8734K, committed 8832K, reserved 1056768K
  class space    used 1028K, capacity 1097K, committed 1152K, reserved 1048576K
}
Event: 10.166 GC heap before
{Heap before GC invocations=104 (full 0):
 PSYoungGen      total 44544K, used 44224K [0x000000076af80000, 0x000000076df80000, 0x00000007c0000000)
  eden space 44032K, 100% used [0x000000076af80000,0x000000076da80000,0x000000076da80000)
  from space 512K, 37% used [0x000000076db00000,0x000000076db30000,0x000000076db80000)
  to   space 2560K, 0% used [0x000000076dd00000,0x000000076dd00000,0x000000076df80000)
 ParOldGen       total 175104K, used 38829K [0x00000006c0e00000, 0x00000006cb900000, 0x000000076af80000)
  object space 175104K, 22% used [0x00000006c0e00000,0x00000006c33eb618,0x00000006cb900000)
 Metaspace       used 8573K, capacity 8734K, committed 8832K, reserved 1056768K
  class space    used 1028K, capacity 1097K, committed 1152K, reserved 1048576K
Event: 10.167 GC heap after
Heap after GC invocations=104 (full 0):
 PSYoungGen      total 44544K, used 192K [0x000000076af80000, 0x000000076de00000, 0x00000007c0000000)
  eden space 43520K, 0% used [0x000000076af80000,0x000000076af80000,0x000000076da00000)
  from space 1024K, 18% used [0x000000076dd00000,0x000000076dd30000,0x000000076de00000)
  to   space 2048K, 0% used [0x000000076da00000,0x000000076da00000,0x000000076dc00000)
 ParOldGen       total 175104K, used 38829K [0x00000006c0e00000, 0x00000006cb900000, 0x000000076af80000)
  object space 175104K, 22% used [0x00000006c0e00000,0x00000006c33eb618,0x00000006cb900000)
 Metaspace       used 8573K, capacity 8734K, committed 8832K, reserved 1056768K
  class space    used 1028K, capacity 1097K, committed 1152K, reserved 1048576K
}
Event: 10.245 GC heap before
{Heap before GC invocations=105 (full 0):
 PSYoungGen      total 44544K, used 43712K [0x000000076af80000, 0x000000076de00000, 0x00000007c0000000)
  eden space 43520K, 100% used [0x000000076af80000,0x000000076da00000,0x000000076da00000)
  from space 1024K, 18% used [0x000000076dd00000,0x000000076dd30000,0x000000076de00000)
  to   space 2048K, 0% used [0x000000076da00000,0x000000076da00000,0x000000076dc00000)
 ParOldGen       total 175104K, used 38829K [0x00000006c0e00000, 0x00000006cb900000, 0x000000076af80000)
  object space 175104K, 22% used [0x00000006c0e00000,0x00000006c33eb618,0x00000006cb900000)
 Metaspace       used 8573K, capacity 8734K, committed 8832K, reserved 1056768K
  class space    used 1028K, capacity 1097K, committed 1152K, reserved 1048576K
Event: 10.246 GC heap after
Heap after GC invocations=105 (full 0):
 PSYoungGen      total 43520K, used 224K [0x000000076af80000, 0x000000076dd80000, 0x00000007c0000000)
  eden space 43008K, 0% used [0x000000076af80000,0x000000076af80000,0x000000076d980000)
  from space 512K, 43% used [0x000000076da00000,0x000000076da38000,0x000000076da80000)
  to   space 2048K, 0% used [0x000000076db80000,0x000000076db80000,0x000000076dd80000)
 ParOldGen       total 175104K, used 38829K [0x00000006c0e00000, 0x00000006cb900000, 0x000000076af80000)
  object space 175104K, 22% used [0x00000006c0e00000,0x00000006c33eb618,0x00000006cb900000)
 Metaspace       used 8573K, capacity 8734K, committed 8832K, reserved 1056768K
  class space    used 1028K, capacity 1097K, committed 1152K, reserved 1048576K
}
Event: 10.321 GC heap before
{Heap before GC invocations=106 (full 0):
 PSYoungGen      total 43520K, used 43232K [0x000000076af80000, 0x000000076dd80000, 0x00000007c0000000)
  eden space 43008K, 100% used [0x000000076af80000,0x000000076d980000,0x000000076d980000)
  from space 512K, 43% used [0x000000076da00000,0x000000076da38000,0x000000076da80000)
  to   space 2048K, 0% used [0x000000076db80000,0x000000076db80000,0x000000076dd80000)
 ParOldGen       total 175104K, used 38829K [0x00000006c0e00000, 0x00000006cb900000, 0x000000076af80000)
  object space 175104K, 22% used [0x00000006c0e00000,0x00000006c33eb618,0x00000006cb900000)
 Metaspace       used 8578K, capacity 8734K, committed 8832K, reserved 1056768K
  class space    used 1029K, capacity 1097K, committed 1152K, reserved 1048576K
Event: 10.322 GC heap after
Heap after GC invocations=106 (full 0):
 PSYoungGen      total 44032K, used 192K [0x000000076af80000, 0x000000076dd00000, 0x00000007c0000000)
  eden space 42496K, 0% used [0x000000076af80000,0x000000076af80000,0x000000076d900000)
  from space 1536K, 12% used [0x000000076db80000,0x000000076dbb0000,0x000000076dd00000)
  to   space 2048K, 0% used [0x000000076d900000,0x000000076d900000,0x000000076db00000)
 ParOldGen       total 175104K, used 38829K [0x00000006c0e00000, 0x00000006cb900000, 0x000000076af80000)
  object space 175104K, 22% used [0x00000006c0e00000,0x00000006c33eb618,0x00000006cb900000)
 Metaspace       used 8578K, capacity 8734K, committed 8832K, reserved 1056768K
  class space    used 1029K, capacity 1097K, committed 1152K, reserved 1048576K
}
Event: 10.398 GC heap before
{Heap before GC invocations=107 (full 0):
 PSYoungGen      total 44032K, used 42688K [0x000000076af80000, 0x000000076dd00000, 0x00000007c0000000)
  eden space 42496K, 100% used [0x000000076af80000,0x000000076d900000,0x000000076d900000)
  from space 1536K, 12% used [0x000000076db80000,0x000000076dbb0000,0x000000076dd00000)
  to   space 2048K, 0% used [0x000000076d900000,0x000000076d900000,0x000000076db00000)
 ParOldGen       total 175104K, used 38829K [0x00000006c0e00000, 0x00000006cb900000, 0x000000076af80000)
  object space 175104K, 22% used [0x00000006c0e00000,0x00000006c33eb618,0x00000006cb900000)
 Metaspace       used 8578K, capacity 8734K, committed 8832K, reserved 1056768K
  class space    used 1029K, capacity 1097K, committed 1152K, reserved 1048576K
Event: 10.399 GC heap after
Heap after GC invocations=107 (full 0):
 PSYoungGen      total 42496K, used 192K [0x000000076af80000, 0x000000076dc80000, 0x00000007c0000000)
  eden space 41984K, 0% used [0x000000076af80000,0x000000076af80000,0x000000076d880000)
  from space 512K, 37% used [0x000000076d900000,0x000000076d930000,0x000000076d980000)
  to   space 2048K, 0% used [0x000000076da80000,0x000000076da80000,0x000000076dc80000)
 ParOldGen       total 175104K, used 38869K [0x00000006c0e00000, 0x00000006cb900000, 0x000000076af80000)
  object space 175104K, 22% used [0x00000006c0e00000,0x00000006c33f5618,0x00000006cb900000)
 Metaspace       used 8578K, capacity 8734K, committed 8832K, reserved 1056768K
  class space    used 1029K, capacity 1097K, committed 1152K, reserved 1048576K
}

Deoptimization events (10 events):
Event: 1.464 Thread 0x0000000002900800 Uncommon trap: reason=unstable_if action=reinterpret pc=0x0000000002bdcb70 method=PicRecoginition.isColor(I)Z @ 88
Event: 1.464 Thread 0x0000000002900800 Uncommon trap: reason=unstable_if action=reinterpret pc=0x0000000002bb8f98 method=PicRecoginition.isColor(I)Z @ 88
Event: 1.464 Thread 0x0000000002900800 Uncommon trap: reason=unstable_if action=reinterpret pc=0x0000000002bd9464 method=PicRecoginition.isColor(I)Z @ 88
Event: 1.928 Thread 0x0000000002900800 Uncommon trap: reason=unstable_if action=reinterpret pc=0x0000000002bba3b0 method=PicRecoginition.isColor(I)Z @ 107
Event: 1.928 Thread 0x0000000002900800 Uncommon trap: reason=unstable_if action=reinterpret pc=0x0000000002bee814 method=PicRecoginition.isColor(I)Z @ 107
Event: 1.928 Thread 0x0000000002900800 Uncommon trap: reason=unstable_if action=reinterpret pc=0x0000000002beae2c method=PicRecoginition.isColor(I)Z @ 107
Event: 3.379 Thread 0x0000000002900800 Uncommon trap: reason=unstable_if action=reinterpret pc=0x0000000002c08038 method=PicRecoginition.percentMask([[IIILjava/awt/image/BufferedImage;)I @ 27
Event: 3.502 Thread 0x0000000002900800 Uncommon trap: reason=unstable_if action=reinterpret pc=0x0000000002c17118 method=PicRecoginition.setMask(IIILjava/awt/image/BufferedImage;)I @ 36
Event: 3.503 Thread 0x0000000002900800 Uncommon trap: reason=unstable_if action=reinterpret pc=0x0000000002c10344 method=PicRecoginition.setMask(IIILjava/awt/image/BufferedImage;)I @ 36
Event: 3.528 Thread 0x0000000002900800 Uncommon trap: reason=unstable_if action=reinterpret pc=0x0000000002c1b530 method=PicRecoginition.percentMask([[IIILjava/awt/image/BufferedImage;)I @ 39

Internal exceptions (10 events):
Event: 0.019 Thread 0x0000000002900800 Exception <a 'java/lang/NoSuchMethodError': Method sun.misc.Unsafe.prefetchRead(Ljava/lang/Object;J)V name or signature does not match> (0x000000076af87f60) thrown at [C:\re\workspace\8-2-build-windows-amd64-cygwin\jdk8u111\7883\hotspot\src\share\vm\prims
Event: 0.062 Thread 0x0000000002900800 Exception <a 'java/security/PrivilegedActionException'> (0x000000076b0038a0) thrown at [C:\re\workspace\8-2-build-windows-amd64-cygwin\jdk8u111\7883\hotspot\src\share\vm\prims\jvm.cpp, line 1386]
Event: 0.062 Thread 0x0000000002900800 Exception <a 'java/security/PrivilegedActionException'> (0x000000076b003ab0) thrown at [C:\re\workspace\8-2-build-windows-amd64-cygwin\jdk8u111\7883\hotspot\src\share\vm\prims\jvm.cpp, line 1386]
Event: 0.062 Thread 0x0000000002900800 Exception <a 'java/security/PrivilegedActionException'> (0x000000076b0076f8) thrown at [C:\re\workspace\8-2-build-windows-amd64-cygwin\jdk8u111\7883\hotspot\src\share\vm\prims\jvm.cpp, line 1386]
Event: 0.062 Thread 0x0000000002900800 Exception <a 'java/security/PrivilegedActionException'> (0x000000076b007908) thrown at [C:\re\workspace\8-2-build-windows-amd64-cygwin\jdk8u111\7883\hotspot\src\share\vm\prims\jvm.cpp, line 1386]
Event: 0.064 Thread 0x0000000002900800 Exception <a 'java/io/FileNotFoundException'> (0x000000076b009e20) thrown at [C:\re\workspace\8-2-build-windows-amd64-cygwin\jdk8u111\7883\hotspot\src\share\vm\prims\jni.cpp, line 709]
Event: 0.087 Thread 0x0000000002900800 Exception <a 'java/lang/NoSuchFieldError': method resolution failed> (0x000000076b21ed28) thrown at [C:\re\workspace\8-2-build-windows-amd64-cygwin\jdk8u111\7883\hotspot\src\share\vm\prims\methodHandles.cpp, line 1146]
Event: 0.088 Thread 0x0000000002900800 Exception <a 'java/lang/NoSuchFieldError': method resolution failed> (0x000000076b22c0f8) thrown at [C:\re\workspace\8-2-build-windows-amd64-cygwin\jdk8u111\7883\hotspot\src\share\vm\prims\methodHandles.cpp, line 1146]
Event: 0.110 Thread 0x0000000002900800 Exception <a 'java/io/FileNotFoundException'> (0x000000076b2bfca0) thrown at [C:\re\workspace\8-2-build-windows-amd64-cygwin\jdk8u111\7883\hotspot\src\share\vm\prims\jni.cpp, line 709]
Event: 0.149 Thread 0x0000000002900800 Implicit null exception at 0x0000000002b726dc to 0x0000000002b728b5

Events (10 events):
Event: 10.308 Thread 0x000000001f26b000 Thread exited: 0x000000001f26b000
Event: 10.308 loading class sun/java2d/pipe/hw/AccelDeviceEventNotifier
Event: 10.308 loading class sun/java2d/pipe/hw/AccelDeviceEventNotifier done
Event: 10.320 Thread 0x000000001f1e5000 Thread exited: 0x000000001f1e5000
Event: 10.321 Executing VM operation: ParallelGCFailedAllocation
Event: 10.322 Executing VM operation: ParallelGCFailedAllocation done
Event: 10.398 Executing VM operation: ParallelGCFailedAllocation
Event: 10.399 Executing VM operation: ParallelGCFailedAllocation done
Event: 10.409 Thread 0x000000001e403800 Thread exited: 0x000000001e403800
Event: 10.409 Executing VM operation: Exit


Dynamic libraries:
0x00007ff7c4770000 - 0x00007ff7c47a7000 	C:\Program Files\Java\jre1.8.0_111\bin\javaw.exe
0x00007ffca2890000 - 0x00007ffca2a61000 	C:\Windows\SYSTEM32\ntdll.dll
0x00007ffc9eb70000 - 0x00007ffc9ec1b000 	C:\Windows\System32\KERNEL32.DLL
0x00007ffc8b2d0000 - 0x00007ffc8b324000 	C:\Program Files (x86)\AVG\Av\avghooka.dll
0x00007ffc9de40000 - 0x00007ffc9e05d000 	C:\Windows\System32\KERNELBASE.dll
0x00007ffc9f880000 - 0x00007ffc9f922000 	C:\Windows\System32\ADVAPI32.dll
0x00007ffc9f340000 - 0x00007ffc9f3de000 	C:\Windows\System32\msvcrt.dll
0x00007ffc9eb10000 - 0x00007ffc9eb69000 	C:\Windows\System32\sechost.dll
0x00007ffc9f750000 - 0x00007ffc9f871000 	C:\Windows\System32\RPCRT4.dll
0x00007ffc9f5e0000 - 0x00007ffc9f745000 	C:\Windows\System32\USER32.dll
0x00007ffc9dc90000 - 0x00007ffc9dcae000 	C:\Windows\System32\win32u.dll
0x00007ffc9ec20000 - 0x00007ffc9ec54000 	C:\Windows\System32\GDI32.dll
0x00007ffc9dcb0000 - 0x00007ffc9de32000 	C:\Windows\System32\gdi32full.dll
0x00007ffc945d0000 - 0x00007ffc94849000 	C:\Windows\WinSxS\amd64_microsoft.windows.common-controls_6595b64144ccf1df_6.0.14393.447_none_42191651c6827bb3\COMCTL32.dll
0x00007ffca0f20000 - 0x00007ffca11e8000 	C:\Windows\System32\combase.dll
0x00007ffc9db20000 - 0x00007ffc9dc15000 	C:\Windows\System32\ucrtbase.dll
0x00007ffc9dc20000 - 0x00007ffc9dc8a000 	C:\Windows\System32\bcryptPrimitives.dll
0x00007ffca1550000 - 0x00007ffca157e000 	C:\Windows\System32\IMM32.DLL
0x0000000050370000 - 0x0000000050442000 	C:\Program Files\Java\jre1.8.0_111\bin\msvcr100.dll
0x0000000050450000 - 0x0000000050cea000 	C:\Program Files\Java\jre1.8.0_111\bin\server\jvm.dll
0x00007ffca1520000 - 0x00007ffca1528000 	C:\Windows\System32\PSAPI.DLL
0x00007ffc8f1c0000 - 0x00007ffc8f1c9000 	C:\Windows\SYSTEM32\WSOCK32.dll
0x00007ffca0eb0000 - 0x00007ffca0f1a000 	C:\Windows\System32\WS2_32.dll
0x00007ffc9be00000 - 0x00007ffc9be23000 	C:\Windows\SYSTEM32\WINMM.dll
0x00007ffc99430000 - 0x00007ffc9943a000 	C:\Windows\SYSTEM32\VERSION.dll
0x00007ffc9bda0000 - 0x00007ffc9bdcb000 	C:\Windows\SYSTEM32\WINMMBASE.dll
0x00007ffc9e970000 - 0x00007ffc9e9b2000 	C:\Windows\System32\cfgmgr32.dll
0x0000000050f90000 - 0x0000000050f9f000 	C:\Program Files\Java\jre1.8.0_111\bin\verify.dll
0x0000000050f60000 - 0x0000000050f89000 	C:\Program Files\Java\jre1.8.0_111\bin\java.dll
0x0000000050f40000 - 0x0000000050f56000 	C:\Program Files\Java\jre1.8.0_111\bin\zip.dll
0x00007ffc9f990000 - 0x00007ffca0e99000 	C:\Windows\System32\SHELL32.dll
0x00007ffc9e0c0000 - 0x00007ffc9e79a000 	C:\Windows\System32\windows.storage.dll
0x00007ffc9da10000 - 0x00007ffc9da5c000 	C:\Windows\System32\powrprof.dll
0x00007ffca11f0000 - 0x00007ffca1242000 	C:\Windows\System32\shlwapi.dll
0x00007ffc9da00000 - 0x00007ffc9da0f000 	C:\Windows\System32\kernel.appcore.dll
0x00007ffc9ea60000 - 0x00007ffc9eb09000 	C:\Windows\System32\shcore.dll
0x00007ffc9d9e0000 - 0x00007ffc9d9f4000 	C:\Windows\System32\profapi.dll
0x00007ffc68430000 - 0x00007ffc6a327000 	C:\Users\curti\OneDrive\Programming\opencv\build\java\x64\opencv_java320.dll
0x00007ffc9f190000 - 0x00007ffc9f2c7000 	C:\Windows\System32\ole32.dll
0x00007ffca12c0000 - 0x00007ffca137f000 	C:\Windows\System32\OLEAUT32.dll
0x00007ffc9e9c0000 - 0x00007ffc9ea5c000 	C:\Windows\System32\msvcp_win.dll
0x00007ffc939e0000 - 0x00007ffc93a09000 	C:\Windows\SYSTEM32\MSVFW32.dll
0x00007ffc94cb0000 - 0x00007ffc94cd0000 	C:\Windows\SYSTEM32\AVIFIL32.dll
0x00007ffc930a0000 - 0x00007ffc930b8000 	C:\Windows\SYSTEM32\AVICAP32.dll
0x00007ffc9a6a0000 - 0x00007ffc9a6bc000 	C:\Windows\SYSTEM32\MSACM32.dll
0x00000000501d0000 - 0x0000000050368000 	C:\Program Files\Java\jre1.8.0_111\bin\awt.dll
0x00007ffc9b6f0000 - 0x00007ffc9b76a000 	C:\Windows\SYSTEM32\apphelp.dll
0x00007ffc9b770000 - 0x00007ffc9b796000 	C:\Windows\system32\DWMAPI.DLL
0x00007ffc9c130000 - 0x00007ffc9c1c5000 	C:\Windows\system32\uxtheme.dll
0x00007ffc9f3e0000 - 0x00007ffc9f53b000 	C:\Windows\System32\MSCTF.dll
0x0000000050180000 - 0x00000000501c7000 	C:\Program Files\Java\jre1.8.0_111\bin\fontmanager.dll
0x00007ffc9f540000 - 0x00007ffc9f5df000 	C:\Windows\System32\clbcatq.dll
0x00007ffc93060000 - 0x00007ffc93078000 	C:\Windows\System32\devenum.dll
0x00007ffc9ec60000 - 0x00007ffc9f089000 	C:\Windows\System32\setupapi.dll
0x00007ffc9cd90000 - 0x00007ffc9cdc2000 	C:\Windows\SYSTEM32\ntmarta.dll
0x00007ffc9c5c0000 - 0x00007ffc9c5e8000 	C:\Windows\SYSTEM32\DEVOBJ.dll
0x00007ffc9e060000 - 0x00007ffc9e0b5000 	C:\Windows\System32\WINTRUST.dll
0x00007ffc9da60000 - 0x00007ffc9da70000 	C:\Windows\System32\MSASN1.dll
0x00007ffc9e7a0000 - 0x00007ffc9e969000 	C:\Windows\System32\CRYPT32.dll
0x00007ffc964a0000 - 0x00007ffc964aa000 	C:\Windows\SYSTEM32\msdmo.dll
0x00007ffc8f2c0000 - 0x00007ffc8f2f3000 	C:\Windows\System32\qcap.dll
0x00007ffc85430000 - 0x00007ffc855f3000 	C:\Windows\System32\quartz.dll
0x00007ffc9d920000 - 0x00007ffc9d94b000 	C:\Windows\System32\bcrypt.dll
0x00007ffc8ae80000 - 0x00007ffc8aec8000 	C:\Windows\System32\mfksproxy.dll
0x00007ffc88320000 - 0x00007ffc8833c000 	C:\Windows\System32\ATL.DLL
0x00007ffc89650000 - 0x00007ffc8969e000 	C:\Windows\System32\MFSENSORGROUP.dll
0x00007ffc9b560000 - 0x00007ffc9b6c8000 	C:\Windows\System32\MFPlat.DLL
0x00007ffc9b1e0000 - 0x00007ffc9b20e000 	C:\Windows\System32\RTWorkQ.DLL
0x00007ffc79a00000 - 0x00007ffc79deb000 	C:\Windows\System32\MFCORE.dll
0x00007ffc96910000 - 0x00007ffc96919000 	C:\Windows\System32\ksuser.dll
0x00007ffc9d4b0000 - 0x00007ffc9d4bb000 	C:\Windows\System32\CRYPTBASE.DLL
0x00007ffc8ad60000 - 0x00007ffc8adb3000 	C:\Windows\System32\FSClient.dll
0x00007ffc9ac70000 - 0x00007ffc9ac7b000 	C:\Windows\System32\AVRT.dll
0x00007ffc98ca0000 - 0x00007ffc98cad000 	C:\Windows\System32\vidcap.ax
0x00007ffc8ae50000 - 0x00007ffc8ae75000 	C:\Windows\System32\kswdmcap.ax
0x00007ffc7f8f0000 - 0x00007ffc7fa53000 	C:\Windows\System32\MFC42.dll
0x00007ffc90f50000 - 0x00007ffc90fff000 	C:\Windows\System32\ODBC32.dll
0x00007ffc9cf60000 - 0x00007ffc9cf6a000 	C:\Windows\System32\DPAPI.dll
0x00007ffc930c0000 - 0x00007ffc93103000 	C:\Windows\SYSTEM32\policymanager.dll
0x00007ffc9c3a0000 - 0x00007ffc9c431000 	C:\Windows\System32\msvcp110_win.dll
0x00007ffc93190000 - 0x00007ffc93264000 	C:\Windows\System32\MFReadWrite.dll
0x00007ffc852e0000 - 0x00007ffc85383000 	C:\Windows\System32\qedit.dll
0x00007ffc9f090000 - 0x00007ffc9f18a000 	C:\Windows\System32\COMDLG32.dll
0x00007ffc95e50000 - 0x00007ffc95fea000 	C:\Windows\WinSxS\amd64_microsoft.windows.gdiplus_6595b64144ccf1df_1.1.14393.321_none_72fe05dd211a5fae\gdiplus.dll
0x00007ffc848d0000 - 0x00007ffc849c7000 	C:\Windows\System32\DDRAW.dll
0x00007ffc93b80000 - 0x00007ffc93b88000 	C:\Windows\System32\DCIMAN32.dll
0x00007ffc939d0000 - 0x00007ffc939dc000 	C:\Windows\SYSTEM32\msyuv.dll
0x00007ffc96d60000 - 0x00007ffc96ef2000 	C:\Windows\SYSTEM32\dbghelp.dll

VM Arguments:
jvm_args: -Dfile.encoding=Cp1252 
java_command: OverCoat
java_class_path (initial): C:\Users\curti\OneDrive\Programming\HoundDog\bin;C:\Users\curti\OneDrive\Programming\opencv\build\java\opencv-320.jar
Launcher Type: SUN_STANDARD

Environment Variables:
PATH=C:/Program Files/Java/jre1.8.0_111/bin/server;C:/Program Files/Java/jre1.8.0_111/bin;C:/Program Files/Java/jre1.8.0_111/lib/amd64;C:\ProgramData\Oracle\Java\javapath;C:\Windows\system32;C:\Windows;C:\Windows\System32\Wbem;C:\Windows\System32\WindowsPowerShell\v1.0\;C:\Users\curti\AppData\Local\Microsoft\WindowsApps;;C:\Users\curti\Desktop;
USERNAME=curti
OS=Windows_NT
PROCESSOR_IDENTIFIER=Intel64 Family 6 Model 60 Stepping 3, GenuineIntel



---------------  S Y S T E M  ---------------

OS: Windows 10.0 , 64 bit Build 14393 (10.0.14393.0)

CPU:total 8 (4 cores per cpu, 2 threads per core) family 6 model 60 stepping 3, cmov, cx8, fxsr, mmx, sse, sse2, sse3, ssse3, sse4.1, sse4.2, popcnt, avx, avx2, aes, clmul, erms, lzcnt, ht, tsc, tscinvbit, bmi1, bmi2

Memory: 4k page, physical 16713384k(12367612k free), swap 19203752k(13690808k free)

vm_info: Java HotSpot(TM) 64-Bit Server VM (25.111-b14) for windows-amd64 JRE (1.8.0_111-b14), built on Sep 22 2016 19:24:05 by "java_re" with MS VC++ 10.0 (VS2010)

time: Mon Jan 16 10:13:57 2017
elapsed time: 10 seconds (0d 0h 0m 10s)

