#
# A fatal error has been detected by the Java Runtime Environment:
#
#  Internal Error (0xc000000d), pid=5900, tid=0x0000000000000ba0
#
# JRE version: Java(TM) SE Runtime Environment (8.0_111-b14) (build 1.8.0_111-b14)
# Java VM: Java HotSpot(TM) 64-Bit Server VM (25.111-b14 mixed mode windows-amd64 compressed oops)
# Problematic frame:
# C  [ntdll.dll+0xff44c]
#
# Failed to write core dump. Minidumps are not enabled by default on client versions of Windows
#
# If you would like to submit a bug report, please visit:
#   http://bugreport.java.com/bugreport/crash.jsp
#

---------------  T H R E A D  ---------------

Current thread (0x000000001c1f7800):  VMThread [stack: 0x000000001d290000,0x000000001d390000] [id=2976]

siginfo: ExceptionCode=0xc000000d

Registers:
RAX=0x000000005ee34103, RBX=0x00000000211afd70, RCX=0xfffffff90000004f, RDX=0x0000000000000007
RSP=0x000000001d38edb0, RBP=0x0000000000000000, RSI=0x0000000020d68fa0, RDI=0x0000000020d9c1c0
R8 =0x0000000000000000, R9 =0x000000005e7037e0, R10=0x0000000001161fd0, R11=0x000000001c1f89e0
R12=0x0000000000000000, R13=0x00000000ffffffff, R14=0x0000000020d8cfa0, R15=0x0000000020d68fa0
RIP=0x00007ff94075f44c, EFLAGS=0x0000000000000202

Top of Stack: (sp=0x000000001d38edb0)
0x000000001d38edb0:   0000000000000057 00000000211afd70
0x000000001d38edc0:   0000000020d68fa0 0000000020d9c1c0
0x000000001d38edd0:   00000000c000000d 0000000000000000
0x000000001d38ede0:   00007ff94075f44c 0000000000000000
0x000000001d38edf0:   0000000000000000 0000000000000000
0x000000001d38ee00:   0000000000000000 0000000000000000
0x000000001d38ee10:   0000000000000000 0000000000000000
0x000000001d38ee20:   0000000000000000 0000000000000000
0x000000001d38ee30:   0000000000000000 0000000000000000
0x000000001d38ee40:   0000000000000000 0000000000000000
0x000000001d38ee50:   0000000000000000 0000000000000000
0x000000001d38ee60:   0000000000000000 0000000000000003
0x000000001d38ee70:   00003f516ab8dcd6 0000000000000000
0x000000001d38ee80:   0000000000cac000 00007ff940721899
0x000000001d38ee90:   0000000000b60000 00007ff92312e8db
0x000000001d38eea0:   00000000ffffffff 0000000000000000 

Instructions: (pc=0x00007ff94075f44c)
0x00007ff94075f42c:   d5 fa ff c7 44 24 20 0d 00 00 c0 b9 57 00 00 00
0x00007ff94075f43c:   e8 7f 13 f6 ff 90 48 8d 4c 24 20 e8 04 bf f4 ff
0x00007ff94075f44c:   eb 00 48 8b 8c 24 c0 00 00 00 48 33 cc e8 82 74
0x00007ff94075f45c:   f9 ff 48 81 c4 d8 00 00 00 c3 40 55 48 83 ec 20 


Register to memory mapping:

RAX=0x000000005ee34103 is an unknown value
RBX=0x00000000211afd70 is an unknown value
RCX=0xfffffff90000004f is an unknown value
RDX=0x0000000000000007 is an unknown value
RSP=0x000000001d38edb0 is an unknown value
RBP=0x0000000000000000 is an unknown value
RSI=0x0000000020d68fa0 is an unknown value
RDI=0x0000000020d9c1c0 is an unknown value
R8 =0x0000000000000000 is an unknown value
R9 =0x000000005e7037e0 is an unknown value
R10=0x0000000001161fd0 is an unknown value
R11=0x000000001c1f89e0 is an unknown value
R12=0x0000000000000000 is an unknown value
R13=0x00000000ffffffff is an unknown value
R14=0x0000000020d8cfa0 is an unknown value
R15=0x0000000020d68fa0 is an unknown value


Stack: [0x000000001d290000,0x000000001d390000],  sp=0x000000001d38edb0,  free space=1019k
Native frames: (J=compiled Java code, j=interpreted, Vv=VM code, C=native code)

VM_Operation (0x000000002091d1b0): Exit, mode: safepoint, requested by thread 0x000000001de83800


---------------  P R O C E S S  ---------------

Java Threads: ( => current thread )
  0x000000001de83800 JavaThread "AWT-EventQueue-0" [_thread_blocked, id=8964, stack(0x0000000020820000,0x0000000020920000)]
  0x000000001de5e000 JavaThread "AWT-Shutdown" [_thread_blocked, id=8768, stack(0x000000001e650000,0x000000001e750000)]
  0x000000001de5c800 JavaThread "Java2D Disposer" daemon [_thread_blocked, id=1984, stack(0x000000001e550000,0x000000001e650000)]
  0x000000001da98000 JavaThread "Service Thread" daemon [_thread_blocked, id=11856, stack(0x000000001de90000,0x000000001df90000)]
  0x000000001c28d800 JavaThread "C1 CompilerThread2" daemon [_thread_blocked, id=11808, stack(0x000000001d990000,0x000000001da90000)]
  0x000000001c28b000 JavaThread "C2 CompilerThread1" daemon [_thread_blocked, id=6224, stack(0x000000001d890000,0x000000001d990000)]
  0x000000001c22c800 JavaThread "C2 CompilerThread0" daemon [_thread_blocked, id=2952, stack(0x000000001d790000,0x000000001d890000)]
  0x000000001c22a000 JavaThread "Attach Listener" daemon [_thread_blocked, id=5168, stack(0x000000001d690000,0x000000001d790000)]
  0x000000001c229000 JavaThread "Signal Dispatcher" daemon [_thread_blocked, id=3800, stack(0x000000001d590000,0x000000001d690000)]
  0x000000001c21a800 JavaThread "Finalizer" daemon [_thread_blocked, id=5588, stack(0x000000001d490000,0x000000001d590000)]
  0x0000000002bff000 JavaThread "Reference Handler" daemon [_thread_blocked, id=1140, stack(0x000000001d390000,0x000000001d490000)]
  0x0000000002b10800 JavaThread "main" [_thread_blocked, id=4740, stack(0x0000000002a10000,0x0000000002b10000)]

Other Threads:
=>0x000000001c1f7800 VMThread [stack: 0x000000001d290000,0x000000001d390000] [id=2976]

VM state:at safepoint (shutting down)

VM Mutex/Monitor currently owned by a thread:  ([mutex/lock_event])
[0x000000000116c6b0] Threads_lock - owner thread: 0x000000001c1f7800

Heap:
 PSYoungGen      total 65024K, used 46630K [0x000000076b100000, 0x0000000778480000, 0x00000007c0000000)
  eden space 64512K, 72% used [0x000000076b100000,0x000000076de69a78,0x000000076f000000)
  from space 512K, 25% used [0x0000000778380000,0x00000007783a0000,0x0000000778400000)
  to   space 512K, 0% used [0x0000000778400000,0x0000000778400000,0x0000000778480000)
 ParOldGen       total 67072K, used 42145K [0x00000006c1200000, 0x00000006c5380000, 0x000000076b100000)
  object space 67072K, 62% used [0x00000006c1200000,0x00000006c3b286c0,0x00000006c5380000)
 Metaspace       used 8584K, capacity 8760K, committed 9088K, reserved 1056768K
  class space    used 1002K, capacity 1064K, committed 1152K, reserved 1048576K

Card table byte_map: [0x0000000011fd0000,0x00000000127d0000] byte_map_base: 0x000000000e9c7000

Marking Bits: (ParMarkBitMap*) 0x000000005f01a6c0
 Begin Bits: [0x0000000013120000, 0x00000000170d8000)
 End Bits:   [0x00000000170d8000, 0x000000001b090000)

Polling page: 0x0000000001140000

CodeCache: size=245760Kb used=2463Kb max_used=2463Kb free=243296Kb
 bounds [0x0000000002c10000, 0x0000000002e80000, 0x0000000011c10000]
 total_blobs=1031 nmethods=595 adapters=349
 compilation: enabled

Compilation events (10 events):
Event: 226.667 Thread 0x000000001c28d800  647       1       java.beans.PropertyChangeEvent::getNewValue (5 bytes)
Event: 226.668 Thread 0x000000001c28d800 nmethod 647 0x0000000002dd9a50 code [0x0000000002dd9ba0, 0x0000000002dd9cb0]
Event: 226.669 Thread 0x000000001c28d800  648       3       java.awt.Component::eventTypeEnabled (487 bytes)
Event: 226.671 Thread 0x000000001c28d800 nmethod 648 0x0000000002e71c50 code [0x0000000002e71e00, 0x0000000002e72890]
Event: 226.671 Thread 0x000000001c28d800  649   !   3       java.awt.EventQueue::setCurrentEventAndMostRecentTimeImpl (185 bytes)
Event: 226.675 Thread 0x000000001c28d800 nmethod 649 0x0000000002e78fd0 code [0x0000000002e79240, 0x0000000002e7a8b8]
Event: 226.675 Thread 0x000000001c28d800  650       3       java.lang.Math::max (12 bytes)
Event: 226.676 Thread 0x000000001c28d800 nmethod 650 0x0000000002df9b90 code [0x0000000002df9ce0, 0x0000000002df9e70]
Event: 228.363 Thread 0x000000001c28d800  651       3       java.awt.AWTEvent::<init> (81 bytes)
Event: 228.364 Thread 0x000000001c28d800 nmethod 651 0x0000000002e784d0 code [0x0000000002e78680, 0x0000000002e78cc8]

GC Heap History (10 events):
Event: 227.782 GC heap before
{Heap before GC invocations=2167 (full 20):
 PSYoungGen      total 72704K, used 72320K [0x000000076b100000, 0x0000000778480000, 0x00000007c0000000)
  eden space 72192K, 100% used [0x000000076b100000,0x000000076f780000,0x000000076f780000)
  from space 512K, 25% used [0x0000000778400000,0x0000000778420000,0x0000000778480000)
  to   space 512K, 0% used [0x0000000778380000,0x0000000778380000,0x0000000778400000)
 ParOldGen       total 67072K, used 30445K [0x00000006c1200000, 0x00000006c5380000, 0x000000076b100000)
  object space 67072K, 45% used [0x00000006c1200000,0x00000006c2fbb5f0,0x00000006c5380000)
 Metaspace       used 8583K, capacity 8760K, committed 9088K, reserved 1056768K
  class space    used 1002K, capacity 1064K, committed 1152K, reserved 1048576K
Event: 227.782 GC heap after
Heap after GC invocations=2167 (full 20):
 PSYoungGen      total 71168K, used 128K [0x000000076b100000, 0x0000000778480000, 0x00000007c0000000)
  eden space 70656K, 0% used [0x000000076b100000,0x000000076b100000,0x000000076f600000)
  from space 512K, 25% used [0x0000000778380000,0x00000007783a0000,0x0000000778400000)
  to   space 512K, 0% used [0x0000000778400000,0x0000000778400000,0x0000000778480000)
 ParOldGen       total 67072K, used 33145K [0x00000006c1200000, 0x00000006c5380000, 0x000000076b100000)
  object space 67072K, 49% used [0x00000006c1200000,0x00000006c325e620,0x00000006c5380000)
 Metaspace       used 8583K, capacity 8760K, committed 9088K, reserved 1056768K
  class space    used 1002K, capacity 1064K, committed 1152K, reserved 1048576K
}
Event: 227.933 GC heap before
{Heap before GC invocations=2168 (full 20):
 PSYoungGen      total 71168K, used 70784K [0x000000076b100000, 0x0000000778480000, 0x00000007c0000000)
  eden space 70656K, 100% used [0x000000076b100000,0x000000076f600000,0x000000076f600000)
  from space 512K, 25% used [0x0000000778380000,0x00000007783a0000,0x0000000778400000)
  to   space 512K, 0% used [0x0000000778400000,0x0000000778400000,0x0000000778480000)
 ParOldGen       total 67072K, used 33145K [0x00000006c1200000, 0x00000006c5380000, 0x000000076b100000)
  object space 67072K, 49% used [0x00000006c1200000,0x00000006c325e620,0x00000006c5380000)
 Metaspace       used 8583K, capacity 8760K, committed 9088K, reserved 1056768K
  class space    used 1002K, capacity 1064K, committed 1152K, reserved 1048576K
Event: 227.934 GC heap after
Heap after GC invocations=2168 (full 20):
 PSYoungGen      total 69632K, used 128K [0x000000076b100000, 0x0000000778480000, 0x00000007c0000000)
  eden space 69120K, 0% used [0x000000076b100000,0x000000076b100000,0x000000076f480000)
  from space 512K, 25% used [0x0000000778400000,0x0000000778420000,0x0000000778480000)
  to   space 512K, 0% used [0x0000000778380000,0x0000000778380000,0x0000000778400000)
 ParOldGen       total 67072K, used 35845K [0x00000006c1200000, 0x00000006c5380000, 0x000000076b100000)
  object space 67072K, 53% used [0x00000006c1200000,0x00000006c3501650,0x00000006c5380000)
 Metaspace       used 8583K, capacity 8760K, committed 9088K, reserved 1056768K
  class space    used 1002K, capacity 1064K, committed 1152K, reserved 1048576K
}
Event: 228.068 GC heap before
{Heap before GC invocations=2169 (full 20):
 PSYoungGen      total 69632K, used 69248K [0x000000076b100000, 0x0000000778480000, 0x00000007c0000000)
  eden space 69120K, 100% used [0x000000076b100000,0x000000076f480000,0x000000076f480000)
  from space 512K, 25% used [0x0000000778400000,0x0000000778420000,0x0000000778480000)
  to   space 512K, 0% used [0x0000000778380000,0x0000000778380000,0x0000000778400000)
 ParOldGen       total 67072K, used 35845K [0x00000006c1200000, 0x00000006c5380000, 0x000000076b100000)
  object space 67072K, 53% used [0x00000006c1200000,0x00000006c3501650,0x00000006c5380000)
 Metaspace       used 8583K, capacity 8760K, committed 9088K, reserved 1056768K
  class space    used 1002K, capacity 1064K, committed 1152K, reserved 1048576K
Event: 228.068 GC heap after
Heap after GC invocations=2169 (full 20):
 PSYoungGen      total 68096K, used 128K [0x000000076b100000, 0x0000000778480000, 0x00000007c0000000)
  eden space 67584K, 0% used [0x000000076b100000,0x000000076b100000,0x000000076f300000)
  from space 512K, 25% used [0x0000000778380000,0x00000007783a0000,0x0000000778400000)
  to   space 512K, 0% used [0x0000000778400000,0x0000000778400000,0x0000000778480000)
 ParOldGen       total 67072K, used 38545K [0x00000006c1200000, 0x00000006c5380000, 0x000000076b100000)
  object space 67072K, 57% used [0x00000006c1200000,0x00000006c37a4680,0x00000006c5380000)
 Metaspace       used 8583K, capacity 8760K, committed 9088K, reserved 1056768K
  class space    used 1002K, capacity 1064K, committed 1152K, reserved 1048576K
}
Event: 228.207 GC heap before
{Heap before GC invocations=2170 (full 20):
 PSYoungGen      total 68096K, used 67199K [0x000000076b100000, 0x0000000778480000, 0x00000007c0000000)
  eden space 67584K, 99% used [0x000000076b100000,0x000000076f27fe70,0x000000076f300000)
  from space 512K, 25% used [0x0000000778380000,0x00000007783a0000,0x0000000778400000)
  to   space 512K, 0% used [0x0000000778400000,0x0000000778400000,0x0000000778480000)
 ParOldGen       total 67072K, used 38545K [0x00000006c1200000, 0x00000006c5380000, 0x000000076b100000)
  object space 67072K, 57% used [0x00000006c1200000,0x00000006c37a4680,0x00000006c5380000)
 Metaspace       used 8583K, capacity 8760K, committed 9088K, reserved 1056768K
  class space    used 1002K, capacity 1064K, committed 1152K, reserved 1048576K
Event: 228.207 GC heap after
Heap after GC invocations=2170 (full 20):
 PSYoungGen      total 66560K, used 128K [0x000000076b100000, 0x0000000778480000, 0x00000007c0000000)
  eden space 66048K, 0% used [0x000000076b100000,0x000000076b100000,0x000000076f180000)
  from space 512K, 25% used [0x0000000778400000,0x0000000778420000,0x0000000778480000)
  to   space 512K, 0% used [0x0000000778380000,0x0000000778380000,0x0000000778400000)
 ParOldGen       total 67072K, used 39445K [0x00000006c1200000, 0x00000006c5380000, 0x000000076b100000)
  object space 67072K, 58% used [0x00000006c1200000,0x00000006c3885690,0x00000006c5380000)
 Metaspace       used 8583K, capacity 8760K, committed 9088K, reserved 1056768K
  class space    used 1002K, capacity 1064K, committed 1152K, reserved 1048576K
}
Event: 228.346 GC heap before
{Heap before GC invocations=2171 (full 20):
 PSYoungGen      total 66560K, used 66176K [0x000000076b100000, 0x0000000778480000, 0x00000007c0000000)
  eden space 66048K, 100% used [0x000000076b100000,0x000000076f180000,0x000000076f180000)
  from space 512K, 25% used [0x0000000778400000,0x0000000778420000,0x0000000778480000)
  to   space 512K, 0% used [0x0000000778380000,0x0000000778380000,0x0000000778400000)
 ParOldGen       total 67072K, used 39445K [0x00000006c1200000, 0x00000006c5380000, 0x000000076b100000)
  object space 67072K, 58% used [0x00000006c1200000,0x00000006c3885690,0x00000006c5380000)
 Metaspace       used 8583K, capacity 8760K, committed 9088K, reserved 1056768K
  class space    used 1002K, capacity 1064K, committed 1152K, reserved 1048576K
Event: 228.346 GC heap after
Heap after GC invocations=2171 (full 20):
 PSYoungGen      total 65024K, used 128K [0x000000076b100000, 0x0000000778480000, 0x00000007c0000000)
  eden space 64512K, 0% used [0x000000076b100000,0x000000076b100000,0x000000076f000000)
  from space 512K, 25% used [0x0000000778380000,0x00000007783a0000,0x0000000778400000)
  to   space 512K, 0% used [0x0000000778400000,0x0000000778400000,0x0000000778480000)
 ParOldGen       total 67072K, used 42145K [0x00000006c1200000, 0x00000006c5380000, 0x000000076b100000)
  object space 67072K, 62% used [0x00000006c1200000,0x00000006c3b286c0,0x00000006c5380000)
 Metaspace       used 8583K, capacity 8760K, committed 9088K, reserved 1056768K
  class space    used 1002K, capacity 1064K, committed 1152K, reserved 1048576K
}

Deoptimization events (10 events):
Event: 1.071 Thread 0x0000000002b10800 Uncommon trap: reason=unstable_if action=reinterpret pc=0x0000000002de4080 method=PicRecoginition.isColor(I)Z @ 107
Event: 1.071 Thread 0x0000000002b10800 Uncommon trap: reason=unstable_if action=reinterpret pc=0x0000000002dc24f0 method=PicRecoginition.isColor(I)Z @ 107
Event: 1.076 Thread 0x0000000002b10800 Uncommon trap: reason=unstable_if action=reinterpret pc=0x0000000002dbdefc method=java.awt.image.ComponentColorModel.getRGB(Ljava/lang/Object;)I @ 4
Event: 1.193 Thread 0x0000000002b10800 Uncommon trap: reason=unstable_if action=reinterpret pc=0x0000000002def020 method=PicRecoginition.percentMask([[IIILjava/awt/image/BufferedImage;)I @ 11
Event: 1.198 Thread 0x0000000002b10800 Uncommon trap: reason=unstable_if action=reinterpret pc=0x0000000002dc9094 method=PicRecoginition.winCheck(III)V @ 7
Event: 1.198 Thread 0x0000000002b10800 Uncommon trap: reason=unstable_if action=reinterpret pc=0x0000000002dc5530 method=PicRecoginition.percentMask([[IIILjava/awt/image/BufferedImage;)I @ 11
Event: 1.343 Thread 0x0000000002b10800 Uncommon trap: reason=unstable_if action=reinterpret pc=0x0000000002df6af8 method=PicRecoginition.percentMask([[IIILjava/awt/image/BufferedImage;)I @ 11
Event: 55.691 Thread 0x0000000002b10800 Uncommon trap: reason=unstable_if action=reinterpret pc=0x0000000002de0248 method=PicRecoginition.setMask(IIILjava/awt/image/BufferedImage;)I @ 36
Event: 58.448 Thread 0x0000000002b10800 Uncommon trap: reason=unstable_if action=reinterpret pc=0x0000000002dfa72c method=PicRecoginition.percentMask([[IIILjava/awt/image/BufferedImage;)I @ 49
Event: 58.448 Thread 0x0000000002b10800 Uncommon trap: reason=unstable_if action=reinterpret pc=0x0000000002df38b8 method=PicRecoginition.percentMask([[IIILjava/awt/image/BufferedImage;)I @ 49

Internal exceptions (10 events):
Event: 0.048 Thread 0x0000000002b10800 Exception <a 'java/lang/NoSuchMethodError': Method sun.misc.Unsafe.prefetchRead(Ljava/lang/Object;J)V name or signature does not match> (0x000000076b107f60) thrown at [C:\re\workspace\8-2-build-windows-amd64-cygwin\jdk8u111\7883\hotspot\src\share\vm\prims
Event: 0.179 Thread 0x0000000002b10800 Exception <a 'java/security/PrivilegedActionException'> (0x000000076b184f20) thrown at [C:\re\workspace\8-2-build-windows-amd64-cygwin\jdk8u111\7883\hotspot\src\share\vm\prims\jvm.cpp, line 1386]
Event: 0.179 Thread 0x0000000002b10800 Exception <a 'java/security/PrivilegedActionException'> (0x000000076b185130) thrown at [C:\re\workspace\8-2-build-windows-amd64-cygwin\jdk8u111\7883\hotspot\src\share\vm\prims\jvm.cpp, line 1386]
Event: 0.180 Thread 0x0000000002b10800 Exception <a 'java/security/PrivilegedActionException'> (0x000000076b188d78) thrown at [C:\re\workspace\8-2-build-windows-amd64-cygwin\jdk8u111\7883\hotspot\src\share\vm\prims\jvm.cpp, line 1386]
Event: 0.180 Thread 0x0000000002b10800 Exception <a 'java/security/PrivilegedActionException'> (0x000000076b188f88) thrown at [C:\re\workspace\8-2-build-windows-amd64-cygwin\jdk8u111\7883\hotspot\src\share\vm\prims\jvm.cpp, line 1386]
Event: 0.185 Thread 0x0000000002b10800 Exception <a 'java/io/FileNotFoundException'> (0x000000076b18b4a0) thrown at [C:\re\workspace\8-2-build-windows-amd64-cygwin\jdk8u111\7883\hotspot\src\share\vm\prims\jni.cpp, line 709]
Event: 0.219 Thread 0x0000000002b10800 Exception <a 'java/lang/NoSuchFieldError': method resolution failed> (0x000000076b3a0390) thrown at [C:\re\workspace\8-2-build-windows-amd64-cygwin\jdk8u111\7883\hotspot\src\share\vm\prims\methodHandles.cpp, line 1146]
Event: 0.220 Thread 0x0000000002b10800 Exception <a 'java/lang/NoSuchFieldError': method resolution failed> (0x000000076b3ad760) thrown at [C:\re\workspace\8-2-build-windows-amd64-cygwin\jdk8u111\7883\hotspot\src\share\vm\prims\methodHandles.cpp, line 1146]
Event: 0.251 Thread 0x0000000002b10800 Exception <a 'java/io/FileNotFoundException'> (0x000000076b441308) thrown at [C:\re\workspace\8-2-build-windows-amd64-cygwin\jdk8u111\7883\hotspot\src\share\vm\prims\jni.cpp, line 709]
Event: 0.273 Thread 0x0000000002b10800 Implicit null exception at 0x0000000002d7eb26 to 0x0000000002d7ed0d

Events (10 events):
Event: 228.207 Executing VM operation: ParallelGCFailedAllocation
Event: 228.207 Executing VM operation: ParallelGCFailedAllocation done
Event: 228.346 Executing VM operation: ParallelGCFailedAllocation
Event: 228.346 Executing VM operation: ParallelGCFailedAllocation done
Event: 228.363 Thread 0x000000001db5d000 Thread added: 0x000000001db5d000
Event: 228.364 Thread 0x000000001db5e000 Thread added: 0x000000001db5e000
Event: 228.364 Thread 0x000000001db5d000 Thread exited: 0x000000001db5d000
Event: 228.410 Thread 0x000000001de62800 Thread exited: 0x000000001de62800
Event: 228.464 Thread 0x000000001db5e000 Thread exited: 0x000000001db5e000
Event: 228.465 Executing VM operation: Exit


Dynamic libraries:
0x00007ff6280f0000 - 0x00007ff628127000 	C:\Program Files\Java\jre1.8.0_111\bin\javaw.exe
0x00007ff940660000 - 0x00007ff940831000 	C:\WINDOWS\SYSTEM32\ntdll.dll
0x00007ff93d270000 - 0x00007ff93d31b000 	C:\WINDOWS\System32\KERNEL32.DLL
0x00007ff923f80000 - 0x00007ff923fd4000 	C:\Program Files (x86)\AVG\Av\avghooka.dll
0x00007ff93bf60000 - 0x00007ff93c17d000 	C:\WINDOWS\System32\KERNELBASE.dll
0x00007ff93d320000 - 0x00007ff93d3c2000 	C:\WINDOWS\System32\ADVAPI32.dll
0x00007ff93cd80000 - 0x00007ff93ce1e000 	C:\WINDOWS\System32\msvcrt.dll
0x00007ff93f2f0000 - 0x00007ff93f349000 	C:\WINDOWS\System32\sechost.dll
0x00007ff93f1c0000 - 0x00007ff93f2e1000 	C:\WINDOWS\System32\RPCRT4.dll
0x00007ff93ee00000 - 0x00007ff93ef65000 	C:\WINDOWS\System32\USER32.dll
0x00007ff93c860000 - 0x00007ff93c87e000 	C:\WINDOWS\System32\win32u.dll
0x00007ff93edb0000 - 0x00007ff93ede4000 	C:\WINDOWS\System32\GDI32.dll
0x00007ff93bcd0000 - 0x00007ff93be52000 	C:\WINDOWS\System32\gdi32full.dll
0x00007ff92b510000 - 0x00007ff92b789000 	C:\WINDOWS\WinSxS\amd64_microsoft.windows.common-controls_6595b64144ccf1df_6.0.14393.447_none_42191651c6827bb3\COMCTL32.dll
0x00007ff93cea0000 - 0x00007ff93d168000 	C:\WINDOWS\System32\combase.dll
0x00007ff93be60000 - 0x00007ff93bf55000 	C:\WINDOWS\System32\ucrtbase.dll
0x00007ff93bc60000 - 0x00007ff93bcca000 	C:\WINDOWS\System32\bcryptPrimitives.dll
0x00007ff93ed80000 - 0x00007ff93edae000 	C:\WINDOWS\System32\IMM32.DLL
0x000000005e650000 - 0x000000005e722000 	C:\Program Files\Java\jre1.8.0_111\bin\msvcr100.dll
0x000000005e800000 - 0x000000005f09a000 	C:\Program Files\Java\jre1.8.0_111\bin\server\jvm.dll
0x00007ff93ef70000 - 0x00007ff93ef78000 	C:\WINDOWS\System32\PSAPI.DLL
0x00007ff90ee40000 - 0x00007ff90ee49000 	C:\WINDOWS\SYSTEM32\WSOCK32.dll
0x00007ff93cd10000 - 0x00007ff93cd7a000 	C:\WINDOWS\System32\WS2_32.dll
0x00007ff939c40000 - 0x00007ff939c63000 	C:\WINDOWS\SYSTEM32\WINMM.dll
0x00007ff92f700000 - 0x00007ff92f70a000 	C:\WINDOWS\SYSTEM32\VERSION.dll
0x00007ff939c10000 - 0x00007ff939c3b000 	C:\WINDOWS\SYSTEM32\WINMMBASE.dll
0x00007ff93bb70000 - 0x00007ff93bbb2000 	C:\WINDOWS\System32\cfgmgr32.dll
0x000000005e7f0000 - 0x000000005e7ff000 	C:\Program Files\Java\jre1.8.0_111\bin\verify.dll
0x000000005e7c0000 - 0x000000005e7e9000 	C:\Program Files\Java\jre1.8.0_111\bin\java.dll
0x000000005e7a0000 - 0x000000005e7b6000 	C:\Program Files\Java\jre1.8.0_111\bin\zip.dll
0x00007ff93d740000 - 0x00007ff93ec49000 	C:\WINDOWS\System32\SHELL32.dll
0x00007ff93c180000 - 0x00007ff93c85a000 	C:\WINDOWS\System32\windows.storage.dll
0x00007ff93b7b0000 - 0x00007ff93b7fc000 	C:\WINDOWS\System32\powrprof.dll
0x00007ff93d170000 - 0x00007ff93d1c2000 	C:\WINDOWS\System32\shlwapi.dll
0x00007ff93b800000 - 0x00007ff93b80f000 	C:\WINDOWS\System32\kernel.appcore.dll
0x00007ff93bac0000 - 0x00007ff93bb69000 	C:\WINDOWS\System32\shcore.dll
0x00007ff93b820000 - 0x00007ff93b834000 	C:\WINDOWS\System32\profapi.dll
0x00007ff8f1720000 - 0x00007ff8f3617000 	C:\Users\curti\OneDrive\Programming\opencv\build\java\x64\opencv_java320.dll
0x00007ff93ef80000 - 0x00007ff93f0b7000 	C:\WINDOWS\System32\ole32.dll
0x00007ff93ec50000 - 0x00007ff93ed0f000 	C:\WINDOWS\System32\OLEAUT32.dll
0x00007ff93bbc0000 - 0x00007ff93bc5c000 	C:\WINDOWS\System32\msvcp_win.dll
0x00007ff934580000 - 0x00007ff9345a9000 	C:\WINDOWS\SYSTEM32\MSVFW32.dll
0x00007ff934560000 - 0x00007ff934580000 	C:\WINDOWS\SYSTEM32\AVIFIL32.dll
0x00007ff934540000 - 0x00007ff934558000 	C:\WINDOWS\SYSTEM32\AVICAP32.dll
0x00007ff934520000 - 0x00007ff93453c000 	C:\WINDOWS\SYSTEM32\MSACM32.dll
0x000000005e4b0000 - 0x000000005e648000 	C:\Program Files\Java\jre1.8.0_111\bin\awt.dll
0x00007ff939870000 - 0x00007ff9398ea000 	C:\WINDOWS\SYSTEM32\apphelp.dll
0x00007ff939840000 - 0x00007ff939866000 	C:\WINDOWS\system32\DWMAPI.DLL
0x00007ff939ee0000 - 0x00007ff939f75000 	C:\WINDOWS\system32\uxtheme.dll
0x00007ff93d440000 - 0x00007ff93d59b000 	C:\WINDOWS\System32\MSCTF.dll
0x00007ff9122c0000 - 0x00007ff912358000 	C:\Program Files\Common Files\microsoft shared\ink\tiptsf.dll
0x000000005e460000 - 0x000000005e4a7000 	C:\Program Files\Java\jre1.8.0_111\bin\fontmanager.dll
0x00007ff93d1d0000 - 0x00007ff93d26f000 	C:\WINDOWS\System32\clbcatq.dll
0x00007ff912400000 - 0x00007ff9125aa000 	C:\Windows\System32\uiautomationcore.dll
0x00007ff93af00000 - 0x00007ff93af1f000 	C:\Windows\System32\USERENV.dll
0x00007ff93b650000 - 0x00007ff93b6e8000 	C:\WINDOWS\SYSTEM32\sxs.dll
0x00007ff925c70000 - 0x00007ff925cd5000 	C:\Windows\System32\OLEACC.dll
0x00007ff9125b0000 - 0x00007ff91262d000 	C:\WINDOWS\SYSTEM32\twinapi.dll
0x00007ff93a280000 - 0x00007ff93a39c000 	C:\WINDOWS\SYSTEM32\twinapi.appcore.dll
0x00007ff93b6f0000 - 0x00007ff93b71b000 	C:\WINDOWS\SYSTEM32\bcrypt.dll
0x00007ff934500000 - 0x00007ff934518000 	C:\Windows\System32\devenum.dll
0x00007ff93c8e0000 - 0x00007ff93cd09000 	C:\WINDOWS\System32\setupapi.dll
0x00007ff93ab60000 - 0x00007ff93ab92000 	C:\WINDOWS\SYSTEM32\ntmarta.dll
0x00007ff93a420000 - 0x00007ff93a448000 	C:\WINDOWS\SYSTEM32\DEVOBJ.dll
0x00007ff93c880000 - 0x00007ff93c8d5000 	C:\WINDOWS\System32\WINTRUST.dll
0x00007ff93b810000 - 0x00007ff93b820000 	C:\WINDOWS\System32\MSASN1.dll
0x00007ff93b840000 - 0x00007ff93ba09000 	C:\WINDOWS\System32\CRYPT32.dll
0x00007ff9344f0000 - 0x00007ff9344fa000 	C:\WINDOWS\SYSTEM32\msdmo.dll
0x00007ff9344b0000 - 0x00007ff9344e3000 	C:\Windows\System32\qcap.dll
0x00007ff933b00000 - 0x00007ff933cc3000 	C:\Windows\System32\quartz.dll
0x00007ff934460000 - 0x00007ff9344a8000 	C:\Windows\System32\mfksproxy.dll
0x00007ff938130000 - 0x00007ff93814c000 	C:\Windows\System32\ATL.DLL
0x00007ff934210000 - 0x00007ff93425e000 	C:\Windows\System32\MFSENSORGROUP.dll
0x00007ff9374f0000 - 0x00007ff937658000 	C:\Windows\System32\MFPlat.DLL
0x00007ff937ae0000 - 0x00007ff937b0e000 	C:\Windows\System32\RTWorkQ.DLL
0x00007ff90b410000 - 0x00007ff90b7fb000 	C:\Windows\System32\MFCORE.dll
0x00007ff934450000 - 0x00007ff934459000 	C:\Windows\System32\ksuser.dll
0x00007ff93b240000 - 0x00007ff93b24b000 	C:\Windows\System32\CRYPTBASE.DLL
0x00007ff924690000 - 0x00007ff9246e3000 	C:\Windows\System32\FSClient.dll
0x00007ff937a90000 - 0x00007ff937a9b000 	C:\Windows\System32\AVRT.dll
0x00007ff934440000 - 0x00007ff93444d000 	C:\Windows\System32\vidcap.ax
0x00007ff933ad0000 - 0x00007ff933af5000 	C:\Windows\System32\kswdmcap.ax
0x00007ff923ca0000 - 0x00007ff923e03000 	C:\Windows\System32\MFC42.dll
0x00007ff932c40000 - 0x00007ff932cef000 	C:\Windows\System32\ODBC32.dll
0x00007ff93acd0000 - 0x00007ff93acda000 	C:\Windows\System32\DPAPI.dll
0x00007ff938960000 - 0x00007ff9389a3000 	C:\WINDOWS\SYSTEM32\policymanager.dll
0x00007ff93a1e0000 - 0x00007ff93a271000 	C:\Windows\System32\msvcp110_win.dll
0x00007ff923110000 - 0x00007ff9231e4000 	C:\Windows\System32\MFReadWrite.dll
0x00007ff923bf0000 - 0x00007ff923c93000 	C:\Windows\System32\qedit.dll
0x00007ff93f0c0000 - 0x00007ff93f1ba000 	C:\WINDOWS\System32\COMDLG32.dll
0x00007ff925ce0000 - 0x00007ff925e7a000 	C:\WINDOWS\WinSxS\amd64_microsoft.windows.gdiplus_6595b64144ccf1df_1.1.14393.321_none_72fe05dd211a5fae\gdiplus.dll
0x00007ff9086a0000 - 0x00007ff908797000 	C:\Windows\System32\DDRAW.dll
0x00007ff939ca0000 - 0x00007ff939ca8000 	C:\Windows\System32\DCIMAN32.dll
0x00007ff934430000 - 0x00007ff93443c000 	C:\WINDOWS\SYSTEM32\msyuv.dll
0x00007ff912b80000 - 0x00007ff912bde000 	C:\WINDOWS\system32\Ninput.dll
0x00007ff937f80000 - 0x00007ff938112000 	C:\WINDOWS\SYSTEM32\dbghelp.dll

VM Arguments:
jvm_args: -Dfile.encoding=Cp1252 
java_command: OverCoat
java_class_path (initial): C:\Users\curti\OneDrive\Programming\HoundDog\bin;C:\Users\curti\OneDrive\Programming\opencv\build\java\opencv-320.jar
Launcher Type: SUN_STANDARD

Environment Variables:
PATH=C:/Program Files/Java/jre1.8.0_111/bin/server;C:/Program Files/Java/jre1.8.0_111/bin;C:/Program Files/Java/jre1.8.0_111/lib/amd64;C:\ProgramData\Oracle\Java\javapath;C:\Program Files (x86)\NVIDIA Corporation\PhysX\Common;C:\WINDOWS\system32;C:\WINDOWS;C:\WINDOWS\System32\Wbem;C:\WINDOWS\System32\WindowsPowerShell\v1.0\;C:\WINDOWS\system32\config\systemprofile\.dnx\bin;C:\Program Files\Microsoft DNX\Dnvm\;C:\Program Files (x86)\Windows Kits\8.1\Windows Performance Toolkit\;C:\Program Files\Microsoft SQL Server\120\Tools\Binn\;C:\Program Files\Microsoft SQL Server\130\Tools\Binn\;C:\Program Files\Microsoft SQL Server\Client SDK\ODBC\110\Tools\Binn\;C:\Program Files (x86)\Microsoft SQL Server\120\Tools\Binn\;C:\Program Files\Microsoft SQL Server\120\DTS\Binn\;C:\Program Files\Git\cmd;C:\Users\curti\AppData\Local\Microsoft\WindowsApps;;C:\Users\curti\Desktop\desktop stuff;
USERNAME=curti
OS=Windows_NT
PROCESSOR_IDENTIFIER=Intel64 Family 6 Model 78 Stepping 3, GenuineIntel



---------------  S Y S T E M  ---------------

OS: Windows 10.0 , 64 bit Build 14393 (10.0.14393.0)

CPU:total 4 (2 cores per cpu, 2 threads per core) family 6 model 78 stepping 3, cmov, cx8, fxsr, mmx, sse, sse2, sse3, ssse3, sse4.1, sse4.2, popcnt, avx, avx2, aes, clmul, erms, rtm, 3dnowpref, lzcnt, ht, tsc, tscinvbit, bmi1, bmi2, adx

Memory: 4k page, physical 16701568k(11727640k free), swap 19191936k(13834140k free)

vm_info: Java HotSpot(TM) 64-Bit Server VM (25.111-b14) for windows-amd64 JRE (1.8.0_111-b14), built on Sep 22 2016 19:24:05 by "java_re" with MS VC++ 10.0 (VS2010)

time: Mon Jan 16 20:24:13 2017
elapsed time: 228 seconds (0d 0h 3m 48s)

