#
# A fatal error has been detected by the Java Runtime Environment:
#
#  Internal Error (0xc000000d), pid=4956, tid=0x00000000000016bc
#
# JRE version: Java(TM) SE Runtime Environment (8.0_111-b14) (build 1.8.0_111-b14)
# Java VM: Java HotSpot(TM) 64-Bit Server VM (25.111-b14 mixed mode windows-amd64 compressed oops)
# Problematic frame:
# C  [ntdll.dll+0xff44c]
#
# Failed to write core dump. Minidumps are not enabled by default on client versions of Windows
#
# If you would like to submit a bug report, please visit:
#   http://bugreport.java.com/bugreport/crash.jsp
#

---------------  T H R E A D  ---------------

Current thread (0x000000001c7d9000):  VMThread [stack: 0x000000001e4c0000,0x000000001e5c0000] [id=5820]

siginfo: ExceptionCode=0xc000000d

Registers:
RAX=0x0000000050a84103, RBX=0x0000000026b93180, RCX=0xfffffff90000004f, RDX=0x0000000000000007
RSP=0x000000001e5bee10, RBP=0x0000000000000000, RSI=0x00000000270d69d0, RDI=0x00000000270d6a80
R8 =0x0000000000000000, R9 =0x00000000504237e0, R10=0x0000000002b31ca0, R11=0x000000001c7da010
R12=0x0000000000000000, R13=0x00000000ffffffff, R14=0x00000000270b5ce0, R15=0x00000000270d69d0
RIP=0x00007ffca298f44c, EFLAGS=0x0000000000000206

Top of Stack: (sp=0x000000001e5bee10)
0x000000001e5bee10:   0000000000000057 0000000026b93180
0x000000001e5bee20:   00000000270d69d0 00000000270d6a80
0x000000001e5bee30:   00000000c000000d 0000000000000000
0x000000001e5bee40:   00007ffca298f44c 0000000000000000
0x000000001e5bee50:   0000000000000000 0000000000000000
0x000000001e5bee60:   0000000000000000 0000000000000000
0x000000001e5bee70:   0000000000000000 0000000000000000
0x000000001e5bee80:   0000000000000000 0000000000000000
0x000000001e5bee90:   0000000000000000 0000000000000000
0x000000001e5beea0:   0000000000000000 0000000000000000
0x000000001e5beeb0:   0000000000000000 0000000000000000
0x000000001e5beec0:   0000000000000000 0000000001240cc0
0x000000001e5beed0:   0000ed334b85d00c 0000000000000000
0x000000001e5beee0:   0000000000000000 00007ffca2951899
0x000000001e5beef0:   0000000000000001 00007ffc931ae8db
0x000000001e5bef00:   0000000100000003 0000000000000004 

Instructions: (pc=0x00007ffca298f44c)
0x00007ffca298f42c:   d5 fa ff c7 44 24 20 0d 00 00 c0 b9 57 00 00 00
0x00007ffca298f43c:   e8 7f 13 f6 ff 90 48 8d 4c 24 20 e8 04 bf f4 ff
0x00007ffca298f44c:   eb 00 48 8b 8c 24 c0 00 00 00 48 33 cc e8 82 74
0x00007ffca298f45c:   f9 ff 48 81 c4 d8 00 00 00 c3 40 55 48 83 ec 20 


Register to memory mapping:

RAX=0x0000000050a84103 is an unknown value
RBX=0x0000000026b93180 is an unknown value
RCX=0xfffffff90000004f is an unknown value
RDX=0x0000000000000007 is an unknown value
RSP=0x000000001e5bee10 is an unknown value
RBP=0x0000000000000000 is an unknown value
RSI=0x00000000270d69d0 is an unknown value
RDI=0x00000000270d6a80 is an unknown value
R8 =0x0000000000000000 is an unknown value
R9 =0x00000000504237e0 is an unknown value
R10=0x0000000002b31ca0 is an unknown value
R11=0x000000001c7da010 is an unknown value
R12=0x0000000000000000 is an unknown value
R13=0x00000000ffffffff is an unknown value
R14=0x00000000270b5ce0 is an unknown value
R15=0x00000000270d69d0 is an unknown value


Stack: [0x000000001e4c0000,0x000000001e5c0000],  sp=0x000000001e5bee10,  free space=1019k
Native frames: (J=compiled Java code, j=interpreted, Vv=VM code, C=native code)

VM_Operation (0x000000002660cdb0): Exit, mode: safepoint, requested by thread 0x000000001f64c000


---------------  P R O C E S S  ---------------

Java Threads: ( => current thread )
  0x000000001f64c000 JavaThread "AWT-EventQueue-0" [_thread_blocked, id=6032, stack(0x0000000026510000,0x0000000026610000)]
  0x000000001f62c000 JavaThread "AWT-Shutdown" [_thread_blocked, id=5016, stack(0x000000001ff90000,0x0000000020090000)]
  0x000000001f62b800 JavaThread "Java2D Disposer" daemon [_thread_blocked, id=8288, stack(0x000000001fde0000,0x000000001fee0000)]
  0x000000001e785800 JavaThread "Service Thread" daemon [_thread_blocked, id=624, stack(0x000000001f2b0000,0x000000001f3b0000)]
  0x000000001e6fb000 JavaThread "C1 CompilerThread3" daemon [_thread_blocked, id=4220, stack(0x000000001f1b0000,0x000000001f2b0000)]
  0x000000001e6f1000 JavaThread "C2 CompilerThread2" daemon [_thread_blocked, id=4472, stack(0x000000001f0b0000,0x000000001f1b0000)]
  0x000000001e6ea000 JavaThread "C2 CompilerThread1" daemon [_thread_blocked, id=4592, stack(0x000000001efb0000,0x000000001f0b0000)]
  0x000000001e6e6800 JavaThread "C2 CompilerThread0" daemon [_thread_blocked, id=5328, stack(0x000000001eeb0000,0x000000001efb0000)]
  0x000000001e6e4800 JavaThread "Attach Listener" daemon [_thread_blocked, id=8304, stack(0x000000001edb0000,0x000000001eeb0000)]
  0x000000001c7ee800 JavaThread "Signal Dispatcher" daemon [_thread_blocked, id=6480, stack(0x000000001ecb0000,0x000000001edb0000)]
  0x000000001e6e0800 JavaThread "Finalizer" daemon [_thread_blocked, id=7800, stack(0x000000001eac0000,0x000000001ebc0000)]
  0x0000000002d36000 JavaThread "Reference Handler" daemon [_thread_blocked, id=4752, stack(0x000000001e5c0000,0x000000001e6c0000)]
  0x0000000002c40800 JavaThread "main" [_thread_blocked, id=4944, stack(0x0000000002b40000,0x0000000002c40000)]

Other Threads:
=>0x000000001c7d9000 VMThread [stack: 0x000000001e4c0000,0x000000001e5c0000] [id=5820]

VM state:at safepoint (shutting down)

VM Mutex/Monitor currently owned by a thread:  ([mutex/lock_event])
[0x0000000002b3bf30] Threads_lock - owner thread: 0x000000001c7d9000

Heap:
 PSYoungGen      total 46080K, used 13796K [0x000000076af80000, 0x000000076e280000, 0x00000007c0000000)
  eden space 40960K, 21% used [0x000000076af80000,0x000000076b84c208,0x000000076d780000)
  from space 5120K, 93% used [0x000000076d800000,0x000000076dcad050,0x000000076dd00000)
  to   space 5632K, 0% used [0x000000076dd00000,0x000000076dd00000,0x000000076e280000)
 ParOldGen       total 175104K, used 113962K [0x00000006c0e00000, 0x00000006cb900000, 0x000000076af80000)
  object space 175104K, 65% used [0x00000006c0e00000,0x00000006c7d4ab28,0x00000006cb900000)
 Metaspace       used 8927K, capacity 9126K, committed 9344K, reserved 1056768K
  class space    used 1030K, capacity 1097K, committed 1152K, reserved 1048576K

Card table byte_map: [0x0000000012100000,0x0000000012900000] byte_map_base: 0x000000000eaf9000

Marking Bits: (ParMarkBitMap*) 0x0000000050c6a6c0
 Begin Bits: [0x0000000013660000, 0x0000000017628000)
 End Bits:   [0x0000000017628000, 0x000000001b5f0000)

Polling page: 0x0000000002a60000

CodeCache: size=245760Kb used=3124Kb max_used=3136Kb free=242635Kb
 bounds [0x0000000002d40000, 0x0000000003060000, 0x0000000011d40000]
 total_blobs=1216 nmethods=767 adapters=362
 compilation: enabled

Compilation events (10 events):
Event: 35.096 Thread 0x000000001e6fb000  811       3       java.awt.event.InvocationEvent::<init> (52 bytes)
Event: 35.097 Thread 0x000000001e6fb000 nmethod 811 0x000000000304d1d0 code [0x000000000304d340, 0x000000000304d5a8]
Event: 35.097 Thread 0x000000001e6fb000  812   !   3       sun.awt.GlobalCursorManager$NativeUpdater::postIfNotPending (48 bytes)
Event: 35.097 Thread 0x000000001e6f1000  813       4       java.util.concurrent.locks.ReentrantLock::lock (8 bytes)
Event: 35.097 Thread 0x000000001e6fb000 nmethod 812 0x000000000304d650 code [0x000000000304d800, 0x000000000304e088]
Event: 35.097 Thread 0x000000001e6f1000 nmethod 813 0x0000000003051150 code [0x00000000030512c0, 0x0000000003051410]
Event: 35.099 Thread 0x000000001e6fb000  814   !   3       java.awt.event.InputEvent::canAccessSystemClipboard (57 bytes)
Event: 35.099 Thread 0x000000001e6f1000  815       4       java.util.concurrent.locks.ReentrantLock::unlock (10 bytes)
Event: 35.100 Thread 0x000000001e6fb000 nmethod 814 0x00000000030500d0 code [0x00000000030502e0, 0x0000000003050d38]
Event: 35.101 Thread 0x000000001e6f1000 nmethod 815 0x000000000304e710 code [0x000000000304e860, 0x000000000304ea28]

GC Heap History (10 events):
Event: 34.790 GC heap before
{Heap before GC invocations=245 (full 0):
 PSYoungGen      total 48128K, used 46348K [0x000000076af80000, 0x000000076e400000, 0x00000007c0000000)
  eden space 43520K, 100% used [0x000000076af80000,0x000000076da00000,0x000000076da00000)
  from space 4608K, 61% used [0x000000076df80000,0x000000076e243030,0x000000076e400000)
  to   space 5120K, 0% used [0x000000076da00000,0x000000076da00000,0x000000076df00000)
 ParOldGen       total 175104K, used 112042K [0x00000006c0e00000, 0x00000006cb900000, 0x000000076af80000)
  object space 175104K, 63% used [0x00000006c0e00000,0x00000006c7b6ab08,0x00000006cb900000)
 Metaspace       used 8839K, capacity 9062K, committed 9344K, reserved 1056768K
  class space    used 1029K, capacity 1097K, committed 1152K, reserved 1048576K
Event: 34.790 GC heap after
Heap after GC invocations=245 (full 0):
 PSYoungGen      total 46080K, used 2924K [0x000000076af80000, 0x000000076e380000, 0x00000007c0000000)
  eden space 43008K, 0% used [0x000000076af80000,0x000000076af80000,0x000000076d980000)
  from space 3072K, 95% used [0x000000076da00000,0x000000076dcdb030,0x000000076dd00000)
  to   space 5120K, 0% used [0x000000076de80000,0x000000076de80000,0x000000076e380000)
 ParOldGen       total 175104K, used 112042K [0x00000006c0e00000, 0x00000006cb900000, 0x000000076af80000)
  object space 175104K, 63% used [0x00000006c0e00000,0x00000006c7b6ab08,0x00000006cb900000)
 Metaspace       used 8839K, capacity 9062K, committed 9344K, reserved 1056768K
  class space    used 1029K, capacity 1097K, committed 1152K, reserved 1048576K
}
Event: 34.939 GC heap before
{Heap before GC invocations=246 (full 0):
 PSYoungGen      total 46080K, used 45932K [0x000000076af80000, 0x000000076e380000, 0x00000007c0000000)
  eden space 43008K, 100% used [0x000000076af80000,0x000000076d980000,0x000000076d980000)
  from space 3072K, 95% used [0x000000076da00000,0x000000076dcdb030,0x000000076dd00000)
  to   space 5120K, 0% used [0x000000076de80000,0x000000076de80000,0x000000076e380000)
 ParOldGen       total 175104K, used 112042K [0x00000006c0e00000, 0x00000006cb900000, 0x000000076af80000)
  object space 175104K, 63% used [0x00000006c0e00000,0x00000006c7b6ab08,0x00000006cb900000)
 Metaspace       used 8839K, capacity 9062K, committed 9344K, reserved 1056768K
  class space    used 1029K, capacity 1097K, committed 1152K, reserved 1048576K
Event: 34.940 GC heap after
Heap after GC invocations=246 (full 0):
 PSYoungGen      total 47104K, used 2860K [0x000000076af80000, 0x000000076e300000, 0x00000007c0000000)
  eden space 42496K, 0% used [0x000000076af80000,0x000000076af80000,0x000000076d900000)
  from space 4608K, 62% used [0x000000076de80000,0x000000076e14b030,0x000000076e300000)
  to   space 5120K, 0% used [0x000000076d900000,0x000000076d900000,0x000000076de00000)
 ParOldGen       total 175104K, used 112074K [0x00000006c0e00000, 0x00000006cb900000, 0x000000076af80000)
  object space 175104K, 64% used [0x00000006c0e00000,0x00000006c7b72b08,0x00000006cb900000)
 Metaspace       used 8839K, capacity 9062K, committed 9344K, reserved 1056768K
  class space    used 1029K, capacity 1097K, committed 1152K, reserved 1048576K
}
Event: 35.093 GC heap before
{Heap before GC invocations=247 (full 0):
 PSYoungGen      total 47104K, used 45356K [0x000000076af80000, 0x000000076e300000, 0x00000007c0000000)
  eden space 42496K, 100% used [0x000000076af80000,0x000000076d900000,0x000000076d900000)
  from space 4608K, 62% used [0x000000076de80000,0x000000076e14b030,0x000000076e300000)
  to   space 5120K, 0% used [0x000000076d900000,0x000000076d900000,0x000000076de00000)
 ParOldGen       total 175104K, used 112074K [0x00000006c0e00000, 0x00000006cb900000, 0x000000076af80000)
  object space 175104K, 64% used [0x00000006c0e00000,0x00000006c7b72b08,0x00000006cb900000)
 Metaspace       used 8915K, capacity 9126K, committed 9344K, reserved 1056768K
  class space    used 1029K, capacity 1097K, committed 1152K, reserved 1048576K
Event: 35.094 GC heap after
Heap after GC invocations=247 (full 0):
 PSYoungGen      total 45056K, used 2892K [0x000000076af80000, 0x000000076e280000, 0x00000007c0000000)
  eden space 41984K, 0% used [0x000000076af80000,0x000000076af80000,0x000000076d880000)
  from space 3072K, 94% used [0x000000076d900000,0x000000076dbd3030,0x000000076dc00000)
  to   space 5120K, 0% used [0x000000076dd80000,0x000000076dd80000,0x000000076e280000)
 ParOldGen       total 175104K, used 112098K [0x00000006c0e00000, 0x00000006cb900000, 0x000000076af80000)
  object space 175104K, 64% used [0x00000006c0e00000,0x00000006c7b78b08,0x00000006cb900000)
 Metaspace       used 8915K, capacity 9126K, committed 9344K, reserved 1056768K
  class space    used 1029K, capacity 1097K, committed 1152K, reserved 1048576K
}
Event: 35.247 GC heap before
{Heap before GC invocations=248 (full 0):
 PSYoungGen      total 45056K, used 44876K [0x000000076af80000, 0x000000076e280000, 0x00000007c0000000)
  eden space 41984K, 100% used [0x000000076af80000,0x000000076d880000,0x000000076d880000)
  from space 3072K, 94% used [0x000000076d900000,0x000000076dbd3030,0x000000076dc00000)
  to   space 5120K, 0% used [0x000000076dd80000,0x000000076dd80000,0x000000076e280000)
 ParOldGen       total 175104K, used 112098K [0x00000006c0e00000, 0x00000006cb900000, 0x000000076af80000)
  object space 175104K, 64% used [0x00000006c0e00000,0x00000006c7b78b08,0x00000006cb900000)
 Metaspace       used 8922K, capacity 9126K, committed 9344K, reserved 1056768K
  class space    used 1029K, capacity 1097K, committed 1152K, reserved 1048576K
Event: 35.248 GC heap after
Heap after GC invocations=248 (full 0):
 PSYoungGen      total 46080K, used 2860K [0x000000076af80000, 0x000000076e200000, 0x00000007c0000000)
  eden space 41472K, 0% used [0x000000076af80000,0x000000076af80000,0x000000076d800000)
  from space 4608K, 62% used [0x000000076dd80000,0x000000076e04b030,0x000000076e200000)
  to   space 5120K, 0% used [0x000000076d800000,0x000000076d800000,0x000000076dd00000)
 ParOldGen       total 175104K, used 112130K [0x00000006c0e00000, 0x00000006cb900000, 0x000000076af80000)
  object space 175104K, 64% used [0x00000006c0e00000,0x00000006c7b80b08,0x00000006cb900000)
 Metaspace       used 8922K, capacity 9126K, committed 9344K, reserved 1056768K
  class space    used 1029K, capacity 1097K, committed 1152K, reserved 1048576K
}
Event: 35.402 GC heap before
{Heap before GC invocations=249 (full 0):
 PSYoungGen      total 46080K, used 44312K [0x000000076af80000, 0x000000076e200000, 0x00000007c0000000)
  eden space 41472K, 99% used [0x000000076af80000,0x000000076d7fb258,0x000000076d800000)
  from space 4608K, 62% used [0x000000076dd80000,0x000000076e04b030,0x000000076e200000)
  to   space 5120K, 0% used [0x000000076d800000,0x000000076d800000,0x000000076dd00000)
 ParOldGen       total 175104K, used 112130K [0x00000006c0e00000, 0x00000006cb900000, 0x000000076af80000)
  object space 175104K, 64% used [0x00000006c0e00000,0x00000006c7b80b08,0x00000006cb900000)
 Metaspace       used 8926K, capacity 9126K, committed 9344K, reserved 1056768K
  class space    used 1030K, capacity 1097K, committed 1152K, reserved 1048576K
Event: 35.403 GC heap after
Heap after GC invocations=249 (full 0):
 PSYoungGen      total 46080K, used 4788K [0x000000076af80000, 0x000000076e280000, 0x00000007c0000000)
  eden space 40960K, 0% used [0x000000076af80000,0x000000076af80000,0x000000076d780000)
  from space 5120K, 93% used [0x000000076d800000,0x000000076dcad050,0x000000076dd00000)
  to   space 5632K, 0% used [0x000000076dd00000,0x000000076dd00000,0x000000076e280000)
 ParOldGen       total 175104K, used 113962K [0x00000006c0e00000, 0x00000006cb900000, 0x000000076af80000)
  object space 175104K, 65% used [0x00000006c0e00000,0x00000006c7d4ab28,0x00000006cb900000)
 Metaspace       used 8926K, capacity 9126K, committed 9344K, reserved 1056768K
  class space    used 1030K, capacity 1097K, committed 1152K, reserved 1048576K
}

Deoptimization events (8 events):
Event: 0.160 Thread 0x0000000002c40800 Uncommon trap: reason=null_check action=make_not_entrant pc=0x0000000002eb3d44 method=java.lang.String.equals(Ljava/lang/Object;)Z @ 8
Event: 0.669 Thread 0x0000000002c40800 Uncommon trap: reason=unstable_if action=reinterpret pc=0x0000000002efc17c method=PicRecoginition.isColor(I)Z @ 14
Event: 0.680 Thread 0x0000000002c40800 Uncommon trap: reason=unstable_if action=reinterpret pc=0x0000000002efb36c method=PicRecoginition.porcessedImg(Ljava/awt/image/BufferedImage;)Ljava/awt/image/BufferedImage; @ 89
Event: 0.687 Thread 0x0000000002c40800 Uncommon trap: reason=unstable_if action=reinterpret pc=0x0000000002ef2bfc method=java.awt.image.ComponentColorModel.getRGB(Ljava/lang/Object;)I @ 4
Event: 0.940 Thread 0x0000000002c40800 Uncommon trap: reason=unstable_if action=reinterpret pc=0x0000000002f1976c method=PicRecoginition.isColor(I)Z @ 88
Event: 0.940 Thread 0x0000000002c40800 Uncommon trap: reason=unstable_if action=reinterpret pc=0x0000000002efc3e8 method=PicRecoginition.isColor(I)Z @ 88
Event: 0.940 Thread 0x0000000002c40800 Uncommon trap: reason=unstable_if action=reinterpret pc=0x0000000002f15ee8 method=PicRecoginition.isColor(I)Z @ 88
Event: 5.288 Thread 0x0000000002c40800 Uncommon trap: reason=unstable_if action=reinterpret pc=0x0000000002f5ddbc method=PicRecoginition.percentMask([[IIILjava/awt/image/BufferedImage;)I @ 36

Internal exceptions (10 events):
Event: 0.022 Thread 0x0000000002c40800 Exception <a 'java/lang/NoSuchMethodError': Method sun.misc.Unsafe.prefetchRead(Ljava/lang/Object;J)V name or signature does not match> (0x000000076af87f60) thrown at [C:\re\workspace\8-2-build-windows-amd64-cygwin\jdk8u111\7883\hotspot\src\share\vm\prims
Event: 0.069 Thread 0x0000000002c40800 Exception <a 'java/security/PrivilegedActionException'> (0x000000076b003908) thrown at [C:\re\workspace\8-2-build-windows-amd64-cygwin\jdk8u111\7883\hotspot\src\share\vm\prims\jvm.cpp, line 1386]
Event: 0.069 Thread 0x0000000002c40800 Exception <a 'java/security/PrivilegedActionException'> (0x000000076b003b18) thrown at [C:\re\workspace\8-2-build-windows-amd64-cygwin\jdk8u111\7883\hotspot\src\share\vm\prims\jvm.cpp, line 1386]
Event: 0.070 Thread 0x0000000002c40800 Exception <a 'java/security/PrivilegedActionException'> (0x000000076b007760) thrown at [C:\re\workspace\8-2-build-windows-amd64-cygwin\jdk8u111\7883\hotspot\src\share\vm\prims\jvm.cpp, line 1386]
Event: 0.070 Thread 0x0000000002c40800 Exception <a 'java/security/PrivilegedActionException'> (0x000000076b007970) thrown at [C:\re\workspace\8-2-build-windows-amd64-cygwin\jdk8u111\7883\hotspot\src\share\vm\prims\jvm.cpp, line 1386]
Event: 0.073 Thread 0x0000000002c40800 Exception <a 'java/io/FileNotFoundException'> (0x000000076b009e88) thrown at [C:\re\workspace\8-2-build-windows-amd64-cygwin\jdk8u111\7883\hotspot\src\share\vm\prims\jni.cpp, line 709]
Event: 0.095 Thread 0x0000000002c40800 Exception <a 'java/lang/NoSuchFieldError': method resolution failed> (0x000000076b21ed28) thrown at [C:\re\workspace\8-2-build-windows-amd64-cygwin\jdk8u111\7883\hotspot\src\share\vm\prims\methodHandles.cpp, line 1146]
Event: 0.096 Thread 0x0000000002c40800 Exception <a 'java/lang/NoSuchFieldError': method resolution failed> (0x000000076b22c0f8) thrown at [C:\re\workspace\8-2-build-windows-amd64-cygwin\jdk8u111\7883\hotspot\src\share\vm\prims\methodHandles.cpp, line 1146]
Event: 0.121 Thread 0x0000000002c40800 Exception <a 'java/io/FileNotFoundException'> (0x000000076b2bfca0) thrown at [C:\re\workspace\8-2-build-windows-amd64-cygwin\jdk8u111\7883\hotspot\src\share\vm\prims\jni.cpp, line 709]
Event: 0.160 Thread 0x0000000002c40800 Implicit null exception at 0x0000000002eb3b5c to 0x0000000002eb3d35

Events (10 events):
Event: 35.349 Thread 0x000000001fb8a800 Thread added: 0x000000001fb8a800
Event: 35.349 Thread 0x000000001f78c000 Thread exited: 0x000000001f78c000
Event: 35.349 Thread 0x000000001f6a8000 Thread exited: 0x000000001f6a8000
Event: 35.349 loading class sun/java2d/pipe/hw/AccelDeviceEventNotifier
Event: 35.350 loading class sun/java2d/pipe/hw/AccelDeviceEventNotifier done
Event: 35.361 Thread 0x000000001f5e7800 Thread exited: 0x000000001f5e7800
Event: 35.402 Executing VM operation: ParallelGCFailedAllocation
Event: 35.403 Executing VM operation: ParallelGCFailedAllocation done
Event: 35.450 Thread 0x000000001fb8a800 Thread exited: 0x000000001fb8a800
Event: 35.450 Executing VM operation: Exit


Dynamic libraries:
0x00007ff7c4770000 - 0x00007ff7c47a7000 	C:\Program Files\Java\jre1.8.0_111\bin\javaw.exe
0x00007ffca2890000 - 0x00007ffca2a61000 	C:\Windows\SYSTEM32\ntdll.dll
0x00007ffc9eb70000 - 0x00007ffc9ec1b000 	C:\Windows\System32\KERNEL32.DLL
0x00007ffc8b2d0000 - 0x00007ffc8b324000 	C:\Program Files (x86)\AVG\Av\avghooka.dll
0x00007ffc9de40000 - 0x00007ffc9e05d000 	C:\Windows\System32\KERNELBASE.dll
0x00007ffc9f880000 - 0x00007ffc9f922000 	C:\Windows\System32\ADVAPI32.dll
0x00007ffc9f340000 - 0x00007ffc9f3de000 	C:\Windows\System32\msvcrt.dll
0x00007ffc9eb10000 - 0x00007ffc9eb69000 	C:\Windows\System32\sechost.dll
0x00007ffc9f750000 - 0x00007ffc9f871000 	C:\Windows\System32\RPCRT4.dll
0x00007ffc9f5e0000 - 0x00007ffc9f745000 	C:\Windows\System32\USER32.dll
0x00007ffc9dc90000 - 0x00007ffc9dcae000 	C:\Windows\System32\win32u.dll
0x00007ffc9ec20000 - 0x00007ffc9ec54000 	C:\Windows\System32\GDI32.dll
0x00007ffc9dcb0000 - 0x00007ffc9de32000 	C:\Windows\System32\gdi32full.dll
0x00007ffc945d0000 - 0x00007ffc94849000 	C:\Windows\WinSxS\amd64_microsoft.windows.common-controls_6595b64144ccf1df_6.0.14393.447_none_42191651c6827bb3\COMCTL32.dll
0x00007ffca0f20000 - 0x00007ffca11e8000 	C:\Windows\System32\combase.dll
0x00007ffc9db20000 - 0x00007ffc9dc15000 	C:\Windows\System32\ucrtbase.dll
0x00007ffc9dc20000 - 0x00007ffc9dc8a000 	C:\Windows\System32\bcryptPrimitives.dll
0x00007ffca1550000 - 0x00007ffca157e000 	C:\Windows\System32\IMM32.DLL
0x0000000050370000 - 0x0000000050442000 	C:\Program Files\Java\jre1.8.0_111\bin\msvcr100.dll
0x0000000050450000 - 0x0000000050cea000 	C:\Program Files\Java\jre1.8.0_111\bin\server\jvm.dll
0x00007ffca1520000 - 0x00007ffca1528000 	C:\Windows\System32\PSAPI.DLL
0x00007ffc8f1c0000 - 0x00007ffc8f1c9000 	C:\Windows\SYSTEM32\WSOCK32.dll
0x00007ffca0eb0000 - 0x00007ffca0f1a000 	C:\Windows\System32\WS2_32.dll
0x00007ffc9be00000 - 0x00007ffc9be23000 	C:\Windows\SYSTEM32\WINMM.dll
0x00007ffc99430000 - 0x00007ffc9943a000 	C:\Windows\SYSTEM32\VERSION.dll
0x00007ffc9bda0000 - 0x00007ffc9bdcb000 	C:\Windows\SYSTEM32\WINMMBASE.dll
0x00007ffc9e970000 - 0x00007ffc9e9b2000 	C:\Windows\System32\cfgmgr32.dll
0x0000000050f90000 - 0x0000000050f9f000 	C:\Program Files\Java\jre1.8.0_111\bin\verify.dll
0x0000000050f60000 - 0x0000000050f89000 	C:\Program Files\Java\jre1.8.0_111\bin\java.dll
0x0000000050f40000 - 0x0000000050f56000 	C:\Program Files\Java\jre1.8.0_111\bin\zip.dll
0x00007ffc9f990000 - 0x00007ffca0e99000 	C:\Windows\System32\SHELL32.dll
0x00007ffc9e0c0000 - 0x00007ffc9e79a000 	C:\Windows\System32\windows.storage.dll
0x00007ffc9da10000 - 0x00007ffc9da5c000 	C:\Windows\System32\powrprof.dll
0x00007ffca11f0000 - 0x00007ffca1242000 	C:\Windows\System32\shlwapi.dll
0x00007ffc9da00000 - 0x00007ffc9da0f000 	C:\Windows\System32\kernel.appcore.dll
0x00007ffc9ea60000 - 0x00007ffc9eb09000 	C:\Windows\System32\shcore.dll
0x00007ffc9d9e0000 - 0x00007ffc9d9f4000 	C:\Windows\System32\profapi.dll
0x00007ffc6de60000 - 0x00007ffc6fd57000 	C:\Users\curti\OneDrive\Programming\opencv\build\java\x64\opencv_java320.dll
0x00007ffc9f190000 - 0x00007ffc9f2c7000 	C:\Windows\System32\ole32.dll
0x00007ffca12c0000 - 0x00007ffca137f000 	C:\Windows\System32\OLEAUT32.dll
0x00007ffc9e9c0000 - 0x00007ffc9ea5c000 	C:\Windows\System32\msvcp_win.dll
0x00007ffc8af70000 - 0x00007ffc8af99000 	C:\Windows\SYSTEM32\MSVFW32.dll
0x00007ffc93040000 - 0x00007ffc93060000 	C:\Windows\SYSTEM32\AVIFIL32.dll
0x00007ffc8adf0000 - 0x00007ffc8ae08000 	C:\Windows\SYSTEM32\AVICAP32.dll
0x00007ffc9a6a0000 - 0x00007ffc9a6bc000 	C:\Windows\SYSTEM32\MSACM32.dll
0x00000000501d0000 - 0x0000000050368000 	C:\Program Files\Java\jre1.8.0_111\bin\awt.dll
0x00007ffc9b6f0000 - 0x00007ffc9b76a000 	C:\Windows\SYSTEM32\apphelp.dll
0x00007ffc9b770000 - 0x00007ffc9b796000 	C:\Windows\system32\DWMAPI.DLL
0x00007ffc9c130000 - 0x00007ffc9c1c5000 	C:\Windows\system32\uxtheme.dll
0x00007ffc9f3e0000 - 0x00007ffc9f53b000 	C:\Windows\System32\MSCTF.dll
0x0000000050180000 - 0x00000000501c7000 	C:\Program Files\Java\jre1.8.0_111\bin\fontmanager.dll
0x00007ffc9f540000 - 0x00007ffc9f5df000 	C:\Windows\System32\clbcatq.dll
0x00007ffc8ada0000 - 0x00007ffc8adb8000 	C:\Windows\System32\devenum.dll
0x00007ffc9ec60000 - 0x00007ffc9f089000 	C:\Windows\System32\setupapi.dll
0x00007ffc9cd90000 - 0x00007ffc9cdc2000 	C:\Windows\SYSTEM32\ntmarta.dll
0x00007ffc9c5c0000 - 0x00007ffc9c5e8000 	C:\Windows\SYSTEM32\DEVOBJ.dll
0x00007ffc9e060000 - 0x00007ffc9e0b5000 	C:\Windows\System32\WINTRUST.dll
0x00007ffc9da60000 - 0x00007ffc9da70000 	C:\Windows\System32\MSASN1.dll
0x00007ffc9e7a0000 - 0x00007ffc9e969000 	C:\Windows\System32\CRYPT32.dll
0x00007ffc964a0000 - 0x00007ffc964aa000 	C:\Windows\SYSTEM32\msdmo.dll
0x00007ffc8ad60000 - 0x00007ffc8ad93000 	C:\Windows\System32\qcap.dll
0x00007ffc78bf0000 - 0x00007ffc78db3000 	C:\Windows\System32\quartz.dll
0x00007ffc9d920000 - 0x00007ffc9d94b000 	C:\Windows\System32\bcrypt.dll
0x00007ffc8ad00000 - 0x00007ffc8ad48000 	C:\Windows\System32\mfksproxy.dll
0x00007ffc88320000 - 0x00007ffc8833c000 	C:\Windows\System32\ATL.DLL
0x00007ffc89650000 - 0x00007ffc8969e000 	C:\Windows\System32\MFSENSORGROUP.dll
0x00007ffc9b560000 - 0x00007ffc9b6c8000 	C:\Windows\System32\MFPlat.DLL
0x00007ffc9b1e0000 - 0x00007ffc9b20e000 	C:\Windows\System32\RTWorkQ.DLL
0x00007ffc79a00000 - 0x00007ffc79deb000 	C:\Windows\System32\MFCORE.dll
0x00007ffc96910000 - 0x00007ffc96919000 	C:\Windows\System32\ksuser.dll
0x00007ffc9d4b0000 - 0x00007ffc9d4bb000 	C:\Windows\System32\CRYPTBASE.DLL
0x00007ffc86800000 - 0x00007ffc86853000 	C:\Windows\System32\FSClient.dll
0x00007ffc9ac70000 - 0x00007ffc9ac7b000 	C:\Windows\System32\AVRT.dll
0x00007ffc939e0000 - 0x00007ffc939ed000 	C:\Windows\System32\vidcap.ax
0x00007ffc89a70000 - 0x00007ffc89a95000 	C:\Windows\System32\kswdmcap.ax
0x00007ffc7fa90000 - 0x00007ffc7fbf3000 	C:\Windows\System32\MFC42.dll
0x00007ffc84500000 - 0x00007ffc845af000 	C:\Windows\System32\ODBC32.dll
0x00007ffc9cf60000 - 0x00007ffc9cf6a000 	C:\Windows\System32\DPAPI.dll
0x00007ffc930c0000 - 0x00007ffc93103000 	C:\Windows\SYSTEM32\policymanager.dll
0x00007ffc9c3a0000 - 0x00007ffc9c431000 	C:\Windows\System32\msvcp110_win.dll
0x00007ffc93190000 - 0x00007ffc93264000 	C:\Windows\System32\MFReadWrite.dll
0x00007ffc86880000 - 0x00007ffc86923000 	C:\Windows\System32\qedit.dll
0x00007ffc9f090000 - 0x00007ffc9f18a000 	C:\Windows\System32\COMDLG32.dll
0x00007ffc95e50000 - 0x00007ffc95fea000 	C:\Windows\WinSxS\amd64_microsoft.windows.gdiplus_6595b64144ccf1df_1.1.14393.321_none_72fe05dd211a5fae\gdiplus.dll
0x00007ffc78af0000 - 0x00007ffc78be7000 	C:\Windows\System32\DDRAW.dll
0x00007ffc98cd0000 - 0x00007ffc98cd8000 	C:\Windows\System32\DCIMAN32.dll
0x00007ffc96960000 - 0x00007ffc9696c000 	C:\Windows\SYSTEM32\msyuv.dll
0x00007ffc96d60000 - 0x00007ffc96ef2000 	C:\Windows\SYSTEM32\dbghelp.dll

VM Arguments:
jvm_args: -Dfile.encoding=Cp1252 
java_command: OverCoat
java_class_path (initial): C:\Users\curti\OneDrive\Programming\HoundDog\bin;C:\Users\curti\OneDrive\Programming\opencv\build\java\opencv-320.jar
Launcher Type: SUN_STANDARD

Environment Variables:
PATH=C:/Program Files/Java/jre1.8.0_111/bin/server;C:/Program Files/Java/jre1.8.0_111/bin;C:/Program Files/Java/jre1.8.0_111/lib/amd64;C:\ProgramData\Oracle\Java\javapath;C:\Windows\system32;C:\Windows;C:\Windows\System32\Wbem;C:\Windows\System32\WindowsPowerShell\v1.0\;C:\Users\curti\AppData\Local\Microsoft\WindowsApps;;C:\Users\curti\Desktop\desktop stuff;
USERNAME=curti
OS=Windows_NT
PROCESSOR_IDENTIFIER=Intel64 Family 6 Model 60 Stepping 3, GenuineIntel



---------------  S Y S T E M  ---------------

OS: Windows 10.0 , 64 bit Build 14393 (10.0.14393.0)

CPU:total 8 (4 cores per cpu, 2 threads per core) family 6 model 60 stepping 3, cmov, cx8, fxsr, mmx, sse, sse2, sse3, ssse3, sse4.1, sse4.2, popcnt, avx, avx2, aes, clmul, erms, lzcnt, ht, tsc, tscinvbit, bmi1, bmi2

Memory: 4k page, physical 16713384k(12551536k free), swap 19203752k(13892320k free)

vm_info: Java HotSpot(TM) 64-Bit Server VM (25.111-b14) for windows-amd64 JRE (1.8.0_111-b14), built on Sep 22 2016 19:24:05 by "java_re" with MS VC++ 10.0 (VS2010)

time: Mon Jan 16 14:18:51 2017
elapsed time: 35 seconds (0d 0h 0m 35s)

