#
# A fatal error has been detected by the Java Runtime Environment:
#
#  Internal Error (0xc000000d), pid=8460, tid=0x00000000000017a0
#
# JRE version: Java(TM) SE Runtime Environment (8.0_111-b14) (build 1.8.0_111-b14)
# Java VM: Java HotSpot(TM) 64-Bit Server VM (25.111-b14 mixed mode windows-amd64 compressed oops)
# Problematic frame:
# C  [ntdll.dll+0xff44c]
#
# Failed to write core dump. Minidumps are not enabled by default on client versions of Windows
#
# If you would like to submit a bug report, please visit:
#   http://bugreport.java.com/bugreport/crash.jsp
#

---------------  T H R E A D  ---------------

Current thread (0x000000001cb99000):  VMThread [stack: 0x000000001e880000,0x000000001e980000] [id=6048]

siginfo: ExceptionCode=0xc000000d

Registers:
RAX=0x0000000050a84103, RBX=0x000000002725ce00, RCX=0xfffffff90000004f, RDX=0x0000000000000007
RSP=0x000000001e97ed40, RBP=0x0000000000000000, RSI=0x00000000273a69d0, RDI=0x00000000273a6c50
R8 =0x0000000000000000, R9 =0x00000000504237e0, R10=0x0000000002ff1ca0, R11=0x000000000304bff0
R12=0x0000000000000000, R13=0x00000000ffffffff, R14=0x0000000027385ce0, R15=0x00000000273a69d0
RIP=0x00007ffca298f44c, EFLAGS=0x0000000000000206

Top of Stack: (sp=0x000000001e97ed40)
0x000000001e97ed40:   0000000000000057 000000002725ce00
0x000000001e97ed50:   00000000273a69d0 00000000273a6c50
0x000000001e97ed60:   00000000c000000d 0000000000000000
0x000000001e97ed70:   00007ffca298f44c 0000000000000000
0x000000001e97ed80:   0000000000000000 0000000000000000
0x000000001e97ed90:   0000000000000000 0000000000000000
0x000000001e97eda0:   0000000000000000 0000000000000000
0x000000001e97edb0:   0000000000000000 0000000000000000
0x000000001e97edc0:   0000000000000000 0000000000000000
0x000000001e97edd0:   0000000000000000 0000000000000000
0x000000001e97ede0:   0000000000000000 0000000000000000
0x000000001e97edf0:   0000000000000000 0000000000f90cc0
0x000000001e97ee00:   0000b89d0e5e5612 0000000000000000
0x000000001e97ee10:   0000000000000000 00007ffca2951899
0x000000001e97ee20:   0000000000000001 00007ffc931ae8db
0x000000001e97ee30:   0000000100000003 0000000000000004 

Instructions: (pc=0x00007ffca298f44c)
0x00007ffca298f42c:   d5 fa ff c7 44 24 20 0d 00 00 c0 b9 57 00 00 00
0x00007ffca298f43c:   e8 7f 13 f6 ff 90 48 8d 4c 24 20 e8 04 bf f4 ff
0x00007ffca298f44c:   eb 00 48 8b 8c 24 c0 00 00 00 48 33 cc e8 82 74
0x00007ffca298f45c:   f9 ff 48 81 c4 d8 00 00 00 c3 40 55 48 83 ec 20 


Register to memory mapping:

RAX=0x0000000050a84103 is an unknown value
RBX=0x000000002725ce00 is an unknown value
RCX=0xfffffff90000004f is an unknown value
RDX=0x0000000000000007 is an unknown value
RSP=0x000000001e97ed40 is an unknown value
RBP=0x0000000000000000 is an unknown value
RSI=0x00000000273a69d0 is an unknown value
RDI=0x00000000273a6c50 is an unknown value
R8 =0x0000000000000000 is an unknown value
R9 =0x00000000504237e0 is an unknown value
R10=0x0000000002ff1ca0 is an unknown value
R11=0x000000000304bff0 is an unknown value
R12=0x0000000000000000 is an unknown value
R13=0x00000000ffffffff is an unknown value
R14=0x0000000027385ce0 is an unknown value
R15=0x00000000273a69d0 is an unknown value


Stack: [0x000000001e880000,0x000000001e980000],  sp=0x000000001e97ed40,  free space=1019k
Native frames: (J=compiled Java code, j=interpreted, Vv=VM code, C=native code)

VM_Operation (0x000000002691d1c0): Exit, mode: safepoint, requested by thread 0x000000001fa25800


---------------  P R O C E S S  ---------------

Java Threads: ( => current thread )
  0x000000001fa25800 JavaThread "AWT-EventQueue-0" [_thread_blocked, id=7024, stack(0x0000000026820000,0x0000000026920000)]
  0x000000001f9f5000 JavaThread "AWT-Shutdown" [_thread_blocked, id=9884, stack(0x00000000202a0000,0x00000000203a0000)]
  0x000000001f9f4800 JavaThread "Java2D Disposer" daemon [_thread_blocked, id=6248, stack(0x00000000201a0000,0x00000000202a0000)]
  0x000000001eb51800 JavaThread "Service Thread" daemon [_thread_blocked, id=4644, stack(0x000000001f670000,0x000000001f770000)]
  0x000000001eac3800 JavaThread "C1 CompilerThread3" daemon [_thread_blocked, id=6216, stack(0x000000001f570000,0x000000001f670000)]
  0x000000001eabe800 JavaThread "C2 CompilerThread2" daemon [_thread_blocked, id=216, stack(0x000000001f470000,0x000000001f570000)]
  0x000000001eaaa800 JavaThread "C2 CompilerThread1" daemon [_thread_blocked, id=3432, stack(0x000000001f370000,0x000000001f470000)]
  0x000000001eaa7000 JavaThread "C2 CompilerThread0" daemon [_thread_blocked, id=4616, stack(0x000000001f270000,0x000000001f370000)]
  0x000000001eaa6000 JavaThread "Attach Listener" daemon [_thread_blocked, id=628, stack(0x000000001f170000,0x000000001f270000)]
  0x000000001cbae000 JavaThread "Signal Dispatcher" daemon [_thread_blocked, id=5512, stack(0x000000001f070000,0x000000001f170000)]
  0x00000000030f9000 JavaThread "Finalizer" daemon [_thread_blocked, id=8276, stack(0x000000001ee80000,0x000000001ef80000)]
  0x00000000030f8000 JavaThread "Reference Handler" daemon [_thread_blocked, id=2308, stack(0x000000001e980000,0x000000001ea80000)]
  0x0000000003000800 JavaThread "main" [_thread_blocked, id=6916, stack(0x0000000002e10000,0x0000000002f10000)]

Other Threads:
=>0x000000001cb99000 VMThread [stack: 0x000000001e880000,0x000000001e980000] [id=6048]

VM state:at safepoint (shutting down)

VM Mutex/Monitor currently owned by a thread:  ([mutex/lock_event])
[0x0000000002ffbfb0] Threads_lock - owner thread: 0x000000001cb99000

Heap:
 PSYoungGen      total 45056K, used 42482K [0x000000076af80000, 0x000000076f080000, 0x00000007c0000000)
  eden space 44544K, 95% used [0x000000076af80000,0x000000076d8dc818,0x000000076db00000)
  from space 512K, 25% used [0x000000076ef80000,0x000000076efa0000,0x000000076f000000)
  to   space 512K, 0% used [0x000000076f000000,0x000000076f000000,0x000000076f080000)
 ParOldGen       total 175104K, used 111766K [0x00000006c0e00000, 0x00000006cb900000, 0x000000076af80000)
  object space 175104K, 63% used [0x00000006c0e00000,0x00000006c7b25af8,0x00000006cb900000)
 Metaspace       used 8636K, capacity 8798K, committed 9088K, reserved 1056768K
  class space    used 1030K, capacity 1097K, committed 1152K, reserved 1048576K

Card table byte_map: [0x00000000124c0000,0x0000000012cc0000] byte_map_base: 0x000000000eeb9000

Marking Bits: (ParMarkBitMap*) 0x0000000050c6a6c0
 Begin Bits: [0x0000000013a20000, 0x00000000179e8000)
 End Bits:   [0x00000000179e8000, 0x000000001b9b0000)

Polling page: 0x0000000001460000

CodeCache: size=245760Kb used=2299Kb max_used=2317Kb free=243460Kb
 bounds [0x0000000003100000, 0x0000000003370000, 0x0000000012100000]
 total_blobs=1021 nmethods=572 adapters=362
 compilation: enabled

Compilation events (10 events):
Event: 37.971 Thread 0x000000001eac3800  604       3       sun.awt.windows.WObjectPeer::getPeerForTarget (10 bytes)
Event: 37.972 Thread 0x000000001eac3800 nmethod 604 0x00000000033377d0 code [0x00000000033379a0, 0x0000000003338278]
Event: 38.373 Thread 0x000000001eac3800  605       3       PicRecoginition::porcessedImg (158 bytes)
Event: 38.374 Thread 0x000000001eac3800 nmethod 605 0x00000000033385d0 code [0x0000000003338960, 0x000000000333a7f8]
Event: 38.374 Thread 0x000000001eac3800  606       3       PicRecoginition::setMask (42 bytes)
Event: 38.374 Thread 0x000000001eac3800 nmethod 606 0x000000000333b810 code [0x000000000333b9c0, 0x000000000333bea8]
Event: 38.567 Thread 0x000000001eaa7000  607       4       PicRecoginition::setMask (42 bytes)
Event: 38.575 Thread 0x000000001eaa7000 nmethod 607 0x000000000333f750 code [0x000000000333f8e0, 0x00000000033402d0]
Event: 38.709 Thread 0x000000001eaaa800  608       4       PicRecoginition::porcessedImg (158 bytes)
Event: 38.746 Thread 0x000000001eaaa800 nmethod 608 0x0000000003343f50 code [0x0000000003344200, 0x0000000003345ca8]

GC Heap History (10 events):
Event: 38.133 GC heap before
{Heap before GC invocations=467 (full 0):
 PSYoungGen      total 47616K, used 47168K [0x000000076af80000, 0x000000076f080000, 0x00000007c0000000)
  eden space 47104K, 100% used [0x000000076af80000,0x000000076dd80000,0x000000076dd80000)
  from space 512K, 12% used [0x000000076f000000,0x000000076f010000,0x000000076f080000)
  to   space 512K, 0% used [0x000000076ef80000,0x000000076ef80000,0x000000076f000000)
 ParOldGen       total 175104K, used 106310K [0x00000006c0e00000, 0x00000006cb900000, 0x000000076af80000)
  object space 175104K, 60% used [0x00000006c0e00000,0x00000006c75d1a98,0x00000006cb900000)
 Metaspace       used 8631K, capacity 8798K, committed 9088K, reserved 1056768K
  class space    used 1029K, capacity 1097K, committed 1152K, reserved 1048576K
Event: 38.134 GC heap after
Heap after GC invocations=467 (full 0):
 PSYoungGen      total 47104K, used 256K [0x000000076af80000, 0x000000076f080000, 0x00000007c0000000)
  eden space 46592K, 0% used [0x000000076af80000,0x000000076af80000,0x000000076dd00000)
  from space 512K, 50% used [0x000000076ef80000,0x000000076efc0000,0x000000076f000000)
  to   space 512K, 0% used [0x000000076f000000,0x000000076f000000,0x000000076f080000)
 ParOldGen       total 175104K, used 106342K [0x00000006c0e00000, 0x00000006cb900000, 0x000000076af80000)
  object space 175104K, 60% used [0x00000006c0e00000,0x00000006c75d9a98,0x00000006cb900000)
 Metaspace       used 8631K, capacity 8798K, committed 9088K, reserved 1056768K
  class space    used 1029K, capacity 1097K, committed 1152K, reserved 1048576K
}
Event: 38.214 GC heap before
{Heap before GC invocations=468 (full 0):
 PSYoungGen      total 47104K, used 46848K [0x000000076af80000, 0x000000076f080000, 0x00000007c0000000)
  eden space 46592K, 100% used [0x000000076af80000,0x000000076dd00000,0x000000076dd00000)
  from space 512K, 50% used [0x000000076ef80000,0x000000076efc0000,0x000000076f000000)
  to   space 512K, 0% used [0x000000076f000000,0x000000076f000000,0x000000076f080000)
 ParOldGen       total 175104K, used 106342K [0x00000006c0e00000, 0x00000006cb900000, 0x000000076af80000)
  object space 175104K, 60% used [0x00000006c0e00000,0x00000006c75d9a98,0x00000006cb900000)
 Metaspace       used 8631K, capacity 8798K, committed 9088K, reserved 1056768K
  class space    used 1029K, capacity 1097K, committed 1152K, reserved 1048576K
Event: 38.214 GC heap after
Heap after GC invocations=468 (full 0):
 PSYoungGen      total 46592K, used 224K [0x000000076af80000, 0x000000076f080000, 0x00000007c0000000)
  eden space 46080K, 0% used [0x000000076af80000,0x000000076af80000,0x000000076dc80000)
  from space 512K, 43% used [0x000000076f000000,0x000000076f038000,0x000000076f080000)
  to   space 512K, 0% used [0x000000076ef80000,0x000000076ef80000,0x000000076f000000)
 ParOldGen       total 175104K, used 106342K [0x00000006c0e00000, 0x00000006cb900000, 0x000000076af80000)
  object space 175104K, 60% used [0x00000006c0e00000,0x00000006c75d9a98,0x00000006cb900000)
 Metaspace       used 8631K, capacity 8798K, committed 9088K, reserved 1056768K
  class space    used 1029K, capacity 1097K, committed 1152K, reserved 1048576K
}
Event: 38.308 GC heap before
{Heap before GC invocations=469 (full 0):
 PSYoungGen      total 46592K, used 46304K [0x000000076af80000, 0x000000076f080000, 0x00000007c0000000)
  eden space 46080K, 100% used [0x000000076af80000,0x000000076dc80000,0x000000076dc80000)
  from space 512K, 43% used [0x000000076f000000,0x000000076f038000,0x000000076f080000)
  to   space 512K, 0% used [0x000000076ef80000,0x000000076ef80000,0x000000076f000000)
 ParOldGen       total 175104K, used 106342K [0x00000006c0e00000, 0x00000006cb900000, 0x000000076af80000)
  object space 175104K, 60% used [0x00000006c0e00000,0x00000006c75d9a98,0x00000006cb900000)
 Metaspace       used 8631K, capacity 8798K, committed 9088K, reserved 1056768K
  class space    used 1029K, capacity 1097K, committed 1152K, reserved 1048576K
Event: 38.309 GC heap after
Heap after GC invocations=469 (full 0):
 PSYoungGen      total 46080K, used 224K [0x000000076af80000, 0x000000076f080000, 0x00000007c0000000)
  eden space 45568K, 0% used [0x000000076af80000,0x000000076af80000,0x000000076dc00000)
  from space 512K, 43% used [0x000000076ef80000,0x000000076efb8000,0x000000076f000000)
  to   space 512K, 0% used [0x000000076f000000,0x000000076f000000,0x000000076f080000)
 ParOldGen       total 175104K, used 109042K [0x00000006c0e00000, 0x00000006cb900000, 0x000000076af80000)
  object space 175104K, 62% used [0x00000006c0e00000,0x00000006c787cac8,0x00000006cb900000)
 Metaspace       used 8631K, capacity 8798K, committed 9088K, reserved 1056768K
  class space    used 1029K, capacity 1097K, committed 1152K, reserved 1048576K
}
Event: 38.647 GC heap before
{Heap before GC invocations=470 (full 0):
 PSYoungGen      total 46080K, used 45612K [0x000000076af80000, 0x000000076f080000, 0x00000007c0000000)
  eden space 45568K, 99% used [0x000000076af80000,0x000000076dbd3010,0x000000076dc00000)
  from space 512K, 43% used [0x000000076ef80000,0x000000076efb8000,0x000000076f000000)
  to   space 512K, 0% used [0x000000076f000000,0x000000076f000000,0x000000076f080000)
 ParOldGen       total 175104K, used 109042K [0x00000006c0e00000, 0x00000006cb900000, 0x000000076af80000)
  object space 175104K, 62% used [0x00000006c0e00000,0x00000006c787cac8,0x00000006cb900000)
 Metaspace       used 8632K, capacity 8798K, committed 9088K, reserved 1056768K
  class space    used 1029K, capacity 1097K, committed 1152K, reserved 1048576K
Event: 38.649 GC heap after
Heap after GC invocations=470 (full 0):
 PSYoungGen      total 45568K, used 224K [0x000000076af80000, 0x000000076f080000, 0x00000007c0000000)
  eden space 45056K, 0% used [0x000000076af80000,0x000000076af80000,0x000000076db80000)
  from space 512K, 43% used [0x000000076f000000,0x000000076f038000,0x000000076f080000)
  to   space 512K, 0% used [0x000000076ef80000,0x000000076ef80000,0x000000076f000000)
 ParOldGen       total 175104K, used 109066K [0x00000006c0e00000, 0x00000006cb900000, 0x000000076af80000)
  object space 175104K, 62% used [0x00000006c0e00000,0x00000006c7882ac8,0x00000006cb900000)
 Metaspace       used 8632K, capacity 8798K, committed 9088K, reserved 1056768K
  class space    used 1029K, capacity 1097K, committed 1152K, reserved 1048576K
}
Event: 38.907 GC heap before
{Heap before GC invocations=471 (full 0):
 PSYoungGen      total 45568K, used 45280K [0x000000076af80000, 0x000000076f080000, 0x00000007c0000000)
  eden space 45056K, 100% used [0x000000076af80000,0x000000076db80000,0x000000076db80000)
  from space 512K, 43% used [0x000000076f000000,0x000000076f038000,0x000000076f080000)
  to   space 512K, 0% used [0x000000076ef80000,0x000000076ef80000,0x000000076f000000)
 ParOldGen       total 175104K, used 109066K [0x00000006c0e00000, 0x00000006cb900000, 0x000000076af80000)
  object space 175104K, 62% used [0x00000006c0e00000,0x00000006c7882ac8,0x00000006cb900000)
 Metaspace       used 8632K, capacity 8798K, committed 9088K, reserved 1056768K
  class space    used 1029K, capacity 1097K, committed 1152K, reserved 1048576K
Event: 38.909 GC heap after
Heap after GC invocations=471 (full 0):
 PSYoungGen      total 45056K, used 128K [0x000000076af80000, 0x000000076f080000, 0x00000007c0000000)
  eden space 44544K, 0% used [0x000000076af80000,0x000000076af80000,0x000000076db00000)
  from space 512K, 25% used [0x000000076ef80000,0x000000076efa0000,0x000000076f000000)
  to   space 512K, 0% used [0x000000076f000000,0x000000076f000000,0x000000076f080000)
 ParOldGen       total 175104K, used 111766K [0x00000006c0e00000, 0x00000006cb900000, 0x000000076af80000)
  object space 175104K, 63% used [0x00000006c0e00000,0x00000006c7b25af8,0x00000006cb900000)
 Metaspace       used 8632K, capacity 8798K, committed 9088K, reserved 1056768K
  class space    used 1029K, capacity 1097K, committed 1152K, reserved 1048576K
}

Deoptimization events (10 events):
Event: 0.677 Thread 0x0000000003000800 Uncommon trap: reason=unstable_if action=reinterpret pc=0x00000000032b6944 method=PicRecoginition.isColor(I)Z @ 88
Event: 0.680 Thread 0x0000000003000800 Uncommon trap: reason=unstable_if action=reinterpret pc=0x00000000032b8194 method=PicRecoginition.isColor(I)Z @ 50
Event: 0.694 Thread 0x0000000003000800 Uncommon trap: reason=unstable_if action=reinterpret pc=0x00000000032bf4ac method=PicRecoginition.porcessedImg(Ljava/awt/image/BufferedImage;)Ljava/awt/image/BufferedImage; @ 89
Event: 0.701 Thread 0x0000000003000800 Uncommon trap: reason=unstable_if action=reinterpret pc=0x00000000032aecbc method=java.awt.image.ComponentColorModel.getRGB(Ljava/lang/Object;)I @ 4
Event: 13.637 Thread 0x0000000003000800 Uncommon trap: reason=unstable_if action=reinterpret pc=0x00000000032e4f70 method=PicRecoginition.percentMask([[IIILjava/awt/image/BufferedImage;)I @ 11
Event: 13.641 Thread 0x0000000003000800 Uncommon trap: reason=unstable_if action=reinterpret pc=0x00000000032e4c94 method=PicRecoginition.winCheck(III)V @ 7
Event: 14.140 Thread 0x0000000003000800 Uncommon trap: reason=unstable_if action=reinterpret pc=0x000000000330cd8c method=PicRecoginition.percentMask([[IIILjava/awt/image/BufferedImage;)I @ 37
Event: 14.144 Thread 0x0000000003000800 Uncommon trap: reason=unstable_if action=reinterpret pc=0x000000000330ac64 method=PicRecoginition.percentMask([[IIILjava/awt/image/BufferedImage;)I @ 37
Event: 38.373 Thread 0x0000000003000800 Uncommon trap: reason=unstable_if action=reinterpret pc=0x00000000032ee040 method=PicRecoginition.isColor(I)Z @ 107
Event: 38.373 Thread 0x0000000003000800 Uncommon trap: reason=unstable_if action=reinterpret pc=0x00000000032dc264 method=PicRecoginition.isColor(I)Z @ 107

Internal exceptions (10 events):
Event: 0.019 Thread 0x0000000003000800 Exception <a 'java/lang/NoSuchMethodError': Method sun.misc.Unsafe.prefetchRead(Ljava/lang/Object;J)V name or signature does not match> (0x000000076af87f60) thrown at [C:\re\workspace\8-2-build-windows-amd64-cygwin\jdk8u111\7883\hotspot\src\share\vm\prims
Event: 0.061 Thread 0x0000000003000800 Exception <a 'java/security/PrivilegedActionException'> (0x000000076b003908) thrown at [C:\re\workspace\8-2-build-windows-amd64-cygwin\jdk8u111\7883\hotspot\src\share\vm\prims\jvm.cpp, line 1386]
Event: 0.061 Thread 0x0000000003000800 Exception <a 'java/security/PrivilegedActionException'> (0x000000076b003b18) thrown at [C:\re\workspace\8-2-build-windows-amd64-cygwin\jdk8u111\7883\hotspot\src\share\vm\prims\jvm.cpp, line 1386]
Event: 0.061 Thread 0x0000000003000800 Exception <a 'java/security/PrivilegedActionException'> (0x000000076b007760) thrown at [C:\re\workspace\8-2-build-windows-amd64-cygwin\jdk8u111\7883\hotspot\src\share\vm\prims\jvm.cpp, line 1386]
Event: 0.061 Thread 0x0000000003000800 Exception <a 'java/security/PrivilegedActionException'> (0x000000076b007970) thrown at [C:\re\workspace\8-2-build-windows-amd64-cygwin\jdk8u111\7883\hotspot\src\share\vm\prims\jvm.cpp, line 1386]
Event: 0.063 Thread 0x0000000003000800 Exception <a 'java/io/FileNotFoundException'> (0x000000076b009e88) thrown at [C:\re\workspace\8-2-build-windows-amd64-cygwin\jdk8u111\7883\hotspot\src\share\vm\prims\jni.cpp, line 709]
Event: 0.085 Thread 0x0000000003000800 Exception <a 'java/lang/NoSuchFieldError': method resolution failed> (0x000000076b21ed28) thrown at [C:\re\workspace\8-2-build-windows-amd64-cygwin\jdk8u111\7883\hotspot\src\share\vm\prims\methodHandles.cpp, line 1146]
Event: 0.086 Thread 0x0000000003000800 Exception <a 'java/lang/NoSuchFieldError': method resolution failed> (0x000000076b22c0f8) thrown at [C:\re\workspace\8-2-build-windows-amd64-cygwin\jdk8u111\7883\hotspot\src\share\vm\prims\methodHandles.cpp, line 1146]
Event: 0.108 Thread 0x0000000003000800 Exception <a 'java/io/FileNotFoundException'> (0x000000076b2bfca0) thrown at [C:\re\workspace\8-2-build-windows-amd64-cygwin\jdk8u111\7883\hotspot\src\share\vm\prims\jni.cpp, line 709]
Event: 0.149 Thread 0x0000000003000800 Implicit null exception at 0x000000000327291c to 0x0000000003272af5

Events (10 events):
Event: 38.909 Executing VM operation: ParallelGCFailedAllocation done
Event: 39.114 Thread 0x000000001fab0800 Thread added: 0x000000001fab0800
Event: 39.114 Thread 0x000000001fab1800 Thread added: 0x000000001fab1800
Event: 39.114 Thread 0x000000001fab0800 Thread exited: 0x000000001fab0800
Event: 39.114 Thread 0x000000001fa7a000 Thread exited: 0x000000001fa7a000
Event: 39.115 loading class sun/java2d/pipe/hw/AccelDeviceEventNotifier
Event: 39.115 loading class sun/java2d/pipe/hw/AccelDeviceEventNotifier done
Event: 39.126 Thread 0x000000001f9f7800 Thread exited: 0x000000001f9f7800
Event: 39.216 Thread 0x000000001fab1800 Thread exited: 0x000000001fab1800
Event: 39.216 Executing VM operation: Exit


Dynamic libraries:
0x00007ff7c4770000 - 0x00007ff7c47a7000 	C:\Program Files\Java\jre1.8.0_111\bin\javaw.exe
0x00007ffca2890000 - 0x00007ffca2a61000 	C:\Windows\SYSTEM32\ntdll.dll
0x00007ffc9eb70000 - 0x00007ffc9ec1b000 	C:\Windows\System32\KERNEL32.DLL
0x00007ffc8b2d0000 - 0x00007ffc8b324000 	C:\Program Files (x86)\AVG\Av\avghooka.dll
0x00007ffc9de40000 - 0x00007ffc9e05d000 	C:\Windows\System32\KERNELBASE.dll
0x00007ffc9f880000 - 0x00007ffc9f922000 	C:\Windows\System32\ADVAPI32.dll
0x00007ffc9f340000 - 0x00007ffc9f3de000 	C:\Windows\System32\msvcrt.dll
0x00007ffc9eb10000 - 0x00007ffc9eb69000 	C:\Windows\System32\sechost.dll
0x00007ffc9f750000 - 0x00007ffc9f871000 	C:\Windows\System32\RPCRT4.dll
0x00007ffc9f5e0000 - 0x00007ffc9f745000 	C:\Windows\System32\USER32.dll
0x00007ffc9dc90000 - 0x00007ffc9dcae000 	C:\Windows\System32\win32u.dll
0x00007ffc9ec20000 - 0x00007ffc9ec54000 	C:\Windows\System32\GDI32.dll
0x00007ffc9dcb0000 - 0x00007ffc9de32000 	C:\Windows\System32\gdi32full.dll
0x00007ffc945d0000 - 0x00007ffc94849000 	C:\Windows\WinSxS\amd64_microsoft.windows.common-controls_6595b64144ccf1df_6.0.14393.447_none_42191651c6827bb3\COMCTL32.dll
0x00007ffca0f20000 - 0x00007ffca11e8000 	C:\Windows\System32\combase.dll
0x00007ffc9db20000 - 0x00007ffc9dc15000 	C:\Windows\System32\ucrtbase.dll
0x00007ffc9dc20000 - 0x00007ffc9dc8a000 	C:\Windows\System32\bcryptPrimitives.dll
0x00007ffca1550000 - 0x00007ffca157e000 	C:\Windows\System32\IMM32.DLL
0x0000000050370000 - 0x0000000050442000 	C:\Program Files\Java\jre1.8.0_111\bin\msvcr100.dll
0x0000000050450000 - 0x0000000050cea000 	C:\Program Files\Java\jre1.8.0_111\bin\server\jvm.dll
0x00007ffca1520000 - 0x00007ffca1528000 	C:\Windows\System32\PSAPI.DLL
0x00007ffc8f1c0000 - 0x00007ffc8f1c9000 	C:\Windows\SYSTEM32\WSOCK32.dll
0x00007ffca0eb0000 - 0x00007ffca0f1a000 	C:\Windows\System32\WS2_32.dll
0x00007ffc9be00000 - 0x00007ffc9be23000 	C:\Windows\SYSTEM32\WINMM.dll
0x00007ffc99430000 - 0x00007ffc9943a000 	C:\Windows\SYSTEM32\VERSION.dll
0x00007ffc9bda0000 - 0x00007ffc9bdcb000 	C:\Windows\SYSTEM32\WINMMBASE.dll
0x00007ffc9e970000 - 0x00007ffc9e9b2000 	C:\Windows\System32\cfgmgr32.dll
0x0000000050f90000 - 0x0000000050f9f000 	C:\Program Files\Java\jre1.8.0_111\bin\verify.dll
0x0000000050f60000 - 0x0000000050f89000 	C:\Program Files\Java\jre1.8.0_111\bin\java.dll
0x0000000050f40000 - 0x0000000050f56000 	C:\Program Files\Java\jre1.8.0_111\bin\zip.dll
0x00007ffc9f990000 - 0x00007ffca0e99000 	C:\Windows\System32\SHELL32.dll
0x00007ffc9e0c0000 - 0x00007ffc9e79a000 	C:\Windows\System32\windows.storage.dll
0x00007ffc9da10000 - 0x00007ffc9da5c000 	C:\Windows\System32\powrprof.dll
0x00007ffca11f0000 - 0x00007ffca1242000 	C:\Windows\System32\shlwapi.dll
0x00007ffc9da00000 - 0x00007ffc9da0f000 	C:\Windows\System32\kernel.appcore.dll
0x00007ffc9ea60000 - 0x00007ffc9eb09000 	C:\Windows\System32\shcore.dll
0x00007ffc9d9e0000 - 0x00007ffc9d9f4000 	C:\Windows\System32\profapi.dll
0x00007ffc6de60000 - 0x00007ffc6fd57000 	C:\Users\curti\OneDrive\Programming\opencv\build\java\x64\opencv_java320.dll
0x00007ffc9f190000 - 0x00007ffc9f2c7000 	C:\Windows\System32\ole32.dll
0x00007ffca12c0000 - 0x00007ffca137f000 	C:\Windows\System32\OLEAUT32.dll
0x00007ffc9e9c0000 - 0x00007ffc9ea5c000 	C:\Windows\System32\msvcp_win.dll
0x00007ffc939b0000 - 0x00007ffc939d9000 	C:\Windows\SYSTEM32\MSVFW32.dll
0x00007ffc98cc0000 - 0x00007ffc98ce0000 	C:\Windows\SYSTEM32\AVIFIL32.dll
0x00007ffc939f0000 - 0x00007ffc93a08000 	C:\Windows\SYSTEM32\AVICAP32.dll
0x00007ffc9a6a0000 - 0x00007ffc9a6bc000 	C:\Windows\SYSTEM32\MSACM32.dll
0x00000000501d0000 - 0x0000000050368000 	C:\Program Files\Java\jre1.8.0_111\bin\awt.dll
0x00007ffc9b6f0000 - 0x00007ffc9b76a000 	C:\Windows\SYSTEM32\apphelp.dll
0x00007ffc9b770000 - 0x00007ffc9b796000 	C:\Windows\system32\DWMAPI.DLL
0x00007ffc9c130000 - 0x00007ffc9c1c5000 	C:\Windows\system32\uxtheme.dll
0x00007ffc9f3e0000 - 0x00007ffc9f53b000 	C:\Windows\System32\MSCTF.dll
0x0000000050180000 - 0x00000000501c7000 	C:\Program Files\Java\jre1.8.0_111\bin\fontmanager.dll
0x00007ffc9f540000 - 0x00007ffc9f5df000 	C:\Windows\System32\clbcatq.dll
0x00007ffc8afc0000 - 0x00007ffc8afd8000 	C:\Windows\System32\devenum.dll
0x00007ffc9ec60000 - 0x00007ffc9f089000 	C:\Windows\System32\setupapi.dll
0x00007ffc9cd90000 - 0x00007ffc9cdc2000 	C:\Windows\SYSTEM32\ntmarta.dll
0x00007ffc9c5c0000 - 0x00007ffc9c5e8000 	C:\Windows\SYSTEM32\DEVOBJ.dll
0x00007ffc9e060000 - 0x00007ffc9e0b5000 	C:\Windows\System32\WINTRUST.dll
0x00007ffc9da60000 - 0x00007ffc9da70000 	C:\Windows\System32\MSASN1.dll
0x00007ffc9e7a0000 - 0x00007ffc9e969000 	C:\Windows\System32\CRYPT32.dll
0x00007ffc964a0000 - 0x00007ffc964aa000 	C:\Windows\SYSTEM32\msdmo.dll
0x00007ffc8ad10000 - 0x00007ffc8ad43000 	C:\Windows\System32\qcap.dll
0x00007ffc86f40000 - 0x00007ffc87103000 	C:\Windows\System32\quartz.dll
0x00007ffc9d920000 - 0x00007ffc9d94b000 	C:\Windows\System32\bcrypt.dll
0x00007ffc8ab00000 - 0x00007ffc8ab48000 	C:\Windows\System32\mfksproxy.dll
0x00007ffc88320000 - 0x00007ffc8833c000 	C:\Windows\System32\ATL.DLL
0x00007ffc89650000 - 0x00007ffc8969e000 	C:\Windows\System32\MFSENSORGROUP.dll
0x00007ffc9b560000 - 0x00007ffc9b6c8000 	C:\Windows\System32\MFPlat.DLL
0x00007ffc9b1e0000 - 0x00007ffc9b20e000 	C:\Windows\System32\RTWorkQ.DLL
0x00007ffc79a00000 - 0x00007ffc79deb000 	C:\Windows\System32\MFCORE.dll
0x00007ffc96910000 - 0x00007ffc96919000 	C:\Windows\System32\ksuser.dll
0x00007ffc9d4b0000 - 0x00007ffc9d4bb000 	C:\Windows\System32\CRYPTBASE.DLL
0x00007ffc86800000 - 0x00007ffc86853000 	C:\Windows\System32\FSClient.dll
0x00007ffc9ac70000 - 0x00007ffc9ac7b000 	C:\Windows\System32\AVRT.dll
0x00007ffc939e0000 - 0x00007ffc939ed000 	C:\Windows\System32\vidcap.ax
0x00007ffc89a70000 - 0x00007ffc89a95000 	C:\Windows\System32\kswdmcap.ax
0x00007ffc7fa90000 - 0x00007ffc7fbf3000 	C:\Windows\System32\MFC42.dll
0x00007ffc84500000 - 0x00007ffc845af000 	C:\Windows\System32\ODBC32.dll
0x00007ffc9cf60000 - 0x00007ffc9cf6a000 	C:\Windows\System32\DPAPI.dll
0x00007ffc930c0000 - 0x00007ffc93103000 	C:\Windows\SYSTEM32\policymanager.dll
0x00007ffc9c3a0000 - 0x00007ffc9c431000 	C:\Windows\System32\msvcp110_win.dll
0x00007ffc93190000 - 0x00007ffc93264000 	C:\Windows\System32\MFReadWrite.dll
0x00007ffc85b00000 - 0x00007ffc85ba3000 	C:\Windows\System32\qedit.dll
0x00007ffc9f090000 - 0x00007ffc9f18a000 	C:\Windows\System32\COMDLG32.dll
0x00007ffc95e50000 - 0x00007ffc95fea000 	C:\Windows\WinSxS\amd64_microsoft.windows.gdiplus_6595b64144ccf1df_1.1.14393.321_none_72fe05dd211a5fae\gdiplus.dll
0x00007ffc80e80000 - 0x00007ffc80f77000 	C:\Windows\System32\DDRAW.dll
0x00007ffc9a770000 - 0x00007ffc9a778000 	C:\Windows\System32\DCIMAN32.dll
0x00007ffc96960000 - 0x00007ffc9696c000 	C:\Windows\SYSTEM32\msyuv.dll
0x00007ffc96d60000 - 0x00007ffc96ef2000 	C:\Windows\SYSTEM32\dbghelp.dll

VM Arguments:
jvm_args: -Dfile.encoding=Cp1252 
java_command: OverCoat
java_class_path (initial): C:\Users\curti\OneDrive\Programming\HoundDog\bin;C:\Users\curti\OneDrive\Programming\opencv\build\java\opencv-320.jar
Launcher Type: SUN_STANDARD

Environment Variables:
PATH=C:/Program Files/Java/jre1.8.0_111/bin/server;C:/Program Files/Java/jre1.8.0_111/bin;C:/Program Files/Java/jre1.8.0_111/lib/amd64;C:\ProgramData\Oracle\Java\javapath;C:\Windows\system32;C:\Windows;C:\Windows\System32\Wbem;C:\Windows\System32\WindowsPowerShell\v1.0\;C:\Users\curti\AppData\Local\Microsoft\WindowsApps;;C:\Users\curti\Desktop\desktop stuff;
USERNAME=curti
OS=Windows_NT
PROCESSOR_IDENTIFIER=Intel64 Family 6 Model 60 Stepping 3, GenuineIntel



---------------  S Y S T E M  ---------------

OS: Windows 10.0 , 64 bit Build 14393 (10.0.14393.0)

CPU:total 8 (4 cores per cpu, 2 threads per core) family 6 model 60 stepping 3, cmov, cx8, fxsr, mmx, sse, sse2, sse3, ssse3, sse4.1, sse4.2, popcnt, avx, avx2, aes, clmul, erms, lzcnt, ht, tsc, tscinvbit, bmi1, bmi2

Memory: 4k page, physical 16713384k(12561052k free), swap 19203752k(13930988k free)

vm_info: Java HotSpot(TM) 64-Bit Server VM (25.111-b14) for windows-amd64 JRE (1.8.0_111-b14), built on Sep 22 2016 19:24:05 by "java_re" with MS VC++ 10.0 (VS2010)

time: Mon Jan 16 14:26:03 2017
elapsed time: 39 seconds (0d 0h 0m 39s)

