#
# A fatal error has been detected by the Java Runtime Environment:
#
#  Internal Error (0xc000000d), pid=11076, tid=0x0000000000002a84
#
# JRE version: Java(TM) SE Runtime Environment (8.0_111-b14) (build 1.8.0_111-b14)
# Java VM: Java HotSpot(TM) 64-Bit Server VM (25.111-b14 mixed mode windows-amd64 compressed oops)
# Problematic frame:
# C  [ntdll.dll+0xff44c]
#
# Failed to write core dump. Minidumps are not enabled by default on client versions of Windows
#
# If you would like to submit a bug report, please visit:
#   http://bugreport.java.com/bugreport/crash.jsp
#

---------------  T H R E A D  ---------------

Current thread (0x000000001c257800):  VMThread [stack: 0x000000001d2e0000,0x000000001d3e0000] [id=10884]

siginfo: ExceptionCode=0xc000000d

Registers:
RAX=0x0000000068b44103, RBX=0x000000001fc045c0, RCX=0xfffffff90000004f, RDX=0x0000000000000007
RSP=0x000000001d3deec0, RBP=0x0000000000000000, RSI=0x0000000020e68fa0, RDI=0x0000000020eae4b0
R8 =0x0000000000000000, R9 =0x00000000683e37e0, R10=0x00000000013e1fe0, R11=0x000000001c258980
R12=0x0000000000000000, R13=0x00000000ffffffff, R14=0x0000000020e8cfa0, R15=0x0000000020e68fa0
RIP=0x00007ff958c7f44c, EFLAGS=0x0000000000000206

Top of Stack: (sp=0x000000001d3deec0)
0x000000001d3deec0:   0000000000000057 000000001fc045c0
0x000000001d3deed0:   0000000020e68fa0 0000000020eae4b0
0x000000001d3deee0:   00000000c000000d 0000000000000000
0x000000001d3deef0:   00007ff958c7f44c 0000000000000000
0x000000001d3def00:   0000000000000000 0000000000000000
0x000000001d3def10:   0000000000000000 0000000000000000
0x000000001d3def20:   0000000000000000 0000000000000000
0x000000001d3def30:   0000000000000000 0000000000000000
0x000000001d3def40:   0000000000000000 0000000000000000
0x000000001d3def50:   0000000000000000 0000000000000000
0x000000001d3def60:   0000000000000000 0000000000000000
0x000000001d3def70:   0000000000000000 0000000000000003
0x000000001d3def80:   0000353b3cbd1809 0000000000000000
0x000000001d3def90:   00007ff958beec90 00007ff958c41899
0x000000001d3defa0:   0000000000000001 00007ff90c38e8db
0x000000001d3defb0:   0000000000000003 00000000011e0000 

Instructions: (pc=0x00007ff958c7f44c)
0x00007ff958c7f42c:   d5 fa ff c7 44 24 20 0d 00 00 c0 b9 57 00 00 00
0x00007ff958c7f43c:   e8 7f 13 f6 ff 90 48 8d 4c 24 20 e8 04 bf f4 ff
0x00007ff958c7f44c:   eb 00 48 8b 8c 24 c0 00 00 00 48 33 cc e8 82 74
0x00007ff958c7f45c:   f9 ff 48 81 c4 d8 00 00 00 c3 40 55 48 83 ec 20 


Register to memory mapping:

RAX=0x0000000068b44103 is an unknown value
RBX=0x000000001fc045c0 is an unknown value
RCX=0xfffffff90000004f is an unknown value
RDX=0x0000000000000007 is an unknown value
RSP=0x000000001d3deec0 is an unknown value
RBP=0x0000000000000000 is an unknown value
RSI=0x0000000020e68fa0 is an unknown value
RDI=0x0000000020eae4b0 is an unknown value
R8 =0x0000000000000000 is an unknown value
R9 =0x00000000683e37e0 is an unknown value
R10=0x00000000013e1fe0 is an unknown value
R11=0x000000001c258980 is an unknown value
R12=0x0000000000000000 is an unknown value
R13=0x00000000ffffffff is an unknown value
R14=0x0000000020e8cfa0 is an unknown value
R15=0x0000000020e68fa0 is an unknown value


Stack: [0x000000001d2e0000,0x000000001d3e0000],  sp=0x000000001d3deec0,  free space=1019k
Native frames: (J=compiled Java code, j=interpreted, Vv=VM code, C=native code)

VM_Operation (0x000000001eaed1e0): Exit, mode: safepoint, requested by thread 0x000000001dfc4800


---------------  P R O C E S S  ---------------

Java Threads: ( => current thread )
  0x000000001dfc4800 JavaThread "AWT-EventQueue-0" [_thread_blocked, id=1516, stack(0x000000001e9f0000,0x000000001eaf0000)]
  0x000000001dfb3800 JavaThread "AWT-Shutdown" [_thread_blocked, id=4044, stack(0x000000001e6e0000,0x000000001e7e0000)]
  0x000000001df66000 JavaThread "Java2D Disposer" daemon [_thread_blocked, id=8120, stack(0x000000001e5d0000,0x000000001e6d0000)]
  0x000000001c2ed000 JavaThread "Service Thread" daemon [_thread_blocked, id=2804, stack(0x000000001dfd0000,0x000000001e0d0000)]
  0x000000001c2b9000 JavaThread "C1 CompilerThread2" daemon [_thread_blocked, id=10840, stack(0x000000001dad0000,0x000000001dbd0000)]
  0x000000001c296000 JavaThread "C2 CompilerThread1" daemon [_thread_blocked, id=11376, stack(0x000000001d9d0000,0x000000001dad0000)]
  0x000000001c28d800 JavaThread "C2 CompilerThread0" daemon [_thread_blocked, id=5600, stack(0x000000001d8d0000,0x000000001d9d0000)]
  0x000000001c28b000 JavaThread "Attach Listener" daemon [_thread_blocked, id=11112, stack(0x000000001d7d0000,0x000000001d8d0000)]
  0x000000001c289800 JavaThread "Signal Dispatcher" daemon [_thread_blocked, id=10528, stack(0x000000001d6d0000,0x000000001d7d0000)]
  0x000000001c27a800 JavaThread "Finalizer" daemon [_thread_blocked, id=2660, stack(0x000000001d4e0000,0x000000001d5e0000)]
  0x0000000002c5f000 JavaThread "Reference Handler" daemon [_thread_blocked, id=10480, stack(0x000000001d3e0000,0x000000001d4e0000)]
  0x0000000002b70800 JavaThread "main" [_thread_blocked, id=7820, stack(0x00000000012e0000,0x00000000013e0000)]

Other Threads:
=>0x000000001c257800 VMThread [stack: 0x000000001d2e0000,0x000000001d3e0000] [id=10884]

VM state:at safepoint (shutting down)

VM Mutex/Monitor currently owned by a thread:  ([mutex/lock_event])
[0x00000000013ec230] Threads_lock - owner thread: 0x000000001c257800

Heap:
 PSYoungGen      total 141824K, used 113110K [0x000000076b100000, 0x0000000774600000, 0x00000007c0000000)
  eden space 131072K, 78% used [0x000000076b100000,0x000000077157c500,0x0000000773100000)
  from space 10752K, 94% used [0x0000000773b80000,0x00000007745794b0,0x0000000774600000)
  to   space 10752K, 0% used [0x0000000773100000,0x0000000773100000,0x0000000773b80000)
 ParOldGen       total 175104K, used 10619K [0x00000006c1200000, 0x00000006cbd00000, 0x000000076b100000)
  object space 175104K, 6% used [0x00000006c1200000,0x00000006c1c5eed8,0x00000006cbd00000)
 Metaspace       used 8438K, capacity 8564K, committed 8832K, reserved 1056768K
  class space    used 1002K, capacity 1064K, committed 1152K, reserved 1048576K

Card table byte_map: [0x0000000012030000,0x0000000012830000] byte_map_base: 0x000000000ea27000

Marking Bits: (ParMarkBitMap*) 0x0000000068d2a6c0
 Begin Bits: [0x0000000013180000, 0x0000000017138000)
 End Bits:   [0x0000000017138000, 0x000000001b0f0000)

Polling page: 0x0000000001130000

CodeCache: size=245760Kb used=2029Kb max_used=2044Kb free=243730Kb
 bounds [0x0000000002c70000, 0x0000000002ee0000, 0x0000000011c70000]
 total_blobs=844 nmethods=410 adapters=347
 compilation: enabled

Compilation events (10 events):
Event: 2.009 Thread 0x000000001c2b9000  406       3       java.lang.Math::max (11 bytes)
Event: 2.010 Thread 0x000000001c2b9000 nmethod 406 0x0000000002e5dc50 code [0x0000000002e5dda0, 0x0000000002e5df30]
Event: 2.089 Thread 0x000000001c2b9000  407       3       java.lang.StringBuilder::append (8 bytes)
Event: 2.089 Thread 0x000000001c2b9000 nmethod 407 0x0000000002e56510 code [0x0000000002e56680, 0x0000000002e56808]
Event: 2.089 Thread 0x000000001c2b9000  408       3       java.lang.AbstractStringBuilder::append (62 bytes)
Event: 2.091 Thread 0x000000001c2b9000 nmethod 408 0x0000000002e554d0 code [0x0000000002e556c0, 0x0000000002e55ff8]
Event: 2.133 Thread 0x000000001c296000  409 %     4       PicRecoginition::winningZone @ 34 (60 bytes)
Event: 2.140 Thread 0x000000001c296000 nmethod 409% 0x0000000002e66c10 code [0x0000000002e66da0, 0x0000000002e675e8]
Event: 2.156 Thread 0x000000001c28d800  410 %     4       PicRecoginition::winningZone @ 5 (60 bytes)
Event: 2.168 Thread 0x000000001c28d800 nmethod 410% 0x0000000002e6ce50 code [0x0000000002e6d020, 0x0000000002e6dfd8]

GC Heap History (8 events):
Event: 1.116 GC heap before
{Heap before GC invocations=1 (full 0):
 PSYoungGen      total 76288K, used 64964K [0x000000076b100000, 0x0000000770600000, 0x00000007c0000000)
  eden space 65536K, 99% used [0x000000076b100000,0x000000076f071250,0x000000076f100000)
  from space 10752K, 0% used [0x000000076fb80000,0x000000076fb80000,0x0000000770600000)
  to   space 10752K, 0% used [0x000000076f100000,0x000000076f100000,0x000000076fb80000)
 ParOldGen       total 175104K, used 0K [0x00000006c1200000, 0x00000006cbd00000, 0x000000076b100000)
  object space 175104K, 0% used [0x00000006c1200000,0x00000006c1200000,0x00000006cbd00000)
 Metaspace       used 8433K, capacity 8564K, committed 8832K, reserved 1056768K
  class space    used 1002K, capacity 1064K, committed 1152K, reserved 1048576K
Event: 1.123 GC heap after
Heap after GC invocations=1 (full 0):
 PSYoungGen      total 76288K, used 8413K [0x000000076b100000, 0x0000000770600000, 0x00000007c0000000)
  eden space 65536K, 0% used [0x000000076b100000,0x000000076b100000,0x000000076f100000)
  from space 10752K, 78% used [0x000000076f100000,0x000000076f937490,0x000000076fb80000)
  to   space 10752K, 0% used [0x000000076fb80000,0x000000076fb80000,0x0000000770600000)
 ParOldGen       total 175104K, used 3542K [0x00000006c1200000, 0x00000006cbd00000, 0x000000076b100000)
  object space 175104K, 2% used [0x00000006c1200000,0x00000006c1575a48,0x00000006cbd00000)
 Metaspace       used 8433K, capacity 8564K, committed 8832K, reserved 1056768K
  class space    used 1002K, capacity 1064K, committed 1152K, reserved 1048576K
}
Event: 1.348 GC heap before
{Heap before GC invocations=2 (full 0):
 PSYoungGen      total 76288K, used 73636K [0x000000076b100000, 0x0000000770600000, 0x00000007c0000000)
  eden space 65536K, 99% used [0x000000076b100000,0x000000076f0b1c40,0x000000076f100000)
  from space 10752K, 78% used [0x000000076f100000,0x000000076f937490,0x000000076fb80000)
  to   space 10752K, 0% used [0x000000076fb80000,0x000000076fb80000,0x0000000770600000)
 ParOldGen       total 175104K, used 3542K [0x00000006c1200000, 0x00000006cbd00000, 0x000000076b100000)
  object space 175104K, 2% used [0x00000006c1200000,0x00000006c1575a48,0x00000006cbd00000)
 Metaspace       used 8434K, capacity 8564K, committed 8832K, reserved 1056768K
  class space    used 1002K, capacity 1064K, committed 1152K, reserved 1048576K
Event: 1.352 GC heap after
Heap after GC invocations=2 (full 0):
 PSYoungGen      total 76288K, used 8445K [0x000000076b100000, 0x0000000774600000, 0x00000007c0000000)
  eden space 65536K, 0% used [0x000000076b100000,0x000000076b100000,0x000000076f100000)
  from space 10752K, 78% used [0x000000076fb80000,0x00000007703bf490,0x0000000770600000)
  to   space 10752K, 0% used [0x000000076f100000,0x000000076f100000,0x000000076fb80000)
 ParOldGen       total 175104K, used 7085K [0x00000006c1200000, 0x00000006cbd00000, 0x000000076b100000)
  object space 175104K, 4% used [0x00000006c1200000,0x00000006c18eb490,0x00000006cbd00000)
 Metaspace       used 8434K, capacity 8564K, committed 8832K, reserved 1056768K
  class space    used 1002K, capacity 1064K, committed 1152K, reserved 1048576K
}
Event: 1.578 GC heap before
{Heap before GC invocations=3 (full 0):
 PSYoungGen      total 76288K, used 73624K [0x000000076b100000, 0x0000000774600000, 0x00000007c0000000)
  eden space 65536K, 99% used [0x000000076b100000,0x000000076f0a6c98,0x000000076f100000)
  from space 10752K, 78% used [0x000000076fb80000,0x00000007703bf490,0x0000000770600000)
  to   space 10752K, 0% used [0x000000076f100000,0x000000076f100000,0x000000076fb80000)
 ParOldGen       total 175104K, used 7085K [0x00000006c1200000, 0x00000006cbd00000, 0x000000076b100000)
  object space 175104K, 4% used [0x00000006c1200000,0x00000006c18eb490,0x00000006cbd00000)
 Metaspace       used 8435K, capacity 8564K, committed 8832K, reserved 1056768K
  class space    used 1002K, capacity 1064K, committed 1152K, reserved 1048576K
Event: 1.585 GC heap after
Heap after GC invocations=3 (full 0):
 PSYoungGen      total 76288K, used 5730K [0x000000076b100000, 0x0000000774600000, 0x00000007c0000000)
  eden space 65536K, 0% used [0x000000076b100000,0x000000076b100000,0x000000076f100000)
  from space 10752K, 53% used [0x000000076f100000,0x000000076f698a68,0x000000076fb80000)
  to   space 10752K, 0% used [0x0000000773b80000,0x0000000773b80000,0x0000000774600000)
 ParOldGen       total 175104K, used 7085K [0x00000006c1200000, 0x00000006cbd00000, 0x000000076b100000)
  object space 175104K, 4% used [0x00000006c1200000,0x00000006c18eb490,0x00000006cbd00000)
 Metaspace       used 8435K, capacity 8564K, committed 8832K, reserved 1056768K
  class space    used 1002K, capacity 1064K, committed 1152K, reserved 1048576K
}
Event: 1.820 GC heap before
{Heap before GC invocations=4 (full 0):
 PSYoungGen      total 76288K, used 71266K [0x000000076b100000, 0x0000000774600000, 0x00000007c0000000)
  eden space 65536K, 100% used [0x000000076b100000,0x000000076f100000,0x000000076f100000)
  from space 10752K, 53% used [0x000000076f100000,0x000000076f698a68,0x000000076fb80000)
  to   space 10752K, 0% used [0x0000000773b80000,0x0000000773b80000,0x0000000774600000)
 ParOldGen       total 175104K, used 7085K [0x00000006c1200000, 0x00000006cbd00000, 0x000000076b100000)
  object space 175104K, 4% used [0x00000006c1200000,0x00000006c18eb490,0x00000006cbd00000)
 Metaspace       used 8436K, capacity 8564K, committed 8832K, reserved 1056768K
  class space    used 1002K, capacity 1064K, committed 1152K, reserved 1048576K
Event: 1.824 GC heap after
Heap after GC invocations=4 (full 0):
 PSYoungGen      total 141824K, used 10213K [0x000000076b100000, 0x0000000774600000, 0x00000007c0000000)
  eden space 131072K, 0% used [0x000000076b100000,0x000000076b100000,0x0000000773100000)
  from space 10752K, 94% used [0x0000000773b80000,0x00000007745794b0,0x0000000774600000)
  to   space 10752K, 0% used [0x0000000773100000,0x0000000773100000,0x0000000773b80000)
 ParOldGen       total 175104K, used 10619K [0x00000006c1200000, 0x00000006cbd00000, 0x000000076b100000)
  object space 175104K, 6% used [0x00000006c1200000,0x00000006c1c5eed8,0x00000006cbd00000)
 Metaspace       used 8436K, capacity 8564K, committed 8832K, reserved 1056768K
  class space    used 1002K, capacity 1064K, committed 1152K, reserved 1048576K
}

Deoptimization events (7 events):
Event: 0.189 Thread 0x0000000002b70800 Uncommon trap: reason=null_check action=make_not_entrant pc=0x0000000002de375c method=java.lang.String.equals(Ljava/lang/Object;)Z @ 8
Event: 0.941 Thread 0x0000000002b70800 Uncommon trap: reason=unstable_if action=reinterpret pc=0x0000000002e412f8 method=PicRecoginition.isColor(I)Z @ 69
Event: 0.941 Thread 0x0000000002b70800 Uncommon trap: reason=unstable_if action=reinterpret pc=0x0000000002e3bf44 method=PicRecoginition.isColor(I)Z @ 69
Event: 0.946 Thread 0x0000000002b70800 Uncommon trap: reason=unstable_if action=reinterpret pc=0x0000000002e3473c method=java.awt.image.ComponentColorModel.getRGB(Ljava/lang/Object;)I @ 4
Event: 0.991 Thread 0x0000000002b70800 Uncommon trap: reason=unstable_if action=reinterpret pc=0x0000000002e57260 method=PicRecoginition.isColor(I)Z @ 88
Event: 0.991 Thread 0x0000000002b70800 Uncommon trap: reason=unstable_if action=reinterpret pc=0x0000000002e36258 method=PicRecoginition.isColor(I)Z @ 88
Event: 1.235 Thread 0x0000000002b70800 Uncommon trap: reason=unstable_if action=reinterpret pc=0x0000000002e5ab1c method=PicRecoginition.isColor(I)Z @ 88

Internal exceptions (10 events):
Event: 0.029 Thread 0x0000000002b70800 Exception <a 'java/lang/NoSuchMethodError': Method sun.misc.Unsafe.prefetchRead(Ljava/lang/Object;J)V name or signature does not match> (0x000000076b107f60) thrown at [C:\re\workspace\8-2-build-windows-amd64-cygwin\jdk8u111\7883\hotspot\src\share\vm\prims
Event: 0.097 Thread 0x0000000002b70800 Exception <a 'java/security/PrivilegedActionException'> (0x000000076b1850b0) thrown at [C:\re\workspace\8-2-build-windows-amd64-cygwin\jdk8u111\7883\hotspot\src\share\vm\prims\jvm.cpp, line 1386]
Event: 0.097 Thread 0x0000000002b70800 Exception <a 'java/security/PrivilegedActionException'> (0x000000076b1852c0) thrown at [C:\re\workspace\8-2-build-windows-amd64-cygwin\jdk8u111\7883\hotspot\src\share\vm\prims\jvm.cpp, line 1386]
Event: 0.098 Thread 0x0000000002b70800 Exception <a 'java/security/PrivilegedActionException'> (0x000000076b188f08) thrown at [C:\re\workspace\8-2-build-windows-amd64-cygwin\jdk8u111\7883\hotspot\src\share\vm\prims\jvm.cpp, line 1386]
Event: 0.098 Thread 0x0000000002b70800 Exception <a 'java/security/PrivilegedActionException'> (0x000000076b189118) thrown at [C:\re\workspace\8-2-build-windows-amd64-cygwin\jdk8u111\7883\hotspot\src\share\vm\prims\jvm.cpp, line 1386]
Event: 0.101 Thread 0x0000000002b70800 Exception <a 'java/io/FileNotFoundException'> (0x000000076b18b630) thrown at [C:\re\workspace\8-2-build-windows-amd64-cygwin\jdk8u111\7883\hotspot\src\share\vm\prims\jni.cpp, line 709]
Event: 0.131 Thread 0x0000000002b70800 Exception <a 'java/lang/NoSuchFieldError': method resolution failed> (0x000000076b3a04e0) thrown at [C:\re\workspace\8-2-build-windows-amd64-cygwin\jdk8u111\7883\hotspot\src\share\vm\prims\methodHandles.cpp, line 1146]
Event: 0.133 Thread 0x0000000002b70800 Exception <a 'java/lang/NoSuchFieldError': method resolution failed> (0x000000076b3ad8b0) thrown at [C:\re\workspace\8-2-build-windows-amd64-cygwin\jdk8u111\7883\hotspot\src\share\vm\prims\methodHandles.cpp, line 1146]
Event: 0.166 Thread 0x0000000002b70800 Exception <a 'java/io/FileNotFoundException'> (0x000000076b441458) thrown at [C:\re\workspace\8-2-build-windows-amd64-cygwin\jdk8u111\7883\hotspot\src\share\vm\prims\jni.cpp, line 709]
Event: 0.189 Thread 0x0000000002b70800 Implicit null exception at 0x0000000002de3566 to 0x0000000002de374d

Events (10 events):
Event: 1.578 Executing VM operation: ParallelGCFailedAllocation
Event: 1.585 Executing VM operation: ParallelGCFailedAllocation done
Event: 1.820 Executing VM operation: ParallelGCFailedAllocation
Event: 1.824 Executing VM operation: ParallelGCFailedAllocation done
Event: 2.069 Thread 0x000000001ece8800 Thread added: 0x000000001ece8800
Event: 2.069 Thread 0x000000001ece9000 Thread added: 0x000000001ece9000
Event: 2.070 Thread 0x000000001ece8800 Thread exited: 0x000000001ece8800
Event: 2.091 Thread 0x000000001dfb4000 Thread exited: 0x000000001dfb4000
Event: 2.170 Thread 0x000000001ece9000 Thread exited: 0x000000001ece9000
Event: 2.170 Executing VM operation: Exit


Dynamic libraries:
0x00007ff732810000 - 0x00007ff732847000 	C:\Program Files\Java\jre1.8.0_111\bin\javaw.exe
0x00007ff958b80000 - 0x00007ff958d51000 	C:\WINDOWS\SYSTEM32\ntdll.dll
0x00007ff9577c0000 - 0x00007ff95786b000 	C:\WINDOWS\System32\KERNEL32.DLL
0x00007ff92d570000 - 0x00007ff92d5c4000 	C:\Program Files (x86)\AVG\Av\avghooka.dll
0x00007ff954b10000 - 0x00007ff954d2d000 	C:\WINDOWS\System32\KERNELBASE.dll
0x00007ff955240000 - 0x00007ff9552e2000 	C:\WINDOWS\System32\ADVAPI32.dll
0x00007ff9551a0000 - 0x00007ff95523e000 	C:\WINDOWS\System32\msvcrt.dll
0x00007ff955510000 - 0x00007ff955569000 	C:\WINDOWS\System32\sechost.dll
0x00007ff955300000 - 0x00007ff955421000 	C:\WINDOWS\System32\RPCRT4.dll
0x00007ff957540000 - 0x00007ff9576a5000 	C:\WINDOWS\System32\USER32.dll
0x00007ff953f50000 - 0x00007ff953f6e000 	C:\WINDOWS\System32\win32u.dll
0x00007ff955020000 - 0x00007ff955054000 	C:\WINDOWS\System32\GDI32.dll
0x00007ff953f70000 - 0x00007ff9540f2000 	C:\WINDOWS\System32\gdi32full.dll
0x00007ff9445c0000 - 0x00007ff944839000 	C:\WINDOWS\WinSxS\amd64_microsoft.windows.common-controls_6595b64144ccf1df_6.0.14393.447_none_42191651c6827bb3\COMCTL32.dll
0x00007ff9570d0000 - 0x00007ff957398000 	C:\WINDOWS\System32\combase.dll
0x00007ff953e00000 - 0x00007ff953ef5000 	C:\WINDOWS\System32\ucrtbase.dll
0x00007ff954d30000 - 0x00007ff954d9a000 	C:\WINDOWS\System32\bcryptPrimitives.dll
0x00007ff9570a0000 - 0x00007ff9570ce000 	C:\WINDOWS\System32\IMM32.DLL
0x0000000068330000 - 0x0000000068402000 	C:\Program Files\Java\jre1.8.0_111\bin\msvcr100.dll
0x0000000068510000 - 0x0000000068daa000 	C:\Program Files\Java\jre1.8.0_111\bin\server\jvm.dll
0x00007ff9552f0000 - 0x00007ff9552f8000 	C:\WINDOWS\System32\PSAPI.DLL
0x00007ff94ac00000 - 0x00007ff94ac09000 	C:\WINDOWS\SYSTEM32\WSOCK32.dll
0x00007ff956fd0000 - 0x00007ff95703a000 	C:\WINDOWS\System32\WS2_32.dll
0x00007ff9520f0000 - 0x00007ff952113000 	C:\WINDOWS\SYSTEM32\WINMM.dll
0x00007ff94c5d0000 - 0x00007ff94c5da000 	C:\WINDOWS\SYSTEM32\VERSION.dll
0x00007ff952090000 - 0x00007ff9520bb000 	C:\WINDOWS\SYSTEM32\WINMMBASE.dll
0x00007ff953f00000 - 0x00007ff953f42000 	C:\WINDOWS\System32\cfgmgr32.dll
0x0000000068500000 - 0x000000006850f000 	C:\Program Files\Java\jre1.8.0_111\bin\verify.dll
0x00000000684d0000 - 0x00000000684f9000 	C:\Program Files\Java\jre1.8.0_111\bin\java.dll
0x00000000684b0000 - 0x00000000684c6000 	C:\Program Files\Java\jre1.8.0_111\bin\zip.dll
0x00007ff955a50000 - 0x00007ff956f59000 	C:\WINDOWS\System32\SHELL32.dll
0x00007ff954100000 - 0x00007ff9547da000 	C:\WINDOWS\System32\windows.storage.dll
0x00007ff953d10000 - 0x00007ff953d5c000 	C:\WINDOWS\System32\powrprof.dll
0x00007ff954e60000 - 0x00007ff954eb2000 	C:\WINDOWS\System32\shlwapi.dll
0x00007ff953cd0000 - 0x00007ff953cdf000 	C:\WINDOWS\System32\kernel.appcore.dll
0x00007ff9547e0000 - 0x00007ff954889000 	C:\WINDOWS\System32\shcore.dll
0x00007ff953cf0000 - 0x00007ff953d04000 	C:\WINDOWS\System32\profapi.dll
0x00007ff906aa0000 - 0x00007ff908997000 	C:\Users\curti\OneDrive\Programming\opencv\build\java\x64\opencv_java320.dll
0x00007ff955060000 - 0x00007ff955197000 	C:\WINDOWS\System32\ole32.dll
0x00007ff955430000 - 0x00007ff9554ef000 	C:\WINDOWS\System32\OLEAUT32.dll
0x00007ff953d60000 - 0x00007ff953dfc000 	C:\WINDOWS\System32\msvcp_win.dll
0x00007ff93caf0000 - 0x00007ff93cb19000 	C:\WINDOWS\SYSTEM32\MSVFW32.dll
0x00007ff94f490000 - 0x00007ff94f4b0000 	C:\WINDOWS\SYSTEM32\AVIFIL32.dll
0x00007ff94edd0000 - 0x00007ff94ede8000 	C:\WINDOWS\SYSTEM32\AVICAP32.dll
0x00007ff94ea40000 - 0x00007ff94ea5c000 	C:\WINDOWS\SYSTEM32\MSACM32.dll
0x0000000068190000 - 0x0000000068328000 	C:\Program Files\Java\jre1.8.0_111\bin\awt.dll
0x00007ff951db0000 - 0x00007ff951e2a000 	C:\WINDOWS\SYSTEM32\apphelp.dll
0x00007ff951d80000 - 0x00007ff951da6000 	C:\WINDOWS\system32\DWMAPI.DLL
0x00007ff952400000 - 0x00007ff952495000 	C:\WINDOWS\system32\uxtheme.dll
0x00007ff954ec0000 - 0x00007ff95501b000 	C:\WINDOWS\System32\MSCTF.dll
0x00007ff94f1c0000 - 0x00007ff94f258000 	C:\Program Files\Common Files\microsoft shared\ink\tiptsf.dll
0x0000000068140000 - 0x0000000068187000 	C:\Program Files\Java\jre1.8.0_111\bin\fontmanager.dll
0x00007ff955570000 - 0x00007ff95560f000 	C:\WINDOWS\System32\clbcatq.dll
0x00007ff9403f0000 - 0x00007ff94059a000 	C:\Windows\System32\uiautomationcore.dll
0x00007ff953420000 - 0x00007ff95343f000 	C:\Windows\System32\USERENV.dll
0x00007ff953b70000 - 0x00007ff953c08000 	C:\WINDOWS\SYSTEM32\sxs.dll
0x00007ff943fa0000 - 0x00007ff944005000 	C:\Windows\System32\OLEACC.dll
0x00007ff94f4b0000 - 0x00007ff94f52d000 	C:\WINDOWS\SYSTEM32\twinapi.dll
0x00007ff952700000 - 0x00007ff95281c000 	C:\WINDOWS\SYSTEM32\twinapi.appcore.dll
0x00007ff953c10000 - 0x00007ff953c3b000 	C:\WINDOWS\SYSTEM32\bcrypt.dll
0x00007ff94e910000 - 0x00007ff94e928000 	C:\Windows\System32\devenum.dll
0x00007ff955620000 - 0x00007ff955a49000 	C:\WINDOWS\System32\setupapi.dll
0x00007ff953080000 - 0x00007ff9530b2000 	C:\WINDOWS\SYSTEM32\ntmarta.dll
0x00007ff952940000 - 0x00007ff952968000 	C:\WINDOWS\SYSTEM32\DEVOBJ.dll
0x00007ff954da0000 - 0x00007ff954df5000 	C:\WINDOWS\System32\WINTRUST.dll
0x00007ff953ce0000 - 0x00007ff953cf0000 	C:\WINDOWS\System32\MSASN1.dll
0x00007ff954890000 - 0x00007ff954a59000 	C:\WINDOWS\System32\CRYPT32.dll
0x00007ff94e9e0000 - 0x00007ff94e9ea000 	C:\WINDOWS\SYSTEM32\msdmo.dll
0x00007ff93cab0000 - 0x00007ff93cae3000 	C:\Windows\System32\qcap.dll
0x00007ff90e2c0000 - 0x00007ff90e483000 	C:\Windows\System32\quartz.dll
0x00007ff932b80000 - 0x00007ff932bc8000 	C:\Windows\System32\mfksproxy.dll
0x00007ff950070000 - 0x00007ff95008c000 	C:\Windows\System32\ATL.DLL
0x00007ff93ce70000 - 0x00007ff93cebe000 	C:\Windows\System32\MFSENSORGROUP.dll
0x00007ff94fc40000 - 0x00007ff94fda8000 	C:\Windows\System32\MFPlat.DLL
0x00007ff94fc10000 - 0x00007ff94fc3e000 	C:\Windows\System32\RTWorkQ.DLL
0x00007ff912290000 - 0x00007ff91267b000 	C:\Windows\System32\MFCORE.dll
0x00007ff951ff0000 - 0x00007ff951ff9000 	C:\Windows\System32\ksuser.dll
0x00007ff953760000 - 0x00007ff95376b000 	C:\Windows\System32\CRYPTBASE.DLL
0x00007ff93d1d0000 - 0x00007ff93d223000 	C:\Windows\System32\FSClient.dll
0x00007ff94fc00000 - 0x00007ff94fc0b000 	C:\Windows\System32\AVRT.dll
0x00007ff94edb0000 - 0x00007ff94edbd000 	C:\Windows\System32\vidcap.ax
0x00007ff940320000 - 0x00007ff940345000 	C:\Windows\System32\kswdmcap.ax
0x00007ff90cd80000 - 0x00007ff90cee3000 	C:\Windows\System32\MFC42.dll
0x00007ff919b50000 - 0x00007ff919bff000 	C:\Windows\System32\ODBC32.dll
0x00007ff9531f0000 - 0x00007ff9531fa000 	C:\Windows\System32\DPAPI.dll
0x00007ff950f10000 - 0x00007ff950f53000 	C:\WINDOWS\SYSTEM32\policymanager.dll
0x00007ff952820000 - 0x00007ff9528b1000 	C:\Windows\System32\msvcp110_win.dll
0x00007ff90c370000 - 0x00007ff90c444000 	C:\Windows\System32\MFReadWrite.dll
0x00007ff90bf80000 - 0x00007ff90c023000 	C:\Windows\System32\qedit.dll
0x00007ff9576b0000 - 0x00007ff9577aa000 	C:\WINDOWS\System32\COMDLG32.dll
0x00007ff944080000 - 0x00007ff94421a000 	C:\WINDOWS\WinSxS\amd64_microsoft.windows.gdiplus_6595b64144ccf1df_1.1.14393.321_none_72fe05dd211a5fae\gdiplus.dll
0x00007ff923250000 - 0x00007ff923347000 	C:\Windows\System32\DDRAW.dll
0x00007ff951b70000 - 0x00007ff951b78000 	C:\Windows\System32\DCIMAN32.dll
0x00007ff94ed60000 - 0x00007ff94ed6c000 	C:\WINDOWS\SYSTEM32\msyuv.dll
0x00007ff94f920000 - 0x00007ff94fab2000 	C:\WINDOWS\SYSTEM32\dbghelp.dll

VM Arguments:
jvm_args: -Dfile.encoding=Cp1252 
java_command: OverCoat
java_class_path (initial): C:\Users\curti\OneDrive\Programming\HoundDog\bin;C:\Users\curti\OneDrive\Programming\opencv\build\java\opencv-320.jar
Launcher Type: SUN_STANDARD

Environment Variables:
PATH=C:/Program Files/Java/jre1.8.0_111/bin/server;C:/Program Files/Java/jre1.8.0_111/bin;C:/Program Files/Java/jre1.8.0_111/lib/amd64;C:\ProgramData\Oracle\Java\javapath;C:\Program Files (x86)\NVIDIA Corporation\PhysX\Common;C:\WINDOWS\system32;C:\WINDOWS;C:\WINDOWS\System32\Wbem;C:\WINDOWS\System32\WindowsPowerShell\v1.0\;C:\WINDOWS\system32\config\systemprofile\.dnx\bin;C:\Program Files\Microsoft DNX\Dnvm\;C:\Program Files (x86)\Windows Kits\8.1\Windows Performance Toolkit\;C:\Program Files\Microsoft SQL Server\120\Tools\Binn\;C:\Program Files\Microsoft SQL Server\130\Tools\Binn\;C:\Program Files\Microsoft SQL Server\Client SDK\ODBC\110\Tools\Binn\;C:\Program Files (x86)\Microsoft SQL Server\120\Tools\Binn\;C:\Program Files\Microsoft SQL Server\120\DTS\Binn\;C:\Program Files\Git\cmd;C:\Users\curti\AppData\Local\Microsoft\WindowsApps;;C:\Users\curti\Desktop\desktop stuff;
USERNAME=curti
OS=Windows_NT
PROCESSOR_IDENTIFIER=Intel64 Family 6 Model 78 Stepping 3, GenuineIntel



---------------  S Y S T E M  ---------------

OS: Windows 10.0 , 64 bit Build 14393 (10.0.14393.0)

CPU:total 4 (2 cores per cpu, 2 threads per core) family 6 model 78 stepping 3, cmov, cx8, fxsr, mmx, sse, sse2, sse3, ssse3, sse4.1, sse4.2, popcnt, avx, avx2, aes, clmul, erms, rtm, 3dnowpref, lzcnt, ht, tsc, tscinvbit, bmi1, bmi2, adx

Memory: 4k page, physical 16701568k(11227604k free), swap 19191936k(12620736k free)

vm_info: Java HotSpot(TM) 64-Bit Server VM (25.111-b14) for windows-amd64 JRE (1.8.0_111-b14), built on Sep 22 2016 19:24:05 by "java_re" with MS VC++ 10.0 (VS2010)

time: Tue Jan 17 20:18:11 2017
elapsed time: 2 seconds (0d 0h 0m 2s)

