#
# A fatal error has been detected by the Java Runtime Environment:
#
#  Internal Error (0xc000000d), pid=2480, tid=0x0000000000001d94
#
# JRE version: Java(TM) SE Runtime Environment (8.0_111-b14) (build 1.8.0_111-b14)
# Java VM: Java HotSpot(TM) 64-Bit Server VM (25.111-b14 mixed mode windows-amd64 compressed oops)
# Problematic frame:
# C  [ntdll.dll+0xff44c]
#
# Failed to write core dump. Minidumps are not enabled by default on client versions of Windows
#
# If you would like to submit a bug report, please visit:
#   http://bugreport.java.com/bugreport/crash.jsp
#

---------------  T H R E A D  ---------------

Current thread (0x000000001c5d9000):  VMThread [stack: 0x000000001e2b0000,0x000000001e3b0000] [id=7572]

siginfo: ExceptionCode=0xc000000d

Registers:
RAX=0x0000000050a84103, RBX=0x0000000026fe37e0, RCX=0xfffffff90000004f, RDX=0x0000000000000007
RSP=0x000000001e3aea50, RBP=0x0000000000000000, RSI=0x0000000026dd69d0, RDI=0x0000000026dd6c50
R8 =0x0000000000000000, R9 =0x00000000504237e0, R10=0x0000000002931c90, R11=0x000000001c5da010
R12=0x0000000000000000, R13=0x00000000ffffffff, R14=0x0000000026db5ce0, R15=0x0000000026dd69d0
RIP=0x00007ffca298f44c, EFLAGS=0x0000000000000202

Top of Stack: (sp=0x000000001e3aea50)
0x000000001e3aea50:   0000000000000057 0000000026fe37e0
0x000000001e3aea60:   0000000026dd69d0 0000000026dd6c50
0x000000001e3aea70:   00000000c000000d 0000000000000000
0x000000001e3aea80:   00007ffca298f44c 0000000000000000
0x000000001e3aea90:   0000000000000000 0000000000000000
0x000000001e3aeaa0:   0000000000000000 0000000000000000
0x000000001e3aeab0:   0000000000000000 0000000000000000
0x000000001e3aeac0:   0000000000000000 0000000000000000
0x000000001e3aead0:   0000000000000000 0000000000000000
0x000000001e3aeae0:   0000000000000000 0000000000000000
0x000000001e3aeaf0:   0000000000000000 0000000000000000
0x000000001e3aeb00:   0000000000000000 0000000000f50cc0
0x000000001e3aeb10:   0000367b7a3a968b 0000000000000000
0x000000001e3aeb20:   0000000000000000 00007ffca2951899
0x000000001e3aeb30:   0000000000000001 00007ffc931ae8db
0x000000001e3aeb40:   0000000100000003 0000000000000004 

Instructions: (pc=0x00007ffca298f44c)
0x00007ffca298f42c:   d5 fa ff c7 44 24 20 0d 00 00 c0 b9 57 00 00 00
0x00007ffca298f43c:   e8 7f 13 f6 ff 90 48 8d 4c 24 20 e8 04 bf f4 ff
0x00007ffca298f44c:   eb 00 48 8b 8c 24 c0 00 00 00 48 33 cc e8 82 74
0x00007ffca298f45c:   f9 ff 48 81 c4 d8 00 00 00 c3 40 55 48 83 ec 20 


Register to memory mapping:

RAX=0x0000000050a84103 is an unknown value
RBX=0x0000000026fe37e0 is an unknown value
RCX=0xfffffff90000004f is an unknown value
RDX=0x0000000000000007 is an unknown value
RSP=0x000000001e3aea50 is an unknown value
RBP=0x0000000000000000 is an unknown value
RSI=0x0000000026dd69d0 is an unknown value
RDI=0x0000000026dd6c50 is an unknown value
R8 =0x0000000000000000 is an unknown value
R9 =0x00000000504237e0 is an unknown value
R10=0x0000000002931c90 is an unknown value
R11=0x000000001c5da010 is an unknown value
R12=0x0000000000000000 is an unknown value
R13=0x00000000ffffffff is an unknown value
R14=0x0000000026db5ce0 is an unknown value
R15=0x0000000026dd69d0 is an unknown value


Stack: [0x000000001e2b0000,0x000000001e3b0000],  sp=0x000000001e3aea50,  free space=1018k
Native frames: (J=compiled Java code, j=interpreted, Vv=VM code, C=native code)

VM_Operation (0x000000002634cb50): Exit, mode: safepoint, requested by thread 0x000000001f426000


---------------  P R O C E S S  ---------------

Java Threads: ( => current thread )
  0x000000001f426000 JavaThread "AWT-EventQueue-0" [_thread_blocked, id=9940, stack(0x0000000026250000,0x0000000026350000)]
  0x000000001f413000 JavaThread "AWT-Shutdown" [_thread_blocked, id=5140, stack(0x000000001fcd0000,0x000000001fdd0000)]
  0x000000001f412800 JavaThread "Java2D Disposer" daemon [_thread_blocked, id=10160, stack(0x000000001fbd0000,0x000000001fcd0000)]
  0x000000001e575800 JavaThread "Service Thread" daemon [_thread_blocked, id=9560, stack(0x000000001f0a0000,0x000000001f1a0000)]
  0x000000001e4e6800 JavaThread "C1 CompilerThread3" daemon [_thread_blocked, id=5512, stack(0x000000001efa0000,0x000000001f0a0000)]
  0x000000001e4e1000 JavaThread "C2 CompilerThread2" daemon [_thread_blocked, id=3824, stack(0x000000001eea0000,0x000000001efa0000)]
  0x000000001e4da000 JavaThread "C2 CompilerThread1" daemon [_thread_blocked, id=5520, stack(0x000000001eda0000,0x000000001eea0000)]
  0x000000001e4d6800 JavaThread "C2 CompilerThread0" daemon [_thread_blocked, id=2556, stack(0x000000001eca0000,0x000000001eda0000)]
  0x000000001e4d4800 JavaThread "Attach Listener" daemon [_thread_blocked, id=8960, stack(0x000000001eba0000,0x000000001eca0000)]
  0x000000001c5ee800 JavaThread "Signal Dispatcher" daemon [_thread_blocked, id=5048, stack(0x000000001eaa0000,0x000000001eba0000)]
  0x000000001e4d0800 JavaThread "Finalizer" daemon [_thread_blocked, id=5572, stack(0x000000001e8b0000,0x000000001e9b0000)]
  0x0000000002b36000 JavaThread "Reference Handler" daemon [_thread_blocked, id=8432, stack(0x000000001e3b0000,0x000000001e4b0000)]
  0x0000000002a40800 JavaThread "main" [_thread_blocked, id=2340, stack(0x0000000002940000,0x0000000002a40000)]

Other Threads:
=>0x000000001c5d9000 VMThread [stack: 0x000000001e2b0000,0x000000001e3b0000] [id=7572]

VM state:at safepoint (shutting down)

VM Mutex/Monitor currently owned by a thread:  ([mutex/lock_event])
[0x000000000293bb30] Threads_lock - owner thread: 0x000000001c5d9000

Heap:
 PSYoungGen      total 39424K, used 9106K [0x000000076af80000, 0x000000076db80000, 0x00000007c0000000)
  eden space 34816K, 15% used [0x000000076af80000,0x000000076b4a08d8,0x000000076d180000)
  from space 4608K, 83% used [0x000000076d680000,0x000000076da44040,0x000000076db00000)
  to   space 5120K, 0% used [0x000000076d180000,0x000000076d180000,0x000000076d680000)
 ParOldGen       total 175104K, used 4100K [0x00000006c0e00000, 0x00000006cb900000, 0x000000076af80000)
  object space 175104K, 2% used [0x00000006c0e00000,0x00000006c12013b8,0x00000006cb900000)
 Metaspace       used 8567K, capacity 8730K, committed 8832K, reserved 1056768K
  class space    used 1030K, capacity 1097K, committed 1152K, reserved 1048576K

Card table byte_map: [0x0000000011f00000,0x0000000012700000] byte_map_base: 0x000000000e8f9000

Marking Bits: (ParMarkBitMap*) 0x0000000050c6a6c0
 Begin Bits: [0x0000000013460000, 0x0000000017428000)
 End Bits:   [0x0000000017428000, 0x000000001b3f0000)

Polling page: 0x0000000001040000

CodeCache: size=245760Kb used=2108Kb max_used=2108Kb free=243651Kb
 bounds [0x0000000002b40000, 0x0000000002db0000, 0x0000000011b40000]
 total_blobs=963 nmethods=514 adapters=362
 compilation: enabled

Compilation events (10 events):
Event: 8.155 Thread 0x000000001e4e6800  510       3       sun.awt.windows.WComponentPeer::getBounds (11 bytes)
Event: 8.155 Thread 0x000000001e4e6800 nmethod 510 0x0000000002d4be50 code [0x0000000002d4bfe0, 0x0000000002d4c5f0]
Event: 8.218 Thread 0x000000001e4e6800  511       3       java.lang.ref.Reference::clear (6 bytes)
Event: 8.218 Thread 0x000000001e4e6800 nmethod 511 0x0000000002d4c8d0 code [0x0000000002d4ca20, 0x0000000002d4cb90]
Event: 8.239 Thread 0x000000001e4e6800  512       3       java.awt.image.ComponentColorModel::initScale (628 bytes)
Event: 8.240 Thread 0x000000001e4e6800 nmethod 512 0x0000000002d4cc10 code [0x0000000002d4cf40, 0x0000000002d4e558]
Event: 8.410 Thread 0x000000001e4e6800  513  s    3       java.awt.Toolkit::getDefaultToolkit (24 bytes)
Event: 8.410 Thread 0x000000001e4e6800 nmethod 513 0x0000000002d4f210 code [0x0000000002d4f3a0, 0x0000000002d4f818]
Event: 8.491 Thread 0x000000001e4e6800  514       3       sun.java2d.SunGraphics2D::getCompClip (19 bytes)
Event: 8.491 Thread 0x000000001e4e6800 nmethod 514 0x0000000002d4f990 code [0x0000000002d4fb00, 0x0000000002d4fd88]

GC Heap History (10 events):
Event: 7.959 GC heap before
{Heap before GC invocations=42 (full 0):
 PSYoungGen      total 40448K, used 40204K [0x000000076af80000, 0x000000076de00000, 0x00000007c0000000)
  eden space 37376K, 100% used [0x000000076af80000,0x000000076d400000,0x000000076d400000)
  from space 3072K, 92% used [0x000000076d480000,0x000000076d743030,0x000000076d780000)
  to   space 5120K, 0% used [0x000000076d900000,0x000000076d900000,0x000000076de00000)
 ParOldGen       total 175104K, used 1384K [0x00000006c0e00000, 0x00000006cb900000, 0x000000076af80000)
  object space 175104K, 0% used [0x00000006c0e00000,0x00000006c0f5a388,0x00000006cb900000)
 Metaspace       used 8557K, capacity 8730K, committed 8832K, reserved 1056768K
  class space    used 1029K, capacity 1097K, committed 1152K, reserved 1048576K
Event: 7.960 GC heap after
Heap after GC invocations=42 (full 0):
 PSYoungGen      total 41472K, used 2860K [0x000000076af80000, 0x000000076dd80000, 0x00000007c0000000)
  eden space 36864K, 0% used [0x000000076af80000,0x000000076af80000,0x000000076d380000)
  from space 4608K, 62% used [0x000000076d900000,0x000000076dbcb030,0x000000076dd80000)
  to   space 5120K, 0% used [0x000000076d380000,0x000000076d380000,0x000000076d880000)
 ParOldGen       total 175104K, used 1384K [0x00000006c0e00000, 0x00000006cb900000, 0x000000076af80000)
  object space 175104K, 0% used [0x00000006c0e00000,0x00000006c0f5a388,0x00000006cb900000)
 Metaspace       used 8557K, capacity 8730K, committed 8832K, reserved 1056768K
  class space    used 1029K, capacity 1097K, committed 1152K, reserved 1048576K
}
Event: 8.088 GC heap before
{Heap before GC invocations=43 (full 0):
 PSYoungGen      total 41472K, used 39724K [0x000000076af80000, 0x000000076dd80000, 0x00000007c0000000)
  eden space 36864K, 100% used [0x000000076af80000,0x000000076d380000,0x000000076d380000)
  from space 4608K, 62% used [0x000000076d900000,0x000000076dbcb030,0x000000076dd80000)
  to   space 5120K, 0% used [0x000000076d380000,0x000000076d380000,0x000000076d880000)
 ParOldGen       total 175104K, used 1384K [0x00000006c0e00000, 0x00000006cb900000, 0x000000076af80000)
  object space 175104K, 0% used [0x00000006c0e00000,0x00000006c0f5a388,0x00000006cb900000)
 Metaspace       used 8557K, capacity 8730K, committed 8832K, reserved 1056768K
  class space    used 1029K, capacity 1097K, committed 1152K, reserved 1048576K
Event: 8.089 GC heap after
Heap after GC invocations=43 (full 0):
 PSYoungGen      total 39424K, used 2892K [0x000000076af80000, 0x000000076dd00000, 0x00000007c0000000)
  eden space 36352K, 0% used [0x000000076af80000,0x000000076af80000,0x000000076d300000)
  from space 3072K, 94% used [0x000000076d380000,0x000000076d653030,0x000000076d680000)
  to   space 5120K, 0% used [0x000000076d800000,0x000000076d800000,0x000000076dd00000)
 ParOldGen       total 175104K, used 1384K [0x00000006c0e00000, 0x00000006cb900000, 0x000000076af80000)
  object space 175104K, 0% used [0x00000006c0e00000,0x00000006c0f5a388,0x00000006cb900000)
 Metaspace       used 8557K, capacity 8730K, committed 8832K, reserved 1056768K
  class space    used 1029K, capacity 1097K, committed 1152K, reserved 1048576K
}
Event: 8.217 GC heap before
{Heap before GC invocations=44 (full 0):
 PSYoungGen      total 39424K, used 39244K [0x000000076af80000, 0x000000076dd00000, 0x00000007c0000000)
  eden space 36352K, 100% used [0x000000076af80000,0x000000076d300000,0x000000076d300000)
  from space 3072K, 94% used [0x000000076d380000,0x000000076d653030,0x000000076d680000)
  to   space 5120K, 0% used [0x000000076d800000,0x000000076d800000,0x000000076dd00000)
 ParOldGen       total 175104K, used 1384K [0x00000006c0e00000, 0x00000006cb900000, 0x000000076af80000)
  object space 175104K, 0% used [0x00000006c0e00000,0x00000006c0f5a388,0x00000006cb900000)
 Metaspace       used 8559K, capacity 8730K, committed 8832K, reserved 1056768K
  class space    used 1029K, capacity 1097K, committed 1152K, reserved 1048576K
Event: 8.218 GC heap after
Heap after GC invocations=44 (full 0):
 PSYoungGen      total 39424K, used 2860K [0x000000076af80000, 0x000000076db80000, 0x00000007c0000000)
  eden space 35840K, 0% used [0x000000076af80000,0x000000076af80000,0x000000076d280000)
  from space 3584K, 79% used [0x000000076d800000,0x000000076dacb030,0x000000076db80000)
  to   space 4608K, 0% used [0x000000076d280000,0x000000076d280000,0x000000076d700000)
 ParOldGen       total 175104K, used 1392K [0x00000006c0e00000, 0x00000006cb900000, 0x000000076af80000)
  object space 175104K, 0% used [0x00000006c0e00000,0x00000006c0f5c388,0x00000006cb900000)
 Metaspace       used 8559K, capacity 8730K, committed 8832K, reserved 1056768K
  class space    used 1029K, capacity 1097K, committed 1152K, reserved 1048576K
}
Event: 8.360 GC heap before
{Heap before GC invocations=45 (full 0):
 PSYoungGen      total 39424K, used 38700K [0x000000076af80000, 0x000000076db80000, 0x00000007c0000000)
  eden space 35840K, 100% used [0x000000076af80000,0x000000076d280000,0x000000076d280000)
  from space 3584K, 79% used [0x000000076d800000,0x000000076dacb030,0x000000076db80000)
  to   space 4608K, 0% used [0x000000076d280000,0x000000076d280000,0x000000076d700000)
 ParOldGen       total 175104K, used 1392K [0x00000006c0e00000, 0x00000006cb900000, 0x000000076af80000)
  object space 175104K, 0% used [0x00000006c0e00000,0x00000006c0f5c388,0x00000006cb900000)
 Metaspace       used 8559K, capacity 8730K, committed 8832K, reserved 1056768K
  class space    used 1029K, capacity 1097K, committed 1152K, reserved 1048576K
Event: 8.361 GC heap after
Heap after GC invocations=45 (full 0):
 PSYoungGen      total 38400K, used 2828K [0x000000076af80000, 0x000000076db00000, 0x00000007c0000000)
  eden space 35328K, 0% used [0x000000076af80000,0x000000076af80000,0x000000076d200000)
  from space 3072K, 92% used [0x000000076d280000,0x000000076d543030,0x000000076d580000)
  to   space 4608K, 0% used [0x000000076d680000,0x000000076d680000,0x000000076db00000)
 ParOldGen       total 175104K, used 1400K [0x00000006c0e00000, 0x00000006cb900000, 0x000000076af80000)
  object space 175104K, 0% used [0x00000006c0e00000,0x00000006c0f5e388,0x00000006cb900000)
 Metaspace       used 8559K, capacity 8730K, committed 8832K, reserved 1056768K
  class space    used 1029K, capacity 1097K, committed 1152K, reserved 1048576K
}
Event: 8.485 GC heap before
{Heap before GC invocations=46 (full 0):
 PSYoungGen      total 38400K, used 38156K [0x000000076af80000, 0x000000076db00000, 0x00000007c0000000)
  eden space 35328K, 100% used [0x000000076af80000,0x000000076d200000,0x000000076d200000)
  from space 3072K, 92% used [0x000000076d280000,0x000000076d543030,0x000000076d580000)
  to   space 4608K, 0% used [0x000000076d680000,0x000000076d680000,0x000000076db00000)
 ParOldGen       total 175104K, used 1400K [0x00000006c0e00000, 0x00000006cb900000, 0x000000076af80000)
  object space 175104K, 0% used [0x00000006c0e00000,0x00000006c0f5e388,0x00000006cb900000)
 Metaspace       used 8566K, capacity 8730K, committed 8832K, reserved 1056768K
  class space    used 1030K, capacity 1097K, committed 1152K, reserved 1048576K
Event: 8.487 GC heap after
Heap after GC invocations=46 (full 0):
 PSYoungGen      total 39424K, used 3856K [0x000000076af80000, 0x000000076db80000, 0x00000007c0000000)
  eden space 34816K, 0% used [0x000000076af80000,0x000000076af80000,0x000000076d180000)
  from space 4608K, 83% used [0x000000076d680000,0x000000076da44040,0x000000076db00000)
  to   space 5120K, 0% used [0x000000076d180000,0x000000076d180000,0x000000076d680000)
 ParOldGen       total 175104K, used 4100K [0x00000006c0e00000, 0x00000006cb900000, 0x000000076af80000)
  object space 175104K, 2% used [0x00000006c0e00000,0x00000006c12013b8,0x00000006cb900000)
 Metaspace       used 8566K, capacity 8730K, committed 8832K, reserved 1056768K
  class space    used 1030K, capacity 1097K, committed 1152K, reserved 1048576K
}

Deoptimization events (10 events):
Event: 0.158 Thread 0x0000000002a40800 Uncommon trap: reason=null_check action=make_not_entrant pc=0x0000000002cb0bc4 method=java.lang.String.equals(Ljava/lang/Object;)Z @ 8
Event: 0.667 Thread 0x0000000002a40800 Uncommon trap: reason=unstable_if action=reinterpret pc=0x0000000002cf4c90 method=PicRecoginition.isColor(I)Z @ 31
Event: 0.668 Thread 0x0000000002a40800 Uncommon trap: reason=unstable_if action=reinterpret pc=0x0000000002cf492c method=PicRecoginition.isColor(I)Z @ 14
Event: 0.672 Thread 0x0000000002a40800 Uncommon trap: reason=unstable_if action=reinterpret pc=0x0000000002cf6fd4 method=PicRecoginition.isColor(I)Z @ 69
Event: 0.684 Thread 0x0000000002a40800 Uncommon trap: reason=unstable_if action=reinterpret pc=0x0000000002cfb318 method=PicRecoginition.porcessedImg(Ljava/awt/image/BufferedImage;)Ljava/awt/image/BufferedImage; @ 65
Event: 0.689 Thread 0x0000000002a40800 Uncommon trap: reason=unstable_if action=reinterpret pc=0x0000000002cf433c method=java.awt.image.ComponentColorModel.getRGB(Ljava/lang/Object;)I @ 4
Event: 1.007 Thread 0x0000000002a40800 Uncommon trap: reason=unstable_if action=reinterpret pc=0x0000000002d041b0 method=PicRecoginition.porcessedImg(Ljava/awt/image/BufferedImage;)Ljava/awt/image/BufferedImage; @ 20
Event: 1.007 Thread 0x0000000002a40800 Uncommon trap: reason=unstable_if action=reinterpret pc=0x0000000002d02b3c method=PicRecoginition.porcessedImg(Ljava/awt/image/BufferedImage;)Ljava/awt/image/BufferedImage; @ 20
Event: 1.018 Thread 0x0000000002a40800 Uncommon trap: reason=unstable_if action=reinterpret pc=0x0000000002cf31b8 method=PicRecoginition.isColor(I)Z @ 50
Event: 1.047 Thread 0x0000000002a40800 Uncommon trap: reason=unstable_if action=reinterpret pc=0x0000000002d09b98 method=PicRecoginition.isColor(I)Z @ 50

Internal exceptions (10 events):
Event: 0.024 Thread 0x0000000002a40800 Exception <a 'java/lang/NoSuchMethodError': Method sun.misc.Unsafe.prefetchRead(Ljava/lang/Object;J)V name or signature does not match> (0x000000076af87f60) thrown at [C:\re\workspace\8-2-build-windows-amd64-cygwin\jdk8u111\7883\hotspot\src\share\vm\prims
Event: 0.067 Thread 0x0000000002a40800 Exception <a 'java/security/PrivilegedActionException'> (0x000000076b0038a0) thrown at [C:\re\workspace\8-2-build-windows-amd64-cygwin\jdk8u111\7883\hotspot\src\share\vm\prims\jvm.cpp, line 1386]
Event: 0.067 Thread 0x0000000002a40800 Exception <a 'java/security/PrivilegedActionException'> (0x000000076b003ab0) thrown at [C:\re\workspace\8-2-build-windows-amd64-cygwin\jdk8u111\7883\hotspot\src\share\vm\prims\jvm.cpp, line 1386]
Event: 0.068 Thread 0x0000000002a40800 Exception <a 'java/security/PrivilegedActionException'> (0x000000076b0076f8) thrown at [C:\re\workspace\8-2-build-windows-amd64-cygwin\jdk8u111\7883\hotspot\src\share\vm\prims\jvm.cpp, line 1386]
Event: 0.068 Thread 0x0000000002a40800 Exception <a 'java/security/PrivilegedActionException'> (0x000000076b007908) thrown at [C:\re\workspace\8-2-build-windows-amd64-cygwin\jdk8u111\7883\hotspot\src\share\vm\prims\jvm.cpp, line 1386]
Event: 0.070 Thread 0x0000000002a40800 Exception <a 'java/io/FileNotFoundException'> (0x000000076b009e20) thrown at [C:\re\workspace\8-2-build-windows-amd64-cygwin\jdk8u111\7883\hotspot\src\share\vm\prims\jni.cpp, line 709]
Event: 0.093 Thread 0x0000000002a40800 Exception <a 'java/lang/NoSuchFieldError': method resolution failed> (0x000000076b21ed28) thrown at [C:\re\workspace\8-2-build-windows-amd64-cygwin\jdk8u111\7883\hotspot\src\share\vm\prims\methodHandles.cpp, line 1146]
Event: 0.094 Thread 0x0000000002a40800 Exception <a 'java/lang/NoSuchFieldError': method resolution failed> (0x000000076b22c0f8) thrown at [C:\re\workspace\8-2-build-windows-amd64-cygwin\jdk8u111\7883\hotspot\src\share\vm\prims\methodHandles.cpp, line 1146]
Event: 0.116 Thread 0x0000000002a40800 Exception <a 'java/io/FileNotFoundException'> (0x000000076b2bfca0) thrown at [C:\re\workspace\8-2-build-windows-amd64-cygwin\jdk8u111\7883\hotspot\src\share\vm\prims\jni.cpp, line 709]
Event: 0.158 Thread 0x0000000002a40800 Implicit null exception at 0x0000000002cb09dc to 0x0000000002cb0bb5

Events (10 events):
Event: 8.410 Thread 0x000000001e510800 Thread added: 0x000000001e510800
Event: 8.410 Thread 0x000000001e50f800 Thread exited: 0x000000001e50f800
Event: 8.411 Thread 0x000000001f481000 Thread exited: 0x000000001f481000
Event: 8.411 loading class sun/java2d/pipe/hw/AccelDeviceEventNotifier
Event: 8.411 loading class sun/java2d/pipe/hw/AccelDeviceEventNotifier done
Event: 8.423 Thread 0x000000001e88e800 Thread exited: 0x000000001e88e800
Event: 8.485 Executing VM operation: ParallelGCFailedAllocation
Event: 8.487 Executing VM operation: ParallelGCFailedAllocation done
Event: 8.511 Thread 0x000000001e510800 Thread exited: 0x000000001e510800
Event: 8.511 Executing VM operation: Exit


Dynamic libraries:
0x00007ff7c4770000 - 0x00007ff7c47a7000 	C:\Program Files\Java\jre1.8.0_111\bin\javaw.exe
0x00007ffca2890000 - 0x00007ffca2a61000 	C:\Windows\SYSTEM32\ntdll.dll
0x00007ffc9eb70000 - 0x00007ffc9ec1b000 	C:\Windows\System32\KERNEL32.DLL
0x00007ffc8b2d0000 - 0x00007ffc8b324000 	C:\Program Files (x86)\AVG\Av\avghooka.dll
0x00007ffc9de40000 - 0x00007ffc9e05d000 	C:\Windows\System32\KERNELBASE.dll
0x00007ffc9f880000 - 0x00007ffc9f922000 	C:\Windows\System32\ADVAPI32.dll
0x00007ffc9f340000 - 0x00007ffc9f3de000 	C:\Windows\System32\msvcrt.dll
0x00007ffc9eb10000 - 0x00007ffc9eb69000 	C:\Windows\System32\sechost.dll
0x00007ffc9f750000 - 0x00007ffc9f871000 	C:\Windows\System32\RPCRT4.dll
0x00007ffc9f5e0000 - 0x00007ffc9f745000 	C:\Windows\System32\USER32.dll
0x00007ffc9dc90000 - 0x00007ffc9dcae000 	C:\Windows\System32\win32u.dll
0x00007ffc9ec20000 - 0x00007ffc9ec54000 	C:\Windows\System32\GDI32.dll
0x00007ffc9dcb0000 - 0x00007ffc9de32000 	C:\Windows\System32\gdi32full.dll
0x00007ffc945d0000 - 0x00007ffc94849000 	C:\Windows\WinSxS\amd64_microsoft.windows.common-controls_6595b64144ccf1df_6.0.14393.447_none_42191651c6827bb3\COMCTL32.dll
0x00007ffca0f20000 - 0x00007ffca11e8000 	C:\Windows\System32\combase.dll
0x00007ffc9db20000 - 0x00007ffc9dc15000 	C:\Windows\System32\ucrtbase.dll
0x00007ffc9dc20000 - 0x00007ffc9dc8a000 	C:\Windows\System32\bcryptPrimitives.dll
0x00007ffca1550000 - 0x00007ffca157e000 	C:\Windows\System32\IMM32.DLL
0x0000000050370000 - 0x0000000050442000 	C:\Program Files\Java\jre1.8.0_111\bin\msvcr100.dll
0x0000000050450000 - 0x0000000050cea000 	C:\Program Files\Java\jre1.8.0_111\bin\server\jvm.dll
0x00007ffca1520000 - 0x00007ffca1528000 	C:\Windows\System32\PSAPI.DLL
0x00007ffc8f1c0000 - 0x00007ffc8f1c9000 	C:\Windows\SYSTEM32\WSOCK32.dll
0x00007ffca0eb0000 - 0x00007ffca0f1a000 	C:\Windows\System32\WS2_32.dll
0x00007ffc9be00000 - 0x00007ffc9be23000 	C:\Windows\SYSTEM32\WINMM.dll
0x00007ffc99430000 - 0x00007ffc9943a000 	C:\Windows\SYSTEM32\VERSION.dll
0x00007ffc9bda0000 - 0x00007ffc9bdcb000 	C:\Windows\SYSTEM32\WINMMBASE.dll
0x00007ffc9e970000 - 0x00007ffc9e9b2000 	C:\Windows\System32\cfgmgr32.dll
0x0000000050f90000 - 0x0000000050f9f000 	C:\Program Files\Java\jre1.8.0_111\bin\verify.dll
0x0000000050f60000 - 0x0000000050f89000 	C:\Program Files\Java\jre1.8.0_111\bin\java.dll
0x0000000050f40000 - 0x0000000050f56000 	C:\Program Files\Java\jre1.8.0_111\bin\zip.dll
0x00007ffc9f990000 - 0x00007ffca0e99000 	C:\Windows\System32\SHELL32.dll
0x00007ffc9e0c0000 - 0x00007ffc9e79a000 	C:\Windows\System32\windows.storage.dll
0x00007ffc9da10000 - 0x00007ffc9da5c000 	C:\Windows\System32\powrprof.dll
0x00007ffca11f0000 - 0x00007ffca1242000 	C:\Windows\System32\shlwapi.dll
0x00007ffc9da00000 - 0x00007ffc9da0f000 	C:\Windows\System32\kernel.appcore.dll
0x00007ffc9ea60000 - 0x00007ffc9eb09000 	C:\Windows\System32\shcore.dll
0x00007ffc9d9e0000 - 0x00007ffc9d9f4000 	C:\Windows\System32\profapi.dll
0x00007ffc68430000 - 0x00007ffc6a327000 	C:\Users\curti\OneDrive\Programming\opencv\build\java\x64\opencv_java320.dll
0x00007ffc9f190000 - 0x00007ffc9f2c7000 	C:\Windows\System32\ole32.dll
0x00007ffca12c0000 - 0x00007ffca137f000 	C:\Windows\System32\OLEAUT32.dll
0x00007ffc9e9c0000 - 0x00007ffc9ea5c000 	C:\Windows\System32\msvcp_win.dll
0x00007ffc93b50000 - 0x00007ffc93b79000 	C:\Windows\SYSTEM32\MSVFW32.dll
0x00007ffc93cc0000 - 0x00007ffc93ce0000 	C:\Windows\SYSTEM32\AVIFIL32.dll
0x00007ffc939f0000 - 0x00007ffc93a08000 	C:\Windows\SYSTEM32\AVICAP32.dll
0x00007ffc9a6a0000 - 0x00007ffc9a6bc000 	C:\Windows\SYSTEM32\MSACM32.dll
0x00000000501d0000 - 0x0000000050368000 	C:\Program Files\Java\jre1.8.0_111\bin\awt.dll
0x00007ffc9b6f0000 - 0x00007ffc9b76a000 	C:\Windows\SYSTEM32\apphelp.dll
0x00007ffc9b770000 - 0x00007ffc9b796000 	C:\Windows\system32\DWMAPI.DLL
0x00007ffc9c130000 - 0x00007ffc9c1c5000 	C:\Windows\system32\uxtheme.dll
0x00007ffc9f3e0000 - 0x00007ffc9f53b000 	C:\Windows\System32\MSCTF.dll
0x0000000050180000 - 0x00000000501c7000 	C:\Program Files\Java\jre1.8.0_111\bin\fontmanager.dll
0x00007ffc9f540000 - 0x00007ffc9f5df000 	C:\Windows\System32\clbcatq.dll
0x00007ffc939d0000 - 0x00007ffc939e8000 	C:\Windows\System32\devenum.dll
0x00007ffc9ec60000 - 0x00007ffc9f089000 	C:\Windows\System32\setupapi.dll
0x00007ffc9cd90000 - 0x00007ffc9cdc2000 	C:\Windows\SYSTEM32\ntmarta.dll
0x00007ffc9c5c0000 - 0x00007ffc9c5e8000 	C:\Windows\SYSTEM32\DEVOBJ.dll
0x00007ffc9e060000 - 0x00007ffc9e0b5000 	C:\Windows\System32\WINTRUST.dll
0x00007ffc9da60000 - 0x00007ffc9da70000 	C:\Windows\System32\MSASN1.dll
0x00007ffc9e7a0000 - 0x00007ffc9e969000 	C:\Windows\System32\CRYPT32.dll
0x00007ffc964a0000 - 0x00007ffc964aa000 	C:\Windows\SYSTEM32\msdmo.dll
0x00007ffc93080000 - 0x00007ffc930b3000 	C:\Windows\System32\qcap.dll
0x00007ffc864a0000 - 0x00007ffc86663000 	C:\Windows\System32\quartz.dll
0x00007ffc9d920000 - 0x00007ffc9d94b000 	C:\Windows\System32\bcrypt.dll
0x00007ffc91060000 - 0x00007ffc910a8000 	C:\Windows\System32\mfksproxy.dll
0x00007ffc88320000 - 0x00007ffc8833c000 	C:\Windows\System32\ATL.DLL
0x00007ffc89650000 - 0x00007ffc8969e000 	C:\Windows\System32\MFSENSORGROUP.dll
0x00007ffc9b560000 - 0x00007ffc9b6c8000 	C:\Windows\System32\MFPlat.DLL
0x00007ffc9b1e0000 - 0x00007ffc9b20e000 	C:\Windows\System32\RTWorkQ.DLL
0x00007ffc79a00000 - 0x00007ffc79deb000 	C:\Windows\System32\MFCORE.dll
0x00007ffc96910000 - 0x00007ffc96919000 	C:\Windows\System32\ksuser.dll
0x00007ffc9d4b0000 - 0x00007ffc9d4bb000 	C:\Windows\System32\CRYPTBASE.DLL
0x00007ffc91000000 - 0x00007ffc91053000 	C:\Windows\System32\FSClient.dll
0x00007ffc9ac70000 - 0x00007ffc9ac7b000 	C:\Windows\System32\AVRT.dll
0x00007ffc98ca0000 - 0x00007ffc98cad000 	C:\Windows\System32\vidcap.ax
0x00007ffc93050000 - 0x00007ffc93075000 	C:\Windows\System32\kswdmcap.ax
0x00007ffc7f8f0000 - 0x00007ffc7fa53000 	C:\Windows\System32\MFC42.dll
0x00007ffc90f50000 - 0x00007ffc90fff000 	C:\Windows\System32\ODBC32.dll
0x00007ffc9cf60000 - 0x00007ffc9cf6a000 	C:\Windows\System32\DPAPI.dll
0x00007ffc930c0000 - 0x00007ffc93103000 	C:\Windows\SYSTEM32\policymanager.dll
0x00007ffc9c3a0000 - 0x00007ffc9c431000 	C:\Windows\System32\msvcp110_win.dll
0x00007ffc93190000 - 0x00007ffc93264000 	C:\Windows\System32\MFReadWrite.dll
0x00007ffc852e0000 - 0x00007ffc85383000 	C:\Windows\System32\qedit.dll
0x00007ffc9f090000 - 0x00007ffc9f18a000 	C:\Windows\System32\COMDLG32.dll
0x00007ffc95e50000 - 0x00007ffc95fea000 	C:\Windows\WinSxS\amd64_microsoft.windows.gdiplus_6595b64144ccf1df_1.1.14393.321_none_72fe05dd211a5fae\gdiplus.dll
0x00007ffc848d0000 - 0x00007ffc849c7000 	C:\Windows\System32\DDRAW.dll
0x00007ffc98620000 - 0x00007ffc98628000 	C:\Windows\System32\DCIMAN32.dll
0x00007ffc93d50000 - 0x00007ffc93d5c000 	C:\Windows\SYSTEM32\msyuv.dll
0x00007ffc96d60000 - 0x00007ffc96ef2000 	C:\Windows\SYSTEM32\dbghelp.dll

VM Arguments:
jvm_args: -Dfile.encoding=Cp1252 
java_command: OverCoat
java_class_path (initial): C:\Users\curti\OneDrive\Programming\HoundDog\bin;C:\Users\curti\OneDrive\Programming\opencv\build\java\opencv-320.jar
Launcher Type: SUN_STANDARD

Environment Variables:
PATH=C:/Program Files/Java/jre1.8.0_111/bin/server;C:/Program Files/Java/jre1.8.0_111/bin;C:/Program Files/Java/jre1.8.0_111/lib/amd64;C:\ProgramData\Oracle\Java\javapath;C:\Windows\system32;C:\Windows;C:\Windows\System32\Wbem;C:\Windows\System32\WindowsPowerShell\v1.0\;C:\Users\curti\AppData\Local\Microsoft\WindowsApps;;C:\Users\curti\Desktop;
USERNAME=curti
OS=Windows_NT
PROCESSOR_IDENTIFIER=Intel64 Family 6 Model 60 Stepping 3, GenuineIntel



---------------  S Y S T E M  ---------------

OS: Windows 10.0 , 64 bit Build 14393 (10.0.14393.0)

CPU:total 8 (4 cores per cpu, 2 threads per core) family 6 model 60 stepping 3, cmov, cx8, fxsr, mmx, sse, sse2, sse3, ssse3, sse4.1, sse4.2, popcnt, avx, avx2, aes, clmul, erms, lzcnt, ht, tsc, tscinvbit, bmi1, bmi2

Memory: 4k page, physical 16713384k(12257728k free), swap 19203752k(13666984k free)

vm_info: Java HotSpot(TM) 64-Bit Server VM (25.111-b14) for windows-amd64 JRE (1.8.0_111-b14), built on Sep 22 2016 19:24:05 by "java_re" with MS VC++ 10.0 (VS2010)

time: Mon Jan 16 10:21:22 2017
elapsed time: 8 seconds (0d 0h 0m 8s)

