#
# A fatal error has been detected by the Java Runtime Environment:
#
#  Internal Error (0xc000000d), pid=7784, tid=0x000000000000205c
#
# JRE version: Java(TM) SE Runtime Environment (8.0_111-b14) (build 1.8.0_111-b14)
# Java VM: Java HotSpot(TM) 64-Bit Server VM (25.111-b14 mixed mode windows-amd64 compressed oops)
# Problematic frame:
# C  [ntdll.dll+0xff44c]
#
# Failed to write core dump. Minidumps are not enabled by default on client versions of Windows
#
# If you would like to submit a bug report, please visit:
#   http://bugreport.java.com/bugreport/crash.jsp
#

---------------  T H R E A D  ---------------

Current thread (0x000000001c5f9000):  VMThread [stack: 0x000000001e2d0000,0x000000001e3d0000] [id=8284]

siginfo: ExceptionCode=0xc000000d

Registers:
RAX=0x0000000050a84103, RBX=0x0000000026d1a970, RCX=0xfffffff90000004f, RDX=0x0000000000000007
RSP=0x000000001e3cefc0, RBP=0x0000000000000000, RSI=0x0000000026ec69d0, RDI=0x0000000026ec6c50
R8 =0x0000000000000000, R9 =0x00000000504237e0, R10=0x0000000001221ca0, R11=0x0000000002b076c0
R12=0x0000000000000000, R13=0x00000000ffffffff, R14=0x0000000026ea5ce0, R15=0x0000000026ec69d0
RIP=0x00007ffca298f44c, EFLAGS=0x0000000000000202

Top of Stack: (sp=0x000000001e3cefc0)
0x000000001e3cefc0:   0000000000000057 0000000026d1a970
0x000000001e3cefd0:   0000000026ec69d0 0000000026ec6c50
0x000000001e3cefe0:   00000000c000000d 0000000000000000
0x000000001e3ceff0:   00007ffca298f44c 0000000000000000
0x000000001e3cf000:   0000000000000000 0000000000000000
0x000000001e3cf010:   0000000000000000 0000000000000000
0x000000001e3cf020:   0000000000000000 0000000000000000
0x000000001e3cf030:   0000000000000000 0000000000000000
0x000000001e3cf040:   0000000000000000 0000000000000000
0x000000001e3cf050:   0000000000000000 0000000000000000
0x000000001e3cf060:   0000000000000000 0000000000000000
0x000000001e3cf070:   0000000000000000 0000000000f30cc0
0x000000001e3cf080:   00009eb0ed772413 0000000000000000
0x000000001e3cf090:   0000000000000000 00007ffca2951899
0x000000001e3cf0a0:   0000000000000001 00007ffc931ae8db
0x000000001e3cf0b0:   0000000100000003 0000000000000004 

Instructions: (pc=0x00007ffca298f44c)
0x00007ffca298f42c:   d5 fa ff c7 44 24 20 0d 00 00 c0 b9 57 00 00 00
0x00007ffca298f43c:   e8 7f 13 f6 ff 90 48 8d 4c 24 20 e8 04 bf f4 ff
0x00007ffca298f44c:   eb 00 48 8b 8c 24 c0 00 00 00 48 33 cc e8 82 74
0x00007ffca298f45c:   f9 ff 48 81 c4 d8 00 00 00 c3 40 55 48 83 ec 20 


Register to memory mapping:

RAX=0x0000000050a84103 is an unknown value
RBX=0x0000000026d1a970 is an unknown value
RCX=0xfffffff90000004f is an unknown value
RDX=0x0000000000000007 is an unknown value
RSP=0x000000001e3cefc0 is an unknown value
RBP=0x0000000000000000 is an unknown value
RSI=0x0000000026ec69d0 is an unknown value
RDI=0x0000000026ec6c50 is an unknown value
R8 =0x0000000000000000 is an unknown value
R9 =0x00000000504237e0 is an unknown value
R10=0x0000000001221ca0 is an unknown value
R11=0x0000000002b076c0 is an unknown value
R12=0x0000000000000000 is an unknown value
R13=0x00000000ffffffff is an unknown value
R14=0x0000000026ea5ce0 is an unknown value
R15=0x0000000026ec69d0 is an unknown value


Stack: [0x000000001e2d0000,0x000000001e3d0000],  sp=0x000000001e3cefc0,  free space=1019k
Native frames: (J=compiled Java code, j=interpreted, Vv=VM code, C=native code)

VM_Operation (0x00000000263fcb00): Exit, mode: safepoint, requested by thread 0x000000001f483800


---------------  P R O C E S S  ---------------

Java Threads: ( => current thread )
  0x000000001f483800 JavaThread "AWT-EventQueue-0" [_thread_blocked, id=624, stack(0x0000000026300000,0x0000000026400000)]
  0x000000001f454000 JavaThread "AWT-Shutdown" [_thread_blocked, id=7804, stack(0x000000001fd80000,0x000000001fe80000)]
  0x000000001f453800 JavaThread "Java2D Disposer" daemon [_thread_blocked, id=6696, stack(0x000000001fbf0000,0x000000001fcf0000)]
  0x000000001e5a4800 JavaThread "Service Thread" daemon [_thread_blocked, id=6552, stack(0x000000001f0c0000,0x000000001f1c0000)]
  0x000000001e518800 JavaThread "C1 CompilerThread3" daemon [_thread_blocked, id=1892, stack(0x000000001efc0000,0x000000001f0c0000)]
  0x000000001e504000 JavaThread "C2 CompilerThread2" daemon [_thread_blocked, id=7944, stack(0x000000001eec0000,0x000000001efc0000)]
  0x000000001e4fd800 JavaThread "C2 CompilerThread1" daemon [_thread_blocked, id=4204, stack(0x000000001edc0000,0x000000001eec0000)]
  0x000000001e4f6000 JavaThread "C2 CompilerThread0" daemon [_thread_blocked, id=6964, stack(0x000000001ecc0000,0x000000001edc0000)]
  0x000000001c60e000 JavaThread "Attach Listener" daemon [_thread_blocked, id=2516, stack(0x000000001ebc0000,0x000000001ecc0000)]
  0x000000001e4ff000 JavaThread "Signal Dispatcher" daemon [_thread_blocked, id=8308, stack(0x000000001eac0000,0x000000001ebc0000)]
  0x0000000002b59000 JavaThread "Finalizer" daemon [_thread_blocked, id=2740, stack(0x000000001e8d0000,0x000000001e9d0000)]
  0x0000000002b58000 JavaThread "Reference Handler" daemon [_thread_blocked, id=8456, stack(0x000000001e3d0000,0x000000001e4d0000)]
  0x0000000002a60800 JavaThread "main" [_thread_blocked, id=6852, stack(0x0000000002960000,0x0000000002a60000)]

Other Threads:
=>0x000000001c5f9000 VMThread [stack: 0x000000001e2d0000,0x000000001e3d0000] [id=8284]

VM state:at safepoint (shutting down)

VM Mutex/Monitor currently owned by a thread:  ([mutex/lock_event])
[0x000000000122c130] Threads_lock - owner thread: 0x000000001c5f9000

Heap:
 PSYoungGen      total 36352K, used 14030K [0x000000076af80000, 0x000000076da00000, 0x00000007c0000000)
  eden space 31232K, 29% used [0x000000076af80000,0x000000076b886998,0x000000076ce00000)
  from space 5120K, 93% used [0x000000076ce00000,0x000000076d2ad050,0x000000076d300000)
  to   space 6144K, 0% used [0x000000076d400000,0x000000076d400000,0x000000076da00000)
 ParOldGen       total 175104K, used 15181K [0x00000006c0e00000, 0x00000006cb900000, 0x000000076af80000)
  object space 175104K, 8% used [0x00000006c0e00000,0x00000006c1cd3478,0x00000006cb900000)
 Metaspace       used 8661K, capacity 8798K, committed 9088K, reserved 1056768K
  class space    used 1030K, capacity 1097K, committed 1152K, reserved 1048576K

Card table byte_map: [0x0000000011f20000,0x0000000012720000] byte_map_base: 0x000000000e919000

Marking Bits: (ParMarkBitMap*) 0x0000000050c6a6c0
 Begin Bits: [0x0000000013480000, 0x0000000017448000)
 End Bits:   [0x0000000017448000, 0x000000001b410000)

Polling page: 0x0000000000fb0000

CodeCache: size=245760Kb used=2505Kb max_used=2505Kb free=243254Kb
 bounds [0x0000000002b60000, 0x0000000002de0000, 0x0000000011b60000]
 total_blobs=1065 nmethods=616 adapters=362
 compilation: enabled

Compilation events (10 events):
Event: 9.176 Thread 0x000000001e518800  612       3       java.awt.image.DataBuffer$1::getData (7 bytes)
Event: 9.176 Thread 0x000000001e518800 nmethod 612 0x0000000002dd1150 code [0x0000000002dd12a0, 0x0000000002dd1430]
Event: 9.176 Thread 0x000000001e518800  613       3       java.awt.image.ComponentSampleModel::getBandOffsets (14 bytes)
Event: 9.176 Thread 0x000000001e518800 nmethod 613 0x0000000002dd1550 code [0x0000000002dd16c0, 0x0000000002dd19c8]
Event: 9.214 Thread 0x000000001e518800  614       3       java.lang.ref.ReferenceQueue::reallyPoll (66 bytes)
Event: 9.215 Thread 0x000000001e518800 nmethod 614 0x0000000002dd1a90 code [0x0000000002dd1c00, 0x0000000002dd2090]
Event: 9.307 Thread 0x000000001e518800  615       3       PicRecoginition::setMask (42 bytes)
Event: 9.307 Thread 0x000000001e518800 nmethod 615 0x0000000002dd2150 code [0x0000000002dd2300, 0x0000000002dd27e8]
Event: 9.797 Thread 0x000000001e518800  616  s    3       java.util.Hashtable::remove (133 bytes)
Event: 9.798 Thread 0x000000001e518800 nmethod 616 0x0000000002dd2a90 code [0x0000000002dd2c40, 0x0000000002dd3498]

GC Heap History (10 events):
Event: 9.432 GC heap before
{Heap before GC invocations=69 (full 0):
 PSYoungGen      total 37888K, used 36204K [0x000000076af80000, 0x000000076da00000, 0x00000007c0000000)
  eden space 33280K, 100% used [0x000000076af80000,0x000000076d000000,0x000000076d000000)
  from space 4608K, 63% used [0x000000076d580000,0x000000076d85b030,0x000000076da00000)
  to   space 5120K, 0% used [0x000000076d000000,0x000000076d000000,0x000000076d500000)
 ParOldGen       total 175104K, used 14281K [0x00000006c0e00000, 0x00000006cb900000, 0x000000076af80000)
  object space 175104K, 8% used [0x00000006c0e00000,0x00000006c1bf2468,0x00000006cb900000)
 Metaspace       used 8656K, capacity 8798K, committed 9088K, reserved 1056768K
  class space    used 1029K, capacity 1097K, committed 1152K, reserved 1048576K
Event: 9.433 GC heap after
Heap after GC invocations=69 (full 0):
 PSYoungGen      total 35840K, used 2924K [0x000000076af80000, 0x000000076d980000, 0x00000007c0000000)
  eden space 32768K, 0% used [0x000000076af80000,0x000000076af80000,0x000000076cf80000)
  from space 3072K, 95% used [0x000000076d000000,0x000000076d2db030,0x000000076d300000)
  to   space 5120K, 0% used [0x000000076d480000,0x000000076d480000,0x000000076d980000)
 ParOldGen       total 175104K, used 14281K [0x00000006c0e00000, 0x00000006cb900000, 0x000000076af80000)
  object space 175104K, 8% used [0x00000006c0e00000,0x00000006c1bf2468,0x00000006cb900000)
 Metaspace       used 8656K, capacity 8798K, committed 9088K, reserved 1056768K
  class space    used 1029K, capacity 1097K, committed 1152K, reserved 1048576K
}
Event: 9.573 GC heap before
{Heap before GC invocations=70 (full 0):
 PSYoungGen      total 35840K, used 35692K [0x000000076af80000, 0x000000076d980000, 0x00000007c0000000)
  eden space 32768K, 100% used [0x000000076af80000,0x000000076cf80000,0x000000076cf80000)
  from space 3072K, 95% used [0x000000076d000000,0x000000076d2db030,0x000000076d300000)
  to   space 5120K, 0% used [0x000000076d480000,0x000000076d480000,0x000000076d980000)
 ParOldGen       total 175104K, used 14281K [0x00000006c0e00000, 0x00000006cb900000, 0x000000076af80000)
  object space 175104K, 8% used [0x00000006c0e00000,0x00000006c1bf2468,0x00000006cb900000)
 Metaspace       used 8656K, capacity 8798K, committed 9088K, reserved 1056768K
  class space    used 1029K, capacity 1097K, committed 1152K, reserved 1048576K
Event: 9.574 GC heap after
Heap after GC invocations=70 (full 0):
 PSYoungGen      total 36864K, used 192K [0x000000076af80000, 0x000000076d900000, 0x00000007c0000000)
  eden space 32256K, 0% used [0x000000076af80000,0x000000076af80000,0x000000076cf00000)
  from space 4608K, 4% used [0x000000076d480000,0x000000076d4b0000,0x000000076d900000)
  to   space 5120K, 0% used [0x000000076cf00000,0x000000076cf00000,0x000000076d400000)
 ParOldGen       total 175104K, used 14281K [0x00000006c0e00000, 0x00000006cb900000, 0x000000076af80000)
  object space 175104K, 8% used [0x00000006c0e00000,0x00000006c1bf2468,0x00000006cb900000)
 Metaspace       used 8656K, capacity 8798K, committed 9088K, reserved 1056768K
  class space    used 1029K, capacity 1097K, committed 1152K, reserved 1048576K
}
Event: 9.681 GC heap before
{Heap before GC invocations=71 (full 0):
 PSYoungGen      total 36864K, used 32448K [0x000000076af80000, 0x000000076d900000, 0x00000007c0000000)
  eden space 32256K, 100% used [0x000000076af80000,0x000000076cf00000,0x000000076cf00000)
  from space 4608K, 4% used [0x000000076d480000,0x000000076d4b0000,0x000000076d900000)
  to   space 5120K, 0% used [0x000000076cf00000,0x000000076cf00000,0x000000076d400000)
 ParOldGen       total 175104K, used 14281K [0x00000006c0e00000, 0x00000006cb900000, 0x000000076af80000)
  object space 175104K, 8% used [0x00000006c0e00000,0x00000006c1bf2468,0x00000006cb900000)
 Metaspace       used 8656K, capacity 8798K, committed 9088K, reserved 1056768K
  class space    used 1029K, capacity 1097K, committed 1152K, reserved 1048576K
Event: 9.683 GC heap after
Heap after GC invocations=71 (full 0):
 PSYoungGen      total 36864K, used 2828K [0x000000076af80000, 0x000000076d980000, 0x00000007c0000000)
  eden space 31744K, 0% used [0x000000076af80000,0x000000076af80000,0x000000076ce80000)
  from space 5120K, 55% used [0x000000076cf00000,0x000000076d1c3030,0x000000076d400000)
  to   space 5632K, 0% used [0x000000076d400000,0x000000076d400000,0x000000076d980000)
 ParOldGen       total 175104K, used 14281K [0x00000006c0e00000, 0x00000006cb900000, 0x000000076af80000)
  object space 175104K, 8% used [0x00000006c0e00000,0x00000006c1bf2468,0x00000006cb900000)
 Metaspace       used 8656K, capacity 8798K, committed 9088K, reserved 1056768K
  class space    used 1029K, capacity 1097K, committed 1152K, reserved 1048576K
}
Event: 9.796 GC heap before
{Heap before GC invocations=72 (full 0):
 PSYoungGen      total 36864K, used 34105K [0x000000076af80000, 0x000000076d980000, 0x00000007c0000000)
  eden space 31744K, 98% used [0x000000076af80000,0x000000076ce0b540,0x000000076ce80000)
  from space 5120K, 55% used [0x000000076cf00000,0x000000076d1c3030,0x000000076d400000)
  to   space 5632K, 0% used [0x000000076d400000,0x000000076d400000,0x000000076d980000)
 ParOldGen       total 175104K, used 14281K [0x00000006c0e00000, 0x00000006cb900000, 0x000000076af80000)
  object space 175104K, 8% used [0x00000006c0e00000,0x00000006c1bf2468,0x00000006cb900000)
 Metaspace       used 8656K, capacity 8798K, committed 9088K, reserved 1056768K
  class space    used 1029K, capacity 1097K, committed 1152K, reserved 1048576K
Event: 9.797 GC heap after
Heap after GC invocations=72 (full 0):
 PSYoungGen      total 35328K, used 160K [0x000000076af80000, 0x000000076d800000, 0x00000007c0000000)
  eden space 31232K, 0% used [0x000000076af80000,0x000000076af80000,0x000000076ce00000)
  from space 4096K, 3% used [0x000000076d400000,0x000000076d428000,0x000000076d800000)
  to   space 5120K, 0% used [0x000000076ce00000,0x000000076ce00000,0x000000076d300000)
 ParOldGen       total 175104K, used 14281K [0x00000006c0e00000, 0x00000006cb900000, 0x000000076af80000)
  object space 175104K, 8% used [0x00000006c0e00000,0x00000006c1bf2468,0x00000006cb900000)
 Metaspace       used 8656K, capacity 8798K, committed 9088K, reserved 1056768K
  class space    used 1029K, capacity 1097K, committed 1152K, reserved 1048576K
}
Event: 9.895 GC heap before
{Heap before GC invocations=73 (full 0):
 PSYoungGen      total 35328K, used 31392K [0x000000076af80000, 0x000000076d800000, 0x00000007c0000000)
  eden space 31232K, 100% used [0x000000076af80000,0x000000076ce00000,0x000000076ce00000)
  from space 4096K, 3% used [0x000000076d400000,0x000000076d428000,0x000000076d800000)
  to   space 5120K, 0% used [0x000000076ce00000,0x000000076ce00000,0x000000076d300000)
 ParOldGen       total 175104K, used 14281K [0x00000006c0e00000, 0x00000006cb900000, 0x000000076af80000)
  object space 175104K, 8% used [0x00000006c0e00000,0x00000006c1bf2468,0x00000006cb900000)
 Metaspace       used 8661K, capacity 8798K, committed 9088K, reserved 1056768K
  class space    used 1030K, capacity 1097K, committed 1152K, reserved 1048576K
Event: 9.896 GC heap after
Heap after GC invocations=73 (full 0):
 PSYoungGen      total 36352K, used 4788K [0x000000076af80000, 0x000000076da00000, 0x00000007c0000000)
  eden space 31232K, 0% used [0x000000076af80000,0x000000076af80000,0x000000076ce00000)
  from space 5120K, 93% used [0x000000076ce00000,0x000000076d2ad050,0x000000076d300000)
  to   space 6144K, 0% used [0x000000076d400000,0x000000076d400000,0x000000076da00000)
 ParOldGen       total 175104K, used 15181K [0x00000006c0e00000, 0x00000006cb900000, 0x000000076af80000)
  object space 175104K, 8% used [0x00000006c0e00000,0x00000006c1cd3478,0x00000006cb900000)
 Metaspace       used 8661K, capacity 8798K, committed 9088K, reserved 1056768K
  class space    used 1030K, capacity 1097K, committed 1152K, reserved 1048576K
}

Deoptimization events (9 events):
Event: 0.156 Thread 0x0000000002a60800 Uncommon trap: reason=null_check action=make_not_entrant pc=0x0000000002cd40c4 method=java.lang.String.equals(Ljava/lang/Object;)Z @ 8
Event: 0.688 Thread 0x0000000002a60800 Uncommon trap: reason=unstable_if action=reinterpret pc=0x0000000002d22c7c method=PicRecoginition.isColor(I)Z @ 14
Event: 0.717 Thread 0x0000000002a60800 Uncommon trap: reason=unstable_if action=reinterpret pc=0x0000000002d2c228 method=PicRecoginition.porcessedImg(Ljava/awt/image/BufferedImage;)Ljava/awt/image/BufferedImage; @ 89
Event: 0.725 Thread 0x0000000002a60800 Uncommon trap: reason=unstable_if action=reinterpret pc=0x0000000002d2217c method=java.awt.image.ComponentColorModel.getRGB(Ljava/lang/Object;)I @ 4
Event: 0.901 Thread 0x0000000002a60800 Uncommon trap: reason=unstable_if action=reinterpret pc=0x0000000002d4a470 method=PicRecoginition.porcessedImg(Ljava/awt/image/BufferedImage;)Ljava/awt/image/BufferedImage; @ 27
Event: 1.031 Thread 0x0000000002a60800 Uncommon trap: reason=unstable_if action=reinterpret pc=0x0000000002d46c40 method=PicRecoginition.porcessedImg(Ljava/awt/image/BufferedImage;)Ljava/awt/image/BufferedImage; @ 27
Event: 5.828 Thread 0x0000000002a60800 Uncommon trap: reason=unstable_if action=reinterpret pc=0x0000000002d9e0f0 method=PicRecoginition.percentMask([[IIILjava/awt/image/BufferedImage;)I @ 11
Event: 5.832 Thread 0x0000000002a60800 Uncommon trap: reason=unstable_if action=reinterpret pc=0x0000000002d9de14 method=PicRecoginition.winCheck(III)V @ 7
Event: 8.588 Thread 0x0000000002a60800 Uncommon trap: reason=unstable_if action=reinterpret pc=0x0000000002da1a30 method=PicRecoginition.setMask(IIILjava/awt/image/BufferedImage;)I @ 36

Internal exceptions (10 events):
Event: 0.022 Thread 0x0000000002a60800 Exception <a 'java/lang/NoSuchMethodError': Method sun.misc.Unsafe.prefetchRead(Ljava/lang/Object;J)V name or signature does not match> (0x000000076af87f60) thrown at [C:\re\workspace\8-2-build-windows-amd64-cygwin\jdk8u111\7883\hotspot\src\share\vm\prims
Event: 0.065 Thread 0x0000000002a60800 Exception <a 'java/security/PrivilegedActionException'> (0x000000076b003908) thrown at [C:\re\workspace\8-2-build-windows-amd64-cygwin\jdk8u111\7883\hotspot\src\share\vm\prims\jvm.cpp, line 1386]
Event: 0.065 Thread 0x0000000002a60800 Exception <a 'java/security/PrivilegedActionException'> (0x000000076b003b18) thrown at [C:\re\workspace\8-2-build-windows-amd64-cygwin\jdk8u111\7883\hotspot\src\share\vm\prims\jvm.cpp, line 1386]
Event: 0.066 Thread 0x0000000002a60800 Exception <a 'java/security/PrivilegedActionException'> (0x000000076b007760) thrown at [C:\re\workspace\8-2-build-windows-amd64-cygwin\jdk8u111\7883\hotspot\src\share\vm\prims\jvm.cpp, line 1386]
Event: 0.066 Thread 0x0000000002a60800 Exception <a 'java/security/PrivilegedActionException'> (0x000000076b007970) thrown at [C:\re\workspace\8-2-build-windows-amd64-cygwin\jdk8u111\7883\hotspot\src\share\vm\prims\jvm.cpp, line 1386]
Event: 0.068 Thread 0x0000000002a60800 Exception <a 'java/io/FileNotFoundException'> (0x000000076b009e88) thrown at [C:\re\workspace\8-2-build-windows-amd64-cygwin\jdk8u111\7883\hotspot\src\share\vm\prims\jni.cpp, line 709]
Event: 0.091 Thread 0x0000000002a60800 Exception <a 'java/lang/NoSuchFieldError': method resolution failed> (0x000000076b21ed28) thrown at [C:\re\workspace\8-2-build-windows-amd64-cygwin\jdk8u111\7883\hotspot\src\share\vm\prims\methodHandles.cpp, line 1146]
Event: 0.092 Thread 0x0000000002a60800 Exception <a 'java/lang/NoSuchFieldError': method resolution failed> (0x000000076b22c0f8) thrown at [C:\re\workspace\8-2-build-windows-amd64-cygwin\jdk8u111\7883\hotspot\src\share\vm\prims\methodHandles.cpp, line 1146]
Event: 0.114 Thread 0x0000000002a60800 Exception <a 'java/io/FileNotFoundException'> (0x000000076b2bfca0) thrown at [C:\re\workspace\8-2-build-windows-amd64-cygwin\jdk8u111\7883\hotspot\src\share\vm\prims\jni.cpp, line 709]
Event: 0.156 Thread 0x0000000002a60800 Implicit null exception at 0x0000000002cd3edc to 0x0000000002cd40b5

Events (10 events):
Event: 9.842 Thread 0x000000001e6a7000 Thread added: 0x000000001e6a7000
Event: 9.842 Thread 0x000000001e6a4800 Thread exited: 0x000000001e6a4800
Event: 9.842 Thread 0x000000001f4da000 Thread exited: 0x000000001f4da000
Event: 9.842 loading class sun/java2d/pipe/hw/AccelDeviceEventNotifier
Event: 9.842 loading class sun/java2d/pipe/hw/AccelDeviceEventNotifier done
Event: 9.854 Thread 0x000000001f457000 Thread exited: 0x000000001f457000
Event: 9.895 Executing VM operation: ParallelGCFailedAllocation
Event: 9.896 Executing VM operation: ParallelGCFailedAllocation done
Event: 9.942 Thread 0x000000001e6a7000 Thread exited: 0x000000001e6a7000
Event: 9.943 Executing VM operation: Exit


Dynamic libraries:
0x00007ff7c4770000 - 0x00007ff7c47a7000 	C:\Program Files\Java\jre1.8.0_111\bin\javaw.exe
0x00007ffca2890000 - 0x00007ffca2a61000 	C:\Windows\SYSTEM32\ntdll.dll
0x00007ffc9eb70000 - 0x00007ffc9ec1b000 	C:\Windows\System32\KERNEL32.DLL
0x00007ffc8b2d0000 - 0x00007ffc8b324000 	C:\Program Files (x86)\AVG\Av\avghooka.dll
0x00007ffc9de40000 - 0x00007ffc9e05d000 	C:\Windows\System32\KERNELBASE.dll
0x00007ffc9f880000 - 0x00007ffc9f922000 	C:\Windows\System32\ADVAPI32.dll
0x00007ffc9f340000 - 0x00007ffc9f3de000 	C:\Windows\System32\msvcrt.dll
0x00007ffc9eb10000 - 0x00007ffc9eb69000 	C:\Windows\System32\sechost.dll
0x00007ffc9f750000 - 0x00007ffc9f871000 	C:\Windows\System32\RPCRT4.dll
0x00007ffc9f5e0000 - 0x00007ffc9f745000 	C:\Windows\System32\USER32.dll
0x00007ffc9dc90000 - 0x00007ffc9dcae000 	C:\Windows\System32\win32u.dll
0x00007ffc9ec20000 - 0x00007ffc9ec54000 	C:\Windows\System32\GDI32.dll
0x00007ffc9dcb0000 - 0x00007ffc9de32000 	C:\Windows\System32\gdi32full.dll
0x00007ffc945d0000 - 0x00007ffc94849000 	C:\Windows\WinSxS\amd64_microsoft.windows.common-controls_6595b64144ccf1df_6.0.14393.447_none_42191651c6827bb3\COMCTL32.dll
0x00007ffca0f20000 - 0x00007ffca11e8000 	C:\Windows\System32\combase.dll
0x00007ffc9db20000 - 0x00007ffc9dc15000 	C:\Windows\System32\ucrtbase.dll
0x00007ffc9dc20000 - 0x00007ffc9dc8a000 	C:\Windows\System32\bcryptPrimitives.dll
0x00007ffca1550000 - 0x00007ffca157e000 	C:\Windows\System32\IMM32.DLL
0x0000000050370000 - 0x0000000050442000 	C:\Program Files\Java\jre1.8.0_111\bin\msvcr100.dll
0x0000000050450000 - 0x0000000050cea000 	C:\Program Files\Java\jre1.8.0_111\bin\server\jvm.dll
0x00007ffca1520000 - 0x00007ffca1528000 	C:\Windows\System32\PSAPI.DLL
0x00007ffc8f1c0000 - 0x00007ffc8f1c9000 	C:\Windows\SYSTEM32\WSOCK32.dll
0x00007ffca0eb0000 - 0x00007ffca0f1a000 	C:\Windows\System32\WS2_32.dll
0x00007ffc9be00000 - 0x00007ffc9be23000 	C:\Windows\SYSTEM32\WINMM.dll
0x00007ffc99430000 - 0x00007ffc9943a000 	C:\Windows\SYSTEM32\VERSION.dll
0x00007ffc9bda0000 - 0x00007ffc9bdcb000 	C:\Windows\SYSTEM32\WINMMBASE.dll
0x00007ffc9e970000 - 0x00007ffc9e9b2000 	C:\Windows\System32\cfgmgr32.dll
0x0000000050f90000 - 0x0000000050f9f000 	C:\Program Files\Java\jre1.8.0_111\bin\verify.dll
0x0000000050f60000 - 0x0000000050f89000 	C:\Program Files\Java\jre1.8.0_111\bin\java.dll
0x0000000050f40000 - 0x0000000050f56000 	C:\Program Files\Java\jre1.8.0_111\bin\zip.dll
0x00007ffc9f990000 - 0x00007ffca0e99000 	C:\Windows\System32\SHELL32.dll
0x00007ffc9e0c0000 - 0x00007ffc9e79a000 	C:\Windows\System32\windows.storage.dll
0x00007ffc9da10000 - 0x00007ffc9da5c000 	C:\Windows\System32\powrprof.dll
0x00007ffca11f0000 - 0x00007ffca1242000 	C:\Windows\System32\shlwapi.dll
0x00007ffc9da00000 - 0x00007ffc9da0f000 	C:\Windows\System32\kernel.appcore.dll
0x00007ffc9ea60000 - 0x00007ffc9eb09000 	C:\Windows\System32\shcore.dll
0x00007ffc9d9e0000 - 0x00007ffc9d9f4000 	C:\Windows\System32\profapi.dll
0x00007ffc6ca70000 - 0x00007ffc6e967000 	C:\Users\curti\OneDrive\Programming\opencv\build\java\x64\opencv_java320.dll
0x00007ffc9f190000 - 0x00007ffc9f2c7000 	C:\Windows\System32\ole32.dll
0x00007ffca12c0000 - 0x00007ffca137f000 	C:\Windows\System32\OLEAUT32.dll
0x00007ffc9e9c0000 - 0x00007ffc9ea5c000 	C:\Windows\System32\msvcp_win.dll
0x00007ffc95ce0000 - 0x00007ffc95d09000 	C:\Windows\SYSTEM32\MSVFW32.dll
0x00007ffc9a680000 - 0x00007ffc9a6a0000 	C:\Windows\SYSTEM32\AVIFIL32.dll
0x00007ffc96550000 - 0x00007ffc96568000 	C:\Windows\SYSTEM32\AVICAP32.dll
0x00007ffc9a6a0000 - 0x00007ffc9a6bc000 	C:\Windows\SYSTEM32\MSACM32.dll
0x00000000501d0000 - 0x0000000050368000 	C:\Program Files\Java\jre1.8.0_111\bin\awt.dll
0x00007ffc9b6f0000 - 0x00007ffc9b76a000 	C:\Windows\SYSTEM32\apphelp.dll
0x00007ffc9b770000 - 0x00007ffc9b796000 	C:\Windows\system32\DWMAPI.DLL
0x00007ffc9c130000 - 0x00007ffc9c1c5000 	C:\Windows\system32\uxtheme.dll
0x00007ffc9f3e0000 - 0x00007ffc9f53b000 	C:\Windows\System32\MSCTF.dll
0x0000000050180000 - 0x00000000501c7000 	C:\Program Files\Java\jre1.8.0_111\bin\fontmanager.dll
0x00007ffc9f540000 - 0x00007ffc9f5df000 	C:\Windows\System32\clbcatq.dll
0x00007ffc95c40000 - 0x00007ffc95c58000 	C:\Windows\System32\devenum.dll
0x00007ffc9ec60000 - 0x00007ffc9f089000 	C:\Windows\System32\setupapi.dll
0x00007ffc9cd90000 - 0x00007ffc9cdc2000 	C:\Windows\SYSTEM32\ntmarta.dll
0x00007ffc9c5c0000 - 0x00007ffc9c5e8000 	C:\Windows\SYSTEM32\DEVOBJ.dll
0x00007ffc9e060000 - 0x00007ffc9e0b5000 	C:\Windows\System32\WINTRUST.dll
0x00007ffc9da60000 - 0x00007ffc9da70000 	C:\Windows\System32\MSASN1.dll
0x00007ffc9e7a0000 - 0x00007ffc9e969000 	C:\Windows\System32\CRYPT32.dll
0x00007ffc964a0000 - 0x00007ffc964aa000 	C:\Windows\SYSTEM32\msdmo.dll
0x00007ffc95c00000 - 0x00007ffc95c33000 	C:\Windows\System32\qcap.dll
0x00007ffc85e70000 - 0x00007ffc86033000 	C:\Windows\System32\quartz.dll
0x00007ffc9d920000 - 0x00007ffc9d94b000 	C:\Windows\System32\bcrypt.dll
0x00007ffc93a40000 - 0x00007ffc93a88000 	C:\Windows\System32\mfksproxy.dll
0x00007ffc88320000 - 0x00007ffc8833c000 	C:\Windows\System32\ATL.DLL
0x00007ffc89650000 - 0x00007ffc8969e000 	C:\Windows\System32\MFSENSORGROUP.dll
0x00007ffc9b560000 - 0x00007ffc9b6c8000 	C:\Windows\System32\MFPlat.DLL
0x00007ffc9b1e0000 - 0x00007ffc9b20e000 	C:\Windows\System32\RTWorkQ.DLL
0x00007ffc79a00000 - 0x00007ffc79deb000 	C:\Windows\System32\MFCORE.dll
0x00007ffc96910000 - 0x00007ffc96919000 	C:\Windows\System32\ksuser.dll
0x00007ffc9d4b0000 - 0x00007ffc9d4bb000 	C:\Windows\System32\CRYPTBASE.DLL
0x00007ffc86800000 - 0x00007ffc86853000 	C:\Windows\System32\FSClient.dll
0x00007ffc9ac70000 - 0x00007ffc9ac7b000 	C:\Windows\System32\AVRT.dll
0x00007ffc939e0000 - 0x00007ffc939ed000 	C:\Windows\System32\vidcap.ax
0x00007ffc89a70000 - 0x00007ffc89a95000 	C:\Windows\System32\kswdmcap.ax
0x00007ffc7fa90000 - 0x00007ffc7fbf3000 	C:\Windows\System32\MFC42.dll
0x00007ffc84500000 - 0x00007ffc845af000 	C:\Windows\System32\ODBC32.dll
0x00007ffc9cf60000 - 0x00007ffc9cf6a000 	C:\Windows\System32\DPAPI.dll
0x00007ffc930c0000 - 0x00007ffc93103000 	C:\Windows\SYSTEM32\policymanager.dll
0x00007ffc9c3a0000 - 0x00007ffc9c431000 	C:\Windows\System32\msvcp110_win.dll
0x00007ffc93190000 - 0x00007ffc93264000 	C:\Windows\System32\MFReadWrite.dll
0x00007ffc86880000 - 0x00007ffc86923000 	C:\Windows\System32\qedit.dll
0x00007ffc9f090000 - 0x00007ffc9f18a000 	C:\Windows\System32\COMDLG32.dll
0x00007ffc95e50000 - 0x00007ffc95fea000 	C:\Windows\WinSxS\amd64_microsoft.windows.gdiplus_6595b64144ccf1df_1.1.14393.321_none_72fe05dd211a5fae\gdiplus.dll
0x00007ffc85c50000 - 0x00007ffc85d47000 	C:\Windows\System32\DDRAW.dll
0x00007ffc965e0000 - 0x00007ffc965e8000 	C:\Windows\System32\DCIMAN32.dll
0x00007ffc95bf0000 - 0x00007ffc95bfc000 	C:\Windows\SYSTEM32\msyuv.dll
0x00007ffc96d60000 - 0x00007ffc96ef2000 	C:\Windows\SYSTEM32\dbghelp.dll

VM Arguments:
jvm_args: -Dfile.encoding=Cp1252 
java_command: OverCoat
java_class_path (initial): C:\Users\curti\OneDrive\Programming\HoundDog\bin;C:\Users\curti\OneDrive\Programming\opencv\build\java\opencv-320.jar
Launcher Type: SUN_STANDARD

Environment Variables:
PATH=C:/Program Files/Java/jre1.8.0_111/bin/server;C:/Program Files/Java/jre1.8.0_111/bin;C:/Program Files/Java/jre1.8.0_111/lib/amd64;C:\ProgramData\Oracle\Java\javapath;C:\Windows\system32;C:\Windows;C:\Windows\System32\Wbem;C:\Windows\System32\WindowsPowerShell\v1.0\;C:\Users\curti\AppData\Local\Microsoft\WindowsApps;;C:\Users\curti\Desktop\desktop stuff;
USERNAME=curti
OS=Windows_NT
PROCESSOR_IDENTIFIER=Intel64 Family 6 Model 60 Stepping 3, GenuineIntel



---------------  S Y S T E M  ---------------

OS: Windows 10.0 , 64 bit Build 14393 (10.0.14393.0)

CPU:total 8 (4 cores per cpu, 2 threads per core) family 6 model 60 stepping 3, cmov, cx8, fxsr, mmx, sse, sse2, sse3, ssse3, sse4.1, sse4.2, popcnt, avx, avx2, aes, clmul, erms, lzcnt, ht, tsc, tscinvbit, bmi1, bmi2

Memory: 4k page, physical 16713384k(12611768k free), swap 19203752k(13678004k free)

vm_info: Java HotSpot(TM) 64-Bit Server VM (25.111-b14) for windows-amd64 JRE (1.8.0_111-b14), built on Sep 22 2016 19:24:05 by "java_re" with MS VC++ 10.0 (VS2010)

time: Mon Jan 16 14:36:17 2017
elapsed time: 10 seconds (0d 0h 0m 10s)

