#
# A fatal error has been detected by the Java Runtime Environment:
#
#  Internal Error (0xc000000d), pid=2320, tid=0x000000000000107c
#
# JRE version: Java(TM) SE Runtime Environment (8.0_111-b14) (build 1.8.0_111-b14)
# Java VM: Java HotSpot(TM) 64-Bit Server VM (25.111-b14 mixed mode windows-amd64 compressed oops)
# Problematic frame:
# C  [ntdll.dll+0xff44c]
#
# Failed to write core dump. Minidumps are not enabled by default on client versions of Windows
#
# If you would like to submit a bug report, please visit:
#   http://bugreport.java.com/bugreport/crash.jsp
#

---------------  T H R E A D  ---------------

Current thread (0x000000001c7e9800):  VMThread [stack: 0x000000001e4c0000,0x000000001e5c0000] [id=4220]

siginfo: ExceptionCode=0xc000000d

Registers:
RAX=0x0000000050a84103, RBX=0x00000000204a2240, RCX=0xfffffff90000004f, RDX=0x0000000000000007
RSP=0x000000001e5bf080, RBP=0x0000000000000000, RSI=0x00000000270c69d0, RDI=0x00000000270c6a80
R8 =0x0000000000000000, R9 =0x00000000504237e0, R10=0x0000000002c41ca0, R11=0x0000000002cf70f0
R12=0x0000000000000000, R13=0x00000000ffffffff, R14=0x00000000270a5ce0, R15=0x00000000270c69d0
RIP=0x00007ffca298f44c, EFLAGS=0x0000000000000206

Top of Stack: (sp=0x000000001e5bf080)
0x000000001e5bf080:   0000000000000057 00000000204a2240
0x000000001e5bf090:   00000000270c69d0 00000000270c6a80
0x000000001e5bf0a0:   00000000c000000d 0000000000000000
0x000000001e5bf0b0:   00007ffca298f44c 0000000000000000
0x000000001e5bf0c0:   0000000000000000 0000000000000000
0x000000001e5bf0d0:   0000000000000000 0000000000000000
0x000000001e5bf0e0:   0000000000000000 0000000000000000
0x000000001e5bf0f0:   0000000000000000 0000000000000000
0x000000001e5bf100:   0000000000000000 0000000000000000
0x000000001e5bf110:   0000000000000000 0000000000000000
0x000000001e5bf120:   0000000000000000 0000000000000000
0x000000001e5bf130:   0000000000000000 0000000001130cc0
0x000000001e5bf140:   00008283d558e49d 0000000000000000
0x000000001e5bf150:   0000000000000000 00007ffca2951899
0x000000001e5bf160:   0000000000000001 00007ffc931ae8db
0x000000001e5bf170:   0000000100000003 0000000000000004 

Instructions: (pc=0x00007ffca298f44c)
0x00007ffca298f42c:   d5 fa ff c7 44 24 20 0d 00 00 c0 b9 57 00 00 00
0x00007ffca298f43c:   e8 7f 13 f6 ff 90 48 8d 4c 24 20 e8 04 bf f4 ff
0x00007ffca298f44c:   eb 00 48 8b 8c 24 c0 00 00 00 48 33 cc e8 82 74
0x00007ffca298f45c:   f9 ff 48 81 c4 d8 00 00 00 c3 40 55 48 83 ec 20 


Register to memory mapping:

RAX=0x0000000050a84103 is an unknown value
RBX=0x00000000204a2240 is an unknown value
RCX=0xfffffff90000004f is an unknown value
RDX=0x0000000000000007 is an unknown value
RSP=0x000000001e5bf080 is an unknown value
RBP=0x0000000000000000 is an unknown value
RSI=0x00000000270c69d0 is an unknown value
RDI=0x00000000270c6a80 is an unknown value
R8 =0x0000000000000000 is an unknown value
R9 =0x00000000504237e0 is an unknown value
R10=0x0000000002c41ca0 is an unknown value
R11=0x0000000002cf70f0 is an unknown value
R12=0x0000000000000000 is an unknown value
R13=0x00000000ffffffff is an unknown value
R14=0x00000000270a5ce0 is an unknown value
R15=0x00000000270c69d0 is an unknown value


Stack: [0x000000001e4c0000,0x000000001e5c0000],  sp=0x000000001e5bf080,  free space=1020k
Native frames: (J=compiled Java code, j=interpreted, Vv=VM code, C=native code)

VM_Operation (0x000000002463d230): Exit, mode: safepoint, requested by thread 0x000000001f665800


---------------  P R O C E S S  ---------------

Java Threads: ( => current thread )
  0x000000001f665800 JavaThread "AWT-EventQueue-0" [_thread_blocked, id=2408, stack(0x0000000024540000,0x0000000024640000)]
  0x000000001f645000 JavaThread "AWT-Shutdown" [_thread_blocked, id=6060, stack(0x000000001ff10000,0x0000000020010000)]
  0x000000001f644800 JavaThread "Java2D Disposer" daemon [_thread_blocked, id=8516, stack(0x000000001fe10000,0x000000001ff10000)]
  0x000000001e790000 JavaThread "Service Thread" daemon [_thread_blocked, id=3172, stack(0x000000001f2b0000,0x000000001f3b0000)]
  0x000000001e6fd000 JavaThread "C1 CompilerThread3" daemon [_thread_blocked, id=2808, stack(0x000000001f1b0000,0x000000001f2b0000)]
  0x000000001e6ed000 JavaThread "C2 CompilerThread2" daemon [_thread_blocked, id=4960, stack(0x000000001f0b0000,0x000000001f1b0000)]
  0x000000001e6ea000 JavaThread "C2 CompilerThread1" daemon [_thread_blocked, id=2804, stack(0x000000001efb0000,0x000000001f0b0000)]
  0x000000001e6e6800 JavaThread "C2 CompilerThread0" daemon [_thread_blocked, id=2944, stack(0x000000001eeb0000,0x000000001efb0000)]
  0x000000001c7fe800 JavaThread "Attach Listener" daemon [_thread_blocked, id=8028, stack(0x000000001edb0000,0x000000001eeb0000)]
  0x000000001c7fd800 JavaThread "Signal Dispatcher" daemon [_thread_blocked, id=6132, stack(0x000000001ecb0000,0x000000001edb0000)]
  0x0000000002d4e000 JavaThread "Finalizer" daemon [_thread_blocked, id=5824, stack(0x000000001eac0000,0x000000001ebc0000)]
  0x0000000002d47000 JavaThread "Reference Handler" daemon [_thread_blocked, id=2544, stack(0x000000001e5c0000,0x000000001e6c0000)]
  0x0000000002c50800 JavaThread "main" [_thread_blocked, id=5936, stack(0x0000000002ac0000,0x0000000002bc0000)]

Other Threads:
=>0x000000001c7e9800 VMThread [stack: 0x000000001e4c0000,0x000000001e5c0000] [id=4220]

VM state:at safepoint (shutting down)

VM Mutex/Monitor currently owned by a thread:  ([mutex/lock_event])
[0x0000000002c4bdb0] Threads_lock - owner thread: 0x000000001c7e9800

Heap:
 PSYoungGen      total 67584K, used 7850K [0x000000076af80000, 0x000000076f380000, 0x00000007c0000000)
  eden space 67072K, 11% used [0x000000076af80000,0x000000076b6e2848,0x000000076f100000)
  from space 512K, 56% used [0x000000076f280000,0x000000076f2c8000,0x000000076f300000)
  to   space 512K, 0% used [0x000000076f300000,0x000000076f300000,0x000000076f380000)
 ParOldGen       total 175104K, used 40973K [0x00000006c0e00000, 0x00000006cb900000, 0x000000076af80000)
  object space 175104K, 23% used [0x00000006c0e00000,0x00000006c3603638,0x00000006cb900000)
 Metaspace       used 8772K, capacity 8998K, committed 9088K, reserved 1056768K
  class space    used 1029K, capacity 1097K, committed 1152K, reserved 1048576K

Card table byte_map: [0x0000000012110000,0x0000000012910000] byte_map_base: 0x000000000eb09000

Marking Bits: (ParMarkBitMap*) 0x0000000050c6a6c0
 Begin Bits: [0x0000000013670000, 0x0000000017638000)
 End Bits:   [0x0000000017638000, 0x000000001b600000)

Polling page: 0x00000000011b0000

CodeCache: size=245760Kb used=2716Kb max_used=2716Kb free=243043Kb
 bounds [0x0000000002d50000, 0x0000000003000000, 0x0000000011d50000]
 total_blobs=1134 nmethods=685 adapters=362
 compilation: enabled

Compilation events (10 events):
Event: 33.872 Thread 0x000000001e6fd000  725       3       java.awt.image.Raster::createInterleavedRaster (138 bytes)
Event: 33.873 Thread 0x000000001e6fd000 nmethod 725 0x0000000002ff2050 code [0x0000000002ff22e0, 0x0000000002ff3418]
Event: 33.873 Thread 0x000000001e6fd000  727       3       sun.awt.image.ByteInterleavedRaster::<init> (32 bytes)
Event: 33.874 Thread 0x000000001e6fd000 nmethod 727 0x0000000002f2b6d0 code [0x0000000002f2b860, 0x0000000002f2bd48]
Event: 33.890 Thread 0x000000001e6fd000  728   !   3       sun.java2d.d3d.D3DBlitLoops::Blit (164 bytes)
Event: 33.891 Thread 0x000000001e6fd000 nmethod 728 0x0000000002ff3ed0 code [0x0000000002ff4260, 0x0000000002ff6428]
Event: 33.891 Thread 0x000000001e6fd000  729       3       sun.java2d.pipe.RenderQueue::addReference (12 bytes)
Event: 33.891 Thread 0x000000001e6fd000 nmethod 729 0x0000000002f32990 code [0x0000000002f32b00, 0x0000000002f32d28]
Event: 34.531 Thread 0x000000001e6fd000  730   !   3       sun.awt.PostEventQueue::postEvent (81 bytes)
Event: 34.532 Thread 0x000000001e6fd000 nmethod 730 0x0000000002ff85d0 code [0x0000000002ff87a0, 0x0000000002ff9138]

GC Heap History (10 events):
Event: 33.855 GC heap before
{Heap before GC invocations=363 (full 0):
 PSYoungGen      total 42496K, used 42208K [0x000000076af80000, 0x000000076e800000, 0x00000007c0000000)
  eden space 41984K, 100% used [0x000000076af80000,0x000000076d880000,0x000000076d880000)
  from space 512K, 43% used [0x000000076e780000,0x000000076e7b8000,0x000000076e800000)
  to   space 512K, 0% used [0x000000076e700000,0x000000076e700000,0x000000076e780000)
 ParOldGen       total 175104K, used 22853K [0x00000006c0e00000, 0x00000006cb900000, 0x000000076af80000)
  object space 175104K, 13% used [0x00000006c0e00000,0x00000006c24514f8,0x00000006cb900000)
 Metaspace       used 8766K, capacity 8998K, committed 9088K, reserved 1056768K
  class space    used 1028K, capacity 1097K, committed 1152K, reserved 1048576K
Event: 33.858 GC heap after
Heap after GC invocations=363 (full 0):
 PSYoungGen      total 51200K, used 192K [0x000000076af80000, 0x000000076e800000, 0x00000007c0000000)
  eden space 50688K, 0% used [0x000000076af80000,0x000000076af80000,0x000000076e100000)
  from space 512K, 37% used [0x000000076e700000,0x000000076e730000,0x000000076e780000)
  to   space 512K, 0% used [0x000000076e780000,0x000000076e780000,0x000000076e800000)
 ParOldGen       total 175104K, used 25577K [0x00000006c0e00000, 0x00000006cb900000, 0x000000076af80000)
  object space 175104K, 14% used [0x00000006c0e00000,0x00000006c26fa528,0x00000006cb900000)
 Metaspace       used 8766K, capacity 8998K, committed 9088K, reserved 1056768K
  class space    used 1028K, capacity 1097K, committed 1152K, reserved 1048576K
}
Event: 34.041 GC heap before
{Heap before GC invocations=364 (full 0):
 PSYoungGen      total 51200K, used 50565K [0x000000076af80000, 0x000000076e800000, 0x00000007c0000000)
  eden space 50688K, 99% used [0x000000076af80000,0x000000076e0b1500,0x000000076e100000)
  from space 512K, 37% used [0x000000076e700000,0x000000076e730000,0x000000076e780000)
  to   space 512K, 0% used [0x000000076e780000,0x000000076e780000,0x000000076e800000)
 ParOldGen       total 175104K, used 25577K [0x00000006c0e00000, 0x00000006cb900000, 0x000000076af80000)
  object space 175104K, 14% used [0x00000006c0e00000,0x00000006c26fa528,0x00000006cb900000)
 Metaspace       used 8768K, capacity 8998K, committed 9088K, reserved 1056768K
  class space    used 1028K, capacity 1097K, committed 1152K, reserved 1048576K
Event: 34.043 GC heap after
Heap after GC invocations=364 (full 0):
 PSYoungGen      total 57344K, used 192K [0x000000076af80000, 0x000000076ec00000, 0x00000007c0000000)
  eden space 56832K, 0% used [0x000000076af80000,0x000000076af80000,0x000000076e700000)
  from space 512K, 37% used [0x000000076e780000,0x000000076e7b0000,0x000000076e800000)
  to   space 512K, 0% used [0x000000076e700000,0x000000076e700000,0x000000076e780000)
 ParOldGen       total 175104K, used 25625K [0x00000006c0e00000, 0x00000006cb900000, 0x000000076af80000)
  object space 175104K, 14% used [0x00000006c0e00000,0x00000006c2706528,0x00000006cb900000)
 Metaspace       used 8768K, capacity 8998K, committed 9088K, reserved 1056768K
  class space    used 1028K, capacity 1097K, committed 1152K, reserved 1048576K
}
Event: 34.210 GC heap before
{Heap before GC invocations=365 (full 0):
 PSYoungGen      total 57344K, used 57024K [0x000000076af80000, 0x000000076ec00000, 0x00000007c0000000)
  eden space 56832K, 100% used [0x000000076af80000,0x000000076e700000,0x000000076e700000)
  from space 512K, 37% used [0x000000076e780000,0x000000076e7b0000,0x000000076e800000)
  to   space 512K, 0% used [0x000000076e700000,0x000000076e700000,0x000000076e780000)
 ParOldGen       total 175104K, used 25625K [0x00000006c0e00000, 0x00000006cb900000, 0x000000076af80000)
  object space 175104K, 14% used [0x00000006c0e00000,0x00000006c2706528,0x00000006cb900000)
 Metaspace       used 8768K, capacity 8998K, committed 9088K, reserved 1056768K
  class space    used 1028K, capacity 1097K, committed 1152K, reserved 1048576K
Event: 34.212 GC heap after
Heap after GC invocations=365 (full 0):
 PSYoungGen      total 57344K, used 160K [0x000000076af80000, 0x000000076f380000, 0x00000007c0000000)
  eden space 56832K, 0% used [0x000000076af80000,0x000000076af80000,0x000000076e700000)
  from space 512K, 31% used [0x000000076e700000,0x000000076e728000,0x000000076e780000)
  to   space 512K, 0% used [0x000000076f300000,0x000000076f300000,0x000000076f380000)
 ParOldGen       total 175104K, used 28373K [0x00000006c0e00000, 0x00000006cb900000, 0x000000076af80000)
  object space 175104K, 16% used [0x00000006c0e00000,0x00000006c29b5558,0x00000006cb900000)
 Metaspace       used 8768K, capacity 8998K, committed 9088K, reserved 1056768K
  class space    used 1028K, capacity 1097K, committed 1152K, reserved 1048576K
}
Event: 34.397 GC heap before
{Heap before GC invocations=366 (full 0):
 PSYoungGen      total 57344K, used 56992K [0x000000076af80000, 0x000000076f380000, 0x00000007c0000000)
  eden space 56832K, 100% used [0x000000076af80000,0x000000076e700000,0x000000076e700000)
  from space 512K, 31% used [0x000000076e700000,0x000000076e728000,0x000000076e780000)
  to   space 512K, 0% used [0x000000076f300000,0x000000076f300000,0x000000076f380000)
 ParOldGen       total 175104K, used 28373K [0x00000006c0e00000, 0x00000006cb900000, 0x000000076af80000)
  object space 175104K, 16% used [0x00000006c0e00000,0x00000006c29b5558,0x00000006cb900000)
 Metaspace       used 8768K, capacity 8998K, committed 9088K, reserved 1056768K
  class space    used 1028K, capacity 1097K, committed 1152K, reserved 1048576K
Event: 34.398 GC heap after
Heap after GC invocations=366 (full 0):
 PSYoungGen      total 56320K, used 224K [0x000000076af80000, 0x000000076f380000, 0x00000007c0000000)
  eden space 55808K, 0% used [0x000000076af80000,0x000000076af80000,0x000000076e600000)
  from space 512K, 43% used [0x000000076f300000,0x000000076f338000,0x000000076f380000)
  to   space 512K, 0% used [0x000000076f280000,0x000000076f280000,0x000000076f300000)
 ParOldGen       total 175104K, used 31073K [0x00000006c0e00000, 0x00000006cb900000, 0x000000076af80000)
  object space 175104K, 17% used [0x00000006c0e00000,0x00000006c2c58588,0x00000006cb900000)
 Metaspace       used 8768K, capacity 8998K, committed 9088K, reserved 1056768K
  class space    used 1028K, capacity 1097K, committed 1152K, reserved 1048576K
}
Event: 34.606 GC heap before
{Heap before GC invocations=367 (full 0):
 PSYoungGen      total 56320K, used 56032K [0x000000076af80000, 0x000000076f380000, 0x00000007c0000000)
  eden space 55808K, 100% used [0x000000076af80000,0x000000076e600000,0x000000076e600000)
  from space 512K, 43% used [0x000000076f300000,0x000000076f338000,0x000000076f380000)
  to   space 512K, 0% used [0x000000076f280000,0x000000076f280000,0x000000076f300000)
 ParOldGen       total 175104K, used 31073K [0x00000006c0e00000, 0x00000006cb900000, 0x000000076af80000)
  object space 175104K, 17% used [0x00000006c0e00000,0x00000006c2c58588,0x00000006cb900000)
 Metaspace       used 8772K, capacity 8998K, committed 9088K, reserved 1056768K
  class space    used 1029K, capacity 1097K, committed 1152K, reserved 1048576K
Event: 34.609 GC heap after
Heap after GC invocations=367 (full 0):
 PSYoungGen      total 67584K, used 288K [0x000000076af80000, 0x000000076f380000, 0x00000007c0000000)
  eden space 67072K, 0% used [0x000000076af80000,0x000000076af80000,0x000000076f100000)
  from space 512K, 56% used [0x000000076f280000,0x000000076f2c8000,0x000000076f300000)
  to   space 512K, 0% used [0x000000076f300000,0x000000076f300000,0x000000076f380000)
 ParOldGen       total 175104K, used 40973K [0x00000006c0e00000, 0x00000006cb900000, 0x000000076af80000)
  object space 175104K, 23% used [0x00000006c0e00000,0x00000006c3603638,0x00000006cb900000)
 Metaspace       used 8772K, capacity 8998K, committed 9088K, reserved 1056768K
  class space    used 1029K, capacity 1097K, committed 1152K, reserved 1048576K
}

Deoptimization events (8 events):
Event: 0.155 Thread 0x0000000002c50800 Uncommon trap: reason=null_check action=make_not_entrant pc=0x0000000002ec1e04 method=java.lang.String.equals(Ljava/lang/Object;)Z @ 8
Event: 0.711 Thread 0x0000000002c50800 Uncommon trap: reason=unstable_if action=reinterpret pc=0x0000000002f05550 method=PicRecoginition.isColor(I)Z @ 31
Event: 0.747 Thread 0x0000000002c50800 Uncommon trap: reason=unstable_if action=reinterpret pc=0x0000000002f01ffc method=java.awt.image.ComponentColorModel.getRGB(Ljava/lang/Object;)I @ 4
Event: 0.760 Thread 0x0000000002c50800 Uncommon trap: reason=unstable_if action=reinterpret pc=0x0000000002f10a3c method=PicRecoginition.porcessedImg(Ljava/awt/image/BufferedImage;)Ljava/awt/image/BufferedImage; @ 89
Event: 2.621 Thread 0x0000000002c50800 Uncommon trap: reason=unstable_if action=reinterpret pc=0x0000000002f38b30 method=PicRecoginition.percentMask([[IIILjava/awt/image/BufferedImage;)I @ 11
Event: 2.622 Thread 0x0000000002c50800 Uncommon trap: reason=unstable_if action=reinterpret pc=0x0000000002f38854 method=PicRecoginition.winCheck(III)V @ 7
Event: 17.712 Thread 0x0000000002c50800 Uncommon trap: reason=unstable_if action=reinterpret pc=0x0000000002f475f0 method=PicRecoginition.percentMask([[IIILjava/awt/image/BufferedImage;)I @ 49
Event: 17.712 Thread 0x0000000002c50800 Uncommon trap: reason=unstable_if action=reinterpret pc=0x0000000002f455d0 method=PicRecoginition.percentMask([[IIILjava/awt/image/BufferedImage;)I @ 49

Internal exceptions (10 events):
Event: 0.019 Thread 0x0000000002c50800 Exception <a 'java/lang/NoSuchMethodError': Method sun.misc.Unsafe.prefetchRead(Ljava/lang/Object;J)V name or signature does not match> (0x000000076af87f60) thrown at [C:\re\workspace\8-2-build-windows-amd64-cygwin\jdk8u111\7883\hotspot\src\share\vm\prims
Event: 0.064 Thread 0x0000000002c50800 Exception <a 'java/security/PrivilegedActionException'> (0x000000076b003908) thrown at [C:\re\workspace\8-2-build-windows-amd64-cygwin\jdk8u111\7883\hotspot\src\share\vm\prims\jvm.cpp, line 1386]
Event: 0.064 Thread 0x0000000002c50800 Exception <a 'java/security/PrivilegedActionException'> (0x000000076b003b18) thrown at [C:\re\workspace\8-2-build-windows-amd64-cygwin\jdk8u111\7883\hotspot\src\share\vm\prims\jvm.cpp, line 1386]
Event: 0.064 Thread 0x0000000002c50800 Exception <a 'java/security/PrivilegedActionException'> (0x000000076b007760) thrown at [C:\re\workspace\8-2-build-windows-amd64-cygwin\jdk8u111\7883\hotspot\src\share\vm\prims\jvm.cpp, line 1386]
Event: 0.064 Thread 0x0000000002c50800 Exception <a 'java/security/PrivilegedActionException'> (0x000000076b007970) thrown at [C:\re\workspace\8-2-build-windows-amd64-cygwin\jdk8u111\7883\hotspot\src\share\vm\prims\jvm.cpp, line 1386]
Event: 0.067 Thread 0x0000000002c50800 Exception <a 'java/io/FileNotFoundException'> (0x000000076b009e88) thrown at [C:\re\workspace\8-2-build-windows-amd64-cygwin\jdk8u111\7883\hotspot\src\share\vm\prims\jni.cpp, line 709]
Event: 0.088 Thread 0x0000000002c50800 Exception <a 'java/lang/NoSuchFieldError': method resolution failed> (0x000000076b21ed28) thrown at [C:\re\workspace\8-2-build-windows-amd64-cygwin\jdk8u111\7883\hotspot\src\share\vm\prims\methodHandles.cpp, line 1146]
Event: 0.089 Thread 0x0000000002c50800 Exception <a 'java/lang/NoSuchFieldError': method resolution failed> (0x000000076b22c0f8) thrown at [C:\re\workspace\8-2-build-windows-amd64-cygwin\jdk8u111\7883\hotspot\src\share\vm\prims\methodHandles.cpp, line 1146]
Event: 0.113 Thread 0x0000000002c50800 Exception <a 'java/io/FileNotFoundException'> (0x000000076b2bfca0) thrown at [C:\re\workspace\8-2-build-windows-amd64-cygwin\jdk8u111\7883\hotspot\src\share\vm\prims\jni.cpp, line 709]
Event: 0.155 Thread 0x0000000002c50800 Implicit null exception at 0x0000000002ec1c1c to 0x0000000002ec1df5

Events (10 events):
Event: 34.532 Thread 0x000000001e780800 Thread added: 0x000000001e780800
Event: 34.532 Thread 0x000000001e77d800 Thread exited: 0x000000001e77d800
Event: 34.532 Thread 0x000000001f6be000 Thread exited: 0x000000001f6be000
Event: 34.532 loading class sun/java2d/pipe/hw/AccelDeviceEventNotifier
Event: 34.532 loading class sun/java2d/pipe/hw/AccelDeviceEventNotifier done
Event: 34.544 Thread 0x000000001f5ec000 Thread exited: 0x000000001f5ec000
Event: 34.606 Executing VM operation: ParallelGCFailedAllocation
Event: 34.609 Executing VM operation: ParallelGCFailedAllocation done
Event: 34.633 Thread 0x000000001e780800 Thread exited: 0x000000001e780800
Event: 34.633 Executing VM operation: Exit


Dynamic libraries:
0x00007ff7c4770000 - 0x00007ff7c47a7000 	C:\Program Files\Java\jre1.8.0_111\bin\javaw.exe
0x00007ffca2890000 - 0x00007ffca2a61000 	C:\Windows\SYSTEM32\ntdll.dll
0x00007ffc9eb70000 - 0x00007ffc9ec1b000 	C:\Windows\System32\KERNEL32.DLL
0x00007ffc8b2d0000 - 0x00007ffc8b324000 	C:\Program Files (x86)\AVG\Av\avghooka.dll
0x00007ffc9de40000 - 0x00007ffc9e05d000 	C:\Windows\System32\KERNELBASE.dll
0x00007ffc9f880000 - 0x00007ffc9f922000 	C:\Windows\System32\ADVAPI32.dll
0x00007ffc9f340000 - 0x00007ffc9f3de000 	C:\Windows\System32\msvcrt.dll
0x00007ffc9eb10000 - 0x00007ffc9eb69000 	C:\Windows\System32\sechost.dll
0x00007ffc9f750000 - 0x00007ffc9f871000 	C:\Windows\System32\RPCRT4.dll
0x00007ffc9f5e0000 - 0x00007ffc9f745000 	C:\Windows\System32\USER32.dll
0x00007ffc9dc90000 - 0x00007ffc9dcae000 	C:\Windows\System32\win32u.dll
0x00007ffc9ec20000 - 0x00007ffc9ec54000 	C:\Windows\System32\GDI32.dll
0x00007ffc9dcb0000 - 0x00007ffc9de32000 	C:\Windows\System32\gdi32full.dll
0x00007ffc945d0000 - 0x00007ffc94849000 	C:\Windows\WinSxS\amd64_microsoft.windows.common-controls_6595b64144ccf1df_6.0.14393.447_none_42191651c6827bb3\COMCTL32.dll
0x00007ffca0f20000 - 0x00007ffca11e8000 	C:\Windows\System32\combase.dll
0x00007ffc9db20000 - 0x00007ffc9dc15000 	C:\Windows\System32\ucrtbase.dll
0x00007ffc9dc20000 - 0x00007ffc9dc8a000 	C:\Windows\System32\bcryptPrimitives.dll
0x00007ffca1550000 - 0x00007ffca157e000 	C:\Windows\System32\IMM32.DLL
0x0000000050370000 - 0x0000000050442000 	C:\Program Files\Java\jre1.8.0_111\bin\msvcr100.dll
0x0000000050450000 - 0x0000000050cea000 	C:\Program Files\Java\jre1.8.0_111\bin\server\jvm.dll
0x00007ffca1520000 - 0x00007ffca1528000 	C:\Windows\System32\PSAPI.DLL
0x00007ffc8f1c0000 - 0x00007ffc8f1c9000 	C:\Windows\SYSTEM32\WSOCK32.dll
0x00007ffca0eb0000 - 0x00007ffca0f1a000 	C:\Windows\System32\WS2_32.dll
0x00007ffc9be00000 - 0x00007ffc9be23000 	C:\Windows\SYSTEM32\WINMM.dll
0x00007ffc99430000 - 0x00007ffc9943a000 	C:\Windows\SYSTEM32\VERSION.dll
0x00007ffc9bda0000 - 0x00007ffc9bdcb000 	C:\Windows\SYSTEM32\WINMMBASE.dll
0x00007ffc9e970000 - 0x00007ffc9e9b2000 	C:\Windows\System32\cfgmgr32.dll
0x0000000050f90000 - 0x0000000050f9f000 	C:\Program Files\Java\jre1.8.0_111\bin\verify.dll
0x0000000050f60000 - 0x0000000050f89000 	C:\Program Files\Java\jre1.8.0_111\bin\java.dll
0x0000000050f40000 - 0x0000000050f56000 	C:\Program Files\Java\jre1.8.0_111\bin\zip.dll
0x00007ffc9f990000 - 0x00007ffca0e99000 	C:\Windows\System32\SHELL32.dll
0x00007ffc9e0c0000 - 0x00007ffc9e79a000 	C:\Windows\System32\windows.storage.dll
0x00007ffc9da10000 - 0x00007ffc9da5c000 	C:\Windows\System32\powrprof.dll
0x00007ffca11f0000 - 0x00007ffca1242000 	C:\Windows\System32\shlwapi.dll
0x00007ffc9da00000 - 0x00007ffc9da0f000 	C:\Windows\System32\kernel.appcore.dll
0x00007ffc9ea60000 - 0x00007ffc9eb09000 	C:\Windows\System32\shcore.dll
0x00007ffc9d9e0000 - 0x00007ffc9d9f4000 	C:\Windows\System32\profapi.dll
0x00007ffc6a840000 - 0x00007ffc6c737000 	C:\Users\curti\OneDrive\Programming\opencv\build\java\x64\opencv_java320.dll
0x00007ffc9f190000 - 0x00007ffc9f2c7000 	C:\Windows\System32\ole32.dll
0x00007ffca12c0000 - 0x00007ffca137f000 	C:\Windows\System32\OLEAUT32.dll
0x00007ffc9e9c0000 - 0x00007ffc9ea5c000 	C:\Windows\System32\msvcp_win.dll
0x00007ffc8b100000 - 0x00007ffc8b129000 	C:\Windows\SYSTEM32\MSVFW32.dll
0x00007ffc98cc0000 - 0x00007ffc98ce0000 	C:\Windows\SYSTEM32\AVIFIL32.dll
0x00007ffc94cb0000 - 0x00007ffc94cc8000 	C:\Windows\SYSTEM32\AVICAP32.dll
0x00007ffc9a6a0000 - 0x00007ffc9a6bc000 	C:\Windows\SYSTEM32\MSACM32.dll
0x00000000501d0000 - 0x0000000050368000 	C:\Program Files\Java\jre1.8.0_111\bin\awt.dll
0x00007ffc9b6f0000 - 0x00007ffc9b76a000 	C:\Windows\SYSTEM32\apphelp.dll
0x00007ffc9b770000 - 0x00007ffc9b796000 	C:\Windows\system32\DWMAPI.DLL
0x00007ffc9c130000 - 0x00007ffc9c1c5000 	C:\Windows\system32\uxtheme.dll
0x00007ffc9f3e0000 - 0x00007ffc9f53b000 	C:\Windows\System32\MSCTF.dll
0x0000000050180000 - 0x00000000501c7000 	C:\Program Files\Java\jre1.8.0_111\bin\fontmanager.dll
0x00007ffc9f540000 - 0x00007ffc9f5df000 	C:\Windows\System32\clbcatq.dll
0x00007ffc939f0000 - 0x00007ffc93a08000 	C:\Windows\System32\devenum.dll
0x00007ffc9ec60000 - 0x00007ffc9f089000 	C:\Windows\System32\setupapi.dll
0x00007ffc9cd90000 - 0x00007ffc9cdc2000 	C:\Windows\SYSTEM32\ntmarta.dll
0x00007ffc9c5c0000 - 0x00007ffc9c5e8000 	C:\Windows\SYSTEM32\DEVOBJ.dll
0x00007ffc9e060000 - 0x00007ffc9e0b5000 	C:\Windows\System32\WINTRUST.dll
0x00007ffc9da60000 - 0x00007ffc9da70000 	C:\Windows\System32\MSASN1.dll
0x00007ffc9e7a0000 - 0x00007ffc9e969000 	C:\Windows\System32\CRYPT32.dll
0x00007ffc964a0000 - 0x00007ffc964aa000 	C:\Windows\SYSTEM32\msdmo.dll
0x00007ffc8ad10000 - 0x00007ffc8ad43000 	C:\Windows\System32\qcap.dll
0x00007ffc7f8c0000 - 0x00007ffc7fa83000 	C:\Windows\System32\quartz.dll
0x00007ffc9d920000 - 0x00007ffc9d94b000 	C:\Windows\System32\bcrypt.dll
0x00007ffc88e80000 - 0x00007ffc88ec8000 	C:\Windows\System32\mfksproxy.dll
0x00007ffc88320000 - 0x00007ffc8833c000 	C:\Windows\System32\ATL.DLL
0x00007ffc89650000 - 0x00007ffc8969e000 	C:\Windows\System32\MFSENSORGROUP.dll
0x00007ffc9b560000 - 0x00007ffc9b6c8000 	C:\Windows\System32\MFPlat.DLL
0x00007ffc9b1e0000 - 0x00007ffc9b20e000 	C:\Windows\System32\RTWorkQ.DLL
0x00007ffc79a00000 - 0x00007ffc79deb000 	C:\Windows\System32\MFCORE.dll
0x00007ffc96910000 - 0x00007ffc96919000 	C:\Windows\System32\ksuser.dll
0x00007ffc9d4b0000 - 0x00007ffc9d4bb000 	C:\Windows\System32\CRYPTBASE.DLL
0x00007ffc86800000 - 0x00007ffc86853000 	C:\Windows\System32\FSClient.dll
0x00007ffc9ac70000 - 0x00007ffc9ac7b000 	C:\Windows\System32\AVRT.dll
0x00007ffc939e0000 - 0x00007ffc939ed000 	C:\Windows\System32\vidcap.ax
0x00007ffc89a70000 - 0x00007ffc89a95000 	C:\Windows\System32\kswdmcap.ax
0x00007ffc7fa90000 - 0x00007ffc7fbf3000 	C:\Windows\System32\MFC42.dll
0x00007ffc84500000 - 0x00007ffc845af000 	C:\Windows\System32\ODBC32.dll
0x00007ffc9cf60000 - 0x00007ffc9cf6a000 	C:\Windows\System32\DPAPI.dll
0x00007ffc930c0000 - 0x00007ffc93103000 	C:\Windows\SYSTEM32\policymanager.dll
0x00007ffc9c3a0000 - 0x00007ffc9c431000 	C:\Windows\System32\msvcp110_win.dll
0x00007ffc93190000 - 0x00007ffc93264000 	C:\Windows\System32\MFReadWrite.dll
0x00007ffc85430000 - 0x00007ffc854d3000 	C:\Windows\System32\qedit.dll
0x00007ffc9f090000 - 0x00007ffc9f18a000 	C:\Windows\System32\COMDLG32.dll
0x00007ffc95e50000 - 0x00007ffc95fea000 	C:\Windows\WinSxS\amd64_microsoft.windows.gdiplus_6595b64144ccf1df_1.1.14393.321_none_72fe05dd211a5fae\gdiplus.dll
0x00007ffc805f0000 - 0x00007ffc806e7000 	C:\Windows\System32\DDRAW.dll
0x00007ffc96960000 - 0x00007ffc96968000 	C:\Windows\System32\DCIMAN32.dll
0x00007ffc965e0000 - 0x00007ffc965ec000 	C:\Windows\SYSTEM32\msyuv.dll
0x00007ffc96d60000 - 0x00007ffc96ef2000 	C:\Windows\SYSTEM32\dbghelp.dll

VM Arguments:
jvm_args: -Dfile.encoding=Cp1252 
java_command: OverCoat
java_class_path (initial): C:\Users\curti\OneDrive\Programming\HoundDog\bin;C:\Users\curti\OneDrive\Programming\opencv\build\java\opencv-320.jar
Launcher Type: SUN_STANDARD

Environment Variables:
PATH=C:/Program Files/Java/jre1.8.0_111/bin/server;C:/Program Files/Java/jre1.8.0_111/bin;C:/Program Files/Java/jre1.8.0_111/lib/amd64;C:\ProgramData\Oracle\Java\javapath;C:\Windows\system32;C:\Windows;C:\Windows\System32\Wbem;C:\Windows\System32\WindowsPowerShell\v1.0\;C:\Users\curti\AppData\Local\Microsoft\WindowsApps;;C:\Users\curti\Desktop\desktop stuff;
USERNAME=curti
OS=Windows_NT
PROCESSOR_IDENTIFIER=Intel64 Family 6 Model 60 Stepping 3, GenuineIntel



---------------  S Y S T E M  ---------------

OS: Windows 10.0 , 64 bit Build 14393 (10.0.14393.0)

CPU:total 8 (4 cores per cpu, 2 threads per core) family 6 model 60 stepping 3, cmov, cx8, fxsr, mmx, sse, sse2, sse3, ssse3, sse4.1, sse4.2, popcnt, avx, avx2, aes, clmul, erms, lzcnt, ht, tsc, tscinvbit, bmi1, bmi2

Memory: 4k page, physical 16713384k(12277196k free), swap 19203752k(13761408k free)

vm_info: Java HotSpot(TM) 64-Bit Server VM (25.111-b14) for windows-amd64 JRE (1.8.0_111-b14), built on Sep 22 2016 19:24:05 by "java_re" with MS VC++ 10.0 (VS2010)

time: Mon Jan 16 13:54:06 2017
elapsed time: 34 seconds (0d 0h 0m 34s)

