#
# A fatal error has been detected by the Java Runtime Environment:
#
#  Internal Error (0xc000000d), pid=8432, tid=0x0000000000001ef0
#
# JRE version: Java(TM) SE Runtime Environment (8.0_111-b14) (build 1.8.0_111-b14)
# Java VM: Java HotSpot(TM) 64-Bit Server VM (25.111-b14 mixed mode windows-amd64 compressed oops)
# Problematic frame:
# C  [ntdll.dll+0xff44c]
#
# Failed to write core dump. Minidumps are not enabled by default on client versions of Windows
#
# If you would like to submit a bug report, please visit:
#   http://bugreport.java.com/bugreport/crash.jsp
#

---------------  T H R E A D  ---------------

Current thread (0x000000001c569000):  VMThread [stack: 0x000000001e250000,0x000000001e350000] [id=7920]

siginfo: ExceptionCode=0xc000000d

Registers:
RAX=0x0000000050a84103, RBX=0x0000000026bf34d0, RCX=0xfffffff90000004f, RDX=0x0000000000000007
RSP=0x000000001e34ec80, RBP=0x0000000000000000, RSI=0x0000000026e269d0, RDI=0x0000000026e29e60
R8 =0x0000000000000000, R9 =0x00000000504237e0, R10=0x0000000001101c90, R11=0x000000001c56a010
R12=0x0000000000000000, R13=0x00000000ffffffff, R14=0x0000000026e05ce0, R15=0x0000000026e269d0
RIP=0x00007ffca298f44c, EFLAGS=0x0000000000000206

Top of Stack: (sp=0x000000001e34ec80)
0x000000001e34ec80:   0000000000000057 0000000026bf34d0
0x000000001e34ec90:   0000000026e269d0 0000000026e29e60
0x000000001e34eca0:   00000000c000000d 0000000000000000
0x000000001e34ecb0:   00007ffca298f44c 0000000000000000
0x000000001e34ecc0:   0000000000000000 0000000000000000
0x000000001e34ecd0:   0000000000000000 0000000000000000
0x000000001e34ece0:   0000000000000000 0000000000000000
0x000000001e34ecf0:   0000000000000000 0000000000000000
0x000000001e34ed00:   0000000000000000 0000000000000000
0x000000001e34ed10:   0000000000000000 0000000000000000
0x000000001e34ed20:   0000000000000000 0000000000000000
0x000000001e34ed30:   0000000000000000 0000000000db0cc0
0x000000001e34ed40:   0000397211754a45 0000000000000000
0x000000001e34ed50:   0000000000000000 00007ffca2951899
0x000000001e34ed60:   0000000000000001 00007ffc931ae8db
0x000000001e34ed70:   0000000100000003 0000000000000004 

Instructions: (pc=0x00007ffca298f44c)
0x00007ffca298f42c:   d5 fa ff c7 44 24 20 0d 00 00 c0 b9 57 00 00 00
0x00007ffca298f43c:   e8 7f 13 f6 ff 90 48 8d 4c 24 20 e8 04 bf f4 ff
0x00007ffca298f44c:   eb 00 48 8b 8c 24 c0 00 00 00 48 33 cc e8 82 74
0x00007ffca298f45c:   f9 ff 48 81 c4 d8 00 00 00 c3 40 55 48 83 ec 20 


Register to memory mapping:

RAX=0x0000000050a84103 is an unknown value
RBX=0x0000000026bf34d0 is an unknown value
RCX=0xfffffff90000004f is an unknown value
RDX=0x0000000000000007 is an unknown value
RSP=0x000000001e34ec80 is an unknown value
RBP=0x0000000000000000 is an unknown value
RSI=0x0000000026e269d0 is an unknown value
RDI=0x0000000026e29e60 is an unknown value
R8 =0x0000000000000000 is an unknown value
R9 =0x00000000504237e0 is an unknown value
R10=0x0000000001101c90 is an unknown value
R11=0x000000001c56a010 is an unknown value
R12=0x0000000000000000 is an unknown value
R13=0x00000000ffffffff is an unknown value
R14=0x0000000026e05ce0 is an unknown value
R15=0x0000000026e269d0 is an unknown value


Stack: [0x000000001e250000,0x000000001e350000],  sp=0x000000001e34ec80,  free space=1019k
Native frames: (J=compiled Java code, j=interpreted, Vv=VM code, C=native code)

VM_Operation (0x000000002636cc40): Exit, mode: safepoint, requested by thread 0x000000001f403800


---------------  P R O C E S S  ---------------

Java Threads: ( => current thread )
  0x000000001f403800 JavaThread "AWT-EventQueue-0" [_thread_blocked, id=3508, stack(0x0000000026270000,0x0000000026370000)]
  0x000000001f3d2800 JavaThread "AWT-Shutdown" [_thread_blocked, id=2756, stack(0x000000001fcb0000,0x000000001fdb0000)]
  0x000000001f3d1800 JavaThread "Java2D Disposer" daemon [_thread_blocked, id=1696, stack(0x000000001fb70000,0x000000001fc70000)]
  0x000000001e51c800 JavaThread "Service Thread" daemon [_thread_blocked, id=2544, stack(0x000000001f040000,0x000000001f140000)]
  0x000000001e490800 JavaThread "C1 CompilerThread3" daemon [_thread_blocked, id=5972, stack(0x000000001ef40000,0x000000001f040000)]
  0x000000001e48b000 JavaThread "C2 CompilerThread2" daemon [_thread_blocked, id=7264, stack(0x000000001ee40000,0x000000001ef40000)]
  0x000000001e47a000 JavaThread "C2 CompilerThread1" daemon [_thread_blocked, id=10088, stack(0x000000001ed40000,0x000000001ee40000)]
  0x000000001e476800 JavaThread "C2 CompilerThread0" daemon [_thread_blocked, id=6992, stack(0x000000001ec40000,0x000000001ed40000)]
  0x000000001e474800 JavaThread "Attach Listener" daemon [_thread_blocked, id=7764, stack(0x000000001eb40000,0x000000001ec40000)]
  0x000000001c57e800 JavaThread "Signal Dispatcher" daemon [_thread_blocked, id=1880, stack(0x000000001ea40000,0x000000001eb40000)]
  0x000000001e470800 JavaThread "Finalizer" daemon [_thread_blocked, id=2676, stack(0x000000001e850000,0x000000001e950000)]
  0x0000000002ac6000 JavaThread "Reference Handler" daemon [_thread_blocked, id=2696, stack(0x000000001e350000,0x000000001e450000)]
  0x00000000029d0800 JavaThread "main" [_thread_blocked, id=6724, stack(0x0000000002850000,0x0000000002950000)]

Other Threads:
=>0x000000001c569000 VMThread [stack: 0x000000001e250000,0x000000001e350000] [id=7920]

VM state:at safepoint (shutting down)

VM Mutex/Monitor currently owned by a thread:  ([mutex/lock_event])
[0x000000000110b9b0] Threads_lock - owner thread: 0x000000001c569000

Heap:
 PSYoungGen      total 41984K, used 23021K [0x000000076af80000, 0x000000076da80000, 0x00000007c0000000)
  eden space 40960K, 55% used [0x000000076af80000,0x000000076c5d34a8,0x000000076d780000)
  from space 1024K, 15% used [0x000000076d980000,0x000000076d9a8000,0x000000076da80000)
  to   space 1536K, 0% used [0x000000076d780000,0x000000076d780000,0x000000076d900000)
 ParOldGen       total 71168K, used 8217K [0x00000006c0e00000, 0x00000006c5380000, 0x000000076af80000)
  object space 71168K, 11% used [0x00000006c0e00000,0x00000006c1606518,0x00000006c5380000)
 Metaspace       used 8801K, capacity 8934K, committed 9088K, reserved 1056768K
  class space    used 1030K, capacity 1097K, committed 1152K, reserved 1048576K

Card table byte_map: [0x0000000011e90000,0x0000000012690000] byte_map_base: 0x000000000e889000

Marking Bits: (ParMarkBitMap*) 0x0000000050c6a6c0
 Begin Bits: [0x00000000133f0000, 0x00000000173b8000)
 End Bits:   [0x00000000173b8000, 0x000000001b380000)

Polling page: 0x0000000001080000

CodeCache: size=245760Kb used=2850Kb max_used=2850Kb free=242909Kb
 bounds [0x0000000002ad0000, 0x0000000002da0000, 0x0000000011ad0000]
 total_blobs=1137 nmethods=688 adapters=362
 compilation: enabled

Compilation events (10 events):
Event: 32.014 Thread 0x000000001e490800  712       3       java.awt.Component::areInputMethodsEnabled (39 bytes)
Event: 32.014 Thread 0x000000001e490800 nmethod 712 0x0000000002d97050 code [0x0000000002d971a0, 0x0000000002d97410]
Event: 32.014 Thread 0x000000001e490800  714       3       java.awt.Component::eventTypeEnabled (487 bytes)
Event: 32.014 Thread 0x000000001e490800 nmethod 714 0x0000000002d98f10 code [0x0000000002d990c0, 0x0000000002d99b50]
Event: 32.014 Thread 0x000000001e490800  713  s    3       sun.awt.im.InputContext::getInputMethod (34 bytes)
Event: 32.015 Thread 0x000000001e490800 nmethod 713 0x0000000002d98890 code [0x0000000002d98a00, 0x0000000002d98e48]
Event: 32.025 Thread 0x000000001e490800  715   !   3       java.awt.AWTEvent::dispatched (47 bytes)
Event: 32.025 Thread 0x000000001e490800 nmethod 715 0x0000000002d9bf50 code [0x0000000002d9c140, 0x0000000002d9cb98]
Event: 32.025 Thread 0x000000001e490800  716       3       java.util.HashMap::afterNodeRemoval (1 bytes)
Event: 32.025 Thread 0x000000001e490800 nmethod 716 0x0000000002d9bc50 code [0x0000000002d9bda0, 0x0000000002d9bef0]

GC Heap History (10 events):
Event: 32.628 GC heap before
{Heap before GC invocations=369 (full 1):
 PSYoungGen      total 44032K, used 43936K [0x000000076af80000, 0x000000076dd00000, 0x00000007c0000000)
  eden space 43520K, 100% used [0x000000076af80000,0x000000076da00000,0x000000076da00000)
  from space 512K, 81% used [0x000000076da80000,0x000000076dae8000,0x000000076db00000)
  to   space 1536K, 0% used [0x000000076db80000,0x000000076db80000,0x000000076dd00000)
 ParOldGen       total 71168K, used 8217K [0x00000006c0e00000, 0x00000006c5380000, 0x000000076af80000)
  object space 71168K, 11% used [0x00000006c0e00000,0x00000006c1606518,0x00000006c5380000)
 Metaspace       used 8797K, capacity 8934K, committed 9088K, reserved 1056768K
  class space    used 1029K, capacity 1097K, committed 1152K, reserved 1048576K
Event: 32.628 GC heap after
Heap after GC invocations=369 (full 1):
 PSYoungGen      total 44032K, used 640K [0x000000076af80000, 0x000000076dc80000, 0x00000007c0000000)
  eden space 43008K, 0% used [0x000000076af80000,0x000000076af80000,0x000000076d980000)
  from space 1024K, 62% used [0x000000076db80000,0x000000076dc20000,0x000000076dc80000)
  to   space 1536K, 0% used [0x000000076d980000,0x000000076d980000,0x000000076db00000)
 ParOldGen       total 71168K, used 8217K [0x00000006c0e00000, 0x00000006c5380000, 0x000000076af80000)
  object space 71168K, 11% used [0x00000006c0e00000,0x00000006c1606518,0x00000006c5380000)
 Metaspace       used 8797K, capacity 8934K, committed 9088K, reserved 1056768K
  class space    used 1029K, capacity 1097K, committed 1152K, reserved 1048576K
}
Event: 32.700 GC heap before
{Heap before GC invocations=370 (full 1):
 PSYoungGen      total 44032K, used 43648K [0x000000076af80000, 0x000000076dc80000, 0x00000007c0000000)
  eden space 43008K, 100% used [0x000000076af80000,0x000000076d980000,0x000000076d980000)
  from space 1024K, 62% used [0x000000076db80000,0x000000076dc20000,0x000000076dc80000)
  to   space 1536K, 0% used [0x000000076d980000,0x000000076d980000,0x000000076db00000)
 ParOldGen       total 71168K, used 8217K [0x00000006c0e00000, 0x00000006c5380000, 0x000000076af80000)
  object space 71168K, 11% used [0x00000006c0e00000,0x00000006c1606518,0x00000006c5380000)
 Metaspace       used 8797K, capacity 8934K, committed 9088K, reserved 1056768K
  class space    used 1029K, capacity 1097K, committed 1152K, reserved 1048576K
Event: 32.701 GC heap after
Heap after GC invocations=370 (full 1):
 PSYoungGen      total 43008K, used 448K [0x000000076af80000, 0x000000076dc00000, 0x00000007c0000000)
  eden space 42496K, 0% used [0x000000076af80000,0x000000076af80000,0x000000076d900000)
  from space 512K, 87% used [0x000000076d980000,0x000000076d9f0000,0x000000076da00000)
  to   space 1536K, 0% used [0x000000076da80000,0x000000076da80000,0x000000076dc00000)
 ParOldGen       total 71168K, used 8217K [0x00000006c0e00000, 0x00000006c5380000, 0x000000076af80000)
  object space 71168K, 11% used [0x00000006c0e00000,0x00000006c1606518,0x00000006c5380000)
 Metaspace       used 8797K, capacity 8934K, committed 9088K, reserved 1056768K
  class space    used 1029K, capacity 1097K, committed 1152K, reserved 1048576K
}
Event: 32.772 GC heap before
{Heap before GC invocations=371 (full 1):
 PSYoungGen      total 43008K, used 42944K [0x000000076af80000, 0x000000076dc00000, 0x00000007c0000000)
  eden space 42496K, 100% used [0x000000076af80000,0x000000076d900000,0x000000076d900000)
  from space 512K, 87% used [0x000000076d980000,0x000000076d9f0000,0x000000076da00000)
  to   space 1536K, 0% used [0x000000076da80000,0x000000076da80000,0x000000076dc00000)
 ParOldGen       total 71168K, used 8217K [0x00000006c0e00000, 0x00000006c5380000, 0x000000076af80000)
  object space 71168K, 11% used [0x00000006c0e00000,0x00000006c1606518,0x00000006c5380000)
 Metaspace       used 8797K, capacity 8934K, committed 9088K, reserved 1056768K
  class space    used 1029K, capacity 1097K, committed 1152K, reserved 1048576K
Event: 32.773 GC heap after
Heap after GC invocations=371 (full 1):
 PSYoungGen      total 43008K, used 288K [0x000000076af80000, 0x000000076db80000, 0x00000007c0000000)
  eden space 41984K, 0% used [0x000000076af80000,0x000000076af80000,0x000000076d880000)
  from space 1024K, 28% used [0x000000076da80000,0x000000076dac8000,0x000000076db80000)
  to   space 1536K, 0% used [0x000000076d880000,0x000000076d880000,0x000000076da00000)
 ParOldGen       total 71168K, used 8217K [0x00000006c0e00000, 0x00000006c5380000, 0x000000076af80000)
  object space 71168K, 11% used [0x00000006c0e00000,0x00000006c1606518,0x00000006c5380000)
 Metaspace       used 8797K, capacity 8934K, committed 9088K, reserved 1056768K
  class space    used 1029K, capacity 1097K, committed 1152K, reserved 1048576K
}
Event: 32.841 GC heap before
{Heap before GC invocations=372 (full 1):
 PSYoungGen      total 43008K, used 42272K [0x000000076af80000, 0x000000076db80000, 0x00000007c0000000)
  eden space 41984K, 100% used [0x000000076af80000,0x000000076d880000,0x000000076d880000)
  from space 1024K, 28% used [0x000000076da80000,0x000000076dac8000,0x000000076db80000)
  to   space 1536K, 0% used [0x000000076d880000,0x000000076d880000,0x000000076da00000)
 ParOldGen       total 71168K, used 8217K [0x00000006c0e00000, 0x00000006c5380000, 0x000000076af80000)
  object space 71168K, 11% used [0x00000006c0e00000,0x00000006c1606518,0x00000006c5380000)
 Metaspace       used 8797K, capacity 8934K, committed 9088K, reserved 1056768K
  class space    used 1029K, capacity 1097K, committed 1152K, reserved 1048576K
Event: 32.841 GC heap after
Heap after GC invocations=372 (full 1):
 PSYoungGen      total 42496K, used 928K [0x000000076af80000, 0x000000076db00000, 0x00000007c0000000)
  eden space 41472K, 0% used [0x000000076af80000,0x000000076af80000,0x000000076d800000)
  from space 1024K, 90% used [0x000000076d880000,0x000000076d968000,0x000000076d980000)
  to   space 1536K, 0% used [0x000000076d980000,0x000000076d980000,0x000000076db00000)
 ParOldGen       total 71168K, used 8217K [0x00000006c0e00000, 0x00000006c5380000, 0x000000076af80000)
  object space 71168K, 11% used [0x00000006c0e00000,0x00000006c1606518,0x00000006c5380000)
 Metaspace       used 8797K, capacity 8934K, committed 9088K, reserved 1056768K
  class space    used 1029K, capacity 1097K, committed 1152K, reserved 1048576K
}
Event: 32.917 GC heap before
{Heap before GC invocations=373 (full 1):
 PSYoungGen      total 42496K, used 42400K [0x000000076af80000, 0x000000076db00000, 0x00000007c0000000)
  eden space 41472K, 100% used [0x000000076af80000,0x000000076d800000,0x000000076d800000)
  from space 1024K, 90% used [0x000000076d880000,0x000000076d968000,0x000000076d980000)
  to   space 1536K, 0% used [0x000000076d980000,0x000000076d980000,0x000000076db00000)
 ParOldGen       total 71168K, used 8217K [0x00000006c0e00000, 0x00000006c5380000, 0x000000076af80000)
  object space 71168K, 11% used [0x00000006c0e00000,0x00000006c1606518,0x00000006c5380000)
 Metaspace       used 8801K, capacity 8934K, committed 9088K, reserved 1056768K
  class space    used 1030K, capacity 1097K, committed 1152K, reserved 1048576K
Event: 32.918 GC heap after
Heap after GC invocations=373 (full 1):
 PSYoungGen      total 41984K, used 160K [0x000000076af80000, 0x000000076da80000, 0x00000007c0000000)
  eden space 40960K, 0% used [0x000000076af80000,0x000000076af80000,0x000000076d780000)
  from space 1024K, 15% used [0x000000076d980000,0x000000076d9a8000,0x000000076da80000)
  to   space 1536K, 0% used [0x000000076d780000,0x000000076d780000,0x000000076d900000)
 ParOldGen       total 71168K, used 8217K [0x00000006c0e00000, 0x00000006c5380000, 0x000000076af80000)
  object space 71168K, 11% used [0x00000006c0e00000,0x00000006c1606518,0x00000006c5380000)
 Metaspace       used 8801K, capacity 8934K, committed 9088K, reserved 1056768K
  class space    used 1030K, capacity 1097K, committed 1152K, reserved 1048576K
}

Deoptimization events (10 events):
Event: 2.878 Thread 0x00000000029d0800 Uncommon trap: reason=unstable_if action=reinterpret pc=0x0000000002c83750 method=PicRecoginition.isColor(I)Z @ 31
Event: 2.879 Thread 0x00000000029d0800 Uncommon trap: reason=unstable_if action=reinterpret pc=0x0000000002c94f70 method=PicRecoginition.isColor(I)Z @ 14
Event: 3.070 Thread 0x00000000029d0800 Uncommon trap: reason=unstable_if action=reinterpret pc=0x0000000002ca4f58 method=PicRecoginition.isColor(I)Z @ 69
Event: 3.070 Thread 0x00000000029d0800 Uncommon trap: reason=unstable_if action=reinterpret pc=0x0000000002ca2404 method=PicRecoginition.isColor(I)Z @ 69
Event: 3.071 Thread 0x00000000029d0800 Uncommon trap: reason=unstable_if action=reinterpret pc=0x0000000002ca00f0 method=PicRecoginition.isColor(I)Z @ 69
Event: 3.192 Thread 0x00000000029d0800 Uncommon trap: reason=unstable_if action=reinterpret pc=0x0000000002cac934 method=PicRecoginition.isColor(I)Z @ 88
Event: 3.192 Thread 0x00000000029d0800 Uncommon trap: reason=unstable_if action=reinterpret pc=0x0000000002c839d8 method=PicRecoginition.isColor(I)Z @ 88
Event: 3.210 Thread 0x00000000029d0800 Uncommon trap: reason=unstable_if action=reinterpret pc=0x0000000002ca7dcc method=PicRecoginition.isColor(I)Z @ 88
Event: 3.350 Thread 0x00000000029d0800 Uncommon trap: reason=unstable_if action=reinterpret pc=0x0000000002cc4ba8 method=PicRecoginition.percentMask([[IIILjava/awt/image/BufferedImage;)I @ 39
Event: 3.369 Thread 0x00000000029d0800 Uncommon trap: reason=unstable_if action=reinterpret pc=0x0000000002cca4d4 method=PicRecoginition.percentMask([[IIILjava/awt/image/BufferedImage;)I @ 27

Internal exceptions (10 events):
Event: 0.027 Thread 0x00000000029d0800 Exception <a 'java/lang/NoSuchMethodError': Method sun.misc.Unsafe.prefetchRead(Ljava/lang/Object;J)V name or signature does not match> (0x000000076af87f60) thrown at [C:\re\workspace\8-2-build-windows-amd64-cygwin\jdk8u111\7883\hotspot\src\share\vm\prims
Event: 0.070 Thread 0x00000000029d0800 Exception <a 'java/security/PrivilegedActionException'> (0x000000076b0038a0) thrown at [C:\re\workspace\8-2-build-windows-amd64-cygwin\jdk8u111\7883\hotspot\src\share\vm\prims\jvm.cpp, line 1386]
Event: 0.070 Thread 0x00000000029d0800 Exception <a 'java/security/PrivilegedActionException'> (0x000000076b003ab0) thrown at [C:\re\workspace\8-2-build-windows-amd64-cygwin\jdk8u111\7883\hotspot\src\share\vm\prims\jvm.cpp, line 1386]
Event: 0.070 Thread 0x00000000029d0800 Exception <a 'java/security/PrivilegedActionException'> (0x000000076b0076f8) thrown at [C:\re\workspace\8-2-build-windows-amd64-cygwin\jdk8u111\7883\hotspot\src\share\vm\prims\jvm.cpp, line 1386]
Event: 0.070 Thread 0x00000000029d0800 Exception <a 'java/security/PrivilegedActionException'> (0x000000076b007908) thrown at [C:\re\workspace\8-2-build-windows-amd64-cygwin\jdk8u111\7883\hotspot\src\share\vm\prims\jvm.cpp, line 1386]
Event: 0.073 Thread 0x00000000029d0800 Exception <a 'java/io/FileNotFoundException'> (0x000000076b009e20) thrown at [C:\re\workspace\8-2-build-windows-amd64-cygwin\jdk8u111\7883\hotspot\src\share\vm\prims\jni.cpp, line 709]
Event: 0.097 Thread 0x00000000029d0800 Exception <a 'java/lang/NoSuchFieldError': method resolution failed> (0x000000076b21ed28) thrown at [C:\re\workspace\8-2-build-windows-amd64-cygwin\jdk8u111\7883\hotspot\src\share\vm\prims\methodHandles.cpp, line 1146]
Event: 0.098 Thread 0x00000000029d0800 Exception <a 'java/lang/NoSuchFieldError': method resolution failed> (0x000000076b22c0f8) thrown at [C:\re\workspace\8-2-build-windows-amd64-cygwin\jdk8u111\7883\hotspot\src\share\vm\prims\methodHandles.cpp, line 1146]
Event: 0.121 Thread 0x00000000029d0800 Exception <a 'java/io/FileNotFoundException'> (0x000000076b2bfca0) thrown at [C:\re\workspace\8-2-build-windows-amd64-cygwin\jdk8u111\7883\hotspot\src\share\vm\prims\jni.cpp, line 709]
Event: 0.165 Thread 0x00000000029d0800 Implicit null exception at 0x0000000002c3fadc to 0x0000000002c3fcb5

Events (10 events):
Event: 32.853 Thread 0x000000001f54e000 Thread added: 0x000000001f54e000
Event: 32.853 Thread 0x000000001f560800 Thread exited: 0x000000001f560800
Event: 32.853 Thread 0x000000001f45e000 Thread exited: 0x000000001f45e000
Event: 32.853 loading class sun/java2d/pipe/hw/AccelDeviceEventNotifier
Event: 32.854 loading class sun/java2d/pipe/hw/AccelDeviceEventNotifier done
Event: 32.865 Thread 0x000000001f3d5000 Thread exited: 0x000000001f3d5000
Event: 32.917 Executing VM operation: ParallelGCFailedAllocation
Event: 32.918 Executing VM operation: ParallelGCFailedAllocation done
Event: 32.954 Thread 0x000000001f54e000 Thread exited: 0x000000001f54e000
Event: 32.954 Executing VM operation: Exit


Dynamic libraries:
0x00007ff7c4770000 - 0x00007ff7c47a7000 	C:\Program Files\Java\jre1.8.0_111\bin\javaw.exe
0x00007ffca2890000 - 0x00007ffca2a61000 	C:\Windows\SYSTEM32\ntdll.dll
0x00007ffc9eb70000 - 0x00007ffc9ec1b000 	C:\Windows\System32\KERNEL32.DLL
0x00007ffc8b2d0000 - 0x00007ffc8b324000 	C:\Program Files (x86)\AVG\Av\avghooka.dll
0x00007ffc9de40000 - 0x00007ffc9e05d000 	C:\Windows\System32\KERNELBASE.dll
0x00007ffc9f880000 - 0x00007ffc9f922000 	C:\Windows\System32\ADVAPI32.dll
0x00007ffc9f340000 - 0x00007ffc9f3de000 	C:\Windows\System32\msvcrt.dll
0x00007ffc9eb10000 - 0x00007ffc9eb69000 	C:\Windows\System32\sechost.dll
0x00007ffc9f750000 - 0x00007ffc9f871000 	C:\Windows\System32\RPCRT4.dll
0x00007ffc9f5e0000 - 0x00007ffc9f745000 	C:\Windows\System32\USER32.dll
0x00007ffc9dc90000 - 0x00007ffc9dcae000 	C:\Windows\System32\win32u.dll
0x00007ffc9ec20000 - 0x00007ffc9ec54000 	C:\Windows\System32\GDI32.dll
0x00007ffc9dcb0000 - 0x00007ffc9de32000 	C:\Windows\System32\gdi32full.dll
0x00007ffc945d0000 - 0x00007ffc94849000 	C:\Windows\WinSxS\amd64_microsoft.windows.common-controls_6595b64144ccf1df_6.0.14393.447_none_42191651c6827bb3\COMCTL32.dll
0x00007ffca0f20000 - 0x00007ffca11e8000 	C:\Windows\System32\combase.dll
0x00007ffc9db20000 - 0x00007ffc9dc15000 	C:\Windows\System32\ucrtbase.dll
0x00007ffc9dc20000 - 0x00007ffc9dc8a000 	C:\Windows\System32\bcryptPrimitives.dll
0x00007ffca1550000 - 0x00007ffca157e000 	C:\Windows\System32\IMM32.DLL
0x0000000050370000 - 0x0000000050442000 	C:\Program Files\Java\jre1.8.0_111\bin\msvcr100.dll
0x0000000050450000 - 0x0000000050cea000 	C:\Program Files\Java\jre1.8.0_111\bin\server\jvm.dll
0x00007ffca1520000 - 0x00007ffca1528000 	C:\Windows\System32\PSAPI.DLL
0x00007ffc8f1c0000 - 0x00007ffc8f1c9000 	C:\Windows\SYSTEM32\WSOCK32.dll
0x00007ffca0eb0000 - 0x00007ffca0f1a000 	C:\Windows\System32\WS2_32.dll
0x00007ffc9be00000 - 0x00007ffc9be23000 	C:\Windows\SYSTEM32\WINMM.dll
0x00007ffc99430000 - 0x00007ffc9943a000 	C:\Windows\SYSTEM32\VERSION.dll
0x00007ffc9bda0000 - 0x00007ffc9bdcb000 	C:\Windows\SYSTEM32\WINMMBASE.dll
0x00007ffc9e970000 - 0x00007ffc9e9b2000 	C:\Windows\System32\cfgmgr32.dll
0x0000000050f90000 - 0x0000000050f9f000 	C:\Program Files\Java\jre1.8.0_111\bin\verify.dll
0x0000000050f60000 - 0x0000000050f89000 	C:\Program Files\Java\jre1.8.0_111\bin\java.dll
0x0000000050f40000 - 0x0000000050f56000 	C:\Program Files\Java\jre1.8.0_111\bin\zip.dll
0x00007ffc9f990000 - 0x00007ffca0e99000 	C:\Windows\System32\SHELL32.dll
0x00007ffc9e0c0000 - 0x00007ffc9e79a000 	C:\Windows\System32\windows.storage.dll
0x00007ffc9da10000 - 0x00007ffc9da5c000 	C:\Windows\System32\powrprof.dll
0x00007ffca11f0000 - 0x00007ffca1242000 	C:\Windows\System32\shlwapi.dll
0x00007ffc9da00000 - 0x00007ffc9da0f000 	C:\Windows\System32\kernel.appcore.dll
0x00007ffc9ea60000 - 0x00007ffc9eb09000 	C:\Windows\System32\shcore.dll
0x00007ffc9d9e0000 - 0x00007ffc9d9f4000 	C:\Windows\System32\profapi.dll
0x00007ffc68430000 - 0x00007ffc6a327000 	C:\Users\curti\OneDrive\Programming\opencv\build\java\x64\opencv_java320.dll
0x00007ffc9f190000 - 0x00007ffc9f2c7000 	C:\Windows\System32\ole32.dll
0x00007ffca12c0000 - 0x00007ffca137f000 	C:\Windows\System32\OLEAUT32.dll
0x00007ffc9e9c0000 - 0x00007ffc9ea5c000 	C:\Windows\System32\msvcp_win.dll
0x00007ffc939e0000 - 0x00007ffc93a09000 	C:\Windows\SYSTEM32\MSVFW32.dll
0x00007ffc94cb0000 - 0x00007ffc94cd0000 	C:\Windows\SYSTEM32\AVIFIL32.dll
0x00007ffc930a0000 - 0x00007ffc930b8000 	C:\Windows\SYSTEM32\AVICAP32.dll
0x00007ffc9a6a0000 - 0x00007ffc9a6bc000 	C:\Windows\SYSTEM32\MSACM32.dll
0x00000000501d0000 - 0x0000000050368000 	C:\Program Files\Java\jre1.8.0_111\bin\awt.dll
0x00007ffc9b6f0000 - 0x00007ffc9b76a000 	C:\Windows\SYSTEM32\apphelp.dll
0x00007ffc9b770000 - 0x00007ffc9b796000 	C:\Windows\system32\DWMAPI.DLL
0x00007ffc9c130000 - 0x00007ffc9c1c5000 	C:\Windows\system32\uxtheme.dll
0x00007ffc9f3e0000 - 0x00007ffc9f53b000 	C:\Windows\System32\MSCTF.dll
0x0000000050180000 - 0x00000000501c7000 	C:\Program Files\Java\jre1.8.0_111\bin\fontmanager.dll
0x00007ffc9f540000 - 0x00007ffc9f5df000 	C:\Windows\System32\clbcatq.dll
0x00007ffc93060000 - 0x00007ffc93078000 	C:\Windows\System32\devenum.dll
0x00007ffc9ec60000 - 0x00007ffc9f089000 	C:\Windows\System32\setupapi.dll
0x00007ffc9cd90000 - 0x00007ffc9cdc2000 	C:\Windows\SYSTEM32\ntmarta.dll
0x00007ffc9c5c0000 - 0x00007ffc9c5e8000 	C:\Windows\SYSTEM32\DEVOBJ.dll
0x00007ffc9e060000 - 0x00007ffc9e0b5000 	C:\Windows\System32\WINTRUST.dll
0x00007ffc9da60000 - 0x00007ffc9da70000 	C:\Windows\System32\MSASN1.dll
0x00007ffc9e7a0000 - 0x00007ffc9e969000 	C:\Windows\System32\CRYPT32.dll
0x00007ffc964a0000 - 0x00007ffc964aa000 	C:\Windows\SYSTEM32\msdmo.dll
0x00007ffc8f2c0000 - 0x00007ffc8f2f3000 	C:\Windows\System32\qcap.dll
0x00007ffc85430000 - 0x00007ffc855f3000 	C:\Windows\System32\quartz.dll
0x00007ffc9d920000 - 0x00007ffc9d94b000 	C:\Windows\System32\bcrypt.dll
0x00007ffc8ae80000 - 0x00007ffc8aec8000 	C:\Windows\System32\mfksproxy.dll
0x00007ffc88320000 - 0x00007ffc8833c000 	C:\Windows\System32\ATL.DLL
0x00007ffc89650000 - 0x00007ffc8969e000 	C:\Windows\System32\MFSENSORGROUP.dll
0x00007ffc9b560000 - 0x00007ffc9b6c8000 	C:\Windows\System32\MFPlat.DLL
0x00007ffc9b1e0000 - 0x00007ffc9b20e000 	C:\Windows\System32\RTWorkQ.DLL
0x00007ffc79a00000 - 0x00007ffc79deb000 	C:\Windows\System32\MFCORE.dll
0x00007ffc96910000 - 0x00007ffc96919000 	C:\Windows\System32\ksuser.dll
0x00007ffc9d4b0000 - 0x00007ffc9d4bb000 	C:\Windows\System32\CRYPTBASE.DLL
0x00007ffc8ad60000 - 0x00007ffc8adb3000 	C:\Windows\System32\FSClient.dll
0x00007ffc9ac70000 - 0x00007ffc9ac7b000 	C:\Windows\System32\AVRT.dll
0x00007ffc98ca0000 - 0x00007ffc98cad000 	C:\Windows\System32\vidcap.ax
0x00007ffc8ae50000 - 0x00007ffc8ae75000 	C:\Windows\System32\kswdmcap.ax
0x00007ffc7f8f0000 - 0x00007ffc7fa53000 	C:\Windows\System32\MFC42.dll
0x00007ffc90f50000 - 0x00007ffc90fff000 	C:\Windows\System32\ODBC32.dll
0x00007ffc9cf60000 - 0x00007ffc9cf6a000 	C:\Windows\System32\DPAPI.dll
0x00007ffc930c0000 - 0x00007ffc93103000 	C:\Windows\SYSTEM32\policymanager.dll
0x00007ffc9c3a0000 - 0x00007ffc9c431000 	C:\Windows\System32\msvcp110_win.dll
0x00007ffc93190000 - 0x00007ffc93264000 	C:\Windows\System32\MFReadWrite.dll
0x00007ffc852e0000 - 0x00007ffc85383000 	C:\Windows\System32\qedit.dll
0x00007ffc9f090000 - 0x00007ffc9f18a000 	C:\Windows\System32\COMDLG32.dll
0x00007ffc95e50000 - 0x00007ffc95fea000 	C:\Windows\WinSxS\amd64_microsoft.windows.gdiplus_6595b64144ccf1df_1.1.14393.321_none_72fe05dd211a5fae\gdiplus.dll
0x00007ffc848d0000 - 0x00007ffc849c7000 	C:\Windows\System32\DDRAW.dll
0x00007ffc93b80000 - 0x00007ffc93b88000 	C:\Windows\System32\DCIMAN32.dll
0x00007ffc939d0000 - 0x00007ffc939dc000 	C:\Windows\SYSTEM32\msyuv.dll
0x00007ffc96d60000 - 0x00007ffc96ef2000 	C:\Windows\SYSTEM32\dbghelp.dll

VM Arguments:
jvm_args: -Dfile.encoding=Cp1252 
java_command: OverCoat
java_class_path (initial): C:\Users\curti\OneDrive\Programming\HoundDog\bin;C:\Users\curti\OneDrive\Programming\opencv\build\java\opencv-320.jar
Launcher Type: SUN_STANDARD

Environment Variables:
PATH=C:/Program Files/Java/jre1.8.0_111/bin/server;C:/Program Files/Java/jre1.8.0_111/bin;C:/Program Files/Java/jre1.8.0_111/lib/amd64;C:\ProgramData\Oracle\Java\javapath;C:\Windows\system32;C:\Windows;C:\Windows\System32\Wbem;C:\Windows\System32\WindowsPowerShell\v1.0\;C:\Users\curti\AppData\Local\Microsoft\WindowsApps;;C:\Users\curti\Desktop;
USERNAME=curti
OS=Windows_NT
PROCESSOR_IDENTIFIER=Intel64 Family 6 Model 60 Stepping 3, GenuineIntel



---------------  S Y S T E M  ---------------

OS: Windows 10.0 , 64 bit Build 14393 (10.0.14393.0)

CPU:total 8 (4 cores per cpu, 2 threads per core) family 6 model 60 stepping 3, cmov, cx8, fxsr, mmx, sse, sse2, sse3, ssse3, sse4.1, sse4.2, popcnt, avx, avx2, aes, clmul, erms, lzcnt, ht, tsc, tscinvbit, bmi1, bmi2

Memory: 4k page, physical 16713384k(12319700k free), swap 19203752k(13709512k free)

vm_info: Java HotSpot(TM) 64-Bit Server VM (25.111-b14) for windows-amd64 JRE (1.8.0_111-b14), built on Sep 22 2016 19:24:05 by "java_re" with MS VC++ 10.0 (VS2010)

time: Mon Jan 16 10:55:05 2017
elapsed time: 33 seconds (0d 0h 0m 33s)

