#
# A fatal error has been detected by the Java Runtime Environment:
#
#  Internal Error (0xc000000d), pid=8784, tid=0x0000000000001444
#
# JRE version: Java(TM) SE Runtime Environment (8.0_111-b14) (build 1.8.0_111-b14)
# Java VM: Java HotSpot(TM) 64-Bit Server VM (25.111-b14 mixed mode windows-amd64 compressed oops)
# Problematic frame:
# C  [ntdll.dll+0xff44c]
#
# Failed to write core dump. Minidumps are not enabled by default on client versions of Windows
#
# If you would like to submit a bug report, please visit:
#   http://bugreport.java.com/bugreport/crash.jsp
#

---------------  T H R E A D  ---------------

Current thread (0x000000001c5d9000):  VMThread [stack: 0x000000001e2d0000,0x000000001e3d0000] [id=5188]

siginfo: ExceptionCode=0xc000000d

Registers:
RAX=0x0000000050a84103, RBX=0x0000000026bf5b70, RCX=0xfffffff90000004f, RDX=0x0000000000000007
RSP=0x000000001e3cea00, RBP=0x0000000000000000, RSI=0x0000000026e269d0, RDI=0x0000000026e29d80
R8 =0x0000000000000000, R9 =0x00000000504237e0, R10=0x0000000002b31ca0, R11=0x000000000298c890
R12=0x0000000000000000, R13=0x00000000ffffffff, R14=0x0000000026e05ce0, R15=0x0000000026e269d0
RIP=0x00007ffca298f44c, EFLAGS=0x0000000000000202

Top of Stack: (sp=0x000000001e3cea00)
0x000000001e3cea00:   0000000000000057 0000000026bf5b70
0x000000001e3cea10:   0000000026e269d0 0000000026e29d80
0x000000001e3cea20:   00000000c000000d 0000000000000000
0x000000001e3cea30:   00007ffca298f44c 0000000000000000
0x000000001e3cea40:   0000000000000000 0000000000000000
0x000000001e3cea50:   0000000000000000 0000000000000000
0x000000001e3cea60:   0000000000000000 0000000000000000
0x000000001e3cea70:   0000000000000000 0000000000000000
0x000000001e3cea80:   0000000000000000 0000000000000000
0x000000001e3cea90:   0000000000000000 0000000000000000
0x000000001e3ceaa0:   0000000000000000 0000000000000000
0x000000001e3ceab0:   0000000000000000 0000000000da0cc0
0x000000001e3ceac0:   000005d36308cd96 0000000000000000
0x000000001e3cead0:   0000000000000000 00007ffca2951899
0x000000001e3ceae0:   0000000000000001 00007ffc931ae8db
0x000000001e3ceaf0:   0000000100000003 0000000000000004 

Instructions: (pc=0x00007ffca298f44c)
0x00007ffca298f42c:   d5 fa ff c7 44 24 20 0d 00 00 c0 b9 57 00 00 00
0x00007ffca298f43c:   e8 7f 13 f6 ff 90 48 8d 4c 24 20 e8 04 bf f4 ff
0x00007ffca298f44c:   eb 00 48 8b 8c 24 c0 00 00 00 48 33 cc e8 82 74
0x00007ffca298f45c:   f9 ff 48 81 c4 d8 00 00 00 c3 40 55 48 83 ec 20 


Register to memory mapping:

RAX=0x0000000050a84103 is an unknown value
RBX=0x0000000026bf5b70 is an unknown value
RCX=0xfffffff90000004f is an unknown value
RDX=0x0000000000000007 is an unknown value
RSP=0x000000001e3cea00 is an unknown value
RBP=0x0000000000000000 is an unknown value
RSI=0x0000000026e269d0 is an unknown value
RDI=0x0000000026e29d80 is an unknown value
R8 =0x0000000000000000 is an unknown value
R9 =0x00000000504237e0 is an unknown value
R10=0x0000000002b31ca0 is an unknown value
R11=0x000000000298c890 is an unknown value
R12=0x0000000000000000 is an unknown value
R13=0x00000000ffffffff is an unknown value
R14=0x0000000026e05ce0 is an unknown value
R15=0x0000000026e269d0 is an unknown value


Stack: [0x000000001e2d0000,0x000000001e3d0000],  sp=0x000000001e3cea00,  free space=1018k
Native frames: (J=compiled Java code, j=interpreted, Vv=VM code, C=native code)

VM_Operation (0x000000002634d020): Exit, mode: safepoint, requested by thread 0x000000001f3c9000


---------------  P R O C E S S  ---------------

Java Threads: ( => current thread )
  0x000000001f3c9000 JavaThread "AWT-EventQueue-0" [_thread_blocked, id=7484, stack(0x0000000026250000,0x0000000026350000)]
  0x000000001f357000 JavaThread "AWT-Shutdown" [_thread_blocked, id=7036, stack(0x000000001fc70000,0x000000001fd70000)]
  0x000000001f356800 JavaThread "Java2D Disposer" daemon [_thread_blocked, id=3884, stack(0x000000001fb30000,0x000000001fc30000)]
  0x000000001e5a7800 JavaThread "Service Thread" daemon [_thread_blocked, id=6620, stack(0x000000001efd0000,0x000000001f0d0000)]
  0x000000001e510800 JavaThread "C1 CompilerThread3" daemon [_thread_blocked, id=9768, stack(0x000000001eed0000,0x000000001efd0000)]
  0x000000001e50d800 JavaThread "C2 CompilerThread2" daemon [_thread_blocked, id=2744, stack(0x000000001edd0000,0x000000001eed0000)]
  0x000000001e4fd800 JavaThread "C2 CompilerThread1" daemon [_thread_blocked, id=3888, stack(0x000000001ecd0000,0x000000001edd0000)]
  0x000000001e4fa000 JavaThread "C2 CompilerThread0" daemon [_thread_blocked, id=1700, stack(0x000000001ebd0000,0x000000001ecd0000)]
  0x000000001c5ee800 JavaThread "Attach Listener" daemon [_thread_blocked, id=7560, stack(0x000000001ead0000,0x000000001ebd0000)]
  0x000000001c5ed000 JavaThread "Signal Dispatcher" daemon [_thread_blocked, id=7824, stack(0x000000001e9d0000,0x000000001ead0000)]
  0x0000000002a3d800 JavaThread "Finalizer" daemon [_thread_blocked, id=6216, stack(0x000000001e8d0000,0x000000001e9d0000)]
  0x000000001c5dd800 JavaThread "Reference Handler" daemon [_thread_blocked, id=4648, stack(0x000000001e3d0000,0x000000001e4d0000)]
  0x0000000002940800 JavaThread "main" [_thread_blocked, id=6500, stack(0x00000000027d0000,0x00000000028d0000)]

Other Threads:
=>0x000000001c5d9000 VMThread [stack: 0x000000001e2d0000,0x000000001e3d0000] [id=5188]

VM state:at safepoint (shutting down)

VM Mutex/Monitor currently owned by a thread:  ([mutex/lock_event])
[0x0000000002b3c430] Threads_lock - owner thread: 0x000000001c5d9000

Heap:
 PSYoungGen      total 62976K, used 17530K [0x000000076af80000, 0x0000000770100000, 0x00000007c0000000)
  eden space 62464K, 27% used [0x000000076af80000,0x000000076c0568f0,0x000000076ec80000)
  from space 512K, 56% used [0x0000000770000000,0x0000000770048000,0x0000000770080000)
  to   space 512K, 0% used [0x0000000770080000,0x0000000770080000,0x0000000770100000)
 ParOldGen       total 175104K, used 120898K [0x00000006c0e00000, 0x00000006cb900000, 0x000000076af80000)
  object space 175104K, 69% used [0x00000006c0e00000,0x00000006c8410ba8,0x00000006cb900000)
 Metaspace       used 8764K, capacity 8998K, committed 9088K, reserved 1056768K
  class space    used 1030K, capacity 1097K, committed 1152K, reserved 1048576K

Card table byte_map: [0x0000000011f00000,0x0000000012700000] byte_map_base: 0x000000000e8f9000

Marking Bits: (ParMarkBitMap*) 0x0000000050c6a6c0
 Begin Bits: [0x0000000013460000, 0x0000000017428000)
 End Bits:   [0x0000000017428000, 0x000000001b3f0000)

Polling page: 0x0000000001180000

CodeCache: size=245760Kb used=2648Kb max_used=2648Kb free=243111Kb
 bounds [0x0000000002b40000, 0x0000000002de0000, 0x0000000011b40000]
 total_blobs=1112 nmethods=663 adapters=362
 compilation: enabled

Compilation events (10 events):
Event: 44.519 Thread 0x000000001e510800  704       3       sun.awt.windows.WGlobalCursorManager::getCursorManager (20 bytes)
Event: 44.519 Thread 0x000000001e510800 nmethod 704 0x0000000002dd1f50 code [0x0000000002dd20e0, 0x0000000002dd2610]
Event: 44.523 Thread 0x000000001e510800  705       3       sun.awt.SunToolkit::postEvent (157 bytes)
Event: 44.524 Thread 0x000000001e510800 nmethod 705 0x0000000002dd2890 code [0x0000000002dd2c40, 0x0000000002dd51e8]
Event: 44.529 Thread 0x000000001e510800  706       3       sun.awt.windows.WToolkit::targetToPeer (5 bytes)
Event: 44.530 Thread 0x000000001e510800 nmethod 706 0x0000000002dd6250 code [0x0000000002dd6420, 0x0000000002dd6bb8]
Event: 44.530 Thread 0x000000001e510800  707       3       sun.awt.SunToolkit::targetToPeer (20 bytes)
Event: 44.530 Thread 0x000000001e510800 nmethod 707 0x0000000002dd6e50 code [0x0000000002dd7020, 0x0000000002dd7758]
Event: 44.530 Thread 0x000000001e510800  708       3       java.awt.Component$1::getLocation (5 bytes)
Event: 44.531 Thread 0x000000001e510800 nmethod 708 0x0000000002dd7950 code [0x0000000002dd7ae0, 0x0000000002dd7e70]

GC Heap History (10 events):
Event: 44.238 GC heap before
{Heap before GC invocations=403 (full 0):
 PSYoungGen      total 69120K, used 68800K [0x000000076af80000, 0x000000076f380000, 0x00000007c0000000)
  eden space 68608K, 100% used [0x000000076af80000,0x000000076f280000,0x000000076f280000)
  from space 512K, 37% used [0x000000076f300000,0x000000076f330000,0x000000076f380000)
  to   space 512K, 0% used [0x000000076f280000,0x000000076f280000,0x000000076f300000)
 ParOldGen       total 175104K, used 106386K [0x00000006c0e00000, 0x00000006cb900000, 0x000000076af80000)
  object space 175104K, 60% used [0x00000006c0e00000,0x00000006c75e4aa8,0x00000006cb900000)
 Metaspace       used 8735K, capacity 8934K, committed 9088K, reserved 1056768K
  class space    used 1029K, capacity 1097K, committed 1152K, reserved 1048576K
Event: 44.239 GC heap after
Heap after GC invocations=403 (full 0):
 PSYoungGen      total 69120K, used 128K [0x000000076af80000, 0x0000000770100000, 0x00000007c0000000)
  eden space 68608K, 0% used [0x000000076af80000,0x000000076af80000,0x000000076f280000)
  from space 512K, 25% used [0x000000076f280000,0x000000076f2a0000,0x000000076f300000)
  to   space 512K, 0% used [0x0000000770080000,0x0000000770080000,0x0000000770100000)
 ParOldGen       total 175104K, used 109126K [0x00000006c0e00000, 0x00000006cb900000, 0x000000076af80000)
  object space 175104K, 62% used [0x00000006c0e00000,0x00000006c7891ad8,0x00000006cb900000)
 Metaspace       used 8735K, capacity 8934K, committed 9088K, reserved 1056768K
  class space    used 1029K, capacity 1097K, committed 1152K, reserved 1048576K
}
Event: 44.488 GC heap before
{Heap before GC invocations=404 (full 0):
 PSYoungGen      total 69120K, used 68736K [0x000000076af80000, 0x0000000770100000, 0x00000007c0000000)
  eden space 68608K, 100% used [0x000000076af80000,0x000000076f280000,0x000000076f280000)
  from space 512K, 25% used [0x000000076f280000,0x000000076f2a0000,0x000000076f300000)
  to   space 512K, 0% used [0x0000000770080000,0x0000000770080000,0x0000000770100000)
 ParOldGen       total 175104K, used 109126K [0x00000006c0e00000, 0x00000006cb900000, 0x000000076af80000)
  object space 175104K, 62% used [0x00000006c0e00000,0x00000006c7891ad8,0x00000006cb900000)
 Metaspace       used 8755K, capacity 8998K, committed 9088K, reserved 1056768K
  class space    used 1029K, capacity 1097K, committed 1152K, reserved 1048576K
Event: 44.489 GC heap after
Heap after GC invocations=404 (full 0):
 PSYoungGen      total 67584K, used 192K [0x000000076af80000, 0x0000000770100000, 0x00000007c0000000)
  eden space 67072K, 0% used [0x000000076af80000,0x000000076af80000,0x000000076f100000)
  from space 512K, 37% used [0x0000000770080000,0x00000007700b0000,0x0000000770100000)
  to   space 512K, 0% used [0x0000000770000000,0x0000000770000000,0x0000000770080000)
 ParOldGen       total 175104K, used 110058K [0x00000006c0e00000, 0x00000006cb900000, 0x000000076af80000)
  object space 175104K, 62% used [0x00000006c0e00000,0x00000006c797aae8,0x00000006cb900000)
 Metaspace       used 8755K, capacity 8998K, committed 9088K, reserved 1056768K
  class space    used 1029K, capacity 1097K, committed 1152K, reserved 1048576K
}
Event: 44.730 GC heap before
{Heap before GC invocations=405 (full 0):
 PSYoungGen      total 67584K, used 67264K [0x000000076af80000, 0x0000000770100000, 0x00000007c0000000)
  eden space 67072K, 100% used [0x000000076af80000,0x000000076f100000,0x000000076f100000)
  from space 512K, 37% used [0x0000000770080000,0x00000007700b0000,0x0000000770100000)
  to   space 512K, 0% used [0x0000000770000000,0x0000000770000000,0x0000000770080000)
 ParOldGen       total 175104K, used 110058K [0x00000006c0e00000, 0x00000006cb900000, 0x000000076af80000)
  object space 175104K, 62% used [0x00000006c0e00000,0x00000006c797aae8,0x00000006cb900000)
 Metaspace       used 8760K, capacity 8998K, committed 9088K, reserved 1056768K
  class space    used 1029K, capacity 1097K, committed 1152K, reserved 1048576K
Event: 44.731 GC heap after
Heap after GC invocations=405 (full 0):
 PSYoungGen      total 66048K, used 224K [0x000000076af80000, 0x0000000770100000, 0x00000007c0000000)
  eden space 65536K, 0% used [0x000000076af80000,0x000000076af80000,0x000000076ef80000)
  from space 512K, 43% used [0x0000000770000000,0x0000000770038000,0x0000000770080000)
  to   space 512K, 0% used [0x0000000770080000,0x0000000770080000,0x0000000770100000)
 ParOldGen       total 175104K, used 112774K [0x00000006c0e00000, 0x00000006cb900000, 0x000000076af80000)
  object space 175104K, 64% used [0x00000006c0e00000,0x00000006c7c21b18,0x00000006cb900000)
 Metaspace       used 8760K, capacity 8998K, committed 9088K, reserved 1056768K
  class space    used 1029K, capacity 1097K, committed 1152K, reserved 1048576K
}
Event: 44.998 GC heap before
{Heap before GC invocations=406 (full 0):
 PSYoungGen      total 66048K, used 65760K [0x000000076af80000, 0x0000000770100000, 0x00000007c0000000)
  eden space 65536K, 100% used [0x000000076af80000,0x000000076ef80000,0x000000076ef80000)
  from space 512K, 43% used [0x0000000770000000,0x0000000770038000,0x0000000770080000)
  to   space 512K, 0% used [0x0000000770080000,0x0000000770080000,0x0000000770100000)
 ParOldGen       total 175104K, used 112774K [0x00000006c0e00000, 0x00000006cb900000, 0x000000076af80000)
  object space 175104K, 64% used [0x00000006c0e00000,0x00000006c7c21b18,0x00000006cb900000)
 Metaspace       used 8760K, capacity 8998K, committed 9088K, reserved 1056768K
  class space    used 1029K, capacity 1097K, committed 1152K, reserved 1048576K
Event: 45.001 GC heap after
Heap after GC invocations=406 (full 0):
 PSYoungGen      total 64512K, used 160K [0x000000076af80000, 0x0000000770100000, 0x00000007c0000000)
  eden space 64000K, 0% used [0x000000076af80000,0x000000076af80000,0x000000076ee00000)
  from space 512K, 31% used [0x0000000770080000,0x00000007700a8000,0x0000000770100000)
  to   space 512K, 0% used [0x0000000770000000,0x0000000770000000,0x0000000770080000)
 ParOldGen       total 175104K, used 115498K [0x00000006c0e00000, 0x00000006cb900000, 0x000000076af80000)
  object space 175104K, 65% used [0x00000006c0e00000,0x00000006c7ecab48,0x00000006cb900000)
 Metaspace       used 8760K, capacity 8998K, committed 9088K, reserved 1056768K
  class space    used 1029K, capacity 1097K, committed 1152K, reserved 1048576K
}
Event: 45.198 GC heap before
{Heap before GC invocations=407 (full 0):
 PSYoungGen      total 64512K, used 64160K [0x000000076af80000, 0x0000000770100000, 0x00000007c0000000)
  eden space 64000K, 100% used [0x000000076af80000,0x000000076ee00000,0x000000076ee00000)
  from space 512K, 31% used [0x0000000770080000,0x00000007700a8000,0x0000000770100000)
  to   space 512K, 0% used [0x0000000770000000,0x0000000770000000,0x0000000770080000)
 ParOldGen       total 175104K, used 115498K [0x00000006c0e00000, 0x00000006cb900000, 0x000000076af80000)
  object space 175104K, 65% used [0x00000006c0e00000,0x00000006c7ecab48,0x00000006cb900000)
 Metaspace       used 8764K, capacity 8998K, committed 9088K, reserved 1056768K
  class space    used 1030K, capacity 1097K, committed 1152K, reserved 1048576K
Event: 45.200 GC heap after
Heap after GC invocations=407 (full 0):
 PSYoungGen      total 62976K, used 288K [0x000000076af80000, 0x0000000770100000, 0x00000007c0000000)
  eden space 62464K, 0% used [0x000000076af80000,0x000000076af80000,0x000000076ec80000)
  from space 512K, 56% used [0x0000000770000000,0x0000000770048000,0x0000000770080000)
  to   space 512K, 0% used [0x0000000770080000,0x0000000770080000,0x0000000770100000)
 ParOldGen       total 175104K, used 120898K [0x00000006c0e00000, 0x00000006cb900000, 0x000000076af80000)
  object space 175104K, 69% used [0x00000006c0e00000,0x00000006c8410ba8,0x00000006cb900000)
 Metaspace       used 8764K, capacity 8998K, committed 9088K, reserved 1056768K
  class space    used 1030K, capacity 1097K, committed 1152K, reserved 1048576K
}

Deoptimization events (8 events):
Event: 0.154 Thread 0x0000000002940800 Uncommon trap: reason=null_check action=make_not_entrant pc=0x0000000002cb4784 method=java.lang.String.equals(Ljava/lang/Object;)Z @ 8
Event: 0.706 Thread 0x0000000002940800 Uncommon trap: reason=unstable_if action=reinterpret pc=0x0000000002cf8690 method=PicRecoginition.isColor(I)Z @ 31
Event: 0.721 Thread 0x0000000002940800 Uncommon trap: reason=unstable_if action=reinterpret pc=0x0000000002d03378 method=PicRecoginition.porcessedImg(Ljava/awt/image/BufferedImage;)Ljava/awt/image/BufferedImage; @ 27
Event: 0.731 Thread 0x0000000002940800 Uncommon trap: reason=unstable_if action=reinterpret pc=0x0000000002cf6f7c method=java.awt.image.ComponentColorModel.getRGB(Ljava/lang/Object;)I @ 4
Event: 0.747 Thread 0x0000000002940800 Uncommon trap: reason=unstable_if action=reinterpret pc=0x0000000002d17fdc method=PicRecoginition.porcessedImg(Ljava/awt/image/BufferedImage;)Ljava/awt/image/BufferedImage; @ 89
Event: 1.063 Thread 0x0000000002940800 Uncommon trap: reason=unstable_if action=reinterpret pc=0x0000000002d1acac method=PicRecoginition.isColor(I)Z @ 14
Event: 1.063 Thread 0x0000000002940800 Uncommon trap: reason=unstable_if action=reinterpret pc=0x0000000002cf5c3c method=PicRecoginition.isColor(I)Z @ 14
Event: 1.064 Thread 0x0000000002940800 Uncommon trap: reason=unstable_if action=reinterpret pc=0x0000000002d1e9a8 method=PicRecoginition.isColor(I)Z @ 88

Internal exceptions (10 events):
Event: 0.021 Thread 0x0000000002940800 Exception <a 'java/lang/NoSuchMethodError': Method sun.misc.Unsafe.prefetchRead(Ljava/lang/Object;J)V name or signature does not match> (0x000000076af87f60) thrown at [C:\re\workspace\8-2-build-windows-amd64-cygwin\jdk8u111\7883\hotspot\src\share\vm\prims
Event: 0.065 Thread 0x0000000002940800 Exception <a 'java/security/PrivilegedActionException'> (0x000000076b003908) thrown at [C:\re\workspace\8-2-build-windows-amd64-cygwin\jdk8u111\7883\hotspot\src\share\vm\prims\jvm.cpp, line 1386]
Event: 0.065 Thread 0x0000000002940800 Exception <a 'java/security/PrivilegedActionException'> (0x000000076b003b18) thrown at [C:\re\workspace\8-2-build-windows-amd64-cygwin\jdk8u111\7883\hotspot\src\share\vm\prims\jvm.cpp, line 1386]
Event: 0.066 Thread 0x0000000002940800 Exception <a 'java/security/PrivilegedActionException'> (0x000000076b007760) thrown at [C:\re\workspace\8-2-build-windows-amd64-cygwin\jdk8u111\7883\hotspot\src\share\vm\prims\jvm.cpp, line 1386]
Event: 0.066 Thread 0x0000000002940800 Exception <a 'java/security/PrivilegedActionException'> (0x000000076b007970) thrown at [C:\re\workspace\8-2-build-windows-amd64-cygwin\jdk8u111\7883\hotspot\src\share\vm\prims\jvm.cpp, line 1386]
Event: 0.068 Thread 0x0000000002940800 Exception <a 'java/io/FileNotFoundException'> (0x000000076b009e88) thrown at [C:\re\workspace\8-2-build-windows-amd64-cygwin\jdk8u111\7883\hotspot\src\share\vm\prims\jni.cpp, line 709]
Event: 0.090 Thread 0x0000000002940800 Exception <a 'java/lang/NoSuchFieldError': method resolution failed> (0x000000076b21ed28) thrown at [C:\re\workspace\8-2-build-windows-amd64-cygwin\jdk8u111\7883\hotspot\src\share\vm\prims\methodHandles.cpp, line 1146]
Event: 0.091 Thread 0x0000000002940800 Exception <a 'java/lang/NoSuchFieldError': method resolution failed> (0x000000076b22c0f8) thrown at [C:\re\workspace\8-2-build-windows-amd64-cygwin\jdk8u111\7883\hotspot\src\share\vm\prims\methodHandles.cpp, line 1146]
Event: 0.114 Thread 0x0000000002940800 Exception <a 'java/io/FileNotFoundException'> (0x000000076b2bfca0) thrown at [C:\re\workspace\8-2-build-windows-amd64-cygwin\jdk8u111\7883\hotspot\src\share\vm\prims\jni.cpp, line 709]
Event: 0.154 Thread 0x0000000002940800 Implicit null exception at 0x0000000002cb459c to 0x0000000002cb4775

Events (10 events):
Event: 45.158 Thread 0x000000001e582000 Thread added: 0x000000001e582000
Event: 45.158 Thread 0x000000001e57f000 Thread exited: 0x000000001e57f000
Event: 45.159 Thread 0x000000001f420000 Thread exited: 0x000000001f420000
Event: 45.159 loading class sun/java2d/pipe/hw/AccelDeviceEventNotifier
Event: 45.159 loading class sun/java2d/pipe/hw/AccelDeviceEventNotifier done
Event: 45.171 Thread 0x000000001f39c800 Thread exited: 0x000000001f39c800
Event: 45.198 Executing VM operation: ParallelGCFailedAllocation
Event: 45.200 Executing VM operation: ParallelGCFailedAllocation done
Event: 45.259 Thread 0x000000001e582000 Thread exited: 0x000000001e582000
Event: 45.259 Executing VM operation: Exit


Dynamic libraries:
0x00007ff7c4770000 - 0x00007ff7c47a7000 	C:\Program Files\Java\jre1.8.0_111\bin\javaw.exe
0x00007ffca2890000 - 0x00007ffca2a61000 	C:\Windows\SYSTEM32\ntdll.dll
0x00007ffc9eb70000 - 0x00007ffc9ec1b000 	C:\Windows\System32\KERNEL32.DLL
0x00007ffc8b2d0000 - 0x00007ffc8b324000 	C:\Program Files (x86)\AVG\Av\avghooka.dll
0x00007ffc9de40000 - 0x00007ffc9e05d000 	C:\Windows\System32\KERNELBASE.dll
0x00007ffc9f880000 - 0x00007ffc9f922000 	C:\Windows\System32\ADVAPI32.dll
0x00007ffc9f340000 - 0x00007ffc9f3de000 	C:\Windows\System32\msvcrt.dll
0x00007ffc9eb10000 - 0x00007ffc9eb69000 	C:\Windows\System32\sechost.dll
0x00007ffc9f750000 - 0x00007ffc9f871000 	C:\Windows\System32\RPCRT4.dll
0x00007ffc9f5e0000 - 0x00007ffc9f745000 	C:\Windows\System32\USER32.dll
0x00007ffc9dc90000 - 0x00007ffc9dcae000 	C:\Windows\System32\win32u.dll
0x00007ffc9ec20000 - 0x00007ffc9ec54000 	C:\Windows\System32\GDI32.dll
0x00007ffc9dcb0000 - 0x00007ffc9de32000 	C:\Windows\System32\gdi32full.dll
0x00007ffc945d0000 - 0x00007ffc94849000 	C:\Windows\WinSxS\amd64_microsoft.windows.common-controls_6595b64144ccf1df_6.0.14393.447_none_42191651c6827bb3\COMCTL32.dll
0x00007ffca0f20000 - 0x00007ffca11e8000 	C:\Windows\System32\combase.dll
0x00007ffc9db20000 - 0x00007ffc9dc15000 	C:\Windows\System32\ucrtbase.dll
0x00007ffc9dc20000 - 0x00007ffc9dc8a000 	C:\Windows\System32\bcryptPrimitives.dll
0x00007ffca1550000 - 0x00007ffca157e000 	C:\Windows\System32\IMM32.DLL
0x0000000050370000 - 0x0000000050442000 	C:\Program Files\Java\jre1.8.0_111\bin\msvcr100.dll
0x0000000050450000 - 0x0000000050cea000 	C:\Program Files\Java\jre1.8.0_111\bin\server\jvm.dll
0x00007ffca1520000 - 0x00007ffca1528000 	C:\Windows\System32\PSAPI.DLL
0x00007ffc8f1c0000 - 0x00007ffc8f1c9000 	C:\Windows\SYSTEM32\WSOCK32.dll
0x00007ffca0eb0000 - 0x00007ffca0f1a000 	C:\Windows\System32\WS2_32.dll
0x00007ffc9be00000 - 0x00007ffc9be23000 	C:\Windows\SYSTEM32\WINMM.dll
0x00007ffc99430000 - 0x00007ffc9943a000 	C:\Windows\SYSTEM32\VERSION.dll
0x00007ffc9bda0000 - 0x00007ffc9bdcb000 	C:\Windows\SYSTEM32\WINMMBASE.dll
0x00007ffc9e970000 - 0x00007ffc9e9b2000 	C:\Windows\System32\cfgmgr32.dll
0x0000000050f90000 - 0x0000000050f9f000 	C:\Program Files\Java\jre1.8.0_111\bin\verify.dll
0x0000000050f60000 - 0x0000000050f89000 	C:\Program Files\Java\jre1.8.0_111\bin\java.dll
0x0000000050f40000 - 0x0000000050f56000 	C:\Program Files\Java\jre1.8.0_111\bin\zip.dll
0x00007ffc9f990000 - 0x00007ffca0e99000 	C:\Windows\System32\SHELL32.dll
0x00007ffc9e0c0000 - 0x00007ffc9e79a000 	C:\Windows\System32\windows.storage.dll
0x00007ffc9da10000 - 0x00007ffc9da5c000 	C:\Windows\System32\powrprof.dll
0x00007ffca11f0000 - 0x00007ffca1242000 	C:\Windows\System32\shlwapi.dll
0x00007ffc9da00000 - 0x00007ffc9da0f000 	C:\Windows\System32\kernel.appcore.dll
0x00007ffc9ea60000 - 0x00007ffc9eb09000 	C:\Windows\System32\shcore.dll
0x00007ffc9d9e0000 - 0x00007ffc9d9f4000 	C:\Windows\System32\profapi.dll
0x00007ffc6a840000 - 0x00007ffc6c737000 	C:\Users\curti\OneDrive\Programming\opencv\build\java\x64\opencv_java320.dll
0x00007ffc9f190000 - 0x00007ffc9f2c7000 	C:\Windows\System32\ole32.dll
0x00007ffca12c0000 - 0x00007ffca137f000 	C:\Windows\System32\OLEAUT32.dll
0x00007ffc9e9c0000 - 0x00007ffc9ea5c000 	C:\Windows\System32\msvcp_win.dll
0x00007ffc8b100000 - 0x00007ffc8b129000 	C:\Windows\SYSTEM32\MSVFW32.dll
0x00007ffc98cc0000 - 0x00007ffc98ce0000 	C:\Windows\SYSTEM32\AVIFIL32.dll
0x00007ffc939f0000 - 0x00007ffc93a08000 	C:\Windows\SYSTEM32\AVICAP32.dll
0x00007ffc9a6a0000 - 0x00007ffc9a6bc000 	C:\Windows\SYSTEM32\MSACM32.dll
0x00000000501d0000 - 0x0000000050368000 	C:\Program Files\Java\jre1.8.0_111\bin\awt.dll
0x00007ffc9b6f0000 - 0x00007ffc9b76a000 	C:\Windows\SYSTEM32\apphelp.dll
0x00007ffc9b770000 - 0x00007ffc9b796000 	C:\Windows\system32\DWMAPI.DLL
0x00007ffc9c130000 - 0x00007ffc9c1c5000 	C:\Windows\system32\uxtheme.dll
0x00007ffc9f3e0000 - 0x00007ffc9f53b000 	C:\Windows\System32\MSCTF.dll
0x0000000050180000 - 0x00000000501c7000 	C:\Program Files\Java\jre1.8.0_111\bin\fontmanager.dll
0x00007ffc9f540000 - 0x00007ffc9f5df000 	C:\Windows\System32\clbcatq.dll
0x00007ffc93040000 - 0x00007ffc93058000 	C:\Windows\System32\devenum.dll
0x00007ffc9ec60000 - 0x00007ffc9f089000 	C:\Windows\System32\setupapi.dll
0x00007ffc9cd90000 - 0x00007ffc9cdc2000 	C:\Windows\SYSTEM32\ntmarta.dll
0x00007ffc9c5c0000 - 0x00007ffc9c5e8000 	C:\Windows\SYSTEM32\DEVOBJ.dll
0x00007ffc9e060000 - 0x00007ffc9e0b5000 	C:\Windows\System32\WINTRUST.dll
0x00007ffc9da60000 - 0x00007ffc9da70000 	C:\Windows\System32\MSASN1.dll
0x00007ffc9e7a0000 - 0x00007ffc9e969000 	C:\Windows\System32\CRYPT32.dll
0x00007ffc964a0000 - 0x00007ffc964aa000 	C:\Windows\SYSTEM32\msdmo.dll
0x00007ffc8ad10000 - 0x00007ffc8ad43000 	C:\Windows\System32\qcap.dll
0x00007ffc7f8c0000 - 0x00007ffc7fa83000 	C:\Windows\System32\quartz.dll
0x00007ffc9d920000 - 0x00007ffc9d94b000 	C:\Windows\System32\bcrypt.dll
0x00007ffc88e80000 - 0x00007ffc88ec8000 	C:\Windows\System32\mfksproxy.dll
0x00007ffc88320000 - 0x00007ffc8833c000 	C:\Windows\System32\ATL.DLL
0x00007ffc89650000 - 0x00007ffc8969e000 	C:\Windows\System32\MFSENSORGROUP.dll
0x00007ffc9b560000 - 0x00007ffc9b6c8000 	C:\Windows\System32\MFPlat.DLL
0x00007ffc9b1e0000 - 0x00007ffc9b20e000 	C:\Windows\System32\RTWorkQ.DLL
0x00007ffc79a00000 - 0x00007ffc79deb000 	C:\Windows\System32\MFCORE.dll
0x00007ffc96910000 - 0x00007ffc96919000 	C:\Windows\System32\ksuser.dll
0x00007ffc9d4b0000 - 0x00007ffc9d4bb000 	C:\Windows\System32\CRYPTBASE.DLL
0x00007ffc86800000 - 0x00007ffc86853000 	C:\Windows\System32\FSClient.dll
0x00007ffc9ac70000 - 0x00007ffc9ac7b000 	C:\Windows\System32\AVRT.dll
0x00007ffc939e0000 - 0x00007ffc939ed000 	C:\Windows\System32\vidcap.ax
0x00007ffc89a70000 - 0x00007ffc89a95000 	C:\Windows\System32\kswdmcap.ax
0x00007ffc7fa90000 - 0x00007ffc7fbf3000 	C:\Windows\System32\MFC42.dll
0x00007ffc84500000 - 0x00007ffc845af000 	C:\Windows\System32\ODBC32.dll
0x00007ffc9cf60000 - 0x00007ffc9cf6a000 	C:\Windows\System32\DPAPI.dll
0x00007ffc930c0000 - 0x00007ffc93103000 	C:\Windows\SYSTEM32\policymanager.dll
0x00007ffc9c3a0000 - 0x00007ffc9c431000 	C:\Windows\System32\msvcp110_win.dll
0x00007ffc93190000 - 0x00007ffc93264000 	C:\Windows\System32\MFReadWrite.dll
0x00007ffc85430000 - 0x00007ffc854d3000 	C:\Windows\System32\qedit.dll
0x00007ffc9f090000 - 0x00007ffc9f18a000 	C:\Windows\System32\COMDLG32.dll
0x00007ffc95e50000 - 0x00007ffc95fea000 	C:\Windows\WinSxS\amd64_microsoft.windows.gdiplus_6595b64144ccf1df_1.1.14393.321_none_72fe05dd211a5fae\gdiplus.dll
0x00007ffc805f0000 - 0x00007ffc806e7000 	C:\Windows\System32\DDRAW.dll
0x00007ffc96960000 - 0x00007ffc96968000 	C:\Windows\System32\DCIMAN32.dll
0x00007ffc965e0000 - 0x00007ffc965ec000 	C:\Windows\SYSTEM32\msyuv.dll
0x00007ffc96d60000 - 0x00007ffc96ef2000 	C:\Windows\SYSTEM32\dbghelp.dll

VM Arguments:
jvm_args: -Dfile.encoding=Cp1252 
java_command: OverCoat
java_class_path (initial): C:\Users\curti\OneDrive\Programming\HoundDog\bin;C:\Users\curti\OneDrive\Programming\opencv\build\java\opencv-320.jar
Launcher Type: SUN_STANDARD

Environment Variables:
PATH=C:/Program Files/Java/jre1.8.0_111/bin/server;C:/Program Files/Java/jre1.8.0_111/bin;C:/Program Files/Java/jre1.8.0_111/lib/amd64;C:\ProgramData\Oracle\Java\javapath;C:\Windows\system32;C:\Windows;C:\Windows\System32\Wbem;C:\Windows\System32\WindowsPowerShell\v1.0\;C:\Users\curti\AppData\Local\Microsoft\WindowsApps;;C:\Users\curti\Desktop\desktop stuff;
USERNAME=curti
OS=Windows_NT
PROCESSOR_IDENTIFIER=Intel64 Family 6 Model 60 Stepping 3, GenuineIntel



---------------  S Y S T E M  ---------------

OS: Windows 10.0 , 64 bit Build 14393 (10.0.14393.0)

CPU:total 8 (4 cores per cpu, 2 threads per core) family 6 model 60 stepping 3, cmov, cx8, fxsr, mmx, sse, sse2, sse3, ssse3, sse4.1, sse4.2, popcnt, avx, avx2, aes, clmul, erms, lzcnt, ht, tsc, tscinvbit, bmi1, bmi2

Memory: 4k page, physical 16713384k(12182204k free), swap 19203752k(13655060k free)

vm_info: Java HotSpot(TM) 64-Bit Server VM (25.111-b14) for windows-amd64 JRE (1.8.0_111-b14), built on Sep 22 2016 19:24:05 by "java_re" with MS VC++ 10.0 (VS2010)

time: Mon Jan 16 13:51:50 2017
elapsed time: 45 seconds (0d 0h 0m 45s)

