#
# A fatal error has been detected by the Java Runtime Environment:
#
#  Internal Error (0xc000000d), pid=2392, tid=0x00000000000031ac
#
# JRE version: Java(TM) SE Runtime Environment (8.0_111-b14) (build 1.8.0_111-b14)
# Java VM: Java HotSpot(TM) 64-Bit Server VM (25.111-b14 mixed mode windows-amd64 compressed oops)
# Problematic frame:
# C  [ntdll.dll+0xff44c]
#
# Failed to write core dump. Minidumps are not enabled by default on client versions of Windows
#
# If you would like to submit a bug report, please visit:
#   http://bugreport.java.com/bugreport/crash.jsp
#

---------------  T H R E A D  ---------------

Current thread (0x000000001c087000):  VMThread [stack: 0x000000001d120000,0x000000001d220000] [id=12716]

siginfo: ExceptionCode=0xc000000d

Registers:
RAX=0x0000000075294103, RBX=0x000000001f39bc30, RCX=0xfffffff90000004f, RDX=0x0000000000000007
RSP=0x000000001d21eb00, RBP=0x0000000000000000, RSI=0x0000000020cf7c50, RDI=0x0000000020d1c5f0
R8 =0x0000000000000000, R9 =0x0000000074b537e0, R10=0x0000000002a91fd0, R11=0x00000000029b6d60
R12=0x0000000000000000, R13=0x00000000ffffffff, R14=0x0000000020ced520, R15=0x0000000020cf7c50
RIP=0x00007ffa1614f44c, EFLAGS=0x0000000000000202

Top of Stack: (sp=0x000000001d21eb00)
0x000000001d21eb00:   0000000000000057 000000001f39bc30
0x000000001d21eb10:   0000000020cf7c50 0000000020d1c5f0
0x000000001d21eb20:   00000000c000000d 0000000000000000
0x000000001d21eb30:   00007ffa1614f44c 0000000000000000
0x000000001d21eb40:   0000000000000000 0000000000000000
0x000000001d21eb50:   0000000000000000 0000000000000000
0x000000001d21eb60:   0000000000000000 0000000000000000
0x000000001d21eb70:   0000000000000000 0000000000000000
0x000000001d21eb80:   0000000000000000 0000000000000000
0x000000001d21eb90:   0000000000000000 0000000000000000
0x000000001d21eba0:   0000000000000000 0000000000000000
0x000000001d21ebb0:   0000000000000000 0000000000000003
0x000000001d21ebc0:   000092ebb3861656 0000000000000000
0x000000001d21ebd0:   0000000000c18000 00007ffa16111899
0x000000001d21ebe0:   0000000000bb0000 00007ffa055ce8db
0x000000001d21ebf0:   00000000ffffffff 0000000000000000 

Instructions: (pc=0x00007ffa1614f44c)
0x00007ffa1614f42c:   d5 fa ff c7 44 24 20 0d 00 00 c0 b9 57 00 00 00
0x00007ffa1614f43c:   e8 7f 13 f6 ff 90 48 8d 4c 24 20 e8 04 bf f4 ff
0x00007ffa1614f44c:   eb 00 48 8b 8c 24 c0 00 00 00 48 33 cc e8 82 74
0x00007ffa1614f45c:   f9 ff 48 81 c4 d8 00 00 00 c3 40 55 48 83 ec 20 


Register to memory mapping:

RAX=0x0000000075294103 is an unknown value
RBX=0x000000001f39bc30 is an unknown value
RCX=0xfffffff90000004f is an unknown value
RDX=0x0000000000000007 is an unknown value
RSP=0x000000001d21eb00 is an unknown value
RBP=0x0000000000000000 is an unknown value
RSI=0x0000000020cf7c50 is an unknown value
RDI=0x0000000020d1c5f0 is an unknown value
R8 =0x0000000000000000 is an unknown value
R9 =0x0000000074b537e0 is an unknown value
R10=0x0000000002a91fd0 is an unknown value
R11=0x00000000029b6d60 is an unknown value
R12=0x0000000000000000 is an unknown value
R13=0x00000000ffffffff is an unknown value
R14=0x0000000020ced520 is an unknown value
R15=0x0000000020cf7c50 is an unknown value


Stack: [0x000000001d120000,0x000000001d220000],  sp=0x000000001d21eb00,  free space=1018k
Native frames: (J=compiled Java code, j=interpreted, Vv=VM code, C=native code)

VM_Operation (0x000000002083cd60): Exit, mode: safepoint, requested by thread 0x000000001dde7800


---------------  P R O C E S S  ---------------

Java Threads: ( => current thread )
  0x000000001dde7800 JavaThread "AWT-EventQueue-0" [_thread_blocked, id=9352, stack(0x0000000020740000,0x0000000020840000)]
  0x000000001e572800 JavaThread "AWT-Shutdown" [_thread_blocked, id=8384, stack(0x000000001ed30000,0x000000001ee30000)]
  0x000000001ddb9000 JavaThread "Java2D Disposer" daemon [_thread_blocked, id=8540, stack(0x000000001e410000,0x000000001e510000)]
  0x000000001da48800 JavaThread "Service Thread" daemon [_thread_blocked, id=8240, stack(0x000000001de10000,0x000000001df10000)]
  0x000000001c0c5000 JavaThread "C1 CompilerThread2" daemon [_thread_blocked, id=12264, stack(0x000000001d910000,0x000000001da10000)]
  0x000000001c0c2800 JavaThread "C2 CompilerThread1" daemon [_thread_blocked, id=5528, stack(0x000000001d810000,0x000000001d910000)]
  0x000000001c0be000 JavaThread "C2 CompilerThread0" daemon [_thread_blocked, id=516, stack(0x000000001d710000,0x000000001d810000)]
  0x000000001c0bb800 JavaThread "Attach Listener" daemon [_thread_blocked, id=11356, stack(0x000000001d610000,0x000000001d710000)]
  0x000000001c0ba800 JavaThread "Signal Dispatcher" daemon [_thread_blocked, id=4820, stack(0x000000001d510000,0x000000001d610000)]
  0x00000000029fb800 JavaThread "Finalizer" daemon [_thread_blocked, id=5840, stack(0x000000001d320000,0x000000001d420000)]
  0x000000001c089000 JavaThread "Reference Handler" daemon [_thread_blocked, id=1556, stack(0x000000001d220000,0x000000001d320000)]
  0x0000000002900800 JavaThread "main" [_thread_blocked, id=9060, stack(0x00000000027c0000,0x00000000028c0000)]

Other Threads:
=>0x000000001c087000 VMThread [stack: 0x000000001d120000,0x000000001d220000] [id=12716]

VM state:at safepoint (shutting down)

VM Mutex/Monitor currently owned by a thread:  ([mutex/lock_event])
[0x0000000002a9bdb0] Threads_lock - owner thread: 0x000000001c087000

Heap:
 PSYoungGen      total 101888K, used 8736K [0x000000076b100000, 0x0000000775100000, 0x00000007c0000000)
  eden space 99840K, 6% used [0x000000076b100000,0x000000076b7a6018,0x0000000771280000)
  from space 2048K, 94% used [0x0000000774f00000,0x00000007750e2020,0x0000000775100000)
  to   space 4608K, 0% used [0x0000000774800000,0x0000000774800000,0x0000000774c80000)
 ParOldGen       total 175104K, used 56119K [0x00000006c1200000, 0x00000006cbd00000, 0x000000076b100000)
  object space 175104K, 32% used [0x00000006c1200000,0x00000006c48cdd80,0x00000006cbd00000)
 Metaspace       used 8490K, capacity 8628K, committed 8832K, reserved 1056768K
  class space    used 1002K, capacity 1064K, committed 1152K, reserved 1048576K

Card table byte_map: [0x0000000011e60000,0x0000000012660000] byte_map_base: 0x000000000e857000

Marking Bits: (ParMarkBitMap*) 0x000000007547a6c0
 Begin Bits: [0x0000000012fb0000, 0x0000000016f68000)
 End Bits:   [0x0000000016f68000, 0x000000001af20000)

Polling page: 0x00000000028c0000

CodeCache: size=245760Kb used=2278Kb max_used=2278Kb free=243481Kb
 bounds [0x0000000002aa0000, 0x0000000002d10000, 0x0000000011aa0000]
 total_blobs=933 nmethods=499 adapters=347
 compilation: enabled

Compilation events (10 events):
Event: 19.964 Thread 0x000000001c0c5000  494   !   3       java.io.PrintStream::println (24 bytes)
Event: 19.964 Thread 0x000000001c0c5000 nmethod 494 0x0000000002cd6f50 code [0x0000000002cd70e0, 0x0000000002cd74d8]
Event: 19.964 Thread 0x000000001c0c5000  495       3       java.io.PrintStream::print (13 bytes)
Event: 19.964 Thread 0x000000001c0c5000 nmethod 495 0x0000000002cd7650 code [0x0000000002cd77c0, 0x0000000002cd7988]
Event: 19.964 Thread 0x000000001c0c5000  496   !   3       java.io.PrintStream::newLine (73 bytes)
Event: 19.965 Thread 0x000000001c0c5000 nmethod 496 0x0000000002cd7a10 code [0x0000000002cd7c20, 0x0000000002cd8658]
Event: 20.271 Thread 0x000000001c0c5000  497       3       sun.java2d.DefaultDisposerRecord::dispose (12 bytes)
Event: 20.271 Thread 0x000000001c0c5000 nmethod 497 0x0000000002cd8d90 code [0x0000000002cd8f00, 0x0000000002cd90a8]
Event: 20.273 Thread 0x000000001c0c5000  499   !   3       sun.java2d.Disposer::clearDeferredRecords (70 bytes)
Event: 20.274 Thread 0x000000001c0c5000 nmethod 499 0x0000000002cd94d0 code [0x0000000002cd9720, 0x0000000002cda278]

GC Heap History (10 events):
Event: 19.088 GC heap before
{Heap before GC invocations=76 (full 0):
 PSYoungGen      total 118784K, used 117790K [0x000000076b100000, 0x0000000775a80000, 0x00000007c0000000)
  eden space 115712K, 99% used [0x000000076b100000,0x000000077213c8f8,0x0000000772200000)
  from space 3072K, 93% used [0x0000000775400000,0x00000007756cb030,0x0000000775700000)
  to   space 3584K, 0% used [0x0000000775700000,0x0000000775700000,0x0000000775a80000)
 ParOldGen       total 175104K, used 56071K [0x00000006c1200000, 0x00000006cbd00000, 0x000000076b100000)
  object space 175104K, 32% used [0x00000006c1200000,0x00000006c48c1d80,0x00000006cbd00000)
 Metaspace       used 8447K, capacity 8564K, committed 8832K, reserved 1056768K
  class space    used 1002K, capacity 1064K, committed 1152K, reserved 1048576K
Event: 19.089 GC heap after
Heap after GC invocations=76 (full 0):
 PSYoungGen      total 113152K, used 964K [0x000000076b100000, 0x0000000775800000, 0x00000007c0000000)
  eden space 112128K, 0% used [0x000000076b100000,0x000000076b100000,0x0000000771e80000)
  from space 1024K, 94% used [0x0000000775700000,0x00000007757f1010,0x0000000775800000)
  to   space 4608K, 0% used [0x0000000774f00000,0x0000000774f00000,0x0000000775380000)
 ParOldGen       total 175104K, used 56071K [0x00000006c1200000, 0x00000006cbd00000, 0x000000076b100000)
  object space 175104K, 32% used [0x00000006c1200000,0x00000006c48c1d80,0x00000006cbd00000)
 Metaspace       used 8447K, capacity 8564K, committed 8832K, reserved 1056768K
  class space    used 1002K, capacity 1064K, committed 1152K, reserved 1048576K
}
Event: 19.492 GC heap before
{Heap before GC invocations=77 (full 0):
 PSYoungGen      total 113152K, used 113092K [0x000000076b100000, 0x0000000775800000, 0x00000007c0000000)
  eden space 112128K, 100% used [0x000000076b100000,0x0000000771e80000,0x0000000771e80000)
  from space 1024K, 94% used [0x0000000775700000,0x00000007757f1010,0x0000000775800000)
  to   space 4608K, 0% used [0x0000000774f00000,0x0000000774f00000,0x0000000775380000)
 ParOldGen       total 175104K, used 56071K [0x00000006c1200000, 0x00000006cbd00000, 0x000000076b100000)
  object space 175104K, 32% used [0x00000006c1200000,0x00000006c48c1d80,0x00000006cbd00000)
 Metaspace       used 8447K, capacity 8564K, committed 8832K, reserved 1056768K
  class space    used 1002K, capacity 1064K, committed 1152K, reserved 1048576K
Event: 19.493 GC heap after
Heap after GC invocations=77 (full 0):
 PSYoungGen      total 112128K, used 2860K [0x000000076b100000, 0x0000000775780000, 0x00000007c0000000)
  eden space 109056K, 0% used [0x000000076b100000,0x000000076b100000,0x0000000771b80000)
  from space 3072K, 93% used [0x0000000774f00000,0x00000007751cb030,0x0000000775200000)
  to   space 4608K, 0% used [0x0000000775300000,0x0000000775300000,0x0000000775780000)
 ParOldGen       total 175104K, used 56071K [0x00000006c1200000, 0x00000006cbd00000, 0x000000076b100000)
  object space 175104K, 32% used [0x00000006c1200000,0x00000006c48c1d80,0x00000006cbd00000)
 Metaspace       used 8447K, capacity 8564K, committed 8832K, reserved 1056768K
  class space    used 1002K, capacity 1064K, committed 1152K, reserved 1048576K
}
Event: 19.889 GC heap before
{Heap before GC invocations=78 (full 0):
 PSYoungGen      total 112128K, used 111916K [0x000000076b100000, 0x0000000775780000, 0x00000007c0000000)
  eden space 109056K, 100% used [0x000000076b100000,0x0000000771b80000,0x0000000771b80000)
  from space 3072K, 93% used [0x0000000774f00000,0x00000007751cb030,0x0000000775200000)
  to   space 4608K, 0% used [0x0000000775300000,0x0000000775300000,0x0000000775780000)
 ParOldGen       total 175104K, used 56071K [0x00000006c1200000, 0x00000006cbd00000, 0x000000076b100000)
  object space 175104K, 32% used [0x00000006c1200000,0x00000006c48c1d80,0x00000006cbd00000)
 Metaspace       used 8456K, capacity 8628K, committed 8832K, reserved 1056768K
  class space    used 1002K, capacity 1064K, committed 1152K, reserved 1048576K
Event: 19.891 GC heap after
Heap after GC invocations=78 (full 0):
 PSYoungGen      total 107008K, used 964K [0x000000076b100000, 0x0000000775400000, 0x00000007c0000000)
  eden space 105984K, 0% used [0x000000076b100000,0x000000076b100000,0x0000000771880000)
  from space 1024K, 94% used [0x0000000775300000,0x00000007753f1010,0x0000000775400000)
  to   space 4608K, 0% used [0x0000000774b00000,0x0000000774b00000,0x0000000774f80000)
 ParOldGen       total 175104K, used 56079K [0x00000006c1200000, 0x00000006cbd00000, 0x000000076b100000)
  object space 175104K, 32% used [0x00000006c1200000,0x00000006c48c3d80,0x00000006cbd00000)
 Metaspace       used 8456K, capacity 8628K, committed 8832K, reserved 1056768K
  class space    used 1002K, capacity 1064K, committed 1152K, reserved 1048576K
}
Event: 20.270 GC heap before
{Heap before GC invocations=79 (full 0):
 PSYoungGen      total 107008K, used 106948K [0x000000076b100000, 0x0000000775400000, 0x00000007c0000000)
  eden space 105984K, 100% used [0x000000076b100000,0x0000000771880000,0x0000000771880000)
  from space 1024K, 94% used [0x0000000775300000,0x00000007753f1010,0x0000000775400000)
  to   space 4608K, 0% used [0x0000000774b00000,0x0000000774b00000,0x0000000774f80000)
 ParOldGen       total 175104K, used 56079K [0x00000006c1200000, 0x00000006cbd00000, 0x000000076b100000)
  object space 175104K, 32% used [0x00000006c1200000,0x00000006c48c3d80,0x00000006cbd00000)
 Metaspace       used 8486K, capacity 8628K, committed 8832K, reserved 1056768K
  class space    used 1002K, capacity 1064K, committed 1152K, reserved 1048576K
Event: 20.271 GC heap after
Heap after GC invocations=79 (full 0):
 PSYoungGen      total 105984K, used 2860K [0x000000076b100000, 0x0000000775380000, 0x00000007c0000000)
  eden space 102912K, 0% used [0x000000076b100000,0x000000076b100000,0x0000000771580000)
  from space 3072K, 93% used [0x0000000774b00000,0x0000000774dcb030,0x0000000774e00000)
  to   space 4608K, 0% used [0x0000000774f00000,0x0000000774f00000,0x0000000775380000)
 ParOldGen       total 175104K, used 56103K [0x00000006c1200000, 0x00000006cbd00000, 0x000000076b100000)
  object space 175104K, 32% used [0x00000006c1200000,0x00000006c48c9d80,0x00000006cbd00000)
 Metaspace       used 8486K, capacity 8628K, committed 8832K, reserved 1056768K
  class space    used 1002K, capacity 1064K, committed 1152K, reserved 1048576K
}
Event: 20.637 GC heap before
{Heap before GC invocations=80 (full 0):
 PSYoungGen      total 105984K, used 105772K [0x000000076b100000, 0x0000000775380000, 0x00000007c0000000)
  eden space 102912K, 100% used [0x000000076b100000,0x0000000771580000,0x0000000771580000)
  from space 3072K, 93% used [0x0000000774b00000,0x0000000774dcb030,0x0000000774e00000)
  to   space 4608K, 0% used [0x0000000774f00000,0x0000000774f00000,0x0000000775380000)
 ParOldGen       total 175104K, used 56103K [0x00000006c1200000, 0x00000006cbd00000, 0x000000076b100000)
  object space 175104K, 32% used [0x00000006c1200000,0x00000006c48c9d80,0x00000006cbd00000)
 Metaspace       used 8490K, capacity 8628K, committed 8832K, reserved 1056768K
  class space    used 1002K, capacity 1064K, committed 1152K, reserved 1048576K
Event: 20.638 GC heap after
Heap after GC invocations=80 (full 0):
 PSYoungGen      total 101888K, used 1928K [0x000000076b100000, 0x0000000775100000, 0x00000007c0000000)
  eden space 99840K, 0% used [0x000000076b100000,0x000000076b100000,0x0000000771280000)
  from space 2048K, 94% used [0x0000000774f00000,0x00000007750e2020,0x0000000775100000)
  to   space 4608K, 0% used [0x0000000774800000,0x0000000774800000,0x0000000774c80000)
 ParOldGen       total 175104K, used 56119K [0x00000006c1200000, 0x00000006cbd00000, 0x000000076b100000)
  object space 175104K, 32% used [0x00000006c1200000,0x00000006c48cdd80,0x00000006cbd00000)
 Metaspace       used 8490K, capacity 8628K, committed 8832K, reserved 1056768K
  class space    used 1002K, capacity 1064K, committed 1152K, reserved 1048576K
}

Deoptimization events (6 events):
Event: 0.168 Thread 0x0000000002900800 Uncommon trap: reason=null_check action=make_not_entrant pc=0x0000000002c13d84 method=java.lang.String.equals(Ljava/lang/Object;)Z @ 8
Event: 0.867 Thread 0x0000000002900800 Uncommon trap: reason=unstable_if action=reinterpret pc=0x0000000002c5e3f8 method=PicRecoginition.porcessedImg(Ljava/awt/image/BufferedImage;)Ljava/awt/image/BufferedImage; @ 89
Event: 0.871 Thread 0x0000000002900800 Uncommon trap: reason=unstable_if action=reinterpret pc=0x0000000002c4e3fc method=java.awt.image.ComponentColorModel.getRGB(Ljava/lang/Object;)I @ 4
Event: 0.921 Thread 0x0000000002900800 Uncommon trap: reason=unstable_if action=reinterpret pc=0x0000000002c7104c method=PicRecoginition.porcessedImg(Ljava/awt/image/BufferedImage;)Ljava/awt/image/BufferedImage; @ 27
Event: 4.509 Thread 0x0000000002900800 Uncommon trap: reason=unstable_if action=reinterpret pc=0x0000000002c8d730 method=PicRecoginition.percentMask([[IIILjava/awt/image/BufferedImage;)I @ 11
Event: 4.514 Thread 0x0000000002900800 Uncommon trap: reason=unstable_if action=reinterpret pc=0x0000000002c8d454 method=PicRecoginition.winCheck(III)V @ 7

Internal exceptions (10 events):
Event: 0.027 Thread 0x0000000002900800 Exception <a 'java/lang/NoSuchMethodError': Method sun.misc.Unsafe.prefetchRead(Ljava/lang/Object;J)V name or signature does not match> (0x000000076b107f60) thrown at [C:\re\workspace\8-2-build-windows-amd64-cygwin\jdk8u111\7883\hotspot\src\share\vm\prims
Event: 0.087 Thread 0x0000000002900800 Exception <a 'java/security/PrivilegedActionException'> (0x000000076b184f20) thrown at [C:\re\workspace\8-2-build-windows-amd64-cygwin\jdk8u111\7883\hotspot\src\share\vm\prims\jvm.cpp, line 1386]
Event: 0.087 Thread 0x0000000002900800 Exception <a 'java/security/PrivilegedActionException'> (0x000000076b185130) thrown at [C:\re\workspace\8-2-build-windows-amd64-cygwin\jdk8u111\7883\hotspot\src\share\vm\prims\jvm.cpp, line 1386]
Event: 0.087 Thread 0x0000000002900800 Exception <a 'java/security/PrivilegedActionException'> (0x000000076b188d78) thrown at [C:\re\workspace\8-2-build-windows-amd64-cygwin\jdk8u111\7883\hotspot\src\share\vm\prims\jvm.cpp, line 1386]
Event: 0.087 Thread 0x0000000002900800 Exception <a 'java/security/PrivilegedActionException'> (0x000000076b188f88) thrown at [C:\re\workspace\8-2-build-windows-amd64-cygwin\jdk8u111\7883\hotspot\src\share\vm\prims\jvm.cpp, line 1386]
Event: 0.091 Thread 0x0000000002900800 Exception <a 'java/io/FileNotFoundException'> (0x000000076b18b4a0) thrown at [C:\re\workspace\8-2-build-windows-amd64-cygwin\jdk8u111\7883\hotspot\src\share\vm\prims\jni.cpp, line 709]
Event: 0.116 Thread 0x0000000002900800 Exception <a 'java/lang/NoSuchFieldError': method resolution failed> (0x000000076b3a0390) thrown at [C:\re\workspace\8-2-build-windows-amd64-cygwin\jdk8u111\7883\hotspot\src\share\vm\prims\methodHandles.cpp, line 1146]
Event: 0.117 Thread 0x0000000002900800 Exception <a 'java/lang/NoSuchFieldError': method resolution failed> (0x000000076b3ad760) thrown at [C:\re\workspace\8-2-build-windows-amd64-cygwin\jdk8u111\7883\hotspot\src\share\vm\prims\methodHandles.cpp, line 1146]
Event: 0.147 Thread 0x0000000002900800 Exception <a 'java/io/FileNotFoundException'> (0x000000076b441308) thrown at [C:\re\workspace\8-2-build-windows-amd64-cygwin\jdk8u111\7883\hotspot\src\share\vm\prims\jni.cpp, line 709]
Event: 0.168 Thread 0x0000000002900800 Implicit null exception at 0x0000000002c13b9c to 0x0000000002c13d75

Events (10 events):
Event: 20.270 Executing VM operation: ParallelGCFailedAllocation
Event: 20.271 Executing VM operation: ParallelGCFailedAllocation done
Event: 20.575 Thread 0x000000001da6e000 Thread added: 0x000000001da6e000
Event: 20.575 Thread 0x000000001da6e800 Thread added: 0x000000001da6e800
Event: 20.575 Thread 0x000000001da6e000 Thread exited: 0x000000001da6e000
Event: 20.582 Thread 0x000000001e573000 Thread exited: 0x000000001e573000
Event: 20.637 Executing VM operation: ParallelGCFailedAllocation
Event: 20.638 Executing VM operation: ParallelGCFailedAllocation done
Event: 20.676 Thread 0x000000001da6e800 Thread exited: 0x000000001da6e800
Event: 20.676 Executing VM operation: Exit


Dynamic libraries:
0x00007ff7df1d0000 - 0x00007ff7df207000 	C:\Program Files\Java\jre1.8.0_111\bin\javaw.exe
0x00007ffa16050000 - 0x00007ffa16221000 	C:\WINDOWS\SYSTEM32\ntdll.dll
0x00007ffa149e0000 - 0x00007ffa14a8b000 	C:\WINDOWS\System32\KERNEL32.DLL
0x00007ff9e77d0000 - 0x00007ff9e7824000 	C:\Program Files (x86)\AVG\Av\avghooka.dll
0x00007ffa113e0000 - 0x00007ffa115fd000 	C:\WINDOWS\System32\KERNELBASE.dll
0x00007ffa12330000 - 0x00007ffa123d2000 	C:\WINDOWS\System32\ADVAPI32.dll
0x00007ffa14480000 - 0x00007ffa1451e000 	C:\WINDOWS\System32\msvcrt.dll
0x00007ffa13da0000 - 0x00007ffa13df9000 	C:\WINDOWS\System32\sechost.dll
0x00007ffa140f0000 - 0x00007ffa14211000 	C:\WINDOWS\System32\RPCRT4.dll
0x00007ffa14a90000 - 0x00007ffa14bf5000 	C:\WINDOWS\System32\USER32.dll
0x00007ffa119d0000 - 0x00007ffa119ee000 	C:\WINDOWS\System32\win32u.dll
0x00007ffa13e00000 - 0x00007ffa13e34000 	C:\WINDOWS\System32\GDI32.dll
0x00007ffa120d0000 - 0x00007ffa12252000 	C:\WINDOWS\System32\gdi32full.dll
0x00007ff9fe190000 - 0x00007ff9fe409000 	C:\WINDOWS\WinSxS\amd64_microsoft.windows.common-controls_6595b64144ccf1df_6.0.14393.447_none_42191651c6827bb3\COMCTL32.dll
0x00007ffa14550000 - 0x00007ffa14818000 	C:\WINDOWS\System32\combase.dll
0x00007ffa11600000 - 0x00007ffa116f5000 	C:\WINDOWS\System32\ucrtbase.dll
0x00007ffa12260000 - 0x00007ffa122ca000 	C:\WINDOWS\System32\bcryptPrimitives.dll
0x00007ffa14520000 - 0x00007ffa1454e000 	C:\WINDOWS\System32\IMM32.DLL
0x0000000074aa0000 - 0x0000000074b72000 	C:\Program Files\Java\jre1.8.0_111\bin\msvcr100.dll
0x0000000074c60000 - 0x00000000754fa000 	C:\Program Files\Java\jre1.8.0_111\bin\server\jvm.dll
0x00007ffa13ed0000 - 0x00007ffa13ed8000 	C:\WINDOWS\System32\PSAPI.DLL
0x00007ff9e4760000 - 0x00007ff9e4769000 	C:\WINDOWS\SYSTEM32\WSOCK32.dll
0x00007ffa14080000 - 0x00007ffa140ea000 	C:\WINDOWS\System32\WS2_32.dll
0x00007ffa0f380000 - 0x00007ffa0f3a3000 	C:\WINDOWS\SYSTEM32\WINMM.dll
0x00007ffa04450000 - 0x00007ffa0445a000 	C:\WINDOWS\SYSTEM32\VERSION.dll
0x00007ffa0f0e0000 - 0x00007ffa0f10b000 	C:\WINDOWS\SYSTEM32\WINMMBASE.dll
0x00007ffa11980000 - 0x00007ffa119c2000 	C:\WINDOWS\System32\cfgmgr32.dll
0x0000000074c50000 - 0x0000000074c5f000 	C:\Program Files\Java\jre1.8.0_111\bin\verify.dll
0x0000000074c20000 - 0x0000000074c49000 	C:\Program Files\Java\jre1.8.0_111\bin\java.dll
0x0000000074c00000 - 0x0000000074c16000 	C:\Program Files\Java\jre1.8.0_111\bin\zip.dll
0x00007ffa123f0000 - 0x00007ffa138f9000 	C:\WINDOWS\System32\SHELL32.dll
0x00007ffa119f0000 - 0x00007ffa120ca000 	C:\WINDOWS\System32\windows.storage.dll
0x00007ffa111e0000 - 0x00007ffa1122c000 	C:\WINDOWS\System32\powrprof.dll
0x00007ffa14820000 - 0x00007ffa14872000 	C:\WINDOWS\System32\shlwapi.dll
0x00007ffa111d0000 - 0x00007ffa111df000 	C:\WINDOWS\System32\kernel.appcore.dll
0x00007ffa11230000 - 0x00007ffa112d9000 	C:\WINDOWS\System32\shcore.dll
0x00007ffa111b0000 - 0x00007ffa111c4000 	C:\WINDOWS\System32\profapi.dll
0x00007ff9c2fe0000 - 0x00007ff9c4ed7000 	C:\Users\curti\OneDrive\Programming\opencv\build\java\x64\opencv_java320.dll
0x00007ffa14c00000 - 0x00007ffa14d37000 	C:\WINDOWS\System32\ole32.dll
0x00007ffa143c0000 - 0x00007ffa1447f000 	C:\WINDOWS\System32\OLEAUT32.dll
0x00007ffa112e0000 - 0x00007ffa1137c000 	C:\WINDOWS\System32\msvcp_win.dll
0x00007ffa0c1d0000 - 0x00007ffa0c1f9000 	C:\WINDOWS\SYSTEM32\MSVFW32.dll
0x00007ffa0c120000 - 0x00007ffa0c140000 	C:\WINDOWS\SYSTEM32\AVIFIL32.dll
0x00007ffa0a290000 - 0x00007ffa0a2a8000 	C:\WINDOWS\SYSTEM32\AVICAP32.dll
0x00007ffa09d80000 - 0x00007ffa09d9c000 	C:\WINDOWS\SYSTEM32\MSACM32.dll
0x0000000074900000 - 0x0000000074a98000 	C:\Program Files\Java\jre1.8.0_111\bin\awt.dll
0x00007ffa0f730000 - 0x00007ffa0f7aa000 	C:\WINDOWS\SYSTEM32\apphelp.dll
0x00007ffa0eba0000 - 0x00007ffa0ebc6000 	C:\WINDOWS\system32\DWMAPI.DLL
0x00007ffa0f8d0000 - 0x00007ffa0f965000 	C:\WINDOWS\system32\uxtheme.dll
0x00007ffa14880000 - 0x00007ffa149db000 	C:\WINDOWS\System32\MSCTF.dll
0x00007ff9ea940000 - 0x00007ff9ea9d8000 	C:\Program Files\Common Files\microsoft shared\ink\tiptsf.dll
0x00000000748b0000 - 0x00000000748f7000 	C:\Program Files\Java\jre1.8.0_111\bin\fontmanager.dll
0x00007ffa13ee0000 - 0x00007ffa13f7f000 	C:\WINDOWS\System32\clbcatq.dll
0x00007ff9fbad0000 - 0x00007ff9fbc7a000 	C:\Windows\System32\uiautomationcore.dll
0x00007ffa108f0000 - 0x00007ffa1090f000 	C:\Windows\System32\USERENV.dll
0x00007ffa11040000 - 0x00007ffa110d8000 	C:\WINDOWS\SYSTEM32\sxs.dll
0x00007ff9fdf70000 - 0x00007ff9fdfd5000 	C:\Windows\System32\OLEACC.dll
0x00007ff9eac40000 - 0x00007ff9eacbd000 	C:\WINDOWS\SYSTEM32\twinapi.dll
0x00007ffa0fc90000 - 0x00007ffa0fdac000 	C:\WINDOWS\SYSTEM32\twinapi.appcore.dll
0x00007ffa110e0000 - 0x00007ffa1110b000 	C:\WINDOWS\SYSTEM32\bcrypt.dll
0x00007ffa0a250000 - 0x00007ffa0a268000 	C:\Windows\System32\devenum.dll
0x00007ffa13900000 - 0x00007ffa13d29000 	C:\WINDOWS\System32\setupapi.dll
0x00007ffa10550000 - 0x00007ffa10582000 	C:\WINDOWS\SYSTEM32\ntmarta.dll
0x00007ffa0fe50000 - 0x00007ffa0fe78000 	C:\WINDOWS\SYSTEM32\DEVOBJ.dll
0x00007ffa11380000 - 0x00007ffa113d5000 	C:\WINDOWS\System32\WINTRUST.dll
0x00007ffa111a0000 - 0x00007ffa111b0000 	C:\WINDOWS\System32\MSASN1.dll
0x00007ffa117b0000 - 0x00007ffa11979000 	C:\WINDOWS\System32\CRYPT32.dll
0x00007ffa0a280000 - 0x00007ffa0a28a000 	C:\WINDOWS\SYSTEM32\msdmo.dll
0x00007ffa0a1e0000 - 0x00007ffa0a213000 	C:\Windows\System32\qcap.dll
0x00007ffa097d0000 - 0x00007ffa09993000 	C:\Windows\System32\quartz.dll
0x00007ffa0a060000 - 0x00007ffa0a0a8000 	C:\Windows\System32\mfksproxy.dll
0x00007ffa0d9b0000 - 0x00007ffa0d9cc000 	C:\Windows\System32\ATL.DLL
0x00007ffa09b50000 - 0x00007ffa09b9e000 	C:\Windows\System32\MFSENSORGROUP.dll
0x00007ffa0a360000 - 0x00007ffa0a4c8000 	C:\Windows\System32\MFPlat.DLL
0x00007ffa0c160000 - 0x00007ffa0c18e000 	C:\Windows\System32\RTWorkQ.DLL
0x00007ff9e0ba0000 - 0x00007ff9e0f8b000 	C:\Windows\System32\MFCORE.dll
0x00007ffa0c210000 - 0x00007ffa0c219000 	C:\Windows\System32\ksuser.dll
0x00007ffa10c30000 - 0x00007ffa10c3b000 	C:\Windows\System32\CRYPTBASE.DLL
0x00007ffa09420000 - 0x00007ffa09473000 	C:\Windows\System32\FSClient.dll
0x00007ffa0d230000 - 0x00007ffa0d23b000 	C:\Windows\System32\AVRT.dll
0x00007ffa0a1b0000 - 0x00007ffa0a1bd000 	C:\Windows\System32\vidcap.ax
0x00007ffa0a180000 - 0x00007ffa0a1a5000 	C:\Windows\System32\kswdmcap.ax
0x00007ffa03620000 - 0x00007ffa03783000 	C:\Windows\System32\MFC42.dll
0x00007ffa07c00000 - 0x00007ffa07caf000 	C:\Windows\System32\ODBC32.dll
0x00007ffa106c0000 - 0x00007ffa106ca000 	C:\Windows\System32\DPAPI.dll
0x00007ffa0e3b0000 - 0x00007ffa0e3f3000 	C:\WINDOWS\SYSTEM32\policymanager.dll
0x00007ffa0fbf0000 - 0x00007ffa0fc81000 	C:\Windows\System32\msvcp110_win.dll
0x00007ffa055b0000 - 0x00007ffa05684000 	C:\Windows\System32\MFReadWrite.dll
0x00007ffa04190000 - 0x00007ffa04233000 	C:\Windows\System32\qedit.dll
0x00007ffa13f80000 - 0x00007ffa1407a000 	C:\WINDOWS\System32\COMDLG32.dll
0x00007ff9fdfe0000 - 0x00007ff9fe17a000 	C:\WINDOWS\WinSxS\amd64_microsoft.windows.gdiplus_6595b64144ccf1df_1.1.14393.321_none_72fe05dd211a5fae\gdiplus.dll
0x00007ff9ea460000 - 0x00007ff9ea557000 	C:\Windows\System32\DDRAW.dll
0x00007ffa0eeb0000 - 0x00007ffa0eeb8000 	C:\Windows\System32\DCIMAN32.dll
0x00007ffa0a050000 - 0x00007ffa0a05c000 	C:\WINDOWS\SYSTEM32\msyuv.dll
0x00007ffa0cfc0000 - 0x00007ffa0d152000 	C:\WINDOWS\SYSTEM32\dbghelp.dll

VM Arguments:
jvm_args: -Dfile.encoding=Cp1252 
java_command: OverCoat
java_class_path (initial): C:\Users\curti\OneDrive\Programming\HoundDog\bin;C:\Users\curti\OneDrive\Programming\opencv\build\java\opencv-320.jar
Launcher Type: SUN_STANDARD

Environment Variables:
PATH=C:/Program Files/Java/jre1.8.0_111/bin/server;C:/Program Files/Java/jre1.8.0_111/bin;C:/Program Files/Java/jre1.8.0_111/lib/amd64;C:\ProgramData\Oracle\Java\javapath;C:\Program Files (x86)\NVIDIA Corporation\PhysX\Common;C:\WINDOWS\system32;C:\WINDOWS;C:\WINDOWS\System32\Wbem;C:\WINDOWS\System32\WindowsPowerShell\v1.0\;C:\WINDOWS\system32\config\systemprofile\.dnx\bin;C:\Program Files\Microsoft DNX\Dnvm\;C:\Program Files (x86)\Windows Kits\8.1\Windows Performance Toolkit\;C:\Program Files\Microsoft SQL Server\120\Tools\Binn\;C:\Program Files\Microsoft SQL Server\130\Tools\Binn\;C:\Program Files\Microsoft SQL Server\Client SDK\ODBC\110\Tools\Binn\;C:\Program Files (x86)\Microsoft SQL Server\120\Tools\Binn\;C:\Program Files\Microsoft SQL Server\120\DTS\Binn\;C:\Program Files\Git\cmd;C:\Users\curti\AppData\Local\Microsoft\WindowsApps;;C:\Users\curti\Desktop\desktop stuff;
USERNAME=curti
OS=Windows_NT
PROCESSOR_IDENTIFIER=Intel64 Family 6 Model 78 Stepping 3, GenuineIntel



---------------  S Y S T E M  ---------------

OS: Windows 10.0 , 64 bit Build 14393 (10.0.14393.0)

CPU:total 4 (2 cores per cpu, 2 threads per core) family 6 model 78 stepping 3, cmov, cx8, fxsr, mmx, sse, sse2, sse3, ssse3, sse4.1, sse4.2, popcnt, avx, avx2, aes, clmul, erms, rtm, 3dnowpref, lzcnt, ht, tsc, tscinvbit, bmi1, bmi2, adx

Memory: 4k page, physical 16701568k(11572268k free), swap 19191936k(13499208k free)

vm_info: Java HotSpot(TM) 64-Bit Server VM (25.111-b14) for windows-amd64 JRE (1.8.0_111-b14), built on Sep 22 2016 19:24:05 by "java_re" with MS VC++ 10.0 (VS2010)

time: Mon Jan 16 19:13:40 2017
elapsed time: 20 seconds (0d 0h 0m 20s)

