#
# A fatal error has been detected by the Java Runtime Environment:
#
#  Internal Error (0xc000000d), pid=9892, tid=0x0000000000001070
#
# JRE version: Java(TM) SE Runtime Environment (8.0_111-b14) (build 1.8.0_111-b14)
# Java VM: Java HotSpot(TM) 64-Bit Server VM (25.111-b14 mixed mode windows-amd64 compressed oops)
# Problematic frame:
# C  [ntdll.dll+0xff44c]
#
# Failed to write core dump. Minidumps are not enabled by default on client versions of Windows
#
# If you would like to submit a bug report, please visit:
#   http://bugreport.java.com/bugreport/crash.jsp
#

---------------  T H R E A D  ---------------

Current thread (0x000000001c659000):  VMThread [stack: 0x000000001e340000,0x000000001e440000] [id=4208]

siginfo: ExceptionCode=0xc000000d

Registers:
RAX=0x0000000050a84103, RBX=0x00000000201fea10, RCX=0xfffffff90000004f, RDX=0x0000000000000007
RSP=0x000000001e43ee70, RBP=0x0000000000000000, RSI=0x0000000026f269d0, RDI=0x0000000026f26a80
R8 =0x0000000000000000, R9 =0x00000000504237e0, R10=0x00000000011a1c90, R11=0x0000000002b0cb60
R12=0x0000000000000000, R13=0x00000000ffffffff, R14=0x0000000026f05ce0, R15=0x0000000026f269d0
RIP=0x00007ffca298f44c, EFLAGS=0x0000000000000202

Top of Stack: (sp=0x000000001e43ee70)
0x000000001e43ee70:   0000000000000057 00000000201fea10
0x000000001e43ee80:   0000000026f269d0 0000000026f26a80
0x000000001e43ee90:   00000000c000000d 0000000000000000
0x000000001e43eea0:   00007ffca298f44c 0000000000000000
0x000000001e43eeb0:   0000000000000000 0000000000000000
0x000000001e43eec0:   0000000000000000 0000000000000000
0x000000001e43eed0:   0000000000000000 0000000000000000
0x000000001e43eee0:   0000000000000000 0000000000000000
0x000000001e43eef0:   0000000000000000 0000000000000000
0x000000001e43ef00:   0000000000000000 0000000000000000
0x000000001e43ef10:   0000000000000000 0000000000000000
0x000000001e43ef20:   0000000000000000 0000000001030cc0
0x000000001e43ef30:   000098ee29b0a00b 0000000000000000
0x000000001e43ef40:   0000000000000000 00007ffca2951899
0x000000001e43ef50:   0000000000000001 00007ffc931ae8db
0x000000001e43ef60:   0000000100000003 0000000000000004 

Instructions: (pc=0x00007ffca298f44c)
0x00007ffca298f42c:   d5 fa ff c7 44 24 20 0d 00 00 c0 b9 57 00 00 00
0x00007ffca298f43c:   e8 7f 13 f6 ff 90 48 8d 4c 24 20 e8 04 bf f4 ff
0x00007ffca298f44c:   eb 00 48 8b 8c 24 c0 00 00 00 48 33 cc e8 82 74
0x00007ffca298f45c:   f9 ff 48 81 c4 d8 00 00 00 c3 40 55 48 83 ec 20 


Register to memory mapping:

RAX=0x0000000050a84103 is an unknown value
RBX=0x00000000201fea10 is an unknown value
RCX=0xfffffff90000004f is an unknown value
RDX=0x0000000000000007 is an unknown value
RSP=0x000000001e43ee70 is an unknown value
RBP=0x0000000000000000 is an unknown value
RSI=0x0000000026f269d0 is an unknown value
RDI=0x0000000026f26a80 is an unknown value
R8 =0x0000000000000000 is an unknown value
R9 =0x00000000504237e0 is an unknown value
R10=0x00000000011a1c90 is an unknown value
R11=0x0000000002b0cb60 is an unknown value
R12=0x0000000000000000 is an unknown value
R13=0x00000000ffffffff is an unknown value
R14=0x0000000026f05ce0 is an unknown value
R15=0x0000000026f269d0 is an unknown value


Stack: [0x000000001e340000,0x000000001e440000],  sp=0x000000001e43ee70,  free space=1019k
Native frames: (J=compiled Java code, j=interpreted, Vv=VM code, C=native code)

VM_Operation (0x000000002649d330): Exit, mode: safepoint, requested by thread 0x000000001f4ed800


---------------  P R O C E S S  ---------------

Java Threads: ( => current thread )
  0x000000001f4ed800 JavaThread "AWT-EventQueue-0" [_thread_blocked, id=5148, stack(0x00000000263a0000,0x00000000264a0000)]
  0x000000001f4be800 JavaThread "AWT-Shutdown" [_thread_blocked, id=5060, stack(0x000000001fe20000,0x000000001ff20000)]
  0x000000001f4bd800 JavaThread "Java2D Disposer" daemon [_thread_blocked, id=3012, stack(0x000000001fc60000,0x000000001fd60000)]
  0x000000001e60c800 JavaThread "Service Thread" daemon [_thread_blocked, id=3192, stack(0x000000001f130000,0x000000001f230000)]
  0x000000001e57e800 JavaThread "C1 CompilerThread3" daemon [_thread_blocked, id=2748, stack(0x000000001f030000,0x000000001f130000)]
  0x000000001e570800 JavaThread "C2 CompilerThread2" daemon [_thread_blocked, id=3288, stack(0x000000001ef30000,0x000000001f030000)]
  0x000000001e56d800 JavaThread "C2 CompilerThread1" daemon [_thread_blocked, id=4820, stack(0x000000001ee30000,0x000000001ef30000)]
  0x000000001e56a000 JavaThread "C2 CompilerThread0" daemon [_thread_blocked, id=5736, stack(0x000000001ed30000,0x000000001ee30000)]
  0x000000001e565000 JavaThread "Attach Listener" daemon [_thread_blocked, id=4812, stack(0x000000001ec30000,0x000000001ed30000)]
  0x000000001e564000 JavaThread "Signal Dispatcher" daemon [_thread_blocked, id=6620, stack(0x000000001eb30000,0x000000001ec30000)]
  0x0000000002bbd800 JavaThread "Finalizer" daemon [_thread_blocked, id=8460, stack(0x000000001e940000,0x000000001ea40000)]
  0x000000001c65d800 JavaThread "Reference Handler" daemon [_thread_blocked, id=7572, stack(0x000000001e440000,0x000000001e540000)]
  0x0000000002ac0800 JavaThread "main" [_thread_blocked, id=8080, stack(0x00000000028f0000,0x00000000029f0000)]

Other Threads:
=>0x000000001c659000 VMThread [stack: 0x000000001e340000,0x000000001e440000] [id=4208]

VM state:at safepoint (shutting down)

VM Mutex/Monitor currently owned by a thread:  ([mutex/lock_event])
[0x00000000011ab9b0] Threads_lock - owner thread: 0x000000001c659000

Heap:
 PSYoungGen      total 35840K, used 3711K [0x000000076af80000, 0x0000000770600000, 0x00000007c0000000)
  eden space 35328K, 9% used [0x000000076af80000,0x000000076b2e7eb8,0x000000076d200000)
  from space 512K, 43% used [0x0000000770580000,0x00000007705b8000,0x0000000770600000)
  to   space 512K, 0% used [0x0000000770500000,0x0000000770500000,0x0000000770580000)
 ParOldGen       total 64512K, used 51961K [0x00000006c0e00000, 0x00000006c4d00000, 0x000000076af80000)
  object space 64512K, 80% used [0x00000006c0e00000,0x00000006c40be7f8,0x00000006c4d00000)
 Metaspace       used 8638K, capacity 8802K, committed 9088K, reserved 1056768K
  class space    used 1027K, capacity 1097K, committed 1152K, reserved 1048576K

Card table byte_map: [0x0000000011f80000,0x0000000012780000] byte_map_base: 0x000000000e979000

Marking Bits: (ParMarkBitMap*) 0x0000000050c6a6c0
 Begin Bits: [0x00000000134e0000, 0x00000000174a8000)
 End Bits:   [0x00000000174a8000, 0x000000001b470000)

Polling page: 0x0000000001100000

CodeCache: size=245760Kb used=2277Kb max_used=2288Kb free=243482Kb
 bounds [0x0000000002bc0000, 0x0000000002e30000, 0x0000000011bc0000]
 total_blobs=963 nmethods=516 adapters=360
 compilation: enabled

Compilation events (10 events):
Event: 38.199 Thread 0x000000001e57e800  546       3       java.awt.image.Raster::createInterleavedRaster (110 bytes)
Event: 38.200 Thread 0x000000001e57e800 nmethod 546 0x0000000002d8bad0 code [0x0000000002d8bd00, 0x0000000002d8ca08]
Event: 38.236 Thread 0x000000001e57e800  547       3       java.awt.image.PixelInterleavedSampleModel::<init> (137 bytes)
Event: 38.237 Thread 0x000000001e57e800 nmethod 547 0x0000000002d8add0 code [0x0000000002d8afc0, 0x0000000002d8b6b8]
Event: 38.274 Thread 0x000000001e57e800  548       3       sun.java2d.d3d.D3DBlitLoops::createPackedParams (60 bytes)
Event: 38.275 Thread 0x000000001e57e800 nmethod 548 0x0000000002dde550 code [0x0000000002dde6c0, 0x0000000002dde970]
Event: 38.275 Thread 0x000000001e57e800  549       3       sun.java2d.d3d.D3DBlitLoops::enqueueBlit (102 bytes)
Event: 38.276 Thread 0x000000001e57e800 nmethod 549 0x0000000002d88650 code [0x0000000002d88880, 0x0000000002d89f88]
Event: 46.567 Thread 0x000000001e56a000  550       4       java.awt.image.ComponentSampleModel::getNumDataElements (5 bytes)
Event: 46.567 Thread 0x000000001e56a000 nmethod 550 0x0000000002d72b50 code [0x0000000002d72c80, 0x0000000002d72cd8]

GC Heap History (10 events):
Event: 56.977 GC heap before
{Heap before GC invocations=611 (full 5):
 PSYoungGen      total 30208K, used 29856K [0x000000076af80000, 0x0000000770600000, 0x00000007c0000000)
  eden space 29696K, 100% used [0x000000076af80000,0x000000076cc80000,0x000000076cc80000)
  from space 512K, 31% used [0x0000000770500000,0x0000000770528000,0x0000000770580000)
  to   space 512K, 0% used [0x0000000770580000,0x0000000770580000,0x0000000770600000)
 ParOldGen       total 64512K, used 35745K [0x00000006c0e00000, 0x00000006c4d00000, 0x000000076af80000)
  object space 64512K, 55% used [0x00000006c0e00000,0x00000006c30e86d8,0x00000006c4d00000)
 Metaspace       used 8636K, capacity 8802K, committed 9088K, reserved 1056768K
  class space    used 1027K, capacity 1097K, committed 1152K, reserved 1048576K
Event: 56.978 GC heap after
Heap after GC invocations=611 (full 5):
 PSYoungGen      total 30208K, used 192K [0x000000076af80000, 0x0000000770600000, 0x00000007c0000000)
  eden space 29696K, 0% used [0x000000076af80000,0x000000076af80000,0x000000076cc80000)
  from space 512K, 37% used [0x0000000770580000,0x00000007705b0000,0x0000000770600000)
  to   space 512K, 0% used [0x0000000770500000,0x0000000770500000,0x0000000770580000)
 ParOldGen       total 64512K, used 38445K [0x00000006c0e00000, 0x00000006c4d00000, 0x000000076af80000)
  object space 64512K, 59% used [0x00000006c0e00000,0x00000006c338b708,0x00000006c4d00000)
 Metaspace       used 8636K, capacity 8802K, committed 9088K, reserved 1056768K
  class space    used 1027K, capacity 1097K, committed 1152K, reserved 1048576K
}
Event: 57.095 GC heap before
{Heap before GC invocations=612 (full 5):
 PSYoungGen      total 30208K, used 29619K [0x000000076af80000, 0x0000000770600000, 0x00000007c0000000)
  eden space 29696K, 99% used [0x000000076af80000,0x000000076cc3cd58,0x000000076cc80000)
  from space 512K, 37% used [0x0000000770580000,0x00000007705b0000,0x0000000770600000)
  to   space 512K, 0% used [0x0000000770500000,0x0000000770500000,0x0000000770580000)
 ParOldGen       total 64512K, used 38445K [0x00000006c0e00000, 0x00000006c4d00000, 0x000000076af80000)
  object space 64512K, 59% used [0x00000006c0e00000,0x00000006c338b708,0x00000006c4d00000)
 Metaspace       used 8636K, capacity 8802K, committed 9088K, reserved 1056768K
  class space    used 1027K, capacity 1097K, committed 1152K, reserved 1048576K
Event: 57.096 GC heap after
Heap after GC invocations=612 (full 5):
 PSYoungGen      total 30208K, used 192K [0x000000076af80000, 0x0000000770600000, 0x00000007c0000000)
  eden space 29696K, 0% used [0x000000076af80000,0x000000076af80000,0x000000076cc80000)
  from space 512K, 37% used [0x0000000770500000,0x0000000770530000,0x0000000770580000)
  to   space 512K, 0% used [0x0000000770580000,0x0000000770580000,0x0000000770600000)
 ParOldGen       total 64512K, used 39345K [0x00000006c0e00000, 0x00000006c4d00000, 0x000000076af80000)
  object space 64512K, 60% used [0x00000006c0e00000,0x00000006c346c718,0x00000006c4d00000)
 Metaspace       used 8636K, capacity 8802K, committed 9088K, reserved 1056768K
  class space    used 1027K, capacity 1097K, committed 1152K, reserved 1048576K
}
Event: 57.201 GC heap before
{Heap before GC invocations=613 (full 5):
 PSYoungGen      total 30208K, used 29888K [0x000000076af80000, 0x0000000770600000, 0x00000007c0000000)
  eden space 29696K, 100% used [0x000000076af80000,0x000000076cc80000,0x000000076cc80000)
  from space 512K, 37% used [0x0000000770500000,0x0000000770530000,0x0000000770580000)
  to   space 512K, 0% used [0x0000000770580000,0x0000000770580000,0x0000000770600000)
 ParOldGen       total 64512K, used 39345K [0x00000006c0e00000, 0x00000006c4d00000, 0x000000076af80000)
  object space 64512K, 60% used [0x00000006c0e00000,0x00000006c346c718,0x00000006c4d00000)
 Metaspace       used 8636K, capacity 8802K, committed 9088K, reserved 1056768K
  class space    used 1027K, capacity 1097K, committed 1152K, reserved 1048576K
Event: 57.202 GC heap after
Heap after GC invocations=613 (full 5):
 PSYoungGen      total 30208K, used 192K [0x000000076af80000, 0x0000000770600000, 0x00000007c0000000)
  eden space 29696K, 0% used [0x000000076af80000,0x000000076af80000,0x000000076cc80000)
  from space 512K, 37% used [0x0000000770580000,0x00000007705b0000,0x0000000770600000)
  to   space 512K, 0% used [0x0000000770500000,0x0000000770500000,0x0000000770580000)
 ParOldGen       total 64512K, used 42045K [0x00000006c0e00000, 0x00000006c4d00000, 0x000000076af80000)
  object space 64512K, 65% used [0x00000006c0e00000,0x00000006c370f748,0x00000006c4d00000)
 Metaspace       used 8636K, capacity 8802K, committed 9088K, reserved 1056768K
  class space    used 1027K, capacity 1097K, committed 1152K, reserved 1048576K
}
Event: 57.308 GC heap before
{Heap before GC invocations=614 (full 5):
 PSYoungGen      total 30208K, used 29888K [0x000000076af80000, 0x0000000770600000, 0x00000007c0000000)
  eden space 29696K, 100% used [0x000000076af80000,0x000000076cc80000,0x000000076cc80000)
  from space 512K, 37% used [0x0000000770580000,0x00000007705b0000,0x0000000770600000)
  to   space 512K, 0% used [0x0000000770500000,0x0000000770500000,0x0000000770580000)
 ParOldGen       total 64512K, used 42045K [0x00000006c0e00000, 0x00000006c4d00000, 0x000000076af80000)
  object space 64512K, 65% used [0x00000006c0e00000,0x00000006c370f748,0x00000006c4d00000)
 Metaspace       used 8636K, capacity 8802K, committed 9088K, reserved 1056768K
  class space    used 1027K, capacity 1097K, committed 1152K, reserved 1048576K
Event: 57.309 GC heap after
Heap after GC invocations=614 (full 5):
 PSYoungGen      total 30208K, used 192K [0x000000076af80000, 0x0000000770600000, 0x00000007c0000000)
  eden space 29696K, 0% used [0x000000076af80000,0x000000076af80000,0x000000076cc80000)
  from space 512K, 37% used [0x0000000770500000,0x0000000770530000,0x0000000770580000)
  to   space 512K, 0% used [0x0000000770580000,0x0000000770580000,0x0000000770600000)
 ParOldGen       total 64512K, used 44745K [0x00000006c0e00000, 0x00000006c4d00000, 0x000000076af80000)
  object space 64512K, 69% used [0x00000006c0e00000,0x00000006c39b2778,0x00000006c4d00000)
 Metaspace       used 8636K, capacity 8802K, committed 9088K, reserved 1056768K
  class space    used 1027K, capacity 1097K, committed 1152K, reserved 1048576K
}
Event: 57.406 GC heap before
{Heap before GC invocations=615 (full 5):
 PSYoungGen      total 30208K, used 29888K [0x000000076af80000, 0x0000000770600000, 0x00000007c0000000)
  eden space 29696K, 100% used [0x000000076af80000,0x000000076cc80000,0x000000076cc80000)
  from space 512K, 37% used [0x0000000770500000,0x0000000770530000,0x0000000770580000)
  to   space 512K, 0% used [0x0000000770580000,0x0000000770580000,0x0000000770600000)
 ParOldGen       total 64512K, used 44745K [0x00000006c0e00000, 0x00000006c4d00000, 0x000000076af80000)
  object space 64512K, 69% used [0x00000006c0e00000,0x00000006c39b2778,0x00000006c4d00000)
 Metaspace       used 8637K, capacity 8802K, committed 9088K, reserved 1056768K
  class space    used 1027K, capacity 1097K, committed 1152K, reserved 1048576K
Event: 57.407 GC heap after
Heap after GC invocations=615 (full 5):
 PSYoungGen      total 35840K, used 224K [0x000000076af80000, 0x0000000770600000, 0x00000007c0000000)
  eden space 35328K, 0% used [0x000000076af80000,0x000000076af80000,0x000000076d200000)
  from space 512K, 43% used [0x0000000770580000,0x00000007705b8000,0x0000000770600000)
  to   space 512K, 0% used [0x0000000770500000,0x0000000770500000,0x0000000770580000)
 ParOldGen       total 64512K, used 51961K [0x00000006c0e00000, 0x00000006c4d00000, 0x000000076af80000)
  object space 64512K, 80% used [0x00000006c0e00000,0x00000006c40be7f8,0x00000006c4d00000)
 Metaspace       used 8637K, capacity 8802K, committed 9088K, reserved 1056768K
  class space    used 1027K, capacity 1097K, committed 1152K, reserved 1048576K
}

Deoptimization events (5 events):
Event: 0.152 Thread 0x0000000002ac0800 Uncommon trap: reason=null_check action=make_not_entrant pc=0x0000000002d31284 method=java.lang.String.equals(Ljava/lang/Object;)Z @ 8
Event: 0.714 Thread 0x0000000002ac0800 Uncommon trap: reason=unstable_if action=reinterpret pc=0x0000000002d76c10 method=PicRecoginition.isColor(I)Z @ 31
Event: 0.729 Thread 0x0000000002ac0800 Uncommon trap: reason=unstable_if action=reinterpret pc=0x0000000002d80074 method=PicRecoginition.isColor(I)Z @ 31
Event: 0.739 Thread 0x0000000002ac0800 Uncommon trap: reason=unstable_if action=reinterpret pc=0x0000000002d771fc method=java.awt.image.ComponentColorModel.getRGB(Ljava/lang/Object;)I @ 4
Event: 0.754 Thread 0x0000000002ac0800 Uncommon trap: reason=unstable_if action=reinterpret pc=0x0000000002d8568c method=PicRecoginition.porcessedImg(Ljava/awt/image/BufferedImage;)Ljava/awt/image/BufferedImage; @ 70

Internal exceptions (10 events):
Event: 0.019 Thread 0x0000000002ac0800 Exception <a 'java/lang/NoSuchMethodError': Method sun.misc.Unsafe.prefetchRead(Ljava/lang/Object;J)V name or signature does not match> (0x000000076af87f60) thrown at [C:\re\workspace\8-2-build-windows-amd64-cygwin\jdk8u111\7883\hotspot\src\share\vm\prims
Event: 0.060 Thread 0x0000000002ac0800 Exception <a 'java/security/PrivilegedActionException'> (0x000000076b0038a0) thrown at [C:\re\workspace\8-2-build-windows-amd64-cygwin\jdk8u111\7883\hotspot\src\share\vm\prims\jvm.cpp, line 1386]
Event: 0.060 Thread 0x0000000002ac0800 Exception <a 'java/security/PrivilegedActionException'> (0x000000076b003ab0) thrown at [C:\re\workspace\8-2-build-windows-amd64-cygwin\jdk8u111\7883\hotspot\src\share\vm\prims\jvm.cpp, line 1386]
Event: 0.061 Thread 0x0000000002ac0800 Exception <a 'java/security/PrivilegedActionException'> (0x000000076b0076f8) thrown at [C:\re\workspace\8-2-build-windows-amd64-cygwin\jdk8u111\7883\hotspot\src\share\vm\prims\jvm.cpp, line 1386]
Event: 0.061 Thread 0x0000000002ac0800 Exception <a 'java/security/PrivilegedActionException'> (0x000000076b007908) thrown at [C:\re\workspace\8-2-build-windows-amd64-cygwin\jdk8u111\7883\hotspot\src\share\vm\prims\jvm.cpp, line 1386]
Event: 0.063 Thread 0x0000000002ac0800 Exception <a 'java/io/FileNotFoundException'> (0x000000076b009e20) thrown at [C:\re\workspace\8-2-build-windows-amd64-cygwin\jdk8u111\7883\hotspot\src\share\vm\prims\jni.cpp, line 709]
Event: 0.085 Thread 0x0000000002ac0800 Exception <a 'java/lang/NoSuchFieldError': method resolution failed> (0x000000076b21ed28) thrown at [C:\re\workspace\8-2-build-windows-amd64-cygwin\jdk8u111\7883\hotspot\src\share\vm\prims\methodHandles.cpp, line 1146]
Event: 0.086 Thread 0x0000000002ac0800 Exception <a 'java/lang/NoSuchFieldError': method resolution failed> (0x000000076b22c0f8) thrown at [C:\re\workspace\8-2-build-windows-amd64-cygwin\jdk8u111\7883\hotspot\src\share\vm\prims\methodHandles.cpp, line 1146]
Event: 0.111 Thread 0x0000000002ac0800 Exception <a 'java/io/FileNotFoundException'> (0x000000076b2bfca0) thrown at [C:\re\workspace\8-2-build-windows-amd64-cygwin\jdk8u111\7883\hotspot\src\share\vm\prims\jni.cpp, line 709]
Event: 0.152 Thread 0x0000000002ac0800 Implicit null exception at 0x0000000002d3109c to 0x0000000002d31275

Events (10 events):
Event: 57.315 Thread 0x000000001e831000 Thread added: 0x000000001e831000
Event: 57.315 Thread 0x000000001e82f800 Thread exited: 0x000000001e82f800
Event: 57.316 Thread 0x000000001f546000 Thread exited: 0x000000001f546000
Event: 57.316 loading class sun/java2d/pipe/hw/AccelDeviceEventNotifier
Event: 57.316 loading class sun/java2d/pipe/hw/AccelDeviceEventNotifier done
Event: 57.329 Thread 0x000000001f4bf000 Thread exited: 0x000000001f4bf000
Event: 57.406 Executing VM operation: ParallelGCFailedAllocation
Event: 57.407 Executing VM operation: ParallelGCFailedAllocation done
Event: 57.416 Thread 0x000000001e831000 Thread exited: 0x000000001e831000
Event: 57.416 Executing VM operation: Exit


Dynamic libraries:
0x00007ff7c4770000 - 0x00007ff7c47a7000 	C:\Program Files\Java\jre1.8.0_111\bin\javaw.exe
0x00007ffca2890000 - 0x00007ffca2a61000 	C:\Windows\SYSTEM32\ntdll.dll
0x00007ffc9eb70000 - 0x00007ffc9ec1b000 	C:\Windows\System32\KERNEL32.DLL
0x00007ffc8b2d0000 - 0x00007ffc8b324000 	C:\Program Files (x86)\AVG\Av\avghooka.dll
0x00007ffc9de40000 - 0x00007ffc9e05d000 	C:\Windows\System32\KERNELBASE.dll
0x00007ffc9f880000 - 0x00007ffc9f922000 	C:\Windows\System32\ADVAPI32.dll
0x00007ffc9f340000 - 0x00007ffc9f3de000 	C:\Windows\System32\msvcrt.dll
0x00007ffc9eb10000 - 0x00007ffc9eb69000 	C:\Windows\System32\sechost.dll
0x00007ffc9f750000 - 0x00007ffc9f871000 	C:\Windows\System32\RPCRT4.dll
0x00007ffc9f5e0000 - 0x00007ffc9f745000 	C:\Windows\System32\USER32.dll
0x00007ffc9dc90000 - 0x00007ffc9dcae000 	C:\Windows\System32\win32u.dll
0x00007ffc9ec20000 - 0x00007ffc9ec54000 	C:\Windows\System32\GDI32.dll
0x00007ffc9dcb0000 - 0x00007ffc9de32000 	C:\Windows\System32\gdi32full.dll
0x00007ffc945d0000 - 0x00007ffc94849000 	C:\Windows\WinSxS\amd64_microsoft.windows.common-controls_6595b64144ccf1df_6.0.14393.447_none_42191651c6827bb3\COMCTL32.dll
0x00007ffca0f20000 - 0x00007ffca11e8000 	C:\Windows\System32\combase.dll
0x00007ffc9db20000 - 0x00007ffc9dc15000 	C:\Windows\System32\ucrtbase.dll
0x00007ffc9dc20000 - 0x00007ffc9dc8a000 	C:\Windows\System32\bcryptPrimitives.dll
0x00007ffca1550000 - 0x00007ffca157e000 	C:\Windows\System32\IMM32.DLL
0x0000000050370000 - 0x0000000050442000 	C:\Program Files\Java\jre1.8.0_111\bin\msvcr100.dll
0x0000000050450000 - 0x0000000050cea000 	C:\Program Files\Java\jre1.8.0_111\bin\server\jvm.dll
0x00007ffca1520000 - 0x00007ffca1528000 	C:\Windows\System32\PSAPI.DLL
0x00007ffc8f1c0000 - 0x00007ffc8f1c9000 	C:\Windows\SYSTEM32\WSOCK32.dll
0x00007ffca0eb0000 - 0x00007ffca0f1a000 	C:\Windows\System32\WS2_32.dll
0x00007ffc9be00000 - 0x00007ffc9be23000 	C:\Windows\SYSTEM32\WINMM.dll
0x00007ffc99430000 - 0x00007ffc9943a000 	C:\Windows\SYSTEM32\VERSION.dll
0x00007ffc9bda0000 - 0x00007ffc9bdcb000 	C:\Windows\SYSTEM32\WINMMBASE.dll
0x00007ffc9e970000 - 0x00007ffc9e9b2000 	C:\Windows\System32\cfgmgr32.dll
0x0000000050f90000 - 0x0000000050f9f000 	C:\Program Files\Java\jre1.8.0_111\bin\verify.dll
0x0000000050f60000 - 0x0000000050f89000 	C:\Program Files\Java\jre1.8.0_111\bin\java.dll
0x0000000050f40000 - 0x0000000050f56000 	C:\Program Files\Java\jre1.8.0_111\bin\zip.dll
0x00007ffc9f990000 - 0x00007ffca0e99000 	C:\Windows\System32\SHELL32.dll
0x00007ffc9e0c0000 - 0x00007ffc9e79a000 	C:\Windows\System32\windows.storage.dll
0x00007ffc9da10000 - 0x00007ffc9da5c000 	C:\Windows\System32\powrprof.dll
0x00007ffca11f0000 - 0x00007ffca1242000 	C:\Windows\System32\shlwapi.dll
0x00007ffc9da00000 - 0x00007ffc9da0f000 	C:\Windows\System32\kernel.appcore.dll
0x00007ffc9ea60000 - 0x00007ffc9eb09000 	C:\Windows\System32\shcore.dll
0x00007ffc9d9e0000 - 0x00007ffc9d9f4000 	C:\Windows\System32\profapi.dll
0x00007ffc68430000 - 0x00007ffc6a327000 	C:\Users\curti\OneDrive\Programming\opencv\build\java\x64\opencv_java320.dll
0x00007ffc9f190000 - 0x00007ffc9f2c7000 	C:\Windows\System32\ole32.dll
0x00007ffca12c0000 - 0x00007ffca137f000 	C:\Windows\System32\OLEAUT32.dll
0x00007ffc9e9c0000 - 0x00007ffc9ea5c000 	C:\Windows\System32\msvcp_win.dll
0x00007ffc939e0000 - 0x00007ffc93a09000 	C:\Windows\SYSTEM32\MSVFW32.dll
0x00007ffc94cb0000 - 0x00007ffc94cd0000 	C:\Windows\SYSTEM32\AVIFIL32.dll
0x00007ffc930a0000 - 0x00007ffc930b8000 	C:\Windows\SYSTEM32\AVICAP32.dll
0x00007ffc9a6a0000 - 0x00007ffc9a6bc000 	C:\Windows\SYSTEM32\MSACM32.dll
0x00000000501d0000 - 0x0000000050368000 	C:\Program Files\Java\jre1.8.0_111\bin\awt.dll
0x00007ffc9b6f0000 - 0x00007ffc9b76a000 	C:\Windows\SYSTEM32\apphelp.dll
0x00007ffc9b770000 - 0x00007ffc9b796000 	C:\Windows\system32\DWMAPI.DLL
0x00007ffc9c130000 - 0x00007ffc9c1c5000 	C:\Windows\system32\uxtheme.dll
0x00007ffc9f3e0000 - 0x00007ffc9f53b000 	C:\Windows\System32\MSCTF.dll
0x0000000050180000 - 0x00000000501c7000 	C:\Program Files\Java\jre1.8.0_111\bin\fontmanager.dll
0x00007ffc9f540000 - 0x00007ffc9f5df000 	C:\Windows\System32\clbcatq.dll
0x00007ffc93060000 - 0x00007ffc93078000 	C:\Windows\System32\devenum.dll
0x00007ffc9ec60000 - 0x00007ffc9f089000 	C:\Windows\System32\setupapi.dll
0x00007ffc9cd90000 - 0x00007ffc9cdc2000 	C:\Windows\SYSTEM32\ntmarta.dll
0x00007ffc9c5c0000 - 0x00007ffc9c5e8000 	C:\Windows\SYSTEM32\DEVOBJ.dll
0x00007ffc9e060000 - 0x00007ffc9e0b5000 	C:\Windows\System32\WINTRUST.dll
0x00007ffc9da60000 - 0x00007ffc9da70000 	C:\Windows\System32\MSASN1.dll
0x00007ffc9e7a0000 - 0x00007ffc9e969000 	C:\Windows\System32\CRYPT32.dll
0x00007ffc964a0000 - 0x00007ffc964aa000 	C:\Windows\SYSTEM32\msdmo.dll
0x00007ffc8f2c0000 - 0x00007ffc8f2f3000 	C:\Windows\System32\qcap.dll
0x00007ffc85430000 - 0x00007ffc855f3000 	C:\Windows\System32\quartz.dll
0x00007ffc9d920000 - 0x00007ffc9d94b000 	C:\Windows\System32\bcrypt.dll
0x00007ffc8ae80000 - 0x00007ffc8aec8000 	C:\Windows\System32\mfksproxy.dll
0x00007ffc88320000 - 0x00007ffc8833c000 	C:\Windows\System32\ATL.DLL
0x00007ffc89650000 - 0x00007ffc8969e000 	C:\Windows\System32\MFSENSORGROUP.dll
0x00007ffc9b560000 - 0x00007ffc9b6c8000 	C:\Windows\System32\MFPlat.DLL
0x00007ffc9b1e0000 - 0x00007ffc9b20e000 	C:\Windows\System32\RTWorkQ.DLL
0x00007ffc79a00000 - 0x00007ffc79deb000 	C:\Windows\System32\MFCORE.dll
0x00007ffc96910000 - 0x00007ffc96919000 	C:\Windows\System32\ksuser.dll
0x00007ffc9d4b0000 - 0x00007ffc9d4bb000 	C:\Windows\System32\CRYPTBASE.DLL
0x00007ffc8a9d0000 - 0x00007ffc8aa23000 	C:\Windows\System32\FSClient.dll
0x00007ffc9ac70000 - 0x00007ffc9ac7b000 	C:\Windows\System32\AVRT.dll
0x00007ffc98ca0000 - 0x00007ffc98cad000 	C:\Windows\System32\vidcap.ax
0x00007ffc8ae50000 - 0x00007ffc8ae75000 	C:\Windows\System32\kswdmcap.ax
0x00007ffc7f8f0000 - 0x00007ffc7fa53000 	C:\Windows\System32\MFC42.dll
0x00007ffc90f50000 - 0x00007ffc90fff000 	C:\Windows\System32\ODBC32.dll
0x00007ffc9cf60000 - 0x00007ffc9cf6a000 	C:\Windows\System32\DPAPI.dll
0x00007ffc930c0000 - 0x00007ffc93103000 	C:\Windows\SYSTEM32\policymanager.dll
0x00007ffc9c3a0000 - 0x00007ffc9c431000 	C:\Windows\System32\msvcp110_win.dll
0x00007ffc93190000 - 0x00007ffc93264000 	C:\Windows\System32\MFReadWrite.dll
0x00007ffc84500000 - 0x00007ffc845a3000 	C:\Windows\System32\qedit.dll
0x00007ffc9f090000 - 0x00007ffc9f18a000 	C:\Windows\System32\COMDLG32.dll
0x00007ffc95e50000 - 0x00007ffc95fea000 	C:\Windows\WinSxS\amd64_microsoft.windows.gdiplus_6595b64144ccf1df_1.1.14393.321_none_72fe05dd211a5fae\gdiplus.dll
0x00007ffc78540000 - 0x00007ffc78637000 	C:\Windows\System32\DDRAW.dll
0x00007ffc939d0000 - 0x00007ffc939d8000 	C:\Windows\System32\DCIMAN32.dll
0x00007ffc93090000 - 0x00007ffc9309c000 	C:\Windows\SYSTEM32\msyuv.dll
0x00007ffc96d60000 - 0x00007ffc96ef2000 	C:\Windows\SYSTEM32\dbghelp.dll

VM Arguments:
jvm_args: -Dfile.encoding=Cp1252 
java_command: OverCoat
java_class_path (initial): C:\Users\curti\OneDrive\Programming\HoundDog\bin;C:\Users\curti\OneDrive\Programming\opencv\build\java\opencv-320.jar
Launcher Type: SUN_STANDARD

Environment Variables:
PATH=C:/Program Files/Java/jre1.8.0_111/bin/server;C:/Program Files/Java/jre1.8.0_111/bin;C:/Program Files/Java/jre1.8.0_111/lib/amd64;C:\ProgramData\Oracle\Java\javapath;C:\Windows\system32;C:\Windows;C:\Windows\System32\Wbem;C:\Windows\System32\WindowsPowerShell\v1.0\;C:\Users\curti\AppData\Local\Microsoft\WindowsApps;;C:\Users\curti\Desktop;
USERNAME=curti
OS=Windows_NT
PROCESSOR_IDENTIFIER=Intel64 Family 6 Model 60 Stepping 3, GenuineIntel



---------------  S Y S T E M  ---------------

OS: Windows 10.0 , 64 bit Build 14393 (10.0.14393.0)

CPU:total 8 (4 cores per cpu, 2 threads per core) family 6 model 60 stepping 3, cmov, cx8, fxsr, mmx, sse, sse2, sse3, ssse3, sse4.1, sse4.2, popcnt, avx, avx2, aes, clmul, erms, lzcnt, ht, tsc, tscinvbit, bmi1, bmi2

Memory: 4k page, physical 16713384k(12223228k free), swap 19203752k(13644720k free)

vm_info: Java HotSpot(TM) 64-Bit Server VM (25.111-b14) for windows-amd64 JRE (1.8.0_111-b14), built on Sep 22 2016 19:24:05 by "java_re" with MS VC++ 10.0 (VS2010)

time: Mon Jan 16 10:34:25 2017
elapsed time: 57 seconds (0d 0h 0m 57s)

