#
# A fatal error has been detected by the Java Runtime Environment:
#
#  Internal Error (0xc000000d), pid=2624, tid=0x0000000000002028
#
# JRE version: Java(TM) SE Runtime Environment (8.0_111-b14) (build 1.8.0_111-b14)
# Java VM: Java HotSpot(TM) 64-Bit Server VM (25.111-b14 mixed mode windows-amd64 compressed oops)
# Problematic frame:
# C  [ntdll.dll+0xff44c]
#
# Failed to write core dump. Minidumps are not enabled by default on client versions of Windows
#
# If you would like to submit a bug report, please visit:
#   http://bugreport.java.com/bugreport/crash.jsp
#

---------------  T H R E A D  ---------------

Current thread (0x000000001c589000):  VMThread [stack: 0x000000001e280000,0x000000001e380000] [id=8232]

siginfo: ExceptionCode=0xc000000d

Registers:
RAX=0x00000000503ad79a, RBX=0x0000000020290200, RCX=0x000000001c58a020, RDX=0x00000000503c4e7e
RSP=0x000000001e37eb00, RBP=0x0000000000000000, RSI=0x0000000026e369d0, RDI=0x0000000026e36c50
R8 =0x00000000ffffff00, R9 =0x000000001e37e879, R10=0x00000000503c38a8, R11=0x000000001e37e879
R12=0x0000000000000000, R13=0x00000000ffffffff, R14=0x0000000026e15ce0, R15=0x0000000026e369d0
RIP=0x00007ffca298f44c, EFLAGS=0x0000000000000202

Top of Stack: (sp=0x000000001e37eb00)
0x000000001e37eb00:   0000000000000057 0000000020290200
0x000000001e37eb10:   0000000026e369d0 0000000026e36c50
0x000000001e37eb20:   00000000c000000d 0000000000000000
0x000000001e37eb30:   00007ffca298f44c 0000000000000000
0x000000001e37eb40:   0000000000000000 0000000000000000
0x000000001e37eb50:   0000000000000000 0000000000000000
0x000000001e37eb60:   0000000000000000 0000000000000000
0x000000001e37eb70:   0000000000000000 0000000000000000
0x000000001e37eb80:   0000000000000000 0000000000000000
0x000000001e37eb90:   0000000000000000 0000000000000000
0x000000001e37eba0:   0000000000000000 0000000000000000
0x000000001e37ebb0:   0000000000000000 0000000000fb0cc0
0x000000001e37ebc0:   000058755f25e90c 0000000000000000
0x000000001e37ebd0:   0000000000000000 00007ffca2951899
0x000000001e37ebe0:   0000000000000001 00007ffc931ae8db
0x000000001e37ebf0:   0000000100000003 0000000000000004 

Instructions: (pc=0x00007ffca298f44c)
0x00007ffca298f42c:   d5 fa ff c7 44 24 20 0d 00 00 c0 b9 57 00 00 00
0x00007ffca298f43c:   e8 7f 13 f6 ff 90 48 8d 4c 24 20 e8 04 bf f4 ff
0x00007ffca298f44c:   eb 00 48 8b 8c 24 c0 00 00 00 48 33 cc e8 82 74
0x00007ffca298f45c:   f9 ff 48 81 c4 d8 00 00 00 c3 40 55 48 83 ec 20 


Register to memory mapping:

RAX=0x00000000503ad79a is an unknown value
RBX=0x0000000020290200 is an unknown value
RCX=0x000000001c58a020 is an unknown value
RDX=0x00000000503c4e7e is an unknown value
RSP=0x000000001e37eb00 is an unknown value
RBP=0x0000000000000000 is an unknown value
RSI=0x0000000026e369d0 is an unknown value
RDI=0x0000000026e36c50 is an unknown value
R8 =0x00000000ffffff00 is an unknown value
R9 =0x000000001e37e879 is an unknown value
R10=0x00000000503c38a8 is an unknown value
R11=0x000000001e37e879 is an unknown value
R12=0x0000000000000000 is an unknown value
R13=0x00000000ffffffff is an unknown value
R14=0x0000000026e15ce0 is an unknown value
R15=0x0000000026e369d0 is an unknown value


Stack: [0x000000001e280000,0x000000001e380000],  sp=0x000000001e37eb00,  free space=1018k
Native frames: (J=compiled Java code, j=interpreted, Vv=VM code, C=native code)

VM_Operation (0x000000002637d0e0): Exit, mode: safepoint, requested by thread 0x000000001f424800


---------------  P R O C E S S  ---------------

Java Threads: ( => current thread )
  0x000000001f424800 JavaThread "AWT-EventQueue-0" [_thread_blocked, id=7648, stack(0x0000000026280000,0x0000000026380000)]
  0x000000001f3f9000 JavaThread "AWT-Shutdown" [_thread_blocked, id=8236, stack(0x000000001fd00000,0x000000001fe00000)]
  0x000000001f3f8800 JavaThread "Java2D Disposer" daemon [_thread_blocked, id=5064, stack(0x000000001fba0000,0x000000001fca0000)]
  0x000000001e54c000 JavaThread "Service Thread" daemon [_thread_blocked, id=8956, stack(0x000000001f070000,0x000000001f170000)]
  0x000000001e4c0000 JavaThread "C1 CompilerThread3" daemon [_thread_blocked, id=8188, stack(0x000000001ef70000,0x000000001f070000)]
  0x000000001e4bb000 JavaThread "C2 CompilerThread2" daemon [_thread_blocked, id=7788, stack(0x000000001ee70000,0x000000001ef70000)]
  0x000000001e4aa800 JavaThread "C2 CompilerThread1" daemon [_thread_blocked, id=8000, stack(0x000000001ed70000,0x000000001ee70000)]
  0x000000001e4a7800 JavaThread "C2 CompilerThread0" daemon [_thread_blocked, id=5112, stack(0x000000001ec70000,0x000000001ed70000)]
  0x000000001e4a6000 JavaThread "Attach Listener" daemon [_thread_blocked, id=2548, stack(0x000000001eb70000,0x000000001ec70000)]
  0x000000001c59d800 JavaThread "Signal Dispatcher" daemon [_thread_blocked, id=5504, stack(0x000000001ea70000,0x000000001eb70000)]
  0x000000001e4a0800 JavaThread "Finalizer" daemon [_thread_blocked, id=2004, stack(0x000000001e880000,0x000000001e980000)]
  0x0000000002ae6000 JavaThread "Reference Handler" daemon [_thread_blocked, id=6328, stack(0x000000001e380000,0x000000001e480000)]
  0x00000000029f0800 JavaThread "main" [_thread_blocked, id=4824, stack(0x0000000002800000,0x0000000002900000)]

Other Threads:
=>0x000000001c589000 VMThread [stack: 0x000000001e280000,0x000000001e380000] [id=8232]

VM state:at safepoint (shutting down)

VM Mutex/Monitor currently owned by a thread:  ([mutex/lock_event])
[0x00000000029ebe30] Threads_lock - owner thread: 0x000000001c589000

Heap:
 PSYoungGen      total 30720K, used 14420K [0x000000076af80000, 0x000000076ec80000, 0x00000007c0000000)
  eden space 30208K, 47% used [0x000000076af80000,0x000000076bd95390,0x000000076cd00000)
  from space 512K, 0% used [0x000000076ec00000,0x000000076ec00000,0x000000076ec80000)
  to   space 512K, 0% used [0x000000076eb80000,0x000000076eb80000,0x000000076ec00000)
 ParOldGen       total 67072K, used 3339K [0x00000006c0e00000, 0x00000006c4f80000, 0x000000076af80000)
  object space 67072K, 4% used [0x00000006c0e00000,0x00000006c1142fd0,0x00000006c4f80000)
 Metaspace       used 8881K, capacity 9126K, committed 9344K, reserved 1056768K
  class space    used 1030K, capacity 1097K, committed 1152K, reserved 1048576K

Card table byte_map: [0x0000000011eb0000,0x00000000126b0000] byte_map_base: 0x000000000e8a9000

Marking Bits: (ParMarkBitMap*) 0x0000000050c6a6c0
 Begin Bits: [0x0000000013410000, 0x00000000173d8000)
 End Bits:   [0x00000000173d8000, 0x000000001b3a0000)

Polling page: 0x0000000001000000

CodeCache: size=245760Kb used=3088Kb max_used=3088Kb free=242671Kb
 bounds [0x0000000002af0000, 0x0000000002e00000, 0x0000000011af0000]
 total_blobs=1196 nmethods=747 adapters=362
 compilation: enabled

Compilation events (10 events):
Event: 55.466 Thread 0x000000001e4c0000  791       1       java.beans.PropertyChangeEvent::getNewValue (5 bytes)
Event: 55.466 Thread 0x000000001e4c0000 nmethod 791 0x0000000002cc3a10 code [0x0000000002cc3b60, 0x0000000002cc3c70]
Event: 56.056 Thread 0x000000001e4c0000  792       1       java.io.OutputStream::flush (1 bytes)
Event: 56.056 Thread 0x000000001e4c0000 nmethod 792 0x0000000002dd0d10 code [0x0000000002dd0e60, 0x0000000002dd0f70]
Event: 56.103 Thread 0x000000001e4c0000  794       3       java.awt.image.ComponentSampleModel::getBufferSize (191 bytes)
Event: 56.105 Thread 0x000000001e4c0000 nmethod 794 0x0000000002df1510 code [0x0000000002df1720, 0x0000000002df1fe8]
Event: 56.105 Thread 0x000000001e4c0000  793       3       java.awt.image.SampleModel::<init> (189 bytes)
Event: 56.108 Thread 0x000000001e4c0000 nmethod 793 0x0000000002df2390 code [0x0000000002df2720, 0x0000000002df4628]
Event: 56.108 Thread 0x000000001e4c0000  795       3       java.awt.image.Raster::<init> (220 bytes)
Event: 56.112 Thread 0x000000001e4c0000 nmethod 795 0x0000000002df5590 code [0x0000000002df57e0, 0x0000000002df6618]

GC Heap History (10 events):
Event: 56.514 GC heap before
{Heap before GC invocations=486 (full 3):
 PSYoungGen      total 30720K, used 30400K [0x000000076af80000, 0x000000076ec80000, 0x00000007c0000000)
  eden space 30208K, 100% used [0x000000076af80000,0x000000076cd00000,0x000000076cd00000)
  from space 512K, 37% used [0x000000076ec00000,0x000000076ec30000,0x000000076ec80000)
  to   space 512K, 0% used [0x000000076eb80000,0x000000076eb80000,0x000000076ec00000)
 ParOldGen       total 66048K, used 52626K [0x00000006c0e00000, 0x00000006c4e80000, 0x000000076af80000)
  object space 66048K, 79% used [0x00000006c0e00000,0x00000006c4164820,0x00000006c4e80000)
 Metaspace       used 8878K, capacity 9126K, committed 9344K, reserved 1056768K
  class space    used 1029K, capacity 1097K, committed 1152K, reserved 1048576K
Event: 56.515 GC heap after
Heap after GC invocations=486 (full 3):
 PSYoungGen      total 30720K, used 224K [0x000000076af80000, 0x000000076ec80000, 0x00000007c0000000)
  eden space 30208K, 0% used [0x000000076af80000,0x000000076af80000,0x000000076cd00000)
  from space 512K, 43% used [0x000000076eb80000,0x000000076ebb8000,0x000000076ec00000)
  to   space 512K, 0% used [0x000000076ec00000,0x000000076ec00000,0x000000076ec80000)
 ParOldGen       total 66048K, used 55334K [0x00000006c0e00000, 0x00000006c4e80000, 0x000000076af80000)
  object space 66048K, 83% used [0x00000006c0e00000,0x00000006c4409850,0x00000006c4e80000)
 Metaspace       used 8878K, capacity 9126K, committed 9344K, reserved 1056768K
  class space    used 1029K, capacity 1097K, committed 1152K, reserved 1048576K
}
Event: 56.769 GC heap before
{Heap before GC invocations=487 (full 3):
 PSYoungGen      total 30720K, used 30432K [0x000000076af80000, 0x000000076ec80000, 0x00000007c0000000)
  eden space 30208K, 100% used [0x000000076af80000,0x000000076cd00000,0x000000076cd00000)
  from space 512K, 43% used [0x000000076eb80000,0x000000076ebb8000,0x000000076ec00000)
  to   space 512K, 0% used [0x000000076ec00000,0x000000076ec00000,0x000000076ec80000)
 ParOldGen       total 66048K, used 55334K [0x00000006c0e00000, 0x00000006c4e80000, 0x000000076af80000)
  object space 66048K, 83% used [0x00000006c0e00000,0x00000006c4409850,0x00000006c4e80000)
 Metaspace       used 8878K, capacity 9126K, committed 9344K, reserved 1056768K
  class space    used 1029K, capacity 1097K, committed 1152K, reserved 1048576K
Event: 56.770 GC heap after
Heap after GC invocations=487 (full 3):
 PSYoungGen      total 30720K, used 128K [0x000000076af80000, 0x000000076ec80000, 0x00000007c0000000)
  eden space 30208K, 0% used [0x000000076af80000,0x000000076af80000,0x000000076cd00000)
  from space 512K, 25% used [0x000000076ec00000,0x000000076ec20000,0x000000076ec80000)
  to   space 512K, 0% used [0x000000076eb80000,0x000000076eb80000,0x000000076ec00000)
 ParOldGen       total 66048K, used 55334K [0x00000006c0e00000, 0x00000006c4e80000, 0x000000076af80000)
  object space 66048K, 83% used [0x00000006c0e00000,0x00000006c4409850,0x00000006c4e80000)
 Metaspace       used 8878K, capacity 9126K, committed 9344K, reserved 1056768K
  class space    used 1029K, capacity 1097K, committed 1152K, reserved 1048576K
}
Event: 56.963 GC heap before
{Heap before GC invocations=488 (full 3):
 PSYoungGen      total 30720K, used 30336K [0x000000076af80000, 0x000000076ec80000, 0x00000007c0000000)
  eden space 30208K, 100% used [0x000000076af80000,0x000000076cd00000,0x000000076cd00000)
  from space 512K, 25% used [0x000000076ec00000,0x000000076ec20000,0x000000076ec80000)
  to   space 512K, 0% used [0x000000076eb80000,0x000000076eb80000,0x000000076ec00000)
 ParOldGen       total 66048K, used 55334K [0x00000006c0e00000, 0x00000006c4e80000, 0x000000076af80000)
  object space 66048K, 83% used [0x00000006c0e00000,0x00000006c4409850,0x00000006c4e80000)
 Metaspace       used 8878K, capacity 9126K, committed 9344K, reserved 1056768K
  class space    used 1029K, capacity 1097K, committed 1152K, reserved 1048576K
Event: 56.964 GC heap after
Heap after GC invocations=488 (full 3):
 PSYoungGen      total 30720K, used 160K [0x000000076af80000, 0x000000076ec80000, 0x00000007c0000000)
  eden space 30208K, 0% used [0x000000076af80000,0x000000076af80000,0x000000076cd00000)
  from space 512K, 31% used [0x000000076eb80000,0x000000076eba8000,0x000000076ec00000)
  to   space 512K, 0% used [0x000000076ec00000,0x000000076ec00000,0x000000076ec80000)
 ParOldGen       total 66048K, used 58034K [0x00000006c0e00000, 0x00000006c4e80000, 0x000000076af80000)
  object space 66048K, 87% used [0x00000006c0e00000,0x00000006c46ac880,0x00000006c4e80000)
 Metaspace       used 8878K, capacity 9126K, committed 9344K, reserved 1056768K
  class space    used 1029K, capacity 1097K, committed 1152K, reserved 1048576K
}
Event: 57.172 GC heap before
{Heap before GC invocations=489 (full 3):
 PSYoungGen      total 30720K, used 30368K [0x000000076af80000, 0x000000076ec80000, 0x00000007c0000000)
  eden space 30208K, 100% used [0x000000076af80000,0x000000076cd00000,0x000000076cd00000)
  from space 512K, 31% used [0x000000076eb80000,0x000000076eba8000,0x000000076ec00000)
  to   space 512K, 0% used [0x000000076ec00000,0x000000076ec00000,0x000000076ec80000)
 ParOldGen       total 66048K, used 58034K [0x00000006c0e00000, 0x00000006c4e80000, 0x000000076af80000)
  object space 66048K, 87% used [0x00000006c0e00000,0x00000006c46ac880,0x00000006c4e80000)
 Metaspace       used 8881K, capacity 9126K, committed 9344K, reserved 1056768K
  class space    used 1030K, capacity 1097K, committed 1152K, reserved 1048576K
Event: 57.173 GC heap after
Heap after GC invocations=489 (full 3):
 PSYoungGen      total 30720K, used 288K [0x000000076af80000, 0x000000076ec80000, 0x00000007c0000000)
  eden space 30208K, 0% used [0x000000076af80000,0x000000076af80000,0x000000076cd00000)
  from space 512K, 56% used [0x000000076ec00000,0x000000076ec48000,0x000000076ec80000)
  to   space 512K, 0% used [0x000000076eb80000,0x000000076eb80000,0x000000076ec00000)
 ParOldGen       total 66048K, used 63434K [0x00000006c0e00000, 0x00000006c4e80000, 0x000000076af80000)
  object space 66048K, 96% used [0x00000006c0e00000,0x00000006c4bf28e0,0x00000006c4e80000)
 Metaspace       used 8881K, capacity 9126K, committed 9344K, reserved 1056768K
  class space    used 1030K, capacity 1097K, committed 1152K, reserved 1048576K
}
Event: 57.173 GC heap before
{Heap before GC invocations=490 (full 4):
 PSYoungGen      total 30720K, used 288K [0x000000076af80000, 0x000000076ec80000, 0x00000007c0000000)
  eden space 30208K, 0% used [0x000000076af80000,0x000000076af80000,0x000000076cd00000)
  from space 512K, 56% used [0x000000076ec00000,0x000000076ec48000,0x000000076ec80000)
  to   space 512K, 0% used [0x000000076eb80000,0x000000076eb80000,0x000000076ec00000)
 ParOldGen       total 66048K, used 63434K [0x00000006c0e00000, 0x00000006c4e80000, 0x000000076af80000)
  object space 66048K, 96% used [0x00000006c0e00000,0x00000006c4bf28e0,0x00000006c4e80000)
 Metaspace       used 8881K, capacity 9126K, committed 9344K, reserved 1056768K
  class space    used 1030K, capacity 1097K, committed 1152K, reserved 1048576K
Event: 57.178 GC heap after
Heap after GC invocations=490 (full 4):
 PSYoungGen      total 30720K, used 0K [0x000000076af80000, 0x000000076ec80000, 0x00000007c0000000)
  eden space 30208K, 0% used [0x000000076af80000,0x000000076af80000,0x000000076cd00000)
  from space 512K, 0% used [0x000000076ec00000,0x000000076ec00000,0x000000076ec80000)
  to   space 512K, 0% used [0x000000076eb80000,0x000000076eb80000,0x000000076ec00000)
 ParOldGen       total 67072K, used 3339K [0x00000006c0e00000, 0x00000006c4f80000, 0x000000076af80000)
  object space 67072K, 4% used [0x00000006c0e00000,0x00000006c1142fd0,0x00000006c4f80000)
 Metaspace       used 8881K, capacity 9126K, committed 9344K, reserved 1056768K
  class space    used 1030K, capacity 1097K, committed 1152K, reserved 1048576K
}

Deoptimization events (10 events):
Event: 0.649 Thread 0x00000000029f0800 Uncommon trap: reason=unstable_if action=reinterpret pc=0x0000000002cb04a4 method=PicRecoginition.isColor(I)Z @ 50
Event: 0.661 Thread 0x00000000029f0800 Uncommon trap: reason=unstable_if action=reinterpret pc=0x0000000002ca36fc method=java.awt.image.ComponentColorModel.getRGB(Ljava/lang/Object;)I @ 4
Event: 0.697 Thread 0x00000000029f0800 Uncommon trap: reason=unstable_if action=reinterpret pc=0x0000000002cc9f6c method=PicRecoginition.porcessedImg(Ljava/awt/image/BufferedImage;)Ljava/awt/image/BufferedImage; @ 89
Event: 0.795 Thread 0x00000000029f0800 Uncommon trap: reason=unstable_if action=reinterpret pc=0x0000000002cd4be8 method=PicRecoginition.percentMask([[IIILjava/awt/image/BufferedImage;)I @ 10
Event: 3.272 Thread 0x00000000029f0800 Uncommon trap: reason=unstable_if action=reinterpret pc=0x0000000002cdd1f0 method=PicRecoginition.winCheck(III)V @ 13
Event: 8.798 Thread 0x00000000029f0800 Uncommon trap: reason=unstable_if action=reinterpret pc=0x0000000002ccd850 method=PicRecoginition.percentMask([[IIILjava/awt/image/BufferedImage;)I @ 48
Event: 30.588 Thread 0x00000000029f0800 Uncommon trap: reason=unstable_if action=reinterpret pc=0x0000000002cf1934 method=PicRecoginition.isColor(I)Z @ 107
Event: 30.654 Thread 0x00000000029f0800 Uncommon trap: reason=unstable_if action=reinterpret pc=0x0000000002ccf824 method=PicRecoginition.isColor(I)Z @ 107
Event: 30.654 Thread 0x00000000029f0800 Uncommon trap: reason=unstable_if action=reinterpret pc=0x0000000002ca54b0 method=PicRecoginition.isColor(I)Z @ 107
Event: 30.654 Thread 0x00000000029f0800 Uncommon trap: reason=unstable_if action=reinterpret pc=0x0000000002ce9eb4 method=PicRecoginition.isColor(I)Z @ 107

Internal exceptions (10 events):
Event: 0.025 Thread 0x00000000029f0800 Exception <a 'java/lang/NoSuchMethodError': Method sun.misc.Unsafe.prefetchRead(Ljava/lang/Object;J)V name or signature does not match> (0x000000076af87f60) thrown at [C:\re\workspace\8-2-build-windows-amd64-cygwin\jdk8u111\7883\hotspot\src\share\vm\prims
Event: 0.067 Thread 0x00000000029f0800 Exception <a 'java/security/PrivilegedActionException'> (0x000000076b003908) thrown at [C:\re\workspace\8-2-build-windows-amd64-cygwin\jdk8u111\7883\hotspot\src\share\vm\prims\jvm.cpp, line 1386]
Event: 0.067 Thread 0x00000000029f0800 Exception <a 'java/security/PrivilegedActionException'> (0x000000076b003b18) thrown at [C:\re\workspace\8-2-build-windows-amd64-cygwin\jdk8u111\7883\hotspot\src\share\vm\prims\jvm.cpp, line 1386]
Event: 0.068 Thread 0x00000000029f0800 Exception <a 'java/security/PrivilegedActionException'> (0x000000076b007760) thrown at [C:\re\workspace\8-2-build-windows-amd64-cygwin\jdk8u111\7883\hotspot\src\share\vm\prims\jvm.cpp, line 1386]
Event: 0.068 Thread 0x00000000029f0800 Exception <a 'java/security/PrivilegedActionException'> (0x000000076b007970) thrown at [C:\re\workspace\8-2-build-windows-amd64-cygwin\jdk8u111\7883\hotspot\src\share\vm\prims\jvm.cpp, line 1386]
Event: 0.071 Thread 0x00000000029f0800 Exception <a 'java/io/FileNotFoundException'> (0x000000076b009e88) thrown at [C:\re\workspace\8-2-build-windows-amd64-cygwin\jdk8u111\7883\hotspot\src\share\vm\prims\jni.cpp, line 709]
Event: 0.096 Thread 0x00000000029f0800 Exception <a 'java/lang/NoSuchFieldError': method resolution failed> (0x000000076b21ed28) thrown at [C:\re\workspace\8-2-build-windows-amd64-cygwin\jdk8u111\7883\hotspot\src\share\vm\prims\methodHandles.cpp, line 1146]
Event: 0.097 Thread 0x00000000029f0800 Exception <a 'java/lang/NoSuchFieldError': method resolution failed> (0x000000076b22c0f8) thrown at [C:\re\workspace\8-2-build-windows-amd64-cygwin\jdk8u111\7883\hotspot\src\share\vm\prims\methodHandles.cpp, line 1146]
Event: 0.119 Thread 0x00000000029f0800 Exception <a 'java/io/FileNotFoundException'> (0x000000076b2bfca0) thrown at [C:\re\workspace\8-2-build-windows-amd64-cygwin\jdk8u111\7883\hotspot\src\share\vm\prims\jni.cpp, line 709]
Event: 0.158 Thread 0x00000000029f0800 Implicit null exception at 0x0000000002c62b1c to 0x0000000002c62cf5

Events (10 events):
Event: 57.142 Thread 0x000000001e81c800 Thread added: 0x000000001e81c800
Event: 57.143 Thread 0x000000001e81a000 Thread exited: 0x000000001e81a000
Event: 57.143 Thread 0x000000001f47d000 Thread exited: 0x000000001f47d000
Event: 57.143 loading class sun/java2d/pipe/hw/AccelDeviceEventNotifier
Event: 57.143 loading class sun/java2d/pipe/hw/AccelDeviceEventNotifier done
Event: 57.153 Thread 0x000000001f3fc000 Thread exited: 0x000000001f3fc000
Event: 57.172 Executing VM operation: ParallelGCFailedAllocation
Event: 57.178 Executing VM operation: ParallelGCFailedAllocation done
Event: 57.243 Thread 0x000000001e81c800 Thread exited: 0x000000001e81c800
Event: 57.243 Executing VM operation: Exit


Dynamic libraries:
0x00007ff7c4770000 - 0x00007ff7c47a7000 	C:\Program Files\Java\jre1.8.0_111\bin\javaw.exe
0x00007ffca2890000 - 0x00007ffca2a61000 	C:\Windows\SYSTEM32\ntdll.dll
0x00007ffc9eb70000 - 0x00007ffc9ec1b000 	C:\Windows\System32\KERNEL32.DLL
0x00007ffc8b2d0000 - 0x00007ffc8b324000 	C:\Program Files (x86)\AVG\Av\avghooka.dll
0x00007ffc9de40000 - 0x00007ffc9e05d000 	C:\Windows\System32\KERNELBASE.dll
0x00007ffc9f880000 - 0x00007ffc9f922000 	C:\Windows\System32\ADVAPI32.dll
0x00007ffc9f340000 - 0x00007ffc9f3de000 	C:\Windows\System32\msvcrt.dll
0x00007ffc9eb10000 - 0x00007ffc9eb69000 	C:\Windows\System32\sechost.dll
0x00007ffc9f750000 - 0x00007ffc9f871000 	C:\Windows\System32\RPCRT4.dll
0x00007ffc9f5e0000 - 0x00007ffc9f745000 	C:\Windows\System32\USER32.dll
0x00007ffc9dc90000 - 0x00007ffc9dcae000 	C:\Windows\System32\win32u.dll
0x00007ffc9ec20000 - 0x00007ffc9ec54000 	C:\Windows\System32\GDI32.dll
0x00007ffc9dcb0000 - 0x00007ffc9de32000 	C:\Windows\System32\gdi32full.dll
0x00007ffc945d0000 - 0x00007ffc94849000 	C:\Windows\WinSxS\amd64_microsoft.windows.common-controls_6595b64144ccf1df_6.0.14393.447_none_42191651c6827bb3\COMCTL32.dll
0x00007ffca0f20000 - 0x00007ffca11e8000 	C:\Windows\System32\combase.dll
0x00007ffc9db20000 - 0x00007ffc9dc15000 	C:\Windows\System32\ucrtbase.dll
0x00007ffc9dc20000 - 0x00007ffc9dc8a000 	C:\Windows\System32\bcryptPrimitives.dll
0x00007ffca1550000 - 0x00007ffca157e000 	C:\Windows\System32\IMM32.DLL
0x0000000050370000 - 0x0000000050442000 	C:\Program Files\Java\jre1.8.0_111\bin\msvcr100.dll
0x0000000050450000 - 0x0000000050cea000 	C:\Program Files\Java\jre1.8.0_111\bin\server\jvm.dll
0x00007ffca1520000 - 0x00007ffca1528000 	C:\Windows\System32\PSAPI.DLL
0x00007ffc8f1c0000 - 0x00007ffc8f1c9000 	C:\Windows\SYSTEM32\WSOCK32.dll
0x00007ffca0eb0000 - 0x00007ffca0f1a000 	C:\Windows\System32\WS2_32.dll
0x00007ffc9be00000 - 0x00007ffc9be23000 	C:\Windows\SYSTEM32\WINMM.dll
0x00007ffc99430000 - 0x00007ffc9943a000 	C:\Windows\SYSTEM32\VERSION.dll
0x00007ffc9bda0000 - 0x00007ffc9bdcb000 	C:\Windows\SYSTEM32\WINMMBASE.dll
0x00007ffc9e970000 - 0x00007ffc9e9b2000 	C:\Windows\System32\cfgmgr32.dll
0x0000000050f90000 - 0x0000000050f9f000 	C:\Program Files\Java\jre1.8.0_111\bin\verify.dll
0x0000000050f60000 - 0x0000000050f89000 	C:\Program Files\Java\jre1.8.0_111\bin\java.dll
0x0000000050f40000 - 0x0000000050f56000 	C:\Program Files\Java\jre1.8.0_111\bin\zip.dll
0x00007ffc9f990000 - 0x00007ffca0e99000 	C:\Windows\System32\SHELL32.dll
0x00007ffc9e0c0000 - 0x00007ffc9e79a000 	C:\Windows\System32\windows.storage.dll
0x00007ffc9da10000 - 0x00007ffc9da5c000 	C:\Windows\System32\powrprof.dll
0x00007ffca11f0000 - 0x00007ffca1242000 	C:\Windows\System32\shlwapi.dll
0x00007ffc9da00000 - 0x00007ffc9da0f000 	C:\Windows\System32\kernel.appcore.dll
0x00007ffc9ea60000 - 0x00007ffc9eb09000 	C:\Windows\System32\shcore.dll
0x00007ffc9d9e0000 - 0x00007ffc9d9f4000 	C:\Windows\System32\profapi.dll
0x00007ffc6de60000 - 0x00007ffc6fd57000 	C:\Users\curti\OneDrive\Programming\opencv\build\java\x64\opencv_java320.dll
0x00007ffc9f190000 - 0x00007ffc9f2c7000 	C:\Windows\System32\ole32.dll
0x00007ffca12c0000 - 0x00007ffca137f000 	C:\Windows\System32\OLEAUT32.dll
0x00007ffc9e9c0000 - 0x00007ffc9ea5c000 	C:\Windows\System32\msvcp_win.dll
0x00007ffc8afb0000 - 0x00007ffc8afd9000 	C:\Windows\SYSTEM32\MSVFW32.dll
0x00007ffc93040000 - 0x00007ffc93060000 	C:\Windows\SYSTEM32\AVIFIL32.dll
0x00007ffc8af90000 - 0x00007ffc8afa8000 	C:\Windows\SYSTEM32\AVICAP32.dll
0x00007ffc9a6a0000 - 0x00007ffc9a6bc000 	C:\Windows\SYSTEM32\MSACM32.dll
0x00000000501d0000 - 0x0000000050368000 	C:\Program Files\Java\jre1.8.0_111\bin\awt.dll
0x00007ffc9b6f0000 - 0x00007ffc9b76a000 	C:\Windows\SYSTEM32\apphelp.dll
0x00007ffc9b770000 - 0x00007ffc9b796000 	C:\Windows\system32\DWMAPI.DLL
0x00007ffc9c130000 - 0x00007ffc9c1c5000 	C:\Windows\system32\uxtheme.dll
0x00007ffc9f3e0000 - 0x00007ffc9f53b000 	C:\Windows\System32\MSCTF.dll
0x0000000050180000 - 0x00000000501c7000 	C:\Program Files\Java\jre1.8.0_111\bin\fontmanager.dll
0x00007ffc9f540000 - 0x00007ffc9f5df000 	C:\Windows\System32\clbcatq.dll
0x00007ffc8ada0000 - 0x00007ffc8adb8000 	C:\Windows\System32\devenum.dll
0x00007ffc9ec60000 - 0x00007ffc9f089000 	C:\Windows\System32\setupapi.dll
0x00007ffc9cd90000 - 0x00007ffc9cdc2000 	C:\Windows\SYSTEM32\ntmarta.dll
0x00007ffc9c5c0000 - 0x00007ffc9c5e8000 	C:\Windows\SYSTEM32\DEVOBJ.dll
0x00007ffc9e060000 - 0x00007ffc9e0b5000 	C:\Windows\System32\WINTRUST.dll
0x00007ffc9da60000 - 0x00007ffc9da70000 	C:\Windows\System32\MSASN1.dll
0x00007ffc9e7a0000 - 0x00007ffc9e969000 	C:\Windows\System32\CRYPT32.dll
0x00007ffc964a0000 - 0x00007ffc964aa000 	C:\Windows\SYSTEM32\msdmo.dll
0x00007ffc8ad60000 - 0x00007ffc8ad93000 	C:\Windows\System32\qcap.dll
0x00007ffc78bf0000 - 0x00007ffc78db3000 	C:\Windows\System32\quartz.dll
0x00007ffc9d920000 - 0x00007ffc9d94b000 	C:\Windows\System32\bcrypt.dll
0x00007ffc8ad00000 - 0x00007ffc8ad48000 	C:\Windows\System32\mfksproxy.dll
0x00007ffc88320000 - 0x00007ffc8833c000 	C:\Windows\System32\ATL.DLL
0x00007ffc89650000 - 0x00007ffc8969e000 	C:\Windows\System32\MFSENSORGROUP.dll
0x00007ffc9b560000 - 0x00007ffc9b6c8000 	C:\Windows\System32\MFPlat.DLL
0x00007ffc9b1e0000 - 0x00007ffc9b20e000 	C:\Windows\System32\RTWorkQ.DLL
0x00007ffc79a00000 - 0x00007ffc79deb000 	C:\Windows\System32\MFCORE.dll
0x00007ffc96910000 - 0x00007ffc96919000 	C:\Windows\System32\ksuser.dll
0x00007ffc9d4b0000 - 0x00007ffc9d4bb000 	C:\Windows\System32\CRYPTBASE.DLL
0x00007ffc86800000 - 0x00007ffc86853000 	C:\Windows\System32\FSClient.dll
0x00007ffc9ac70000 - 0x00007ffc9ac7b000 	C:\Windows\System32\AVRT.dll
0x00007ffc939e0000 - 0x00007ffc939ed000 	C:\Windows\System32\vidcap.ax
0x00007ffc89a70000 - 0x00007ffc89a95000 	C:\Windows\System32\kswdmcap.ax
0x00007ffc7fa90000 - 0x00007ffc7fbf3000 	C:\Windows\System32\MFC42.dll
0x00007ffc84500000 - 0x00007ffc845af000 	C:\Windows\System32\ODBC32.dll
0x00007ffc9cf60000 - 0x00007ffc9cf6a000 	C:\Windows\System32\DPAPI.dll
0x00007ffc930c0000 - 0x00007ffc93103000 	C:\Windows\SYSTEM32\policymanager.dll
0x00007ffc9c3a0000 - 0x00007ffc9c431000 	C:\Windows\System32\msvcp110_win.dll
0x00007ffc93190000 - 0x00007ffc93264000 	C:\Windows\System32\MFReadWrite.dll
0x00007ffc86880000 - 0x00007ffc86923000 	C:\Windows\System32\qedit.dll
0x00007ffc9f090000 - 0x00007ffc9f18a000 	C:\Windows\System32\COMDLG32.dll
0x00007ffc95e50000 - 0x00007ffc95fea000 	C:\Windows\WinSxS\amd64_microsoft.windows.gdiplus_6595b64144ccf1df_1.1.14393.321_none_72fe05dd211a5fae\gdiplus.dll
0x00007ffc78af0000 - 0x00007ffc78be7000 	C:\Windows\System32\DDRAW.dll
0x00007ffc98cd0000 - 0x00007ffc98cd8000 	C:\Windows\System32\DCIMAN32.dll
0x00007ffc96960000 - 0x00007ffc9696c000 	C:\Windows\SYSTEM32\msyuv.dll
0x00007ffc96d60000 - 0x00007ffc96ef2000 	C:\Windows\SYSTEM32\dbghelp.dll

VM Arguments:
jvm_args: -Dfile.encoding=Cp1252 
java_command: OverCoat
java_class_path (initial): C:\Users\curti\OneDrive\Programming\HoundDog\bin;C:\Users\curti\OneDrive\Programming\opencv\build\java\opencv-320.jar
Launcher Type: SUN_STANDARD

Environment Variables:
PATH=C:/Program Files/Java/jre1.8.0_111/bin/server;C:/Program Files/Java/jre1.8.0_111/bin;C:/Program Files/Java/jre1.8.0_111/lib/amd64;C:\ProgramData\Oracle\Java\javapath;C:\Windows\system32;C:\Windows;C:\Windows\System32\Wbem;C:\Windows\System32\WindowsPowerShell\v1.0\;C:\Users\curti\AppData\Local\Microsoft\WindowsApps;;C:\Users\curti\Desktop\desktop stuff;
USERNAME=curti
OS=Windows_NT
PROCESSOR_IDENTIFIER=Intel64 Family 6 Model 60 Stepping 3, GenuineIntel



---------------  S Y S T E M  ---------------

OS: Windows 10.0 , 64 bit Build 14393 (10.0.14393.0)

CPU:total 8 (4 cores per cpu, 2 threads per core) family 6 model 60 stepping 3, cmov, cx8, fxsr, mmx, sse, sse2, sse3, ssse3, sse4.1, sse4.2, popcnt, avx, avx2, aes, clmul, erms, lzcnt, ht, tsc, tscinvbit, bmi1, bmi2

Memory: 4k page, physical 16713384k(12519688k free), swap 19203752k(13964272k free)

vm_info: Java HotSpot(TM) 64-Bit Server VM (25.111-b14) for windows-amd64 JRE (1.8.0_111-b14), built on Sep 22 2016 19:24:05 by "java_re" with MS VC++ 10.0 (VS2010)

time: Mon Jan 16 14:19:52 2017
elapsed time: 57 seconds (0d 0h 0m 57s)

