#
# A fatal error has been detected by the Java Runtime Environment:
#
#  Internal Error (0xc000000d), pid=8904, tid=0x0000000000002230
#
# JRE version: Java(TM) SE Runtime Environment (8.0_111-b14) (build 1.8.0_111-b14)
# Java VM: Java HotSpot(TM) 64-Bit Server VM (25.111-b14 mixed mode windows-amd64 compressed oops)
# Problematic frame:
# C  [ntdll.dll+0xff44c]
#
# Failed to write core dump. Minidumps are not enabled by default on client versions of Windows
#
# If you would like to submit a bug report, please visit:
#   http://bugreport.java.com/bugreport/crash.jsp
#

---------------  T H R E A D  ---------------

Current thread (0x000000001bf57800):  VMThread [stack: 0x000000001cff0000,0x000000001d0f0000] [id=8752]

siginfo: ExceptionCode=0xc000000d

Registers:
RAX=0x000000005ee34103, RBX=0x000000001f72ae20, RCX=0xfffffff90000004e, RDX=0x0000000000000007
RSP=0x000000001d0ee7c0, RBP=0x0000000000000000, RSI=0x000000001f368fa0, RDI=0x000000001f3b1080
R8 =0x0000000000000000, R9 =0x000000005fa537e0, R10=0x0000000000f31fd0, R11=0x000000001bf58970
R12=0x0000000000000000, R13=0x00000000ffffffff, R14=0x000000001f38cfa0, R15=0x000000001f368fa0
RIP=0x00007ff94075f44c, EFLAGS=0x0000000000000206

Top of Stack: (sp=0x000000001d0ee7c0)
0x000000001d0ee7c0:   0000000000000057 000000001f72ae20
0x000000001d0ee7d0:   000000001f368fa0 000000001f3b1080
0x000000001d0ee7e0:   00000000c000000d 0000000000000000
0x000000001d0ee7f0:   00007ff94075f44c 0000000000000000
0x000000001d0ee800:   0000000000000000 0000000000000000
0x000000001d0ee810:   0000000000000000 0000000000000000
0x000000001d0ee820:   0000000000000000 0000000000000000
0x000000001d0ee830:   0000000000000000 0000000000000000
0x000000001d0ee840:   0000000000000000 0000000000000000
0x000000001d0ee850:   0000000000000000 0000000000000000
0x000000001d0ee860:   0000000000000000 0000000000000000
0x000000001d0ee870:   0000000000000000 0000000000000003
0x000000001d0ee880:   0000b9c7fa7c8cac 0000000000000000
0x000000001d0ee890:   0000000000bf6000 00007ff940721899
0x000000001d0ee8a0:   00000000009d0000 00007ff92312e8db
0x000000001d0ee8b0:   00000000ffffffff 0000000000000000 

Instructions: (pc=0x00007ff94075f44c)
0x00007ff94075f42c:   d5 fa ff c7 44 24 20 0d 00 00 c0 b9 57 00 00 00
0x00007ff94075f43c:   e8 7f 13 f6 ff 90 48 8d 4c 24 20 e8 04 bf f4 ff
0x00007ff94075f44c:   eb 00 48 8b 8c 24 c0 00 00 00 48 33 cc e8 82 74
0x00007ff94075f45c:   f9 ff 48 81 c4 d8 00 00 00 c3 40 55 48 83 ec 20 


Register to memory mapping:

RAX=0x000000005ee34103 is an unknown value
RBX=0x000000001f72ae20 is an unknown value
RCX=0xfffffff90000004e is an unknown value
RDX=0x0000000000000007 is an unknown value
RSP=0x000000001d0ee7c0 is an unknown value
RBP=0x0000000000000000 is an unknown value
RSI=0x000000001f368fa0 is an unknown value
RDI=0x000000001f3b1080 is an unknown value
R8 =0x0000000000000000 is an unknown value
R9 =0x000000005fa537e0 is an unknown value
R10=0x0000000000f31fd0 is an unknown value
R11=0x000000001bf58970 is an unknown value
R12=0x0000000000000000 is an unknown value
R13=0x00000000ffffffff is an unknown value
R14=0x000000001f38cfa0 is an unknown value
R15=0x000000001f368fa0 is an unknown value


Stack: [0x000000001cff0000,0x000000001d0f0000],  sp=0x000000001d0ee7c0,  free space=1017k
Native frames: (J=compiled Java code, j=interpreted, Vv=VM code, C=native code)

VM_Operation (0x000000001ff0d2b0): Exit, mode: safepoint, requested by thread 0x000000001dcbf800


---------------  P R O C E S S  ---------------

Java Threads: ( => current thread )
  0x000000001dcbf800 JavaThread "AWT-EventQueue-0" [_thread_blocked, id=10516, stack(0x000000001fe10000,0x000000001ff10000)]
  0x000000001dc55800 JavaThread "AWT-Shutdown" [_thread_blocked, id=10752, stack(0x000000001e440000,0x000000001e540000)]
  0x000000001dc9a800 JavaThread "Java2D Disposer" daemon [_thread_blocked, id=10632, stack(0x000000001e2e0000,0x000000001e3e0000)]
  0x000000001d8e5000 JavaThread "Service Thread" daemon [_thread_blocked, id=10764, stack(0x000000001dce0000,0x000000001dde0000)]
  0x000000001bfee000 JavaThread "C1 CompilerThread2" daemon [_thread_blocked, id=10760, stack(0x000000001d7e0000,0x000000001d8e0000)]
  0x000000001bfeb000 JavaThread "C2 CompilerThread1" daemon [_thread_blocked, id=10772, stack(0x000000001d6e0000,0x000000001d7e0000)]
  0x000000001bf8d000 JavaThread "C2 CompilerThread0" daemon [_thread_blocked, id=10548, stack(0x000000001d5e0000,0x000000001d6e0000)]
  0x000000001bf8b000 JavaThread "Attach Listener" daemon [_thread_blocked, id=10656, stack(0x000000001d4e0000,0x000000001d5e0000)]
  0x000000001bf7a800 JavaThread "Finalizer" daemon [_thread_blocked, id=10348, stack(0x000000001d1f0000,0x000000001d2f0000)]
  0x000000000295f000 JavaThread "Reference Handler" daemon [_thread_blocked, id=10496, stack(0x000000001d0f0000,0x000000001d1f0000)]
  0x0000000002870800 JavaThread "main" [_thread_blocked, id=12000, stack(0x0000000002770000,0x0000000002870000)]

Other Threads:
=>0x000000001bf57800 VMThread [stack: 0x000000001cff0000,0x000000001d0f0000] [id=8752]

VM state:at safepoint (shutting down)

VM Mutex/Monitor currently owned by a thread:  ([mutex/lock_event])
[0x0000000000f3c530] Threads_lock - owner thread: 0x000000001bf57800

Heap:
 PSYoungGen      total 91136K, used 44489K [0x000000076b100000, 0x0000000770f00000, 0x00000007c0000000)
  eden space 86016K, 49% used [0x000000076b100000,0x000000076da98798,0x0000000770500000)
  from space 5120K, 37% used [0x0000000770a00000,0x0000000770bda020,0x0000000770f00000)
  to   space 5120K, 0% used [0x0000000770500000,0x0000000770500000,0x0000000770a00000)
 ParOldGen       total 175104K, used 22804K [0x00000006c1200000, 0x00000006cbd00000, 0x000000076b100000)
  object space 175104K, 13% used [0x00000006c1200000,0x00000006c2845128,0x00000006cbd00000)
 Metaspace       used 8567K, capacity 8756K, committed 9088K, reserved 1056768K
  class space    used 998K, capacity 1064K, committed 1152K, reserved 1048576K

Card table byte_map: [0x0000000011d30000,0x0000000012530000] byte_map_base: 0x000000000e727000

Marking Bits: (ParMarkBitMap*) 0x000000005f01a6c0
 Begin Bits: [0x0000000012e80000, 0x0000000016e38000)
 End Bits:   [0x0000000016e38000, 0x000000001adf0000)

Polling page: 0x0000000000db0000

CodeCache: size=245760Kb used=2551Kb max_used=2659Kb free=243208Kb
 bounds [0x0000000002970000, 0x0000000002c20000, 0x0000000011970000]
 total_blobs=1020 nmethods=586 adapters=347
 compilation: enabled

Compilation events (10 events):
Event: 95.404 Thread 0x000000001bfeb000 nmethod 612 0x0000000002c0df10 code [0x0000000002c0e0c0, 0x0000000002c0f0f8]
Event: 95.404 Thread 0x000000001bfeb000  613       4       sun.nio.cs.StreamEncoder::writeBytes (132 bytes)
Event: 95.423 Thread 0x000000001bf8d000 nmethod 611 0x0000000002b30950 code [0x0000000002b30b00, 0x0000000002b31a98]
Event: 95.451 Thread 0x000000001bfeb000 nmethod 613 0x0000000002b33550 code [0x0000000002b336e0, 0x0000000002b34448]
Event: 97.777 Thread 0x000000001bf8d000  614   !   4       sun.nio.cs.StreamEncoder::flushBuffer (42 bytes)
Event: 97.779 Thread 0x000000001bf8d000 nmethod 614 0x0000000002c01790 code [0x0000000002c018e0, 0x0000000002c01c68]
Event: 107.297 Thread 0x000000001bfee000  615       3       java.util.concurrent.locks.AbstractOwnableSynchronizer::setExclusiveOwnerThread (6 bytes)
Event: 107.297 Thread 0x000000001bfee000 nmethod 615 0x0000000002b3a8d0 code [0x0000000002b3aa20, 0x0000000002b3ab90]
Event: 107.298 Thread 0x000000001bfee000  616       1       java.beans.PropertyChangeEvent::getNewValue (5 bytes)
Event: 107.298 Thread 0x000000001bfee000 nmethod 616 0x0000000002c02850 code [0x0000000002c029a0, 0x0000000002c02ab0]

GC Heap History (10 events):
Event: 105.744 GC heap before
{Heap before GC invocations=524 (full 0):
 PSYoungGen      total 54272K, used 51980K [0x000000076b100000, 0x000000076f500000, 0x00000007c0000000)
  eden space 49152K, 99% used [0x000000076b100000,0x000000076e0ffff8,0x000000076e100000)
  from space 5120K, 55% used [0x000000076e100000,0x000000076e3c3030,0x000000076e600000)
  to   space 5120K, 0% used [0x000000076f000000,0x000000076f000000,0x000000076f500000)
 ParOldGen       total 175104K, used 22804K [0x00000006c1200000, 0x00000006cbd00000, 0x000000076b100000)
  object space 175104K, 13% used [0x00000006c1200000,0x00000006c2845128,0x00000006cbd00000)
 Metaspace       used 8566K, capacity 8756K, committed 9088K, reserved 1056768K
  class space    used 998K, capacity 1064K, committed 1152K, reserved 1048576K
Event: 105.745 GC heap after
Heap after GC invocations=524 (full 0):
 PSYoungGen      total 64512K, used 2828K [0x000000076b100000, 0x000000076f500000, 0x00000007c0000000)
  eden space 59392K, 0% used [0x000000076b100000,0x000000076b100000,0x000000076eb00000)
  from space 5120K, 55% used [0x000000076f000000,0x000000076f2c3030,0x000000076f500000)
  to   space 5120K, 0% used [0x000000076eb00000,0x000000076eb00000,0x000000076f000000)
 ParOldGen       total 175104K, used 22804K [0x00000006c1200000, 0x00000006cbd00000, 0x000000076b100000)
  object space 175104K, 13% used [0x00000006c1200000,0x00000006c2845128,0x00000006cbd00000)
 Metaspace       used 8566K, capacity 8756K, committed 9088K, reserved 1056768K
  class space    used 998K, capacity 1064K, committed 1152K, reserved 1048576K
}
Event: 105.960 GC heap before
{Heap before GC invocations=525 (full 0):
 PSYoungGen      total 64512K, used 62220K [0x000000076b100000, 0x000000076f500000, 0x00000007c0000000)
  eden space 59392K, 100% used [0x000000076b100000,0x000000076eb00000,0x000000076eb00000)
  from space 5120K, 55% used [0x000000076f000000,0x000000076f2c3030,0x000000076f500000)
  to   space 5120K, 0% used [0x000000076eb00000,0x000000076eb00000,0x000000076f000000)
 ParOldGen       total 175104K, used 22804K [0x00000006c1200000, 0x00000006cbd00000, 0x000000076b100000)
  object space 175104K, 13% used [0x00000006c1200000,0x00000006c2845128,0x00000006cbd00000)
 Metaspace       used 8566K, capacity 8756K, committed 9088K, reserved 1056768K
  class space    used 998K, capacity 1064K, committed 1152K, reserved 1048576K
Event: 105.961 GC heap after
Heap after GC invocations=525 (full 0):
 PSYoungGen      total 64512K, used 2828K [0x000000076b100000, 0x0000000770100000, 0x00000007c0000000)
  eden space 59392K, 0% used [0x000000076b100000,0x000000076b100000,0x000000076eb00000)
  from space 5120K, 55% used [0x000000076eb00000,0x000000076edc3030,0x000000076f000000)
  to   space 5120K, 0% used [0x000000076fc00000,0x000000076fc00000,0x0000000770100000)
 ParOldGen       total 175104K, used 22804K [0x00000006c1200000, 0x00000006cbd00000, 0x000000076b100000)
  object space 175104K, 13% used [0x00000006c1200000,0x00000006c2845128,0x00000006cbd00000)
 Metaspace       used 8566K, capacity 8756K, committed 9088K, reserved 1056768K
  class space    used 998K, capacity 1064K, committed 1152K, reserved 1048576K
}
Event: 106.178 GC heap before
{Heap before GC invocations=526 (full 0):
 PSYoungGen      total 64512K, used 62220K [0x000000076b100000, 0x0000000770100000, 0x00000007c0000000)
  eden space 59392K, 100% used [0x000000076b100000,0x000000076eb00000,0x000000076eb00000)
  from space 5120K, 55% used [0x000000076eb00000,0x000000076edc3030,0x000000076f000000)
  to   space 5120K, 0% used [0x000000076fc00000,0x000000076fc00000,0x0000000770100000)
 ParOldGen       total 175104K, used 22804K [0x00000006c1200000, 0x00000006cbd00000, 0x000000076b100000)
  object space 175104K, 13% used [0x00000006c1200000,0x00000006c2845128,0x00000006cbd00000)
 Metaspace       used 8566K, capacity 8756K, committed 9088K, reserved 1056768K
  class space    used 998K, capacity 1064K, committed 1152K, reserved 1048576K
Event: 106.179 GC heap after
Heap after GC invocations=526 (full 0):
 PSYoungGen      total 76800K, used 2828K [0x000000076b100000, 0x0000000770100000, 0x00000007c0000000)
  eden space 71680K, 0% used [0x000000076b100000,0x000000076b100000,0x000000076f700000)
  from space 5120K, 55% used [0x000000076fc00000,0x000000076fec3030,0x0000000770100000)
  to   space 5120K, 0% used [0x000000076f700000,0x000000076f700000,0x000000076fc00000)
 ParOldGen       total 175104K, used 22804K [0x00000006c1200000, 0x00000006cbd00000, 0x000000076b100000)
  object space 175104K, 13% used [0x00000006c1200000,0x00000006c2845128,0x00000006cbd00000)
 Metaspace       used 8566K, capacity 8756K, committed 9088K, reserved 1056768K
  class space    used 998K, capacity 1064K, committed 1152K, reserved 1048576K
}
Event: 107.010 GC heap before
{Heap before GC invocations=527 (full 0):
 PSYoungGen      total 76800K, used 74508K [0x000000076b100000, 0x0000000770100000, 0x00000007c0000000)
  eden space 71680K, 100% used [0x000000076b100000,0x000000076f700000,0x000000076f700000)
  from space 5120K, 55% used [0x000000076fc00000,0x000000076fec3030,0x0000000770100000)
  to   space 5120K, 0% used [0x000000076f700000,0x000000076f700000,0x000000076fc00000)
 ParOldGen       total 175104K, used 22804K [0x00000006c1200000, 0x00000006cbd00000, 0x000000076b100000)
  object space 175104K, 13% used [0x00000006c1200000,0x00000006c2845128,0x00000006cbd00000)
 Metaspace       used 8566K, capacity 8756K, committed 9088K, reserved 1056768K
  class space    used 998K, capacity 1064K, committed 1152K, reserved 1048576K
Event: 107.012 GC heap after
Heap after GC invocations=527 (full 0):
 PSYoungGen      total 76800K, used 2828K [0x000000076b100000, 0x0000000770f00000, 0x00000007c0000000)
  eden space 71680K, 0% used [0x000000076b100000,0x000000076b100000,0x000000076f700000)
  from space 5120K, 55% used [0x000000076f700000,0x000000076f9c3030,0x000000076fc00000)
  to   space 5120K, 0% used [0x0000000770a00000,0x0000000770a00000,0x0000000770f00000)
 ParOldGen       total 175104K, used 22804K [0x00000006c1200000, 0x00000006cbd00000, 0x000000076b100000)
  object space 175104K, 13% used [0x00000006c1200000,0x00000006c2845128,0x00000006cbd00000)
 Metaspace       used 8566K, capacity 8756K, committed 9088K, reserved 1056768K
  class space    used 998K, capacity 1064K, committed 1152K, reserved 1048576K
}
Event: 107.269 GC heap before
{Heap before GC invocations=528 (full 0):
 PSYoungGen      total 76800K, used 74508K [0x000000076b100000, 0x0000000770f00000, 0x00000007c0000000)
  eden space 71680K, 100% used [0x000000076b100000,0x000000076f700000,0x000000076f700000)
  from space 5120K, 55% used [0x000000076f700000,0x000000076f9c3030,0x000000076fc00000)
  to   space 5120K, 0% used [0x0000000770a00000,0x0000000770a00000,0x0000000770f00000)
 ParOldGen       total 175104K, used 22804K [0x00000006c1200000, 0x00000006cbd00000, 0x000000076b100000)
  object space 175104K, 13% used [0x00000006c1200000,0x00000006c2845128,0x00000006cbd00000)
 Metaspace       used 8566K, capacity 8756K, committed 9088K, reserved 1056768K
  class space    used 998K, capacity 1064K, committed 1152K, reserved 1048576K
Event: 107.296 GC heap after
Heap after GC invocations=528 (full 0):
 PSYoungGen      total 91136K, used 1896K [0x000000076b100000, 0x0000000770f00000, 0x00000007c0000000)
  eden space 86016K, 0% used [0x000000076b100000,0x000000076b100000,0x0000000770500000)
  from space 5120K, 37% used [0x0000000770a00000,0x0000000770bda020,0x0000000770f00000)
  to   space 5120K, 0% used [0x0000000770500000,0x0000000770500000,0x0000000770a00000)
 ParOldGen       total 175104K, used 22804K [0x00000006c1200000, 0x00000006cbd00000, 0x000000076b100000)
  object space 175104K, 13% used [0x00000006c1200000,0x00000006c2845128,0x00000006cbd00000)
 Metaspace       used 8566K, capacity 8756K, committed 9088K, reserved 1056768K
  class space    used 998K, capacity 1064K, committed 1152K, reserved 1048576K
}

Deoptimization events (6 events):
Event: 0.361 Thread 0x0000000002870800 Uncommon trap: reason=null_check action=make_not_entrant pc=0x0000000002af64c4 method=java.lang.String.equals(Ljava/lang/Object;)Z @ 8
Event: 0.972 Thread 0x0000000002870800 Uncommon trap: reason=unstable_if action=reinterpret pc=0x0000000002b46ba4 method=PicRecoginition.porcessedImg(Ljava/awt/image/BufferedImage;)Ljava/awt/image/BufferedImage; @ 89
Event: 0.980 Thread 0x0000000002870800 Uncommon trap: reason=unstable_if action=reinterpret pc=0x0000000002b3a7fc method=java.awt.image.ComponentColorModel.getRGB(Ljava/lang/Object;)I @ 4
Event: 1.073 Thread 0x0000000002870800 Uncommon trap: reason=unstable_if action=reinterpret pc=0x0000000002b5ae88 method=PicRecoginition.isColor(I)Z @ 107
Event: 4.381 Thread 0x0000000002870800 Uncommon trap: reason=unstable_if action=reinterpret pc=0x0000000002b66104 method=PicRecoginition.percentMask([[IIILjava/awt/image/BufferedImage;)I @ 11
Event: 21.302 Thread 0x0000000002870800 Uncommon trap: reason=unstable_if action=reinterpret pc=0x0000000002b87830 method=PicRecoginition.setMask(IIILjava/awt/image/BufferedImage;)I @ 36

Internal exceptions (10 events):
Event: 0.127 Thread 0x0000000002870800 Exception <a 'java/lang/NoSuchMethodError': Method sun.misc.Unsafe.prefetchRead(Ljava/lang/Object;J)V name or signature does not match> (0x000000076b107f60) thrown at [C:\re\workspace\8-2-build-windows-amd64-cygwin\jdk8u111\7883\hotspot\src\share\vm\prims
Event: 0.206 Thread 0x0000000002870800 Exception <a 'java/security/PrivilegedActionException'> (0x000000076b184f20) thrown at [C:\re\workspace\8-2-build-windows-amd64-cygwin\jdk8u111\7883\hotspot\src\share\vm\prims\jvm.cpp, line 1386]
Event: 0.206 Thread 0x0000000002870800 Exception <a 'java/security/PrivilegedActionException'> (0x000000076b185130) thrown at [C:\re\workspace\8-2-build-windows-amd64-cygwin\jdk8u111\7883\hotspot\src\share\vm\prims\jvm.cpp, line 1386]
Event: 0.207 Thread 0x0000000002870800 Exception <a 'java/security/PrivilegedActionException'> (0x000000076b188d78) thrown at [C:\re\workspace\8-2-build-windows-amd64-cygwin\jdk8u111\7883\hotspot\src\share\vm\prims\jvm.cpp, line 1386]
Event: 0.207 Thread 0x0000000002870800 Exception <a 'java/security/PrivilegedActionException'> (0x000000076b188f88) thrown at [C:\re\workspace\8-2-build-windows-amd64-cygwin\jdk8u111\7883\hotspot\src\share\vm\prims\jvm.cpp, line 1386]
Event: 0.211 Thread 0x0000000002870800 Exception <a 'java/io/FileNotFoundException'> (0x000000076b18b4a0) thrown at [C:\re\workspace\8-2-build-windows-amd64-cygwin\jdk8u111\7883\hotspot\src\share\vm\prims\jni.cpp, line 709]
Event: 0.253 Thread 0x0000000002870800 Exception <a 'java/lang/NoSuchFieldError': method resolution failed> (0x000000076b3a0390) thrown at [C:\re\workspace\8-2-build-windows-amd64-cygwin\jdk8u111\7883\hotspot\src\share\vm\prims\methodHandles.cpp, line 1146]
Event: 0.260 Thread 0x0000000002870800 Exception <a 'java/lang/NoSuchFieldError': method resolution failed> (0x000000076b3ad760) thrown at [C:\re\workspace\8-2-build-windows-amd64-cygwin\jdk8u111\7883\hotspot\src\share\vm\prims\methodHandles.cpp, line 1146]
Event: 0.328 Thread 0x0000000002870800 Exception <a 'java/io/FileNotFoundException'> (0x000000076b441308) thrown at [C:\re\workspace\8-2-build-windows-amd64-cygwin\jdk8u111\7883\hotspot\src\share\vm\prims\jni.cpp, line 709]
Event: 0.361 Thread 0x0000000002870800 Implicit null exception at 0x0000000002af62dc to 0x0000000002af64b5

Events (10 events):
Event: 107.012 Executing VM operation: ParallelGCFailedAllocation done
Event: 107.269 Executing VM operation: ParallelGCFailedAllocation
Event: 107.296 Executing VM operation: ParallelGCFailedAllocation done
Event: 107.483 Thread 0x000000001e771800 Thread added: 0x000000001e771800
Event: 107.483 Thread 0x000000001e7bf000 Thread added: 0x000000001e7bf000
Event: 107.485 Thread 0x000000001e771800 Thread exited: 0x000000001e771800
Event: 107.490 Thread 0x000000001dc56000 Thread exited: 0x000000001dc56000
Event: 107.585 Thread 0x000000001e7bf000 Thread exited: 0x000000001e7bf000
Event: 107.587 Thread 0x000000001bf89800 Thread exited: 0x000000001bf89800
Event: 107.587 Executing VM operation: Exit


Dynamic libraries:
0x00007ff6280f0000 - 0x00007ff628127000 	C:\Program Files\Java\jre1.8.0_111\bin\javaw.exe
0x00007ff940660000 - 0x00007ff940831000 	C:\WINDOWS\SYSTEM32\ntdll.dll
0x00007ff93d270000 - 0x00007ff93d31b000 	C:\WINDOWS\System32\KERNEL32.DLL
0x00007ff923f80000 - 0x00007ff923fd4000 	C:\Program Files (x86)\AVG\Av\avghooka.dll
0x00007ff93bf60000 - 0x00007ff93c17d000 	C:\WINDOWS\System32\KERNELBASE.dll
0x00007ff93d320000 - 0x00007ff93d3c2000 	C:\WINDOWS\System32\ADVAPI32.dll
0x00007ff93cd80000 - 0x00007ff93ce1e000 	C:\WINDOWS\System32\msvcrt.dll
0x00007ff93f2f0000 - 0x00007ff93f349000 	C:\WINDOWS\System32\sechost.dll
0x00007ff93f1c0000 - 0x00007ff93f2e1000 	C:\WINDOWS\System32\RPCRT4.dll
0x00007ff93ee00000 - 0x00007ff93ef65000 	C:\WINDOWS\System32\USER32.dll
0x00007ff93c860000 - 0x00007ff93c87e000 	C:\WINDOWS\System32\win32u.dll
0x00007ff93edb0000 - 0x00007ff93ede4000 	C:\WINDOWS\System32\GDI32.dll
0x00007ff93bcd0000 - 0x00007ff93be52000 	C:\WINDOWS\System32\gdi32full.dll
0x00007ff92b510000 - 0x00007ff92b789000 	C:\WINDOWS\WinSxS\amd64_microsoft.windows.common-controls_6595b64144ccf1df_6.0.14393.447_none_42191651c6827bb3\COMCTL32.dll
0x00007ff93cea0000 - 0x00007ff93d168000 	C:\WINDOWS\System32\combase.dll
0x00007ff93be60000 - 0x00007ff93bf55000 	C:\WINDOWS\System32\ucrtbase.dll
0x00007ff93bc60000 - 0x00007ff93bcca000 	C:\WINDOWS\System32\bcryptPrimitives.dll
0x00007ff93ed80000 - 0x00007ff93edae000 	C:\WINDOWS\System32\IMM32.DLL
0x000000005f9a0000 - 0x000000005fa72000 	C:\Program Files\Java\jre1.8.0_111\bin\msvcr100.dll
0x000000005e800000 - 0x000000005f09a000 	C:\Program Files\Java\jre1.8.0_111\bin\server\jvm.dll
0x00007ff93ef70000 - 0x00007ff93ef78000 	C:\WINDOWS\System32\PSAPI.DLL
0x00007ff90ee40000 - 0x00007ff90ee49000 	C:\WINDOWS\SYSTEM32\WSOCK32.dll
0x00007ff93cd10000 - 0x00007ff93cd7a000 	C:\WINDOWS\System32\WS2_32.dll
0x00007ff939c40000 - 0x00007ff939c63000 	C:\WINDOWS\SYSTEM32\WINMM.dll
0x00007ff92f700000 - 0x00007ff92f70a000 	C:\WINDOWS\SYSTEM32\VERSION.dll
0x00007ff939c10000 - 0x00007ff939c3b000 	C:\WINDOWS\SYSTEM32\WINMMBASE.dll
0x00007ff93bb70000 - 0x00007ff93bbb2000 	C:\WINDOWS\System32\cfgmgr32.dll
0x000000005e7f0000 - 0x000000005e7ff000 	C:\Program Files\Java\jre1.8.0_111\bin\verify.dll
0x000000005e7c0000 - 0x000000005e7e9000 	C:\Program Files\Java\jre1.8.0_111\bin\java.dll
0x000000005e7a0000 - 0x000000005e7b6000 	C:\Program Files\Java\jre1.8.0_111\bin\zip.dll
0x00007ff93d740000 - 0x00007ff93ec49000 	C:\WINDOWS\System32\SHELL32.dll
0x00007ff93c180000 - 0x00007ff93c85a000 	C:\WINDOWS\System32\windows.storage.dll
0x00007ff93b7b0000 - 0x00007ff93b7fc000 	C:\WINDOWS\System32\powrprof.dll
0x00007ff93d170000 - 0x00007ff93d1c2000 	C:\WINDOWS\System32\shlwapi.dll
0x00007ff93b800000 - 0x00007ff93b80f000 	C:\WINDOWS\System32\kernel.appcore.dll
0x00007ff93bac0000 - 0x00007ff93bb69000 	C:\WINDOWS\System32\shcore.dll
0x00007ff93b820000 - 0x00007ff93b834000 	C:\WINDOWS\System32\profapi.dll
0x00007ff8f1720000 - 0x00007ff8f3617000 	C:\Users\curti\OneDrive\Programming\opencv\build\java\x64\opencv_java320.dll
0x00007ff93ef80000 - 0x00007ff93f0b7000 	C:\WINDOWS\System32\ole32.dll
0x00007ff93ec50000 - 0x00007ff93ed0f000 	C:\WINDOWS\System32\OLEAUT32.dll
0x00007ff93bbc0000 - 0x00007ff93bc5c000 	C:\WINDOWS\System32\msvcp_win.dll
0x00007ff934580000 - 0x00007ff9345a9000 	C:\WINDOWS\SYSTEM32\MSVFW32.dll
0x00007ff934560000 - 0x00007ff934580000 	C:\WINDOWS\SYSTEM32\AVIFIL32.dll
0x00007ff934540000 - 0x00007ff934558000 	C:\WINDOWS\SYSTEM32\AVICAP32.dll
0x00007ff934520000 - 0x00007ff93453c000 	C:\WINDOWS\SYSTEM32\MSACM32.dll
0x000000005f800000 - 0x000000005f998000 	C:\Program Files\Java\jre1.8.0_111\bin\awt.dll
0x00007ff939870000 - 0x00007ff9398ea000 	C:\WINDOWS\SYSTEM32\apphelp.dll
0x00007ff939840000 - 0x00007ff939866000 	C:\WINDOWS\system32\DWMAPI.DLL
0x00007ff939ee0000 - 0x00007ff939f75000 	C:\WINDOWS\system32\uxtheme.dll
0x00007ff93d440000 - 0x00007ff93d59b000 	C:\WINDOWS\System32\MSCTF.dll
0x00007ff9122c0000 - 0x00007ff912358000 	C:\Program Files\Common Files\microsoft shared\ink\tiptsf.dll
0x000000005f7b0000 - 0x000000005f7f7000 	C:\Program Files\Java\jre1.8.0_111\bin\fontmanager.dll
0x00007ff93d1d0000 - 0x00007ff93d26f000 	C:\WINDOWS\System32\clbcatq.dll
0x00007ff912400000 - 0x00007ff9125aa000 	C:\Windows\System32\uiautomationcore.dll
0x00007ff93af00000 - 0x00007ff93af1f000 	C:\Windows\System32\USERENV.dll
0x00007ff93b650000 - 0x00007ff93b6e8000 	C:\WINDOWS\SYSTEM32\sxs.dll
0x00007ff925c70000 - 0x00007ff925cd5000 	C:\Windows\System32\OLEACC.dll
0x00007ff9125b0000 - 0x00007ff91262d000 	C:\WINDOWS\SYSTEM32\twinapi.dll
0x00007ff93a280000 - 0x00007ff93a39c000 	C:\WINDOWS\SYSTEM32\twinapi.appcore.dll
0x00007ff93b6f0000 - 0x00007ff93b71b000 	C:\WINDOWS\SYSTEM32\bcrypt.dll
0x00007ff934500000 - 0x00007ff934518000 	C:\Windows\System32\devenum.dll
0x00007ff93c8e0000 - 0x00007ff93cd09000 	C:\WINDOWS\System32\setupapi.dll
0x00007ff93ab60000 - 0x00007ff93ab92000 	C:\WINDOWS\SYSTEM32\ntmarta.dll
0x00007ff93a420000 - 0x00007ff93a448000 	C:\WINDOWS\SYSTEM32\DEVOBJ.dll
0x00007ff93c880000 - 0x00007ff93c8d5000 	C:\WINDOWS\System32\WINTRUST.dll
0x00007ff93b810000 - 0x00007ff93b820000 	C:\WINDOWS\System32\MSASN1.dll
0x00007ff93b840000 - 0x00007ff93ba09000 	C:\WINDOWS\System32\CRYPT32.dll
0x00007ff9344f0000 - 0x00007ff9344fa000 	C:\WINDOWS\SYSTEM32\msdmo.dll
0x00007ff9344b0000 - 0x00007ff9344e3000 	C:\Windows\System32\qcap.dll
0x00007ff933b00000 - 0x00007ff933cc3000 	C:\Windows\System32\quartz.dll
0x00007ff934460000 - 0x00007ff9344a8000 	C:\Windows\System32\mfksproxy.dll
0x00007ff938130000 - 0x00007ff93814c000 	C:\Windows\System32\ATL.DLL
0x00007ff934210000 - 0x00007ff93425e000 	C:\Windows\System32\MFSENSORGROUP.dll
0x00007ff9374f0000 - 0x00007ff937658000 	C:\Windows\System32\MFPlat.DLL
0x00007ff937ae0000 - 0x00007ff937b0e000 	C:\Windows\System32\RTWorkQ.DLL
0x00007ff90b410000 - 0x00007ff90b7fb000 	C:\Windows\System32\MFCORE.dll
0x00007ff934450000 - 0x00007ff934459000 	C:\Windows\System32\ksuser.dll
0x00007ff93b240000 - 0x00007ff93b24b000 	C:\Windows\System32\CRYPTBASE.DLL
0x00007ff933550000 - 0x00007ff9335a3000 	C:\Windows\System32\FSClient.dll
0x00007ff937a90000 - 0x00007ff937a9b000 	C:\Windows\System32\AVRT.dll
0x00007ff934440000 - 0x00007ff93444d000 	C:\Windows\System32\vidcap.ax
0x00007ff933ad0000 - 0x00007ff933af5000 	C:\Windows\System32\kswdmcap.ax
0x00007ff923ca0000 - 0x00007ff923e03000 	C:\Windows\System32\MFC42.dll
0x00007ff932c40000 - 0x00007ff932cef000 	C:\Windows\System32\ODBC32.dll
0x00007ff93acd0000 - 0x00007ff93acda000 	C:\Windows\System32\DPAPI.dll
0x00007ff938960000 - 0x00007ff9389a3000 	C:\WINDOWS\SYSTEM32\policymanager.dll
0x00007ff93a1e0000 - 0x00007ff93a271000 	C:\Windows\System32\msvcp110_win.dll
0x00007ff923110000 - 0x00007ff9231e4000 	C:\Windows\System32\MFReadWrite.dll
0x00007ff9334a0000 - 0x00007ff933543000 	C:\Windows\System32\qedit.dll
0x00007ff93f0c0000 - 0x00007ff93f1ba000 	C:\WINDOWS\System32\COMDLG32.dll
0x00007ff925ce0000 - 0x00007ff925e7a000 	C:\WINDOWS\WinSxS\amd64_microsoft.windows.gdiplus_6595b64144ccf1df_1.1.14393.321_none_72fe05dd211a5fae\gdiplus.dll
0x00007ff9086a0000 - 0x00007ff908797000 	C:\Windows\System32\DDRAW.dll
0x00007ff939ca0000 - 0x00007ff939ca8000 	C:\Windows\System32\DCIMAN32.dll
0x00007ff934430000 - 0x00007ff93443c000 	C:\WINDOWS\SYSTEM32\msyuv.dll
0x00007ff937f80000 - 0x00007ff938112000 	C:\WINDOWS\SYSTEM32\dbghelp.dll

VM Arguments:
jvm_args: -Dfile.encoding=Cp1252 
java_command: OverCoat
java_class_path (initial): C:\Users\curti\OneDrive\Programming\HoundDog\bin;C:\Users\curti\OneDrive\Programming\opencv\build\java\opencv-320.jar
Launcher Type: SUN_STANDARD

Environment Variables:
PATH=C:/Program Files/Java/jre1.8.0_111/bin/server;C:/Program Files/Java/jre1.8.0_111/bin;C:/Program Files/Java/jre1.8.0_111/lib/amd64;C:\ProgramData\Oracle\Java\javapath;C:\Program Files (x86)\NVIDIA Corporation\PhysX\Common;C:\WINDOWS\system32;C:\WINDOWS;C:\WINDOWS\System32\Wbem;C:\WINDOWS\System32\WindowsPowerShell\v1.0\;C:\WINDOWS\system32\config\systemprofile\.dnx\bin;C:\Program Files\Microsoft DNX\Dnvm\;C:\Program Files (x86)\Windows Kits\8.1\Windows Performance Toolkit\;C:\Program Files\Microsoft SQL Server\120\Tools\Binn\;C:\Program Files\Microsoft SQL Server\130\Tools\Binn\;C:\Program Files\Microsoft SQL Server\Client SDK\ODBC\110\Tools\Binn\;C:\Program Files (x86)\Microsoft SQL Server\120\Tools\Binn\;C:\Program Files\Microsoft SQL Server\120\DTS\Binn\;C:\Program Files\Git\cmd;C:\Users\curti\AppData\Local\Microsoft\WindowsApps;;C:\Users\curti\Desktop\desktop stuff;
USERNAME=curti
OS=Windows_NT
PROCESSOR_IDENTIFIER=Intel64 Family 6 Model 78 Stepping 3, GenuineIntel



---------------  S Y S T E M  ---------------

OS: Windows 10.0 , 64 bit Build 14393 (10.0.14393.0)

CPU:total 4 (2 cores per cpu, 2 threads per core) family 6 model 78 stepping 3, cmov, cx8, fxsr, mmx, sse, sse2, sse3, ssse3, sse4.1, sse4.2, popcnt, avx, avx2, aes, clmul, erms, rtm, 3dnowpref, lzcnt, ht, tsc, tscinvbit, bmi1, bmi2, adx

Memory: 4k page, physical 16701568k(11743928k free), swap 19191936k(13665020k free)

vm_info: Java HotSpot(TM) 64-Bit Server VM (25.111-b14) for windows-amd64 JRE (1.8.0_111-b14), built on Sep 22 2016 19:24:05 by "java_re" with MS VC++ 10.0 (VS2010)

time: Mon Jan 16 20:26:06 2017
elapsed time: 108 seconds (0d 0h 1m 48s)

