#
# A fatal error has been detected by the Java Runtime Environment:
#
#  Internal Error (0xc000000d), pid=11824, tid=0x0000000000002ad8
#
# JRE version: Java(TM) SE Runtime Environment (8.0_111-b14) (build 1.8.0_111-b14)
# Java VM: Java HotSpot(TM) 64-Bit Server VM (25.111-b14 mixed mode windows-amd64 compressed oops)
# Problematic frame:
# C  [ntdll.dll+0xff44c]
#
# Failed to write core dump. Minidumps are not enabled by default on client versions of Windows
#
# If you would like to submit a bug report, please visit:
#   http://bugreport.java.com/bugreport/crash.jsp
#

---------------  T H R E A D  ---------------

Current thread (0x000000001c1f7800):  VMThread [stack: 0x000000001d2a0000,0x000000001d3a0000] [id=10968]

siginfo: ExceptionCode=0xc000000d

Registers:
RAX=0x0000000075294103, RBX=0x000000001f4f1640, RCX=0xfffffff90000004f, RDX=0x0000000000000007
RSP=0x000000001d39ee30, RBP=0x0000000000000000, RSI=0x0000000020e623e0, RDI=0x0000000020e73f30
R8 =0x0000000000000000, R9 =0x0000000074b537e0, R10=0x0000000002b01fd0, R11=0x000000001c1f89e0
R12=0x0000000000000000, R13=0x00000000ffffffff, R14=0x0000000020e62b60, R15=0x0000000020e623e0
RIP=0x00007ffa1614f44c, EFLAGS=0x0000000000000206

Top of Stack: (sp=0x000000001d39ee30)
0x000000001d39ee30:   0000000000000057 000000001f4f1640
0x000000001d39ee40:   0000000020e623e0 0000000020e73f30
0x000000001d39ee50:   00000000c000000d 0000000000000000
0x000000001d39ee60:   00007ffa1614f44c 0000000000000000
0x000000001d39ee70:   0000000000000000 0000000000000000
0x000000001d39ee80:   0000000000000000 0000000000000000
0x000000001d39ee90:   0000000000000000 0000000000000000
0x000000001d39eea0:   0000000000000000 0000000000000000
0x000000001d39eeb0:   0000000000000000 0000000000000000
0x000000001d39eec0:   0000000000000000 0000000000000000
0x000000001d39eed0:   0000000000000000 0000000000000000
0x000000001d39eee0:   0000000000000000 0000000000000003
0x000000001d39eef0:   00007b1f8379f30c 0000000000000000
0x000000001d39ef00:   00007ffa160bec90 00007ffa16111899
0x000000001d39ef10:   0000000000000001 00007ff9f8c5e8db
0x000000001d39ef20:   0000000000000003 0000000001060000 

Instructions: (pc=0x00007ffa1614f44c)
0x00007ffa1614f42c:   d5 fa ff c7 44 24 20 0d 00 00 c0 b9 57 00 00 00
0x00007ffa1614f43c:   e8 7f 13 f6 ff 90 48 8d 4c 24 20 e8 04 bf f4 ff
0x00007ffa1614f44c:   eb 00 48 8b 8c 24 c0 00 00 00 48 33 cc e8 82 74
0x00007ffa1614f45c:   f9 ff 48 81 c4 d8 00 00 00 c3 40 55 48 83 ec 20 


Register to memory mapping:

RAX=0x0000000075294103 is an unknown value
RBX=0x000000001f4f1640 is an unknown value
RCX=0xfffffff90000004f is an unknown value
RDX=0x0000000000000007 is an unknown value
RSP=0x000000001d39ee30 is an unknown value
RBP=0x0000000000000000 is an unknown value
RSI=0x0000000020e623e0 is an unknown value
RDI=0x0000000020e73f30 is an unknown value
R8 =0x0000000000000000 is an unknown value
R9 =0x0000000074b537e0 is an unknown value
R10=0x0000000002b01fd0 is an unknown value
R11=0x000000001c1f89e0 is an unknown value
R12=0x0000000000000000 is an unknown value
R13=0x00000000ffffffff is an unknown value
R14=0x0000000020e62b60 is an unknown value
R15=0x0000000020e623e0 is an unknown value


Stack: [0x000000001d2a0000,0x000000001d3a0000],  sp=0x000000001d39ee30,  free space=1019k
Native frames: (J=compiled Java code, j=interpreted, Vv=VM code, C=native code)

VM_Operation (0x00000000209ed2b0): Exit, mode: safepoint, requested by thread 0x000000001ea19000


---------------  P R O C E S S  ---------------

Java Threads: ( => current thread )
  0x000000001ea19000 JavaThread "AWT-EventQueue-0" [_thread_blocked, id=8536, stack(0x00000000208f0000,0x00000000209f0000)]
  0x000000001dd1f800 JavaThread "AWT-Shutdown" [_thread_blocked, id=8392, stack(0x000000001e710000,0x000000001e810000)]
  0x000000001dd88800 JavaThread "Java2D Disposer" daemon [_thread_blocked, id=9576, stack(0x000000001e590000,0x000000001e690000)]
  0x000000001d99d000 JavaThread "Service Thread" daemon [_thread_blocked, id=4348, stack(0x000000001df90000,0x000000001e090000)]
  0x000000001c28b800 JavaThread "C1 CompilerThread2" daemon [_thread_blocked, id=12940, stack(0x000000001de90000,0x000000001df90000)]
  0x000000001c289000 JavaThread "C2 CompilerThread1" daemon [_thread_blocked, id=10940, stack(0x000000001dd90000,0x000000001de90000)]
  0x000000001c22d000 JavaThread "C2 CompilerThread0" daemon [_thread_blocked, id=7368, stack(0x000000001d890000,0x000000001d990000)]
  0x000000001c22b000 JavaThread "Attach Listener" daemon [_thread_blocked, id=9212, stack(0x000000001d790000,0x000000001d890000)]
  0x000000001c229800 JavaThread "Signal Dispatcher" daemon [_thread_blocked, id=12356, stack(0x000000001d690000,0x000000001d790000)]
  0x000000001c21a000 JavaThread "Finalizer" daemon [_thread_blocked, id=9164, stack(0x000000001d4a0000,0x000000001d5a0000)]
  0x0000000002bff000 JavaThread "Reference Handler" daemon [_thread_blocked, id=10748, stack(0x000000001d3a0000,0x000000001d4a0000)]
  0x0000000002b10800 JavaThread "main" [_thread_blocked, id=10080, stack(0x0000000002980000,0x0000000002a80000)]

Other Threads:
=>0x000000001c1f7800 VMThread [stack: 0x000000001d2a0000,0x000000001d3a0000] [id=10968]

VM state:at safepoint (shutting down)

VM Mutex/Monitor currently owned by a thread:  ([mutex/lock_event])
[0x0000000002b0c930] Threads_lock - owner thread: 0x000000001c1f7800

Heap:
 PSYoungGen      total 246784K, used 7584K [0x000000076b100000, 0x000000077b980000, 0x00000007c0000000)
  eden space 242176K, 1% used [0x000000076b100000,0x000000076b5a52c8,0x0000000779d80000)
  from space 4608K, 61% used [0x000000077b500000,0x000000077b7c3030,0x000000077b980000)
  to   space 14336K, 0% used [0x0000000779d80000,0x0000000779d80000,0x000000077ab80000)
 ParOldGen       total 175104K, used 15434K [0x00000006c1200000, 0x00000006cbd00000, 0x000000076b100000)
  object space 175104K, 8% used [0x00000006c1200000,0x00000006c2112970,0x00000006cbd00000)
 Metaspace       used 8417K, capacity 8564K, committed 8832K, reserved 1056768K
  class space    used 1001K, capacity 1064K, committed 1152K, reserved 1048576K

Card table byte_map: [0x0000000011fd0000,0x00000000127d0000] byte_map_base: 0x000000000e9c7000

Marking Bits: (ParMarkBitMap*) 0x000000007547a6c0
 Begin Bits: [0x0000000013120000, 0x00000000170d8000)
 End Bits:   [0x00000000170d8000, 0x000000001b090000)

Polling page: 0x0000000001050000

CodeCache: size=245760Kb used=2054Kb max_used=2054Kb free=243705Kb
 bounds [0x0000000002c10000, 0x0000000002e80000, 0x0000000011c10000]
 total_blobs=841 nmethods=407 adapters=347
 compilation: enabled

Compilation events (10 events):
Event: 4.166 Thread 0x000000001c28b800  403       3       java.io.BufferedOutputStream::flushBuffer (29 bytes)
Event: 4.167 Thread 0x000000001c28b800 nmethod 403 0x0000000002e0f950 code [0x0000000002e0fac0, 0x0000000002e0fd48]
Event: 4.266 Thread 0x000000001c28b800  404       3       java.nio.Buffer::limit (62 bytes)
Event: 4.266 Thread 0x000000001c28b800 nmethod 404 0x0000000002e0fe10 code [0x0000000002e0ff80, 0x0000000002e10288]
Event: 4.335 Thread 0x000000001c28b800  405       3       java.nio.Buffer::<init> (121 bytes)
Event: 4.336 Thread 0x000000001c28b800 nmethod 405 0x0000000002e10350 code [0x0000000002e10620, 0x0000000002e11ac8]
Event: 4.571 Thread 0x000000001c28b800  406       3       java.util.concurrent.locks.AbstractOwnableSynchronizer::setExclusiveOwnerThread (6 bytes)
Event: 4.571 Thread 0x000000001c28b800 nmethod 406 0x0000000002e12450 code [0x0000000002e125a0, 0x0000000002e12710]
Event: 4.609 Thread 0x000000001c28b800  407       3       java.nio.Buffer::flip (20 bytes)
Event: 4.609 Thread 0x000000001c28b800 nmethod 407 0x0000000002e12790 code [0x0000000002e128e0, 0x0000000002e12a50]

GC Heap History (10 events):
Event: 1.854 GC heap before
{Heap before GC invocations=4 (full 0):
 PSYoungGen      total 76288K, used 71346K [0x000000076b100000, 0x0000000774600000, 0x00000007c0000000)
  eden space 65536K, 100% used [0x000000076b100000,0x000000076f100000,0x000000076f100000)
  from space 10752K, 54% used [0x000000076f100000,0x000000076f6aca58,0x000000076fb80000)
  to   space 10752K, 0% used [0x0000000773b80000,0x0000000773b80000,0x0000000774600000)
 ParOldGen       total 175104K, used 16K [0x00000006c1200000, 0x00000006cbd00000, 0x000000076b100000)
  object space 175104K, 0% used [0x00000006c1200000,0x00000006c1204000,0x00000006cbd00000)
 Metaspace       used 8400K, capacity 8564K, committed 8832K, reserved 1056768K
  class space    used 1001K, capacity 1064K, committed 1152K, reserved 1048576K
Event: 1.858 GC heap after
Heap after GC invocations=4 (full 0):
 PSYoungGen      total 141824K, used 10181K [0x000000076b100000, 0x0000000774600000, 0x00000007c0000000)
  eden space 131072K, 0% used [0x000000076b100000,0x000000076b100000,0x0000000773100000)
  from space 10752K, 94% used [0x0000000773b80000,0x00000007745714d0,0x0000000774600000)
  to   space 10752K, 0% used [0x0000000773100000,0x0000000773100000,0x0000000773b80000)
 ParOldGen       total 175104K, used 3550K [0x00000006c1200000, 0x00000006cbd00000, 0x000000076b100000)
  object space 175104K, 2% used [0x00000006c1200000,0x00000006c1577a48,0x00000006cbd00000)
 Metaspace       used 8400K, capacity 8564K, committed 8832K, reserved 1056768K
  class space    used 1001K, capacity 1064K, committed 1152K, reserved 1048576K
}
Event: 2.347 GC heap before
{Heap before GC invocations=5 (full 0):
 PSYoungGen      total 141824K, used 141253K [0x000000076b100000, 0x0000000774600000, 0x00000007c0000000)
  eden space 131072K, 100% used [0x000000076b100000,0x0000000773100000,0x0000000773100000)
  from space 10752K, 94% used [0x0000000773b80000,0x00000007745714d0,0x0000000774600000)
  to   space 10752K, 0% used [0x0000000773100000,0x0000000773100000,0x0000000773b80000)
 ParOldGen       total 175104K, used 3550K [0x00000006c1200000, 0x00000006cbd00000, 0x000000076b100000)
  object space 175104K, 2% used [0x00000006c1200000,0x00000006c1577a48,0x00000006cbd00000)
 Metaspace       used 8402K, capacity 8564K, committed 8832K, reserved 1056768K
  class space    used 1001K, capacity 1064K, committed 1152K, reserved 1048576K
Event: 2.351 GC heap after
Heap after GC invocations=5 (full 0):
 PSYoungGen      total 141824K, used 10181K [0x000000076b100000, 0x000000077cb00000, 0x00000007c0000000)
  eden space 131072K, 0% used [0x000000076b100000,0x000000076b100000,0x0000000773100000)
  from space 10752K, 94% used [0x0000000773100000,0x0000000773af14d0,0x0000000773b80000)
  to   space 13312K, 0% used [0x000000077be00000,0x000000077be00000,0x000000077cb00000)
 ParOldGen       total 175104K, used 7085K [0x00000006c1200000, 0x00000006cbd00000, 0x000000076b100000)
  object space 175104K, 4% used [0x00000006c1200000,0x00000006c18eb490,0x00000006cbd00000)
 Metaspace       used 8402K, capacity 8564K, committed 8832K, reserved 1056768K
  class space    used 1001K, capacity 1064K, committed 1152K, reserved 1048576K
}
Event: 2.819 GC heap before
{Heap before GC invocations=6 (full 0):
 PSYoungGen      total 141824K, used 141253K [0x000000076b100000, 0x000000077cb00000, 0x00000007c0000000)
  eden space 131072K, 100% used [0x000000076b100000,0x0000000773100000,0x0000000773100000)
  from space 10752K, 94% used [0x0000000773100000,0x0000000773af14d0,0x0000000773b80000)
  to   space 13312K, 0% used [0x000000077be00000,0x000000077be00000,0x000000077cb00000)
 ParOldGen       total 175104K, used 7085K [0x00000006c1200000, 0x00000006cbd00000, 0x000000076b100000)
  object space 175104K, 4% used [0x00000006c1200000,0x00000006c18eb490,0x00000006cbd00000)
 Metaspace       used 8403K, capacity 8564K, committed 8832K, reserved 1056768K
  class space    used 1001K, capacity 1064K, committed 1152K, reserved 1048576K
Event: 2.822 GC heap after
Heap after GC invocations=6 (full 0):
 PSYoungGen      total 275456K, used 5778K [0x000000076b100000, 0x000000077cb00000, 0x00000007c0000000)
  eden space 262144K, 0% used [0x000000076b100000,0x000000076b100000,0x000000077b100000)
  from space 13312K, 43% used [0x000000077be00000,0x000000077c3a4a78,0x000000077cb00000)
  to   space 13312K, 0% used [0x000000077b100000,0x000000077b100000,0x000000077be00000)
 ParOldGen       total 175104K, used 7085K [0x00000006c1200000, 0x00000006cbd00000, 0x000000076b100000)
  object space 175104K, 4% used [0x00000006c1200000,0x00000006c18eb490,0x00000006cbd00000)
 Metaspace       used 8403K, capacity 8564K, committed 8832K, reserved 1056768K
  class space    used 1001K, capacity 1064K, committed 1152K, reserved 1048576K
}
Event: 3.778 GC heap before
{Heap before GC invocations=7 (full 0):
 PSYoungGen      total 275456K, used 267922K [0x000000076b100000, 0x000000077cb00000, 0x00000007c0000000)
  eden space 262144K, 100% used [0x000000076b100000,0x000000077b100000,0x000000077b100000)
  from space 13312K, 43% used [0x000000077be00000,0x000000077c3a4a78,0x000000077cb00000)
  to   space 13312K, 0% used [0x000000077b100000,0x000000077b100000,0x000000077be00000)
 ParOldGen       total 175104K, used 7085K [0x00000006c1200000, 0x00000006cbd00000, 0x000000076b100000)
  object space 175104K, 4% used [0x00000006c1200000,0x00000006c18eb490,0x00000006cbd00000)
 Metaspace       used 8410K, capacity 8564K, committed 8832K, reserved 1056768K
  class space    used 1001K, capacity 1064K, committed 1152K, reserved 1048576K
Event: 3.783 GC heap after
Heap after GC invocations=7 (full 0):
 PSYoungGen      total 252416K, used 96K [0x000000076b100000, 0x000000077c300000, 0x00000007c0000000)
  eden space 251904K, 0% used [0x000000076b100000,0x000000076b100000,0x000000077a700000)
  from space 512K, 18% used [0x000000077b100000,0x000000077b118000,0x000000077b180000)
  to   space 14336K, 0% used [0x000000077b500000,0x000000077b500000,0x000000077c300000)
 ParOldGen       total 175104K, used 15418K [0x00000006c1200000, 0x00000006cbd00000, 0x000000076b100000)
  object space 175104K, 8% used [0x00000006c1200000,0x00000006c210e970,0x00000006cbd00000)
 Metaspace       used 8410K, capacity 8564K, committed 8832K, reserved 1056768K
  class space    used 1001K, capacity 1064K, committed 1152K, reserved 1048576K
}
Event: 4.665 GC heap before
{Heap before GC invocations=8 (full 0):
 PSYoungGen      total 252416K, used 252000K [0x000000076b100000, 0x000000077c300000, 0x00000007c0000000)
  eden space 251904K, 100% used [0x000000076b100000,0x000000077a700000,0x000000077a700000)
  from space 512K, 18% used [0x000000077b100000,0x000000077b118000,0x000000077b180000)
  to   space 14336K, 0% used [0x000000077b500000,0x000000077b500000,0x000000077c300000)
 ParOldGen       total 175104K, used 15418K [0x00000006c1200000, 0x00000006cbd00000, 0x000000076b100000)
  object space 175104K, 8% used [0x00000006c1200000,0x00000006c210e970,0x00000006cbd00000)
 Metaspace       used 8417K, capacity 8564K, committed 8832K, reserved 1056768K
  class space    used 1001K, capacity 1064K, committed 1152K, reserved 1048576K
Event: 4.667 GC heap after
Heap after GC invocations=8 (full 0):
 PSYoungGen      total 246784K, used 2828K [0x000000076b100000, 0x000000077b980000, 0x00000007c0000000)
  eden space 242176K, 0% used [0x000000076b100000,0x000000076b100000,0x0000000779d80000)
  from space 4608K, 61% used [0x000000077b500000,0x000000077b7c3030,0x000000077b980000)
  to   space 14336K, 0% used [0x0000000779d80000,0x0000000779d80000,0x000000077ab80000)
 ParOldGen       total 175104K, used 15434K [0x00000006c1200000, 0x00000006cbd00000, 0x000000076b100000)
  object space 175104K, 8% used [0x00000006c1200000,0x00000006c2112970,0x00000006cbd00000)
 Metaspace       used 8417K, capacity 8564K, committed 8832K, reserved 1056768K
  class space    used 1001K, capacity 1064K, committed 1152K, reserved 1048576K
}

Deoptimization events (10 events):
Event: 0.512 Thread 0x0000000002b10800 Uncommon trap: reason=null_check action=make_not_entrant pc=0x0000000002d81684 method=java.lang.String.equals(Ljava/lang/Object;)Z @ 8
Event: 1.078 Thread 0x0000000002b10800 Uncommon trap: reason=unstable_if action=reinterpret pc=0x0000000002dbd478 method=PicRecoginition.isColor(I)Z @ 50
Event: 1.180 Thread 0x0000000002b10800 Uncommon trap: reason=unstable_if action=reinterpret pc=0x0000000002de0030 method=PicRecoginition.percentMask([[IIILjava/awt/image/BufferedImage;)I @ 11
Event: 1.185 Thread 0x0000000002b10800 Uncommon trap: reason=unstable_if action=reinterpret pc=0x0000000002dd4ad4 method=PicRecoginition.winCheck(III)V @ 7
Event: 1.185 Thread 0x0000000002b10800 Uncommon trap: reason=unstable_if action=reinterpret pc=0x0000000002dd1070 method=PicRecoginition.percentMask([[IIILjava/awt/image/BufferedImage;)I @ 11
Event: 1.271 Thread 0x0000000002b10800 Uncommon trap: reason=unstable_if action=reinterpret pc=0x0000000002dd6e6c method=PicRecoginition.setMask(IIILjava/awt/image/BufferedImage;)I @ 36
Event: 1.296 Thread 0x0000000002b10800 Uncommon trap: reason=unstable_if action=reinterpret pc=0x0000000002dd193c method=java.awt.image.ComponentColorModel.getRGB(Ljava/lang/Object;)I @ 4
Event: 1.400 Thread 0x0000000002b10800 Uncommon trap: reason=unstable_if action=reinterpret pc=0x0000000002de5dc4 method=PicRecoginition.percentMask([[IIILjava/awt/image/BufferedImage;)I @ 49
Event: 1.400 Thread 0x0000000002b10800 Uncommon trap: reason=unstable_if action=reinterpret pc=0x0000000002de3d70 method=PicRecoginition.percentMask([[IIILjava/awt/image/BufferedImage;)I @ 37
Event: 1.409 Thread 0x0000000002b10800 Uncommon trap: reason=unstable_if action=reinterpret pc=0x0000000002def74c method=PicRecoginition.porcessedImg(Ljava/awt/image/BufferedImage;)Ljava/awt/image/BufferedImage; @ 89

Internal exceptions (10 events):
Event: 0.050 Thread 0x0000000002b10800 Exception <a 'java/lang/NoSuchMethodError': Method sun.misc.Unsafe.prefetchRead(Ljava/lang/Object;J)V name or signature does not match> (0x000000076b107f60) thrown at [C:\re\workspace\8-2-build-windows-amd64-cygwin\jdk8u111\7883\hotspot\src\share\vm\prims
Event: 0.386 Thread 0x0000000002b10800 Exception <a 'java/security/PrivilegedActionException'> (0x000000076b184f20) thrown at [C:\re\workspace\8-2-build-windows-amd64-cygwin\jdk8u111\7883\hotspot\src\share\vm\prims\jvm.cpp, line 1386]
Event: 0.386 Thread 0x0000000002b10800 Exception <a 'java/security/PrivilegedActionException'> (0x000000076b185130) thrown at [C:\re\workspace\8-2-build-windows-amd64-cygwin\jdk8u111\7883\hotspot\src\share\vm\prims\jvm.cpp, line 1386]
Event: 0.387 Thread 0x0000000002b10800 Exception <a 'java/security/PrivilegedActionException'> (0x000000076b188d78) thrown at [C:\re\workspace\8-2-build-windows-amd64-cygwin\jdk8u111\7883\hotspot\src\share\vm\prims\jvm.cpp, line 1386]
Event: 0.387 Thread 0x0000000002b10800 Exception <a 'java/security/PrivilegedActionException'> (0x000000076b188f88) thrown at [C:\re\workspace\8-2-build-windows-amd64-cygwin\jdk8u111\7883\hotspot\src\share\vm\prims\jvm.cpp, line 1386]
Event: 0.404 Thread 0x0000000002b10800 Exception <a 'java/io/FileNotFoundException'> (0x000000076b18b4a0) thrown at [C:\re\workspace\8-2-build-windows-amd64-cygwin\jdk8u111\7883\hotspot\src\share\vm\prims\jni.cpp, line 709]
Event: 0.441 Thread 0x0000000002b10800 Exception <a 'java/lang/NoSuchFieldError': method resolution failed> (0x000000076b3a0390) thrown at [C:\re\workspace\8-2-build-windows-amd64-cygwin\jdk8u111\7883\hotspot\src\share\vm\prims\methodHandles.cpp, line 1146]
Event: 0.443 Thread 0x0000000002b10800 Exception <a 'java/lang/NoSuchFieldError': method resolution failed> (0x000000076b3ad760) thrown at [C:\re\workspace\8-2-build-windows-amd64-cygwin\jdk8u111\7883\hotspot\src\share\vm\prims\methodHandles.cpp, line 1146]
Event: 0.482 Thread 0x0000000002b10800 Exception <a 'java/io/FileNotFoundException'> (0x000000076b441308) thrown at [C:\re\workspace\8-2-build-windows-amd64-cygwin\jdk8u111\7883\hotspot\src\share\vm\prims\jni.cpp, line 709]
Event: 0.512 Thread 0x0000000002b10800 Implicit null exception at 0x0000000002d8149c to 0x0000000002d81675

Events (10 events):
Event: 4.194 Executing VM operation: EnableBiasedLocking
Event: 4.194 Executing VM operation: EnableBiasedLocking done
Event: 4.571 Thread 0x000000001ebe4800 Thread added: 0x000000001ebe4800
Event: 4.571 Thread 0x000000001ebe5000 Thread added: 0x000000001ebe5000
Event: 4.571 Thread 0x000000001ebe4800 Thread exited: 0x000000001ebe4800
Event: 4.581 Thread 0x000000001dd22000 Thread exited: 0x000000001dd22000
Event: 4.665 Executing VM operation: ParallelGCFailedAllocation
Event: 4.667 Executing VM operation: ParallelGCFailedAllocation done
Event: 4.672 Thread 0x000000001ebe5000 Thread exited: 0x000000001ebe5000
Event: 4.672 Executing VM operation: Exit


Dynamic libraries:
0x00007ff7df1d0000 - 0x00007ff7df207000 	C:\Program Files\Java\jre1.8.0_111\bin\javaw.exe
0x00007ffa16050000 - 0x00007ffa16221000 	C:\WINDOWS\SYSTEM32\ntdll.dll
0x00007ffa149e0000 - 0x00007ffa14a8b000 	C:\WINDOWS\System32\KERNEL32.DLL
0x00007ff9e77d0000 - 0x00007ff9e7824000 	C:\Program Files (x86)\AVG\Av\avghooka.dll
0x00007ffa113e0000 - 0x00007ffa115fd000 	C:\WINDOWS\System32\KERNELBASE.dll
0x00007ffa12330000 - 0x00007ffa123d2000 	C:\WINDOWS\System32\ADVAPI32.dll
0x00007ffa14480000 - 0x00007ffa1451e000 	C:\WINDOWS\System32\msvcrt.dll
0x00007ffa13da0000 - 0x00007ffa13df9000 	C:\WINDOWS\System32\sechost.dll
0x00007ffa140f0000 - 0x00007ffa14211000 	C:\WINDOWS\System32\RPCRT4.dll
0x00007ffa14a90000 - 0x00007ffa14bf5000 	C:\WINDOWS\System32\USER32.dll
0x00007ffa119d0000 - 0x00007ffa119ee000 	C:\WINDOWS\System32\win32u.dll
0x00007ffa13e00000 - 0x00007ffa13e34000 	C:\WINDOWS\System32\GDI32.dll
0x00007ffa120d0000 - 0x00007ffa12252000 	C:\WINDOWS\System32\gdi32full.dll
0x00007ff9fe190000 - 0x00007ff9fe409000 	C:\WINDOWS\WinSxS\amd64_microsoft.windows.common-controls_6595b64144ccf1df_6.0.14393.447_none_42191651c6827bb3\COMCTL32.dll
0x00007ffa14550000 - 0x00007ffa14818000 	C:\WINDOWS\System32\combase.dll
0x00007ffa11600000 - 0x00007ffa116f5000 	C:\WINDOWS\System32\ucrtbase.dll
0x00007ffa12260000 - 0x00007ffa122ca000 	C:\WINDOWS\System32\bcryptPrimitives.dll
0x00007ffa14520000 - 0x00007ffa1454e000 	C:\WINDOWS\System32\IMM32.DLL
0x0000000074aa0000 - 0x0000000074b72000 	C:\Program Files\Java\jre1.8.0_111\bin\msvcr100.dll
0x0000000074c60000 - 0x00000000754fa000 	C:\Program Files\Java\jre1.8.0_111\bin\server\jvm.dll
0x00007ffa13ed0000 - 0x00007ffa13ed8000 	C:\WINDOWS\System32\PSAPI.DLL
0x00007ff9e4760000 - 0x00007ff9e4769000 	C:\WINDOWS\SYSTEM32\WSOCK32.dll
0x00007ffa14080000 - 0x00007ffa140ea000 	C:\WINDOWS\System32\WS2_32.dll
0x00007ffa0f380000 - 0x00007ffa0f3a3000 	C:\WINDOWS\SYSTEM32\WINMM.dll
0x00007ffa04450000 - 0x00007ffa0445a000 	C:\WINDOWS\SYSTEM32\VERSION.dll
0x00007ffa0f0e0000 - 0x00007ffa0f10b000 	C:\WINDOWS\SYSTEM32\WINMMBASE.dll
0x00007ffa11980000 - 0x00007ffa119c2000 	C:\WINDOWS\System32\cfgmgr32.dll
0x0000000074c50000 - 0x0000000074c5f000 	C:\Program Files\Java\jre1.8.0_111\bin\verify.dll
0x0000000074c20000 - 0x0000000074c49000 	C:\Program Files\Java\jre1.8.0_111\bin\java.dll
0x0000000074c00000 - 0x0000000074c16000 	C:\Program Files\Java\jre1.8.0_111\bin\zip.dll
0x00007ffa123f0000 - 0x00007ffa138f9000 	C:\WINDOWS\System32\SHELL32.dll
0x00007ffa119f0000 - 0x00007ffa120ca000 	C:\WINDOWS\System32\windows.storage.dll
0x00007ffa111e0000 - 0x00007ffa1122c000 	C:\WINDOWS\System32\powrprof.dll
0x00007ffa14820000 - 0x00007ffa14872000 	C:\WINDOWS\System32\shlwapi.dll
0x00007ffa111d0000 - 0x00007ffa111df000 	C:\WINDOWS\System32\kernel.appcore.dll
0x00007ffa11230000 - 0x00007ffa112d9000 	C:\WINDOWS\System32\shcore.dll
0x00007ffa111b0000 - 0x00007ffa111c4000 	C:\WINDOWS\System32\profapi.dll
0x00007ff9be2b0000 - 0x00007ff9c01a7000 	C:\Users\curti\OneDrive\Programming\opencv\build\java\x64\opencv_java320.dll
0x00007ffa14c00000 - 0x00007ffa14d37000 	C:\WINDOWS\System32\ole32.dll
0x00007ffa143c0000 - 0x00007ffa1447f000 	C:\WINDOWS\System32\OLEAUT32.dll
0x00007ffa112e0000 - 0x00007ffa1137c000 	C:\WINDOWS\System32\msvcp_win.dll
0x00007ffa0a250000 - 0x00007ffa0a279000 	C:\WINDOWS\SYSTEM32\MSVFW32.dll
0x00007ffa0a200000 - 0x00007ffa0a220000 	C:\WINDOWS\SYSTEM32\AVIFIL32.dll
0x00007ffa0a1e0000 - 0x00007ffa0a1f8000 	C:\WINDOWS\SYSTEM32\AVICAP32.dll
0x00007ffa09d80000 - 0x00007ffa09d9c000 	C:\WINDOWS\SYSTEM32\MSACM32.dll
0x0000000074900000 - 0x0000000074a98000 	C:\Program Files\Java\jre1.8.0_111\bin\awt.dll
0x00007ffa0f730000 - 0x00007ffa0f7aa000 	C:\WINDOWS\SYSTEM32\apphelp.dll
0x00007ffa0eba0000 - 0x00007ffa0ebc6000 	C:\WINDOWS\system32\DWMAPI.DLL
0x00007ffa0f8d0000 - 0x00007ffa0f965000 	C:\WINDOWS\system32\uxtheme.dll
0x00007ffa14880000 - 0x00007ffa149db000 	C:\WINDOWS\System32\MSCTF.dll
0x00007ff9ea940000 - 0x00007ff9ea9d8000 	C:\Program Files\Common Files\microsoft shared\ink\tiptsf.dll
0x00000000748b0000 - 0x00000000748f7000 	C:\Program Files\Java\jre1.8.0_111\bin\fontmanager.dll
0x00007ffa13ee0000 - 0x00007ffa13f7f000 	C:\WINDOWS\System32\clbcatq.dll
0x00007ff9fbad0000 - 0x00007ff9fbc7a000 	C:\Windows\System32\uiautomationcore.dll
0x00007ffa108f0000 - 0x00007ffa1090f000 	C:\Windows\System32\USERENV.dll
0x00007ffa11040000 - 0x00007ffa110d8000 	C:\WINDOWS\SYSTEM32\sxs.dll
0x00007ff9fdf70000 - 0x00007ff9fdfd5000 	C:\Windows\System32\OLEACC.dll
0x00007ff9eac40000 - 0x00007ff9eacbd000 	C:\WINDOWS\SYSTEM32\twinapi.dll
0x00007ffa0fc90000 - 0x00007ffa0fdac000 	C:\WINDOWS\SYSTEM32\twinapi.appcore.dll
0x00007ffa110e0000 - 0x00007ffa1110b000 	C:\WINDOWS\SYSTEM32\bcrypt.dll
0x00007ffa0a290000 - 0x00007ffa0a2a8000 	C:\Windows\System32\devenum.dll
0x00007ffa13900000 - 0x00007ffa13d29000 	C:\WINDOWS\System32\setupapi.dll
0x00007ffa10550000 - 0x00007ffa10582000 	C:\WINDOWS\SYSTEM32\ntmarta.dll
0x00007ffa0fe50000 - 0x00007ffa0fe78000 	C:\WINDOWS\SYSTEM32\DEVOBJ.dll
0x00007ffa11380000 - 0x00007ffa113d5000 	C:\WINDOWS\System32\WINTRUST.dll
0x00007ffa111a0000 - 0x00007ffa111b0000 	C:\WINDOWS\System32\MSASN1.dll
0x00007ffa117b0000 - 0x00007ffa11979000 	C:\WINDOWS\System32\CRYPT32.dll
0x00007ffa0a280000 - 0x00007ffa0a28a000 	C:\WINDOWS\SYSTEM32\msdmo.dll
0x00007ffa07360000 - 0x00007ffa07393000 	C:\Windows\System32\qcap.dll
0x00007ffa05590000 - 0x00007ffa05753000 	C:\Windows\System32\quartz.dll
0x00007ffa07310000 - 0x00007ffa07358000 	C:\Windows\System32\mfksproxy.dll
0x00007ffa0d9b0000 - 0x00007ffa0d9cc000 	C:\Windows\System32\ATL.DLL
0x00007ffa05de0000 - 0x00007ffa05e2e000 	C:\Windows\System32\MFSENSORGROUP.dll
0x00007ffa0a360000 - 0x00007ffa0a4c8000 	C:\Windows\System32\MFPlat.DLL
0x00007ffa0c160000 - 0x00007ffa0c18e000 	C:\Windows\System32\RTWorkQ.DLL
0x00007ff9cccc0000 - 0x00007ff9cd0ab000 	C:\Windows\System32\MFCORE.dll
0x00007ffa0c210000 - 0x00007ffa0c219000 	C:\Windows\System32\ksuser.dll
0x00007ffa10c30000 - 0x00007ffa10c3b000 	C:\Windows\System32\CRYPTBASE.DLL
0x00007ffa03c90000 - 0x00007ffa03ce3000 	C:\Windows\System32\FSClient.dll
0x00007ffa0d230000 - 0x00007ffa0d23b000 	C:\Windows\System32\AVRT.dll
0x00007ffa0a190000 - 0x00007ffa0a19d000 	C:\Windows\System32\vidcap.ax
0x00007ffa040c0000 - 0x00007ffa040e5000 	C:\Windows\System32\kswdmcap.ax
0x00007ff9e0af0000 - 0x00007ff9e0c53000 	C:\Windows\System32\MFC42.dll
0x00007ffa07c00000 - 0x00007ffa07caf000 	C:\Windows\System32\ODBC32.dll
0x00007ffa106c0000 - 0x00007ffa106ca000 	C:\Windows\System32\DPAPI.dll
0x00007ff9cc760000 - 0x00007ff9cccba000 	C:\WINDOWS\system32\IntelCameraPlugin64.dll
0x00007ffa02ff0000 - 0x00007ffa03058000 	C:\WINDOWS\system32\SkyCamAIC_dynamic64.dll
0x00007ffa0d240000 - 0x00007ffa0d4f6000 	C:\WINDOWS\system32\d3d11.dll
0x00007ffa10130000 - 0x00007ffa101cf000 	C:\WINDOWS\system32\dxgi.dll
0x00007ffa0e3b0000 - 0x00007ffa0e3f3000 	C:\WINDOWS\SYSTEM32\policymanager.dll
0x00007ffa0fbf0000 - 0x00007ffa0fc81000 	C:\Windows\System32\msvcp110_win.dll
0x00007ff9f8c40000 - 0x00007ff9f8d14000 	C:\Windows\System32\MFReadWrite.dll
0x00007ffa054e0000 - 0x00007ffa05583000 	C:\Windows\System32\qedit.dll
0x00007ffa13f80000 - 0x00007ffa1407a000 	C:\WINDOWS\System32\COMDLG32.dll
0x00007ff9fdfe0000 - 0x00007ff9fe17a000 	C:\WINDOWS\WinSxS\amd64_microsoft.windows.gdiplus_6595b64144ccf1df_1.1.14393.321_none_72fe05dd211a5fae\gdiplus.dll
0x00007ff9ea460000 - 0x00007ff9ea557000 	C:\Windows\System32\DDRAW.dll
0x00007ffa0eeb0000 - 0x00007ffa0eeb8000 	C:\Windows\System32\DCIMAN32.dll
0x00007ffa0a1b0000 - 0x00007ffa0a1bc000 	C:\WINDOWS\SYSTEM32\msyuv.dll
0x00007ffa0cfc0000 - 0x00007ffa0d152000 	C:\WINDOWS\SYSTEM32\dbghelp.dll

VM Arguments:
jvm_args: -Dfile.encoding=Cp1252 
java_command: OverCoat
java_class_path (initial): C:\Users\curti\OneDrive\Programming\HoundDog\bin;C:\Users\curti\OneDrive\Programming\opencv\build\java\opencv-320.jar
Launcher Type: SUN_STANDARD

Environment Variables:
PATH=C:/Program Files/Java/jre1.8.0_111/bin/server;C:/Program Files/Java/jre1.8.0_111/bin;C:/Program Files/Java/jre1.8.0_111/lib/amd64;C:\ProgramData\Oracle\Java\javapath;C:\Program Files (x86)\NVIDIA Corporation\PhysX\Common;C:\WINDOWS\system32;C:\WINDOWS;C:\WINDOWS\System32\Wbem;C:\WINDOWS\System32\WindowsPowerShell\v1.0\;C:\WINDOWS\system32\config\systemprofile\.dnx\bin;C:\Program Files\Microsoft DNX\Dnvm\;C:\Program Files (x86)\Windows Kits\8.1\Windows Performance Toolkit\;C:\Program Files\Microsoft SQL Server\120\Tools\Binn\;C:\Program Files\Microsoft SQL Server\130\Tools\Binn\;C:\Program Files\Microsoft SQL Server\Client SDK\ODBC\110\Tools\Binn\;C:\Program Files (x86)\Microsoft SQL Server\120\Tools\Binn\;C:\Program Files\Microsoft SQL Server\120\DTS\Binn\;C:\Program Files\Git\cmd;C:\Users\curti\AppData\Local\Microsoft\WindowsApps;;C:\Users\curti\Desktop\desktop stuff;
USERNAME=curti
OS=Windows_NT
PROCESSOR_IDENTIFIER=Intel64 Family 6 Model 78 Stepping 3, GenuineIntel



---------------  S Y S T E M  ---------------

OS: Windows 10.0 , 64 bit Build 14393 (10.0.14393.0)

CPU:total 4 (2 cores per cpu, 2 threads per core) family 6 model 78 stepping 3, cmov, cx8, fxsr, mmx, sse, sse2, sse3, ssse3, sse4.1, sse4.2, popcnt, avx, avx2, aes, clmul, erms, rtm, 3dnowpref, lzcnt, ht, tsc, tscinvbit, bmi1, bmi2, adx

Memory: 4k page, physical 16701568k(11308756k free), swap 19191936k(13083064k free)

vm_info: Java HotSpot(TM) 64-Bit Server VM (25.111-b14) for windows-amd64 JRE (1.8.0_111-b14), built on Sep 22 2016 19:24:05 by "java_re" with MS VC++ 10.0 (VS2010)

time: Mon Jan 16 19:09:28 2017
elapsed time: 5 seconds (0d 0h 0m 5s)

