#
# A fatal error has been detected by the Java Runtime Environment:
#
#  Internal Error (0xc000000d), pid=6460, tid=0x0000000000001be8
#
# JRE version: Java(TM) SE Runtime Environment (8.0_111-b14) (build 1.8.0_111-b14)
# Java VM: Java HotSpot(TM) 64-Bit Server VM (25.111-b14 mixed mode windows-amd64 compressed oops)
# Problematic frame:
# C  [ntdll.dll+0xff44c]
#
# Failed to write core dump. Minidumps are not enabled by default on client versions of Windows
#
# If you would like to submit a bug report, please visit:
#   http://bugreport.java.com/bugreport/crash.jsp
#

---------------  T H R E A D  ---------------

Current thread (0x000000001bf29000):  VMThread [stack: 0x000000001dc20000,0x000000001dd20000] [id=7144]

siginfo: ExceptionCode=0xc000000d

Registers:
RAX=0x0000000050a84103, RBX=0x000000001fbdedc0, RCX=0xfffffff90000004f, RDX=0x0000000000000007
RSP=0x000000001dd1e9c0, RBP=0x0000000000000000, RSI=0x00000000267f69d0, RDI=0x00000000267f9b50
R8 =0x0000000000000000, R9 =0x00000000504237e0, R10=0x0000000000b51ca0, R11=0x000000001bf2a010
R12=0x0000000000000000, R13=0x00000000ffffffff, R14=0x00000000267d5ce0, R15=0x00000000267f69d0
RIP=0x00007ffca298f44c, EFLAGS=0x0000000000000206

Top of Stack: (sp=0x000000001dd1e9c0)
0x000000001dd1e9c0:   0000000000000057 000000001fbdedc0
0x000000001dd1e9d0:   00000000267f69d0 00000000267f9b50
0x000000001dd1e9e0:   00000000c000000d 0000000000000000
0x000000001dd1e9f0:   00007ffca298f44c 0000000000000000
0x000000001dd1ea00:   0000000000000000 0000000000000000
0x000000001dd1ea10:   0000000000000000 0000000000000000
0x000000001dd1ea20:   0000000000000000 0000000000000000
0x000000001dd1ea30:   0000000000000000 0000000000000000
0x000000001dd1ea40:   0000000000000000 0000000000000000
0x000000001dd1ea50:   0000000000000000 0000000000000000
0x000000001dd1ea60:   0000000000000000 0000000000000000
0x000000001dd1ea70:   0000000000000000 0000000000840cc0
0x000000001dd1ea80:   00001e436197022b 0000000000000000
0x000000001dd1ea90:   0000000000000000 00007ffca2951899
0x000000001dd1eaa0:   0000000000000001 00007ffc931ae8db
0x000000001dd1eab0:   0000000100000003 0000000000000004 

Instructions: (pc=0x00007ffca298f44c)
0x00007ffca298f42c:   d5 fa ff c7 44 24 20 0d 00 00 c0 b9 57 00 00 00
0x00007ffca298f43c:   e8 7f 13 f6 ff 90 48 8d 4c 24 20 e8 04 bf f4 ff
0x00007ffca298f44c:   eb 00 48 8b 8c 24 c0 00 00 00 48 33 cc e8 82 74
0x00007ffca298f45c:   f9 ff 48 81 c4 d8 00 00 00 c3 40 55 48 83 ec 20 


Register to memory mapping:

RAX=0x0000000050a84103 is an unknown value
RBX=0x000000001fbdedc0 is an unknown value
RCX=0xfffffff90000004f is an unknown value
RDX=0x0000000000000007 is an unknown value
RSP=0x000000001dd1e9c0 is an unknown value
RBP=0x0000000000000000 is an unknown value
RSI=0x00000000267f69d0 is an unknown value
RDI=0x00000000267f9b50 is an unknown value
R8 =0x0000000000000000 is an unknown value
R9 =0x00000000504237e0 is an unknown value
R10=0x0000000000b51ca0 is an unknown value
R11=0x000000001bf2a010 is an unknown value
R12=0x0000000000000000 is an unknown value
R13=0x00000000ffffffff is an unknown value
R14=0x00000000267d5ce0 is an unknown value
R15=0x00000000267f69d0 is an unknown value


Stack: [0x000000001dc20000,0x000000001dd20000],  sp=0x000000001dd1e9c0,  free space=1018k
Native frames: (J=compiled Java code, j=interpreted, Vv=VM code, C=native code)

VM_Operation (0x0000000025d1ce90): Exit, mode: safepoint, requested by thread 0x000000001ef88000


---------------  P R O C E S S  ---------------

Java Threads: ( => current thread )
  0x000000001ef88000 JavaThread "AWT-EventQueue-0" [_thread_blocked, id=4620, stack(0x0000000025c20000,0x0000000025d20000)]
  0x000000001ef63000 JavaThread "AWT-Shutdown" [_thread_blocked, id=4928, stack(0x000000001f720000,0x000000001f820000)]
  0x000000001ef62800 JavaThread "Java2D Disposer" daemon [_thread_blocked, id=5892, stack(0x000000001ed40000,0x000000001ee40000)]
  0x000000001dee9000 JavaThread "Service Thread" daemon [_thread_blocked, id=8092, stack(0x000000001ea10000,0x000000001eb10000)]
  0x000000001de5a800 JavaThread "C1 CompilerThread3" daemon [_thread_blocked, id=184, stack(0x000000001e910000,0x000000001ea10000)]
  0x000000001de54800 JavaThread "C2 CompilerThread2" daemon [_thread_blocked, id=8480, stack(0x000000001e810000,0x000000001e910000)]
  0x000000001de4c000 JavaThread "C2 CompilerThread1" daemon [_thread_blocked, id=7340, stack(0x000000001e710000,0x000000001e810000)]
  0x000000001de48800 JavaThread "C2 CompilerThread0" daemon [_thread_blocked, id=5052, stack(0x000000001e610000,0x000000001e710000)]
  0x000000001de46800 JavaThread "Attach Listener" daemon [_thread_blocked, id=7712, stack(0x000000001e510000,0x000000001e610000)]
  0x000000001bf3e800 JavaThread "Signal Dispatcher" daemon [_thread_blocked, id=5720, stack(0x000000001e410000,0x000000001e510000)]
  0x000000001de40800 JavaThread "Finalizer" daemon [_thread_blocked, id=8864, stack(0x000000001e220000,0x000000001e320000)]
  0x0000000002486000 JavaThread "Reference Handler" daemon [_thread_blocked, id=8068, stack(0x000000001dd20000,0x000000001de20000)]
  0x0000000002390800 JavaThread "main" [_thread_blocked, id=2368, stack(0x0000000002290000,0x0000000002390000)]

Other Threads:
=>0x000000001bf29000 VMThread [stack: 0x000000001dc20000,0x000000001dd20000] [id=7144]

VM state:at safepoint (shutting down)

VM Mutex/Monitor currently owned by a thread:  ([mutex/lock_event])
[0x0000000000b5b9b0] Threads_lock - owner thread: 0x000000001bf29000

Heap:
 PSYoungGen      total 31744K, used 13319K [0x000000076af80000, 0x000000076d400000, 0x00000007c0000000)
  eden space 27648K, 34% used [0x000000076af80000,0x000000076b8bdfa8,0x000000076ca80000)
  from space 4096K, 94% used [0x000000076cf00000,0x000000076d2c4040,0x000000076d300000)
  to   space 4608K, 0% used [0x000000076ca80000,0x000000076ca80000,0x000000076cf00000)
 ParOldGen       total 66560K, used 27323K [0x00000006c0e00000, 0x00000006c4f00000, 0x000000076af80000)
  object space 66560K, 41% used [0x00000006c0e00000,0x00000006c28aeff8,0x00000006c4f00000)
 Metaspace       used 8908K, capacity 9126K, committed 9344K, reserved 1056768K
  class space    used 1030K, capacity 1097K, committed 1152K, reserved 1048576K

Card table byte_map: [0x0000000011850000,0x0000000012050000] byte_map_base: 0x000000000e249000

Marking Bits: (ParMarkBitMap*) 0x0000000050c6a6c0
 Begin Bits: [0x0000000012db0000, 0x0000000016d78000)
 End Bits:   [0x0000000016d78000, 0x000000001ad40000)

Polling page: 0x0000000000900000

CodeCache: size=245760Kb used=3212Kb max_used=3224Kb free=242547Kb
 bounds [0x0000000002490000, 0x00000000027c0000, 0x0000000011490000]
 total_blobs=1256 nmethods=807 adapters=362
 compilation: enabled

Compilation events (10 events):
Event: 161.170 Thread 0x000000001de4c000  858       4       java.lang.ref.ReferenceQueue::reallyPoll (66 bytes)
Event: 161.170 Thread 0x000000001de4c000 nmethod 858 0x00000000027b5e50 code [0x00000000027b5fa0, 0x00000000027b60c8]
Event: 166.161 Thread 0x000000001de54800  859   !   4       java.lang.ref.Reference::tryHandlePending (115 bytes)
Event: 166.165 Thread 0x000000001de54800 nmethod 859 0x00000000027b2f10 code [0x00000000027b30c0, 0x00000000027b3a28]
Event: 173.381 Thread 0x000000001de4c000  860       4       java.awt.image.ColorModel::<init> (342 bytes)
Event: 173.386 Thread 0x000000001de4c000 nmethod 860 0x00000000027b2550 code [0x00000000027b26c0, 0x00000000027b2b58]
Event: 176.389 Thread 0x000000001de48800  861       4       java.awt.image.ComponentSampleModel::<init> (169 bytes)
Event: 176.394 Thread 0x000000001de48800 nmethod 861 0x00000000027b81d0 code [0x00000000027b8340, 0x00000000027b89d8]
Event: 177.310 Thread 0x000000001de5a800  862       1       java.beans.PropertyChangeEvent::getNewValue (5 bytes)
Event: 177.310 Thread 0x000000001de5a800 nmethod 862 0x00000000027b50d0 code [0x00000000027b5220, 0x00000000027b5330]

GC Heap History (10 events):
Event: 178.460 GC heap before
{Heap before GC invocations=1591 (full 9):
 PSYoungGen      total 32768K, used 31052K [0x000000076af80000, 0x000000076d400000, 0x00000007c0000000)
  eden space 28160K, 100% used [0x000000076af80000,0x000000076cb00000,0x000000076cb00000)
  from space 4608K, 62% used [0x000000076cb00000,0x000000076cdd3030,0x000000076cf80000)
  to   space 4608K, 0% used [0x000000076cf80000,0x000000076cf80000,0x000000076d400000)
 ParOldGen       total 66560K, used 25523K [0x00000006c0e00000, 0x00000006c4f00000, 0x000000076af80000)
  object space 66560K, 38% used [0x00000006c0e00000,0x00000006c26ecfd8,0x00000006c4f00000)
 Metaspace       used 8904K, capacity 9126K, committed 9344K, reserved 1056768K
  class space    used 1029K, capacity 1097K, committed 1152K, reserved 1048576K
Event: 178.461 GC heap after
Heap after GC invocations=1591 (full 9):
 PSYoungGen      total 32768K, used 2828K [0x000000076af80000, 0x000000076d400000, 0x00000007c0000000)
  eden space 28160K, 0% used [0x000000076af80000,0x000000076af80000,0x000000076cb00000)
  from space 4608K, 61% used [0x000000076cf80000,0x000000076d243030,0x000000076d400000)
  to   space 4608K, 0% used [0x000000076cb00000,0x000000076cb00000,0x000000076cf80000)
 ParOldGen       total 66560K, used 25523K [0x00000006c0e00000, 0x00000006c4f00000, 0x000000076af80000)
  object space 66560K, 38% used [0x00000006c0e00000,0x00000006c26ecfd8,0x00000006c4f00000)
 Metaspace       used 8904K, capacity 9126K, committed 9344K, reserved 1056768K
  class space    used 1029K, capacity 1097K, committed 1152K, reserved 1048576K
}
Event: 178.558 GC heap before
{Heap before GC invocations=1592 (full 9):
 PSYoungGen      total 32768K, used 30988K [0x000000076af80000, 0x000000076d400000, 0x00000007c0000000)
  eden space 28160K, 100% used [0x000000076af80000,0x000000076cb00000,0x000000076cb00000)
  from space 4608K, 61% used [0x000000076cf80000,0x000000076d243030,0x000000076d400000)
  to   space 4608K, 0% used [0x000000076cb00000,0x000000076cb00000,0x000000076cf80000)
 ParOldGen       total 66560K, used 25523K [0x00000006c0e00000, 0x00000006c4f00000, 0x000000076af80000)
  object space 66560K, 38% used [0x00000006c0e00000,0x00000006c26ecfd8,0x00000006c4f00000)
 Metaspace       used 8904K, capacity 9126K, committed 9344K, reserved 1056768K
  class space    used 1029K, capacity 1097K, committed 1152K, reserved 1048576K
Event: 178.559 GC heap after
Heap after GC invocations=1592 (full 9):
 PSYoungGen      total 31232K, used 2892K [0x000000076af80000, 0x000000076d300000, 0x00000007c0000000)
  eden space 28160K, 0% used [0x000000076af80000,0x000000076af80000,0x000000076cb00000)
  from space 3072K, 94% used [0x000000076cb00000,0x000000076cdd3030,0x000000076ce00000)
  to   space 4096K, 0% used [0x000000076cf00000,0x000000076cf00000,0x000000076d300000)
 ParOldGen       total 66560K, used 25523K [0x00000006c0e00000, 0x00000006c4f00000, 0x000000076af80000)
  object space 66560K, 38% used [0x00000006c0e00000,0x00000006c26ecfd8,0x00000006c4f00000)
 Metaspace       used 8904K, capacity 9126K, committed 9344K, reserved 1056768K
  class space    used 1029K, capacity 1097K, committed 1152K, reserved 1048576K
}
Event: 178.671 GC heap before
{Heap before GC invocations=1593 (full 9):
 PSYoungGen      total 31232K, used 31052K [0x000000076af80000, 0x000000076d300000, 0x00000007c0000000)
  eden space 28160K, 100% used [0x000000076af80000,0x000000076cb00000,0x000000076cb00000)
  from space 3072K, 94% used [0x000000076cb00000,0x000000076cdd3030,0x000000076ce00000)
  to   space 4096K, 0% used [0x000000076cf00000,0x000000076cf00000,0x000000076d300000)
 ParOldGen       total 66560K, used 25523K [0x00000006c0e00000, 0x00000006c4f00000, 0x000000076af80000)
  object space 66560K, 38% used [0x00000006c0e00000,0x00000006c26ecfd8,0x00000006c4f00000)
 Metaspace       used 8904K, capacity 9126K, committed 9344K, reserved 1056768K
  class space    used 1029K, capacity 1097K, committed 1152K, reserved 1048576K
Event: 178.672 GC heap after
Heap after GC invocations=1593 (full 9):
 PSYoungGen      total 32256K, used 2860K [0x000000076af80000, 0x000000076d300000, 0x00000007c0000000)
  eden space 28160K, 0% used [0x000000076af80000,0x000000076af80000,0x000000076cb00000)
  from space 4096K, 69% used [0x000000076cf00000,0x000000076d1cb030,0x000000076d300000)
  to   space 4096K, 0% used [0x000000076cb00000,0x000000076cb00000,0x000000076cf00000)
 ParOldGen       total 66560K, used 25523K [0x00000006c0e00000, 0x00000006c4f00000, 0x000000076af80000)
  object space 66560K, 38% used [0x00000006c0e00000,0x00000006c26ecfd8,0x00000006c4f00000)
 Metaspace       used 8904K, capacity 9126K, committed 9344K, reserved 1056768K
  class space    used 1029K, capacity 1097K, committed 1152K, reserved 1048576K
}
Event: 178.768 GC heap before
{Heap before GC invocations=1594 (full 9):
 PSYoungGen      total 32256K, used 31020K [0x000000076af80000, 0x000000076d300000, 0x00000007c0000000)
  eden space 28160K, 100% used [0x000000076af80000,0x000000076cb00000,0x000000076cb00000)
  from space 4096K, 69% used [0x000000076cf00000,0x000000076d1cb030,0x000000076d300000)
  to   space 4096K, 0% used [0x000000076cb00000,0x000000076cb00000,0x000000076cf00000)
 ParOldGen       total 66560K, used 25523K [0x00000006c0e00000, 0x00000006c4f00000, 0x000000076af80000)
  object space 66560K, 38% used [0x00000006c0e00000,0x00000006c26ecfd8,0x00000006c4f00000)
 Metaspace       used 8904K, capacity 9126K, committed 9344K, reserved 1056768K
  class space    used 1029K, capacity 1097K, committed 1152K, reserved 1048576K
Event: 178.769 GC heap after
Heap after GC invocations=1594 (full 9):
 PSYoungGen      total 32256K, used 2892K [0x000000076af80000, 0x000000076d300000, 0x00000007c0000000)
  eden space 28160K, 0% used [0x000000076af80000,0x000000076af80000,0x000000076cb00000)
  from space 4096K, 70% used [0x000000076cb00000,0x000000076cdd3030,0x000000076cf00000)
  to   space 4096K, 0% used [0x000000076cf00000,0x000000076cf00000,0x000000076d300000)
 ParOldGen       total 66560K, used 25523K [0x00000006c0e00000, 0x00000006c4f00000, 0x000000076af80000)
  object space 66560K, 38% used [0x00000006c0e00000,0x00000006c26ecfd8,0x00000006c4f00000)
 Metaspace       used 8904K, capacity 9126K, committed 9344K, reserved 1056768K
  class space    used 1029K, capacity 1097K, committed 1152K, reserved 1048576K
}
Event: 178.885 GC heap before
{Heap before GC invocations=1595 (full 9):
 PSYoungGen      total 32256K, used 31052K [0x000000076af80000, 0x000000076d300000, 0x00000007c0000000)
  eden space 28160K, 100% used [0x000000076af80000,0x000000076cb00000,0x000000076cb00000)
  from space 4096K, 70% used [0x000000076cb00000,0x000000076cdd3030,0x000000076cf00000)
  to   space 4096K, 0% used [0x000000076cf00000,0x000000076cf00000,0x000000076d300000)
 ParOldGen       total 66560K, used 25523K [0x00000006c0e00000, 0x00000006c4f00000, 0x000000076af80000)
  object space 66560K, 38% used [0x00000006c0e00000,0x00000006c26ecfd8,0x00000006c4f00000)
 Metaspace       used 8908K, capacity 9126K, committed 9344K, reserved 1056768K
  class space    used 1030K, capacity 1097K, committed 1152K, reserved 1048576K
Event: 178.886 GC heap after
Heap after GC invocations=1595 (full 9):
 PSYoungGen      total 31744K, used 3856K [0x000000076af80000, 0x000000076d400000, 0x00000007c0000000)
  eden space 27648K, 0% used [0x000000076af80000,0x000000076af80000,0x000000076ca80000)
  from space 4096K, 94% used [0x000000076cf00000,0x000000076d2c4040,0x000000076d300000)
  to   space 4608K, 0% used [0x000000076ca80000,0x000000076ca80000,0x000000076cf00000)
 ParOldGen       total 66560K, used 27323K [0x00000006c0e00000, 0x00000006c4f00000, 0x000000076af80000)
  object space 66560K, 41% used [0x00000006c0e00000,0x00000006c28aeff8,0x00000006c4f00000)
 Metaspace       used 8908K, capacity 9126K, committed 9344K, reserved 1056768K
  class space    used 1030K, capacity 1097K, committed 1152K, reserved 1048576K
}

Deoptimization events (10 events):
Event: 0.702 Thread 0x0000000002390800 Uncommon trap: reason=unstable_if action=reinterpret pc=0x00000000026422bc method=java.awt.image.ComponentColorModel.getRGB(Ljava/lang/Object;)I @ 4
Event: 0.806 Thread 0x0000000002390800 Uncommon trap: reason=unstable_if action=reinterpret pc=0x00000000026688e8 method=PicRecoginition.isColor(I)Z @ 31
Event: 1.030 Thread 0x0000000002390800 Uncommon trap: reason=unstable_if action=reinterpret pc=0x00000000026714f0 method=PicRecoginition.isColor(I)Z @ 14
Event: 1.030 Thread 0x0000000002390800 Uncommon trap: reason=unstable_if action=reinterpret pc=0x0000000002641c90 method=PicRecoginition.isColor(I)Z @ 31
Event: 1.030 Thread 0x0000000002390800 Uncommon trap: reason=unstable_if action=reinterpret pc=0x0000000002665088 method=PicRecoginition.isColor(I)Z @ 31
Event: 1.032 Thread 0x0000000002390800 Uncommon trap: reason=unstable_if action=reinterpret pc=0x000000000265b088 method=PicRecoginition.isColor(I)Z @ 50
Event: 3.671 Thread 0x0000000002390800 Uncommon trap: reason=unstable_if action=reinterpret pc=0x000000000267fab0 method=PicRecoginition.porcessedImg(Ljava/awt/image/BufferedImage;)Ljava/awt/image/BufferedImage; @ 27
Event: 3.671 Thread 0x0000000002390800 Uncommon trap: reason=unstable_if action=reinterpret pc=0x000000000267c24c method=PicRecoginition.porcessedImg(Ljava/awt/image/BufferedImage;)Ljava/awt/image/BufferedImage; @ 27
Event: 3.892 Thread 0x0000000002390800 Uncommon trap: reason=unstable_if action=reinterpret pc=0x00000000026b38d4 method=PicRecoginition.percentMask([[IIILjava/awt/image/BufferedImage;)I @ 27
Event: 3.892 Thread 0x0000000002390800 Uncommon trap: reason=unstable_if action=reinterpret pc=0x00000000026b1894 method=PicRecoginition.percentMask([[IIILjava/awt/image/BufferedImage;)I @ 27

Internal exceptions (10 events):
Event: 0.020 Thread 0x0000000002390800 Exception <a 'java/lang/NoSuchMethodError': Method sun.misc.Unsafe.prefetchRead(Ljava/lang/Object;J)V name or signature does not match> (0x000000076af87f60) thrown at [C:\re\workspace\8-2-build-windows-amd64-cygwin\jdk8u111\7883\hotspot\src\share\vm\prims
Event: 0.064 Thread 0x0000000002390800 Exception <a 'java/security/PrivilegedActionException'> (0x000000076b003908) thrown at [C:\re\workspace\8-2-build-windows-amd64-cygwin\jdk8u111\7883\hotspot\src\share\vm\prims\jvm.cpp, line 1386]
Event: 0.064 Thread 0x0000000002390800 Exception <a 'java/security/PrivilegedActionException'> (0x000000076b003b18) thrown at [C:\re\workspace\8-2-build-windows-amd64-cygwin\jdk8u111\7883\hotspot\src\share\vm\prims\jvm.cpp, line 1386]
Event: 0.064 Thread 0x0000000002390800 Exception <a 'java/security/PrivilegedActionException'> (0x000000076b007760) thrown at [C:\re\workspace\8-2-build-windows-amd64-cygwin\jdk8u111\7883\hotspot\src\share\vm\prims\jvm.cpp, line 1386]
Event: 0.064 Thread 0x0000000002390800 Exception <a 'java/security/PrivilegedActionException'> (0x000000076b007970) thrown at [C:\re\workspace\8-2-build-windows-amd64-cygwin\jdk8u111\7883\hotspot\src\share\vm\prims\jvm.cpp, line 1386]
Event: 0.067 Thread 0x0000000002390800 Exception <a 'java/io/FileNotFoundException'> (0x000000076b009e88) thrown at [C:\re\workspace\8-2-build-windows-amd64-cygwin\jdk8u111\7883\hotspot\src\share\vm\prims\jni.cpp, line 709]
Event: 0.089 Thread 0x0000000002390800 Exception <a 'java/lang/NoSuchFieldError': method resolution failed> (0x000000076b21ed28) thrown at [C:\re\workspace\8-2-build-windows-amd64-cygwin\jdk8u111\7883\hotspot\src\share\vm\prims\methodHandles.cpp, line 1146]
Event: 0.090 Thread 0x0000000002390800 Exception <a 'java/lang/NoSuchFieldError': method resolution failed> (0x000000076b22c0f8) thrown at [C:\re\workspace\8-2-build-windows-amd64-cygwin\jdk8u111\7883\hotspot\src\share\vm\prims\methodHandles.cpp, line 1146]
Event: 0.113 Thread 0x0000000002390800 Exception <a 'java/io/FileNotFoundException'> (0x000000076b2bfca0) thrown at [C:\re\workspace\8-2-build-windows-amd64-cygwin\jdk8u111\7883\hotspot\src\share\vm\prims\jni.cpp, line 709]
Event: 0.154 Thread 0x0000000002390800 Implicit null exception at 0x0000000002600f5c to 0x0000000002601135

Events (10 events):
Event: 178.815 Thread 0x000000001deee000 Thread added: 0x000000001deee000
Event: 178.815 Thread 0x000000001deeb000 Thread exited: 0x000000001deeb000
Event: 178.816 Thread 0x000000001efe2000 Thread exited: 0x000000001efe2000
Event: 178.816 loading class sun/java2d/pipe/hw/AccelDeviceEventNotifier
Event: 178.816 loading class sun/java2d/pipe/hw/AccelDeviceEventNotifier done
Event: 178.830 Thread 0x000000001e205000 Thread exited: 0x000000001e205000
Event: 178.885 Executing VM operation: ParallelGCFailedAllocation
Event: 178.886 Executing VM operation: ParallelGCFailedAllocation done
Event: 178.917 Thread 0x000000001deee000 Thread exited: 0x000000001deee000
Event: 178.917 Executing VM operation: Exit


Dynamic libraries:
0x00007ff7c4770000 - 0x00007ff7c47a7000 	C:\Program Files\Java\jre1.8.0_111\bin\javaw.exe
0x00007ffca2890000 - 0x00007ffca2a61000 	C:\Windows\SYSTEM32\ntdll.dll
0x00007ffc9eb70000 - 0x00007ffc9ec1b000 	C:\Windows\System32\KERNEL32.DLL
0x00007ffc8b2d0000 - 0x00007ffc8b324000 	C:\Program Files (x86)\AVG\Av\avghooka.dll
0x00007ffc9de40000 - 0x00007ffc9e05d000 	C:\Windows\System32\KERNELBASE.dll
0x00007ffc9f880000 - 0x00007ffc9f922000 	C:\Windows\System32\ADVAPI32.dll
0x00007ffc9f340000 - 0x00007ffc9f3de000 	C:\Windows\System32\msvcrt.dll
0x00007ffc9eb10000 - 0x00007ffc9eb69000 	C:\Windows\System32\sechost.dll
0x00007ffc9f750000 - 0x00007ffc9f871000 	C:\Windows\System32\RPCRT4.dll
0x00007ffc9f5e0000 - 0x00007ffc9f745000 	C:\Windows\System32\USER32.dll
0x00007ffc9dc90000 - 0x00007ffc9dcae000 	C:\Windows\System32\win32u.dll
0x00007ffc9ec20000 - 0x00007ffc9ec54000 	C:\Windows\System32\GDI32.dll
0x00007ffc9dcb0000 - 0x00007ffc9de32000 	C:\Windows\System32\gdi32full.dll
0x00007ffc945d0000 - 0x00007ffc94849000 	C:\Windows\WinSxS\amd64_microsoft.windows.common-controls_6595b64144ccf1df_6.0.14393.447_none_42191651c6827bb3\COMCTL32.dll
0x00007ffca0f20000 - 0x00007ffca11e8000 	C:\Windows\System32\combase.dll
0x00007ffc9db20000 - 0x00007ffc9dc15000 	C:\Windows\System32\ucrtbase.dll
0x00007ffc9dc20000 - 0x00007ffc9dc8a000 	C:\Windows\System32\bcryptPrimitives.dll
0x00007ffca1550000 - 0x00007ffca157e000 	C:\Windows\System32\IMM32.DLL
0x0000000050370000 - 0x0000000050442000 	C:\Program Files\Java\jre1.8.0_111\bin\msvcr100.dll
0x0000000050450000 - 0x0000000050cea000 	C:\Program Files\Java\jre1.8.0_111\bin\server\jvm.dll
0x00007ffca1520000 - 0x00007ffca1528000 	C:\Windows\System32\PSAPI.DLL
0x00007ffc8f1c0000 - 0x00007ffc8f1c9000 	C:\Windows\SYSTEM32\WSOCK32.dll
0x00007ffca0eb0000 - 0x00007ffca0f1a000 	C:\Windows\System32\WS2_32.dll
0x00007ffc9be00000 - 0x00007ffc9be23000 	C:\Windows\SYSTEM32\WINMM.dll
0x00007ffc99430000 - 0x00007ffc9943a000 	C:\Windows\SYSTEM32\VERSION.dll
0x00007ffc9bda0000 - 0x00007ffc9bdcb000 	C:\Windows\SYSTEM32\WINMMBASE.dll
0x00007ffc9e970000 - 0x00007ffc9e9b2000 	C:\Windows\System32\cfgmgr32.dll
0x0000000050f90000 - 0x0000000050f9f000 	C:\Program Files\Java\jre1.8.0_111\bin\verify.dll
0x0000000050f60000 - 0x0000000050f89000 	C:\Program Files\Java\jre1.8.0_111\bin\java.dll
0x0000000050f40000 - 0x0000000050f56000 	C:\Program Files\Java\jre1.8.0_111\bin\zip.dll
0x00007ffc9f990000 - 0x00007ffca0e99000 	C:\Windows\System32\SHELL32.dll
0x00007ffc9e0c0000 - 0x00007ffc9e79a000 	C:\Windows\System32\windows.storage.dll
0x00007ffc9da10000 - 0x00007ffc9da5c000 	C:\Windows\System32\powrprof.dll
0x00007ffca11f0000 - 0x00007ffca1242000 	C:\Windows\System32\shlwapi.dll
0x00007ffc9da00000 - 0x00007ffc9da0f000 	C:\Windows\System32\kernel.appcore.dll
0x00007ffc9ea60000 - 0x00007ffc9eb09000 	C:\Windows\System32\shcore.dll
0x00007ffc9d9e0000 - 0x00007ffc9d9f4000 	C:\Windows\System32\profapi.dll
0x00007ffc6de60000 - 0x00007ffc6fd57000 	C:\Users\curti\OneDrive\Programming\opencv\build\java\x64\opencv_java320.dll
0x00007ffc9f190000 - 0x00007ffc9f2c7000 	C:\Windows\System32\ole32.dll
0x00007ffca12c0000 - 0x00007ffca137f000 	C:\Windows\System32\OLEAUT32.dll
0x00007ffc9e9c0000 - 0x00007ffc9ea5c000 	C:\Windows\System32\msvcp_win.dll
0x00007ffc8aff0000 - 0x00007ffc8b019000 	C:\Windows\SYSTEM32\MSVFW32.dll
0x00007ffc939f0000 - 0x00007ffc93a10000 	C:\Windows\SYSTEM32\AVIFIL32.dll
0x00007ffc93040000 - 0x00007ffc93058000 	C:\Windows\SYSTEM32\AVICAP32.dll
0x00007ffc9a6a0000 - 0x00007ffc9a6bc000 	C:\Windows\SYSTEM32\MSACM32.dll
0x00000000501d0000 - 0x0000000050368000 	C:\Program Files\Java\jre1.8.0_111\bin\awt.dll
0x00007ffc9b6f0000 - 0x00007ffc9b76a000 	C:\Windows\SYSTEM32\apphelp.dll
0x00007ffc9b770000 - 0x00007ffc9b796000 	C:\Windows\system32\DWMAPI.DLL
0x00007ffc9c130000 - 0x00007ffc9c1c5000 	C:\Windows\system32\uxtheme.dll
0x00007ffc9f3e0000 - 0x00007ffc9f53b000 	C:\Windows\System32\MSCTF.dll
0x0000000050180000 - 0x00000000501c7000 	C:\Program Files\Java\jre1.8.0_111\bin\fontmanager.dll
0x00007ffc9f540000 - 0x00007ffc9f5df000 	C:\Windows\System32\clbcatq.dll
0x00007ffc8afd0000 - 0x00007ffc8afe8000 	C:\Windows\System32\devenum.dll
0x00007ffc9ec60000 - 0x00007ffc9f089000 	C:\Windows\System32\setupapi.dll
0x00007ffc9cd90000 - 0x00007ffc9cdc2000 	C:\Windows\SYSTEM32\ntmarta.dll
0x00007ffc9c5c0000 - 0x00007ffc9c5e8000 	C:\Windows\SYSTEM32\DEVOBJ.dll
0x00007ffc9e060000 - 0x00007ffc9e0b5000 	C:\Windows\System32\WINTRUST.dll
0x00007ffc9da60000 - 0x00007ffc9da70000 	C:\Windows\System32\MSASN1.dll
0x00007ffc9e7a0000 - 0x00007ffc9e969000 	C:\Windows\System32\CRYPT32.dll
0x00007ffc964a0000 - 0x00007ffc964aa000 	C:\Windows\SYSTEM32\msdmo.dll
0x00007ffc8af90000 - 0x00007ffc8afc3000 	C:\Windows\System32\qcap.dll
0x00007ffc878e0000 - 0x00007ffc87aa3000 	C:\Windows\System32\quartz.dll
0x00007ffc9d920000 - 0x00007ffc9d94b000 	C:\Windows\System32\bcrypt.dll
0x00007ffc8ad70000 - 0x00007ffc8adb8000 	C:\Windows\System32\mfksproxy.dll
0x00007ffc88320000 - 0x00007ffc8833c000 	C:\Windows\System32\ATL.DLL
0x00007ffc89650000 - 0x00007ffc8969e000 	C:\Windows\System32\MFSENSORGROUP.dll
0x00007ffc9b560000 - 0x00007ffc9b6c8000 	C:\Windows\System32\MFPlat.DLL
0x00007ffc9b1e0000 - 0x00007ffc9b20e000 	C:\Windows\System32\RTWorkQ.DLL
0x00007ffc79a00000 - 0x00007ffc79deb000 	C:\Windows\System32\MFCORE.dll
0x00007ffc96910000 - 0x00007ffc96919000 	C:\Windows\System32\ksuser.dll
0x00007ffc9d4b0000 - 0x00007ffc9d4bb000 	C:\Windows\System32\CRYPTBASE.DLL
0x00007ffc86800000 - 0x00007ffc86853000 	C:\Windows\System32\FSClient.dll
0x00007ffc9ac70000 - 0x00007ffc9ac7b000 	C:\Windows\System32\AVRT.dll
0x00007ffc939e0000 - 0x00007ffc939ed000 	C:\Windows\System32\vidcap.ax
0x00007ffc89a70000 - 0x00007ffc89a95000 	C:\Windows\System32\kswdmcap.ax
0x00007ffc7fa90000 - 0x00007ffc7fbf3000 	C:\Windows\System32\MFC42.dll
0x00007ffc84500000 - 0x00007ffc845af000 	C:\Windows\System32\ODBC32.dll
0x00007ffc9cf60000 - 0x00007ffc9cf6a000 	C:\Windows\System32\DPAPI.dll
0x00007ffc930c0000 - 0x00007ffc93103000 	C:\Windows\SYSTEM32\policymanager.dll
0x00007ffc9c3a0000 - 0x00007ffc9c431000 	C:\Windows\System32\msvcp110_win.dll
0x00007ffc93190000 - 0x00007ffc93264000 	C:\Windows\System32\MFReadWrite.dll
0x00007ffc85430000 - 0x00007ffc854d3000 	C:\Windows\System32\qedit.dll
0x00007ffc9f090000 - 0x00007ffc9f18a000 	C:\Windows\System32\COMDLG32.dll
0x00007ffc95e50000 - 0x00007ffc95fea000 	C:\Windows\WinSxS\amd64_microsoft.windows.gdiplus_6595b64144ccf1df_1.1.14393.321_none_72fe05dd211a5fae\gdiplus.dll
0x00007ffc80f80000 - 0x00007ffc81077000 	C:\Windows\System32\DDRAW.dll
0x00007ffc96960000 - 0x00007ffc96968000 	C:\Windows\System32\DCIMAN32.dll
0x00007ffc965e0000 - 0x00007ffc965ec000 	C:\Windows\SYSTEM32\msyuv.dll
0x00007ffc96d60000 - 0x00007ffc96ef2000 	C:\Windows\SYSTEM32\dbghelp.dll

VM Arguments:
jvm_args: -Dfile.encoding=Cp1252 
java_command: OverCoat
java_class_path (initial): C:\Users\curti\OneDrive\Programming\HoundDog\bin;C:\Users\curti\OneDrive\Programming\opencv\build\java\opencv-320.jar
Launcher Type: SUN_STANDARD

Environment Variables:
PATH=C:/Program Files/Java/jre1.8.0_111/bin/server;C:/Program Files/Java/jre1.8.0_111/bin;C:/Program Files/Java/jre1.8.0_111/lib/amd64;C:\ProgramData\Oracle\Java\javapath;C:\Windows\system32;C:\Windows;C:\Windows\System32\Wbem;C:\Windows\System32\WindowsPowerShell\v1.0\;C:\Users\curti\AppData\Local\Microsoft\WindowsApps;;C:\Users\curti\Desktop\desktop stuff;
USERNAME=curti
OS=Windows_NT
PROCESSOR_IDENTIFIER=Intel64 Family 6 Model 60 Stepping 3, GenuineIntel



---------------  S Y S T E M  ---------------

OS: Windows 10.0 , 64 bit Build 14393 (10.0.14393.0)

CPU:total 8 (4 cores per cpu, 2 threads per core) family 6 model 60 stepping 3, cmov, cx8, fxsr, mmx, sse, sse2, sse3, ssse3, sse4.1, sse4.2, popcnt, avx, avx2, aes, clmul, erms, lzcnt, ht, tsc, tscinvbit, bmi1, bmi2

Memory: 4k page, physical 16713384k(12598208k free), swap 19203752k(13755840k free)

vm_info: Java HotSpot(TM) 64-Bit Server VM (25.111-b14) for windows-amd64 JRE (1.8.0_111-b14), built on Sep 22 2016 19:24:05 by "java_re" with MS VC++ 10.0 (VS2010)

time: Mon Jan 16 14:12:32 2017
elapsed time: 179 seconds (0d 0h 2m 59s)

