#
# A fatal error has been detected by the Java Runtime Environment:
#
#  Internal Error (0xc000000d), pid=8096, tid=0x00000000000018a4
#
# JRE version: Java(TM) SE Runtime Environment (8.0_111-b14) (build 1.8.0_111-b14)
# Java VM: Java HotSpot(TM) 64-Bit Server VM (25.111-b14 mixed mode windows-amd64 compressed oops)
# Problematic frame:
# C  [ntdll.dll+0xff44c]
#
# Failed to write core dump. Minidumps are not enabled by default on client versions of Windows
#
# If you would like to submit a bug report, please visit:
#   http://bugreport.java.com/bugreport/crash.jsp
#

---------------  T H R E A D  ---------------

Current thread (0x000000001cb59000):  VMThread [stack: 0x000000001e850000,0x000000001e950000] [id=6308]

siginfo: ExceptionCode=0xc000000d

Registers:
RAX=0x0000000050a84103, RBX=0x0000000020860020, RCX=0xfffffff90000004f, RDX=0x0000000000000007
RSP=0x000000001e94f020, RBP=0x0000000000000000, RSI=0x00000000273e69d0, RDI=0x00000000273e6c50
R8 =0x0000000000000000, R9 =0x00000000504237e0, R10=0x0000000002dd1ca0, R11=0x000000001cb5a010
R12=0x0000000000000000, R13=0x00000000ffffffff, R14=0x00000000273c5ce0, R15=0x00000000273e69d0
RIP=0x00007ffca298f44c, EFLAGS=0x0000000000000206

Top of Stack: (sp=0x000000001e94f020)
0x000000001e94f020:   0000000000000057 0000000020860020
0x000000001e94f030:   00000000273e69d0 00000000273e6c50
0x000000001e94f040:   00000000c000000d 0000000000000000
0x000000001e94f050:   00007ffca298f44c 0000000000000000
0x000000001e94f060:   0000000000000000 0000000000000000
0x000000001e94f070:   0000000000000000 0000000000000000
0x000000001e94f080:   0000000000000000 0000000000000000
0x000000001e94f090:   0000000000000000 0000000000000000
0x000000001e94f0a0:   0000000000000000 0000000000000000
0x000000001e94f0b0:   0000000000000000 0000000000000000
0x000000001e94f0c0:   0000000000000000 0000000000000000
0x000000001e94f0d0:   0000000000000000 0000000001430cc0
0x000000001e94f0e0:   00005367e77625b6 0000000000000000
0x000000001e94f0f0:   0000000000000000 00007ffca2951899
0x000000001e94f100:   0000000000000001 00007ffc931ae8db
0x000000001e94f110:   0000000100000003 0000000000000004 

Instructions: (pc=0x00007ffca298f44c)
0x00007ffca298f42c:   d5 fa ff c7 44 24 20 0d 00 00 c0 b9 57 00 00 00
0x00007ffca298f43c:   e8 7f 13 f6 ff 90 48 8d 4c 24 20 e8 04 bf f4 ff
0x00007ffca298f44c:   eb 00 48 8b 8c 24 c0 00 00 00 48 33 cc e8 82 74
0x00007ffca298f45c:   f9 ff 48 81 c4 d8 00 00 00 c3 40 55 48 83 ec 20 


Register to memory mapping:

RAX=0x0000000050a84103 is an unknown value
RBX=0x0000000020860020 is an unknown value
RCX=0xfffffff90000004f is an unknown value
RDX=0x0000000000000007 is an unknown value
RSP=0x000000001e94f020 is an unknown value
RBP=0x0000000000000000 is an unknown value
RSI=0x00000000273e69d0 is an unknown value
RDI=0x00000000273e6c50 is an unknown value
R8 =0x0000000000000000 is an unknown value
R9 =0x00000000504237e0 is an unknown value
R10=0x0000000002dd1ca0 is an unknown value
R11=0x000000001cb5a010 is an unknown value
R12=0x0000000000000000 is an unknown value
R13=0x00000000ffffffff is an unknown value
R14=0x00000000273c5ce0 is an unknown value
R15=0x00000000273e69d0 is an unknown value


Stack: [0x000000001e850000,0x000000001e950000],  sp=0x000000001e94f020,  free space=1020k
Native frames: (J=compiled Java code, j=interpreted, Vv=VM code, C=native code)

VM_Operation (0x000000002694d0b0): Exit, mode: safepoint, requested by thread 0x000000001f9dd800


---------------  P R O C E S S  ---------------

Java Threads: ( => current thread )
  0x000000001f9dd800 JavaThread "AWT-EventQueue-0" [_thread_blocked, id=7576, stack(0x0000000026850000,0x0000000026950000)]
  0x000000001f9bc000 JavaThread "AWT-Shutdown" [_thread_blocked, id=8668, stack(0x00000000202d0000,0x00000000203d0000)]
  0x000000001f9bb800 JavaThread "Java2D Disposer" daemon [_thread_blocked, id=4304, stack(0x0000000020170000,0x0000000020270000)]
  0x000000001eb1e800 JavaThread "Service Thread" daemon [_thread_blocked, id=4316, stack(0x000000001f640000,0x000000001f740000)]
  0x000000001ea8e800 JavaThread "C1 CompilerThread3" daemon [_thread_blocked, id=9020, stack(0x000000001f540000,0x000000001f640000)]
  0x000000001ea84000 JavaThread "C2 CompilerThread2" daemon [_thread_blocked, id=6628, stack(0x000000001f440000,0x000000001f540000)]
  0x000000001ea7a000 JavaThread "C2 CompilerThread1" daemon [_thread_blocked, id=7432, stack(0x000000001f340000,0x000000001f440000)]
  0x000000001ea76800 JavaThread "C2 CompilerThread0" daemon [_thread_blocked, id=5420, stack(0x000000001f240000,0x000000001f340000)]
  0x000000001ea74800 JavaThread "Attach Listener" daemon [_thread_blocked, id=4812, stack(0x000000001f140000,0x000000001f240000)]
  0x000000001cb6e800 JavaThread "Signal Dispatcher" daemon [_thread_blocked, id=8432, stack(0x000000001f040000,0x000000001f140000)]
  0x000000001ea70800 JavaThread "Finalizer" daemon [_thread_blocked, id=7444, stack(0x000000001ee50000,0x000000001ef50000)]
  0x00000000030b6000 JavaThread "Reference Handler" daemon [_thread_blocked, id=3128, stack(0x000000001e950000,0x000000001ea50000)]
  0x0000000002fc0800 JavaThread "main" [_thread_blocked, id=1876, stack(0x0000000002ec0000,0x0000000002fc0000)]

Other Threads:
=>0x000000001cb59000 VMThread [stack: 0x000000001e850000,0x000000001e950000] [id=6308]

VM state:at safepoint (shutting down)

VM Mutex/Monitor currently owned by a thread:  ([mutex/lock_event])
[0x0000000002ddbbb0] Threads_lock - owner thread: 0x000000001cb59000

Heap:
 PSYoungGen      total 34304K, used 10413K [0x000000076af80000, 0x000000076d700000, 0x00000007c0000000)
  eden space 29696K, 21% used [0x000000076af80000,0x000000076b5df5b8,0x000000076cc80000)
  from space 4608K, 84% used [0x000000076d180000,0x000000076d54c040,0x000000076d600000)
  to   space 5120K, 0% used [0x000000076cc80000,0x000000076cc80000,0x000000076d180000)
 ParOldGen       total 175104K, used 3408K [0x00000006c0e00000, 0x00000006cb900000, 0x000000076af80000)
  object space 175104K, 1% used [0x00000006c0e00000,0x00000006c11543a8,0x00000006cb900000)
 Metaspace       used 8698K, capacity 8870K, committed 9088K, reserved 1056768K
  class space    used 1031K, capacity 1097K, committed 1152K, reserved 1048576K

Card table byte_map: [0x0000000012480000,0x0000000012c80000] byte_map_base: 0x000000000ee79000

Marking Bits: (ParMarkBitMap*) 0x0000000050c6a6c0
 Begin Bits: [0x00000000139e0000, 0x00000000179a8000)
 End Bits:   [0x00000000179a8000, 0x000000001b970000)

Polling page: 0x0000000002d60000

CodeCache: size=245760Kb used=2449Kb max_used=2449Kb free=243310Kb
 bounds [0x00000000030c0000, 0x0000000003330000, 0x00000000120c0000]
 total_blobs=1054 nmethods=605 adapters=362
 compilation: enabled

Compilation events (10 events):
Event: 9.104 Thread 0x000000001ea8e800  636       3       java.awt.image.ComponentColorModel::<init> (150 bytes)
Event: 9.104 Thread 0x000000001ea8e800 nmethod 636 0x0000000003324290 code [0x00000000033244c0, 0x0000000003325038]
Event: 9.116 Thread 0x000000001ea8e800  637   !   3       java.io.PrintStream::println (24 bytes)
Event: 9.116 Thread 0x000000001ea8e800 nmethod 637 0x000000000326ba90 code [0x000000000326bc20, 0x000000000326c018]
Event: 9.116 Thread 0x000000001ea8e800  638       3       java.io.PrintStream::print (13 bytes)
Event: 9.116 Thread 0x000000001ea8e800 nmethod 638 0x0000000003325610 code [0x0000000003325780, 0x0000000003325948]
Event: 9.116 Thread 0x000000001ea8e800  639       3       ShowDog::drawImg (18 bytes)
Event: 9.116 Thread 0x000000001ea8e800 nmethod 639 0x00000000033259d0 code [0x0000000003325b40, 0x0000000003325d88]
Event: 9.553 Thread 0x000000001ea8e800  640       3       java.util.concurrent.locks.LockSupport::setBlocker (12 bytes)
Event: 9.553 Thread 0x000000001ea8e800 nmethod 640 0x0000000003239e50 code [0x0000000003239fa0, 0x000000000323a0f0]

GC Heap History (10 events):
Event: 9.242 GC heap before
{Heap before GC invocations=64 (full 0):
 PSYoungGen      total 34816K, used 30304K [0x000000076af80000, 0x000000076d600000, 0x00000007c0000000)
  eden space 30208K, 100% used [0x000000076af80000,0x000000076cd00000,0x000000076cd00000)
  from space 4608K, 2% used [0x000000076cd00000,0x000000076cd18000,0x000000076d180000)
  to   space 4608K, 0% used [0x000000076d180000,0x000000076d180000,0x000000076d600000)
 ParOldGen       total 175104K, used 1584K [0x00000006c0e00000, 0x00000006cb900000, 0x000000076af80000)
  object space 175104K, 0% used [0x00000006c0e00000,0x00000006c0f8c388,0x00000006cb900000)
 Metaspace       used 8693K, capacity 8870K, committed 9088K, reserved 1056768K
  class space    used 1030K, capacity 1097K, committed 1152K, reserved 1048576K
Event: 9.243 GC heap after
Heap after GC invocations=64 (full 0):
 PSYoungGen      total 34816K, used 2828K [0x000000076af80000, 0x000000076d600000, 0x00000007c0000000)
  eden space 30208K, 0% used [0x000000076af80000,0x000000076af80000,0x000000076cd00000)
  from space 4608K, 61% used [0x000000076d180000,0x000000076d443030,0x000000076d600000)
  to   space 4608K, 0% used [0x000000076cd00000,0x000000076cd00000,0x000000076d180000)
 ParOldGen       total 175104K, used 1608K [0x00000006c0e00000, 0x00000006cb900000, 0x000000076af80000)
  object space 175104K, 0% used [0x00000006c0e00000,0x00000006c0f92388,0x00000006cb900000)
 Metaspace       used 8693K, capacity 8870K, committed 9088K, reserved 1056768K
  class space    used 1030K, capacity 1097K, committed 1152K, reserved 1048576K
}
Event: 9.343 GC heap before
{Heap before GC invocations=65 (full 0):
 PSYoungGen      total 34816K, used 32887K [0x000000076af80000, 0x000000076d600000, 0x00000007c0000000)
  eden space 30208K, 99% used [0x000000076af80000,0x000000076ccdaca8,0x000000076cd00000)
  from space 4608K, 61% used [0x000000076d180000,0x000000076d443030,0x000000076d600000)
  to   space 4608K, 0% used [0x000000076cd00000,0x000000076cd00000,0x000000076d180000)
 ParOldGen       total 175104K, used 1608K [0x00000006c0e00000, 0x00000006cb900000, 0x000000076af80000)
  object space 175104K, 0% used [0x00000006c0e00000,0x00000006c0f92388,0x00000006cb900000)
 Metaspace       used 8693K, capacity 8870K, committed 9088K, reserved 1056768K
  class space    used 1030K, capacity 1097K, committed 1152K, reserved 1048576K
Event: 9.344 GC heap after
Heap after GC invocations=65 (full 0):
 PSYoungGen      total 34816K, used 96K [0x000000076af80000, 0x000000076d600000, 0x00000007c0000000)
  eden space 30208K, 0% used [0x000000076af80000,0x000000076af80000,0x000000076cd00000)
  from space 4608K, 2% used [0x000000076cd00000,0x000000076cd18000,0x000000076d180000)
  to   space 4608K, 0% used [0x000000076d180000,0x000000076d180000,0x000000076d600000)
 ParOldGen       total 175104K, used 1608K [0x00000006c0e00000, 0x00000006cb900000, 0x000000076af80000)
  object space 175104K, 0% used [0x00000006c0e00000,0x00000006c0f92388,0x00000006cb900000)
 Metaspace       used 8693K, capacity 8870K, committed 9088K, reserved 1056768K
  class space    used 1030K, capacity 1097K, committed 1152K, reserved 1048576K
}
Event: 9.440 GC heap before
{Heap before GC invocations=66 (full 0):
 PSYoungGen      total 34816K, used 30193K [0x000000076af80000, 0x000000076d600000, 0x00000007c0000000)
  eden space 30208K, 99% used [0x000000076af80000,0x000000076cce46a0,0x000000076cd00000)
  from space 4608K, 2% used [0x000000076cd00000,0x000000076cd18000,0x000000076d180000)
  to   space 4608K, 0% used [0x000000076d180000,0x000000076d180000,0x000000076d600000)
 ParOldGen       total 175104K, used 1608K [0x00000006c0e00000, 0x00000006cb900000, 0x000000076af80000)
  object space 175104K, 0% used [0x00000006c0e00000,0x00000006c0f92388,0x00000006cb900000)
 Metaspace       used 8693K, capacity 8870K, committed 9088K, reserved 1056768K
  class space    used 1030K, capacity 1097K, committed 1152K, reserved 1048576K
Event: 9.440 GC heap after
Heap after GC invocations=66 (full 0):
 PSYoungGen      total 34816K, used 96K [0x000000076af80000, 0x000000076d600000, 0x00000007c0000000)
  eden space 30208K, 0% used [0x000000076af80000,0x000000076af80000,0x000000076cd00000)
  from space 4608K, 2% used [0x000000076d180000,0x000000076d198000,0x000000076d600000)
  to   space 4608K, 0% used [0x000000076cd00000,0x000000076cd00000,0x000000076d180000)
 ParOldGen       total 175104K, used 1608K [0x00000006c0e00000, 0x00000006cb900000, 0x000000076af80000)
  object space 175104K, 0% used [0x00000006c0e00000,0x00000006c0f92388,0x00000006cb900000)
 Metaspace       used 8693K, capacity 8870K, committed 9088K, reserved 1056768K
  class space    used 1030K, capacity 1097K, committed 1152K, reserved 1048576K
}
Event: 9.535 GC heap before
{Heap before GC invocations=67 (full 0):
 PSYoungGen      total 34816K, used 30304K [0x000000076af80000, 0x000000076d600000, 0x00000007c0000000)
  eden space 30208K, 100% used [0x000000076af80000,0x000000076cd00000,0x000000076cd00000)
  from space 4608K, 2% used [0x000000076d180000,0x000000076d198000,0x000000076d600000)
  to   space 4608K, 0% used [0x000000076cd00000,0x000000076cd00000,0x000000076d180000)
 ParOldGen       total 175104K, used 1608K [0x00000006c0e00000, 0x00000006cb900000, 0x000000076af80000)
  object space 175104K, 0% used [0x00000006c0e00000,0x00000006c0f92388,0x00000006cb900000)
 Metaspace       used 8693K, capacity 8870K, committed 9088K, reserved 1056768K
  class space    used 1030K, capacity 1097K, committed 1152K, reserved 1048576K
Event: 9.536 GC heap after
Heap after GC invocations=67 (full 0):
 PSYoungGen      total 34816K, used 96K [0x000000076af80000, 0x000000076d600000, 0x00000007c0000000)
  eden space 30208K, 0% used [0x000000076af80000,0x000000076af80000,0x000000076cd00000)
  from space 4608K, 2% used [0x000000076cd00000,0x000000076cd18000,0x000000076d180000)
  to   space 4608K, 0% used [0x000000076d180000,0x000000076d180000,0x000000076d600000)
 ParOldGen       total 175104K, used 1608K [0x00000006c0e00000, 0x00000006cb900000, 0x000000076af80000)
  object space 175104K, 0% used [0x00000006c0e00000,0x00000006c0f92388,0x00000006cb900000)
 Metaspace       used 8693K, capacity 8870K, committed 9088K, reserved 1056768K
  class space    used 1030K, capacity 1097K, committed 1152K, reserved 1048576K
}
Event: 9.628 GC heap before
{Heap before GC invocations=68 (full 0):
 PSYoungGen      total 34816K, used 30304K [0x000000076af80000, 0x000000076d600000, 0x00000007c0000000)
  eden space 30208K, 100% used [0x000000076af80000,0x000000076cd00000,0x000000076cd00000)
  from space 4608K, 2% used [0x000000076cd00000,0x000000076cd18000,0x000000076d180000)
  to   space 4608K, 0% used [0x000000076d180000,0x000000076d180000,0x000000076d600000)
 ParOldGen       total 175104K, used 1608K [0x00000006c0e00000, 0x00000006cb900000, 0x000000076af80000)
  object space 175104K, 0% used [0x00000006c0e00000,0x00000006c0f92388,0x00000006cb900000)
 Metaspace       used 8698K, capacity 8870K, committed 9088K, reserved 1056768K
  class space    used 1031K, capacity 1097K, committed 1152K, reserved 1048576K
Event: 9.629 GC heap after
Heap after GC invocations=68 (full 0):
 PSYoungGen      total 34304K, used 3888K [0x000000076af80000, 0x000000076d700000, 0x00000007c0000000)
  eden space 29696K, 0% used [0x000000076af80000,0x000000076af80000,0x000000076cc80000)
  from space 4608K, 84% used [0x000000076d180000,0x000000076d54c040,0x000000076d600000)
  to   space 5120K, 0% used [0x000000076cc80000,0x000000076cc80000,0x000000076d180000)
 ParOldGen       total 175104K, used 3408K [0x00000006c0e00000, 0x00000006cb900000, 0x000000076af80000)
  object space 175104K, 1% used [0x00000006c0e00000,0x00000006c11543a8,0x00000006cb900000)
 Metaspace       used 8698K, capacity 8870K, committed 9088K, reserved 1056768K
  class space    used 1031K, capacity 1097K, committed 1152K, reserved 1048576K
}

Deoptimization events (8 events):
Event: 0.164 Thread 0x0000000002fc0800 Uncommon trap: reason=null_check action=make_not_entrant pc=0x000000000322e81c method=java.lang.String.equals(Ljava/lang/Object;)Z @ 8
Event: 0.622 Thread 0x0000000002fc0800 Uncommon trap: reason=unstable_if action=reinterpret pc=0x0000000003271510 method=PicRecoginition.isColor(I)Z @ 31
Event: 0.624 Thread 0x0000000002fc0800 Uncommon trap: reason=unstable_if action=reinterpret pc=0x000000000327a7f8 method=PicRecoginition.isColor(I)Z @ 50
Event: 0.651 Thread 0x0000000002fc0800 Uncommon trap: reason=unstable_if action=reinterpret pc=0x000000000327877c method=java.awt.image.ComponentColorModel.getRGB(Ljava/lang/Object;)I @ 4
Event: 0.667 Thread 0x0000000002fc0800 Uncommon trap: reason=unstable_if action=reinterpret pc=0x00000000032902bc method=PicRecoginition.porcessedImg(Ljava/awt/image/BufferedImage;)Ljava/awt/image/BufferedImage; @ 82
Event: 0.946 Thread 0x0000000002fc0800 Uncommon trap: reason=unstable_if action=reinterpret pc=0x0000000003298c10 method=PicRecoginition.percentMask([[IIILjava/awt/image/BufferedImage;)I @ 48
Event: 0.946 Thread 0x0000000002fc0800 Uncommon trap: reason=unstable_if action=reinterpret pc=0x00000000032953d0 method=PicRecoginition.percentMask([[IIILjava/awt/image/BufferedImage;)I @ 48
Event: 1.021 Thread 0x0000000002fc0800 Uncommon trap: reason=unstable_if action=reinterpret pc=0x000000000329f4fc method=PicRecoginition.percentMask([[IIILjava/awt/image/BufferedImage;)I @ 36

Internal exceptions (10 events):
Event: 0.022 Thread 0x0000000002fc0800 Exception <a 'java/lang/NoSuchMethodError': Method sun.misc.Unsafe.prefetchRead(Ljava/lang/Object;J)V name or signature does not match> (0x000000076af87f60) thrown at [C:\re\workspace\8-2-build-windows-amd64-cygwin\jdk8u111\7883\hotspot\src\share\vm\prims
Event: 0.070 Thread 0x0000000002fc0800 Exception <a 'java/security/PrivilegedActionException'> (0x000000076b003908) thrown at [C:\re\workspace\8-2-build-windows-amd64-cygwin\jdk8u111\7883\hotspot\src\share\vm\prims\jvm.cpp, line 1386]
Event: 0.070 Thread 0x0000000002fc0800 Exception <a 'java/security/PrivilegedActionException'> (0x000000076b003b18) thrown at [C:\re\workspace\8-2-build-windows-amd64-cygwin\jdk8u111\7883\hotspot\src\share\vm\prims\jvm.cpp, line 1386]
Event: 0.071 Thread 0x0000000002fc0800 Exception <a 'java/security/PrivilegedActionException'> (0x000000076b007760) thrown at [C:\re\workspace\8-2-build-windows-amd64-cygwin\jdk8u111\7883\hotspot\src\share\vm\prims\jvm.cpp, line 1386]
Event: 0.071 Thread 0x0000000002fc0800 Exception <a 'java/security/PrivilegedActionException'> (0x000000076b007970) thrown at [C:\re\workspace\8-2-build-windows-amd64-cygwin\jdk8u111\7883\hotspot\src\share\vm\prims\jvm.cpp, line 1386]
Event: 0.074 Thread 0x0000000002fc0800 Exception <a 'java/io/FileNotFoundException'> (0x000000076b009e88) thrown at [C:\re\workspace\8-2-build-windows-amd64-cygwin\jdk8u111\7883\hotspot\src\share\vm\prims\jni.cpp, line 709]
Event: 0.102 Thread 0x0000000002fc0800 Exception <a 'java/lang/NoSuchFieldError': method resolution failed> (0x000000076b21ed28) thrown at [C:\re\workspace\8-2-build-windows-amd64-cygwin\jdk8u111\7883\hotspot\src\share\vm\prims\methodHandles.cpp, line 1146]
Event: 0.103 Thread 0x0000000002fc0800 Exception <a 'java/lang/NoSuchFieldError': method resolution failed> (0x000000076b22c0f8) thrown at [C:\re\workspace\8-2-build-windows-amd64-cygwin\jdk8u111\7883\hotspot\src\share\vm\prims\methodHandles.cpp, line 1146]
Event: 0.125 Thread 0x0000000002fc0800 Exception <a 'java/io/FileNotFoundException'> (0x000000076b2bfca0) thrown at [C:\re\workspace\8-2-build-windows-amd64-cygwin\jdk8u111\7883\hotspot\src\share\vm\prims\jni.cpp, line 709]
Event: 0.164 Thread 0x0000000002fc0800 Implicit null exception at 0x000000000322e626 to 0x000000000322e80d

Events (10 events):
Event: 9.553 Thread 0x000000001edeb800 Thread added: 0x000000001edeb800
Event: 9.553 Thread 0x000000001ede8800 Thread exited: 0x000000001ede8800
Event: 9.554 Thread 0x000000001fa39000 Thread exited: 0x000000001fa39000
Event: 9.554 loading class sun/java2d/pipe/hw/AccelDeviceEventNotifier
Event: 9.554 loading class sun/java2d/pipe/hw/AccelDeviceEventNotifier done
Event: 9.565 Thread 0x000000001f978000 Thread exited: 0x000000001f978000
Event: 9.628 Executing VM operation: ParallelGCFailedAllocation
Event: 9.629 Executing VM operation: ParallelGCFailedAllocation done
Event: 9.654 Thread 0x000000001edeb800 Thread exited: 0x000000001edeb800
Event: 9.654 Executing VM operation: Exit


Dynamic libraries:
0x00007ff7c4770000 - 0x00007ff7c47a7000 	C:\Program Files\Java\jre1.8.0_111\bin\javaw.exe
0x00007ffca2890000 - 0x00007ffca2a61000 	C:\Windows\SYSTEM32\ntdll.dll
0x00007ffc9eb70000 - 0x00007ffc9ec1b000 	C:\Windows\System32\KERNEL32.DLL
0x00007ffc8b2d0000 - 0x00007ffc8b324000 	C:\Program Files (x86)\AVG\Av\avghooka.dll
0x00007ffc9de40000 - 0x00007ffc9e05d000 	C:\Windows\System32\KERNELBASE.dll
0x00007ffc9f880000 - 0x00007ffc9f922000 	C:\Windows\System32\ADVAPI32.dll
0x00007ffc9f340000 - 0x00007ffc9f3de000 	C:\Windows\System32\msvcrt.dll
0x00007ffc9eb10000 - 0x00007ffc9eb69000 	C:\Windows\System32\sechost.dll
0x00007ffc9f750000 - 0x00007ffc9f871000 	C:\Windows\System32\RPCRT4.dll
0x00007ffc9f5e0000 - 0x00007ffc9f745000 	C:\Windows\System32\USER32.dll
0x00007ffc9dc90000 - 0x00007ffc9dcae000 	C:\Windows\System32\win32u.dll
0x00007ffc9ec20000 - 0x00007ffc9ec54000 	C:\Windows\System32\GDI32.dll
0x00007ffc9dcb0000 - 0x00007ffc9de32000 	C:\Windows\System32\gdi32full.dll
0x00007ffc945d0000 - 0x00007ffc94849000 	C:\Windows\WinSxS\amd64_microsoft.windows.common-controls_6595b64144ccf1df_6.0.14393.447_none_42191651c6827bb3\COMCTL32.dll
0x00007ffca0f20000 - 0x00007ffca11e8000 	C:\Windows\System32\combase.dll
0x00007ffc9db20000 - 0x00007ffc9dc15000 	C:\Windows\System32\ucrtbase.dll
0x00007ffc9dc20000 - 0x00007ffc9dc8a000 	C:\Windows\System32\bcryptPrimitives.dll
0x00007ffca1550000 - 0x00007ffca157e000 	C:\Windows\System32\IMM32.DLL
0x0000000050370000 - 0x0000000050442000 	C:\Program Files\Java\jre1.8.0_111\bin\msvcr100.dll
0x0000000050450000 - 0x0000000050cea000 	C:\Program Files\Java\jre1.8.0_111\bin\server\jvm.dll
0x00007ffca1520000 - 0x00007ffca1528000 	C:\Windows\System32\PSAPI.DLL
0x00007ffc8f1c0000 - 0x00007ffc8f1c9000 	C:\Windows\SYSTEM32\WSOCK32.dll
0x00007ffca0eb0000 - 0x00007ffca0f1a000 	C:\Windows\System32\WS2_32.dll
0x00007ffc9be00000 - 0x00007ffc9be23000 	C:\Windows\SYSTEM32\WINMM.dll
0x00007ffc99430000 - 0x00007ffc9943a000 	C:\Windows\SYSTEM32\VERSION.dll
0x00007ffc9bda0000 - 0x00007ffc9bdcb000 	C:\Windows\SYSTEM32\WINMMBASE.dll
0x00007ffc9e970000 - 0x00007ffc9e9b2000 	C:\Windows\System32\cfgmgr32.dll
0x0000000050f90000 - 0x0000000050f9f000 	C:\Program Files\Java\jre1.8.0_111\bin\verify.dll
0x0000000050f60000 - 0x0000000050f89000 	C:\Program Files\Java\jre1.8.0_111\bin\java.dll
0x0000000050f40000 - 0x0000000050f56000 	C:\Program Files\Java\jre1.8.0_111\bin\zip.dll
0x00007ffc9f990000 - 0x00007ffca0e99000 	C:\Windows\System32\SHELL32.dll
0x00007ffc9e0c0000 - 0x00007ffc9e79a000 	C:\Windows\System32\windows.storage.dll
0x00007ffc9da10000 - 0x00007ffc9da5c000 	C:\Windows\System32\powrprof.dll
0x00007ffca11f0000 - 0x00007ffca1242000 	C:\Windows\System32\shlwapi.dll
0x00007ffc9da00000 - 0x00007ffc9da0f000 	C:\Windows\System32\kernel.appcore.dll
0x00007ffc9ea60000 - 0x00007ffc9eb09000 	C:\Windows\System32\shcore.dll
0x00007ffc9d9e0000 - 0x00007ffc9d9f4000 	C:\Windows\System32\profapi.dll
0x00007ffc6de60000 - 0x00007ffc6fd57000 	C:\Users\curti\OneDrive\Programming\opencv\build\java\x64\opencv_java320.dll
0x00007ffc9f190000 - 0x00007ffc9f2c7000 	C:\Windows\System32\ole32.dll
0x00007ffca12c0000 - 0x00007ffca137f000 	C:\Windows\System32\OLEAUT32.dll
0x00007ffc9e9c0000 - 0x00007ffc9ea5c000 	C:\Windows\System32\msvcp_win.dll
0x00007ffc939b0000 - 0x00007ffc939d9000 	C:\Windows\SYSTEM32\MSVFW32.dll
0x00007ffc96610000 - 0x00007ffc96630000 	C:\Windows\SYSTEM32\AVIFIL32.dll
0x00007ffc939f0000 - 0x00007ffc93a08000 	C:\Windows\SYSTEM32\AVICAP32.dll
0x00007ffc9a6a0000 - 0x00007ffc9a6bc000 	C:\Windows\SYSTEM32\MSACM32.dll
0x00000000501d0000 - 0x0000000050368000 	C:\Program Files\Java\jre1.8.0_111\bin\awt.dll
0x00007ffc9b6f0000 - 0x00007ffc9b76a000 	C:\Windows\SYSTEM32\apphelp.dll
0x00007ffc9b770000 - 0x00007ffc9b796000 	C:\Windows\system32\DWMAPI.DLL
0x00007ffc9c130000 - 0x00007ffc9c1c5000 	C:\Windows\system32\uxtheme.dll
0x00007ffc9f3e0000 - 0x00007ffc9f53b000 	C:\Windows\System32\MSCTF.dll
0x0000000050180000 - 0x00000000501c7000 	C:\Program Files\Java\jre1.8.0_111\bin\fontmanager.dll
0x00007ffc9f540000 - 0x00007ffc9f5df000 	C:\Windows\System32\clbcatq.dll
0x00007ffc96550000 - 0x00007ffc96568000 	C:\Windows\System32\devenum.dll
0x00007ffc9ec60000 - 0x00007ffc9f089000 	C:\Windows\System32\setupapi.dll
0x00007ffc9cd90000 - 0x00007ffc9cdc2000 	C:\Windows\SYSTEM32\ntmarta.dll
0x00007ffc9c5c0000 - 0x00007ffc9c5e8000 	C:\Windows\SYSTEM32\DEVOBJ.dll
0x00007ffc9e060000 - 0x00007ffc9e0b5000 	C:\Windows\System32\WINTRUST.dll
0x00007ffc9da60000 - 0x00007ffc9da70000 	C:\Windows\System32\MSASN1.dll
0x00007ffc9e7a0000 - 0x00007ffc9e969000 	C:\Windows\System32\CRYPT32.dll
0x00007ffc964a0000 - 0x00007ffc964aa000 	C:\Windows\SYSTEM32\msdmo.dll
0x00007ffc8b070000 - 0x00007ffc8b0a3000 	C:\Windows\System32\qcap.dll
0x00007ffc86f40000 - 0x00007ffc87103000 	C:\Windows\System32\quartz.dll
0x00007ffc9d920000 - 0x00007ffc9d94b000 	C:\Windows\System32\bcrypt.dll
0x00007ffc8b020000 - 0x00007ffc8b068000 	C:\Windows\System32\mfksproxy.dll
0x00007ffc88320000 - 0x00007ffc8833c000 	C:\Windows\System32\ATL.DLL
0x00007ffc89650000 - 0x00007ffc8969e000 	C:\Windows\System32\MFSENSORGROUP.dll
0x00007ffc9b560000 - 0x00007ffc9b6c8000 	C:\Windows\System32\MFPlat.DLL
0x00007ffc9b1e0000 - 0x00007ffc9b20e000 	C:\Windows\System32\RTWorkQ.DLL
0x00007ffc79a00000 - 0x00007ffc79deb000 	C:\Windows\System32\MFCORE.dll
0x00007ffc96910000 - 0x00007ffc96919000 	C:\Windows\System32\ksuser.dll
0x00007ffc9d4b0000 - 0x00007ffc9d4bb000 	C:\Windows\System32\CRYPTBASE.DLL
0x00007ffc86800000 - 0x00007ffc86853000 	C:\Windows\System32\FSClient.dll
0x00007ffc9ac70000 - 0x00007ffc9ac7b000 	C:\Windows\System32\AVRT.dll
0x00007ffc939e0000 - 0x00007ffc939ed000 	C:\Windows\System32\vidcap.ax
0x00007ffc89a70000 - 0x00007ffc89a95000 	C:\Windows\System32\kswdmcap.ax
0x00007ffc7fa90000 - 0x00007ffc7fbf3000 	C:\Windows\System32\MFC42.dll
0x00007ffc84500000 - 0x00007ffc845af000 	C:\Windows\System32\ODBC32.dll
0x00007ffc9cf60000 - 0x00007ffc9cf6a000 	C:\Windows\System32\DPAPI.dll
0x00007ffc930c0000 - 0x00007ffc93103000 	C:\Windows\SYSTEM32\policymanager.dll
0x00007ffc9c3a0000 - 0x00007ffc9c431000 	C:\Windows\System32\msvcp110_win.dll
0x00007ffc93190000 - 0x00007ffc93264000 	C:\Windows\System32\MFReadWrite.dll
0x00007ffc85ba0000 - 0x00007ffc85c43000 	C:\Windows\System32\qedit.dll
0x00007ffc9f090000 - 0x00007ffc9f18a000 	C:\Windows\System32\COMDLG32.dll
0x00007ffc95e50000 - 0x00007ffc95fea000 	C:\Windows\WinSxS\amd64_microsoft.windows.gdiplus_6595b64144ccf1df_1.1.14393.321_none_72fe05dd211a5fae\gdiplus.dll
0x00007ffc853e0000 - 0x00007ffc854d7000 	C:\Windows\System32\DDRAW.dll
0x00007ffc96960000 - 0x00007ffc96968000 	C:\Windows\System32\DCIMAN32.dll
0x00007ffc965e0000 - 0x00007ffc965ec000 	C:\Windows\SYSTEM32\msyuv.dll
0x00007ffc96d60000 - 0x00007ffc96ef2000 	C:\Windows\SYSTEM32\dbghelp.dll

VM Arguments:
jvm_args: -Dfile.encoding=Cp1252 
java_command: OverCoat
java_class_path (initial): C:\Users\curti\OneDrive\Programming\HoundDog\bin;C:\Users\curti\OneDrive\Programming\opencv\build\java\opencv-320.jar
Launcher Type: SUN_STANDARD

Environment Variables:
PATH=C:/Program Files/Java/jre1.8.0_111/bin/server;C:/Program Files/Java/jre1.8.0_111/bin;C:/Program Files/Java/jre1.8.0_111/lib/amd64;C:\ProgramData\Oracle\Java\javapath;C:\Windows\system32;C:\Windows;C:\Windows\System32\Wbem;C:\Windows\System32\WindowsPowerShell\v1.0\;C:\Users\curti\AppData\Local\Microsoft\WindowsApps;;C:\Users\curti\Desktop\desktop stuff;
USERNAME=curti
OS=Windows_NT
PROCESSOR_IDENTIFIER=Intel64 Family 6 Model 60 Stepping 3, GenuineIntel



---------------  S Y S T E M  ---------------

OS: Windows 10.0 , 64 bit Build 14393 (10.0.14393.0)

CPU:total 8 (4 cores per cpu, 2 threads per core) family 6 model 60 stepping 3, cmov, cx8, fxsr, mmx, sse, sse2, sse3, ssse3, sse4.1, sse4.2, popcnt, avx, avx2, aes, clmul, erms, lzcnt, ht, tsc, tscinvbit, bmi1, bmi2

Memory: 4k page, physical 16713384k(12806356k free), swap 19203752k(14213216k free)

vm_info: Java HotSpot(TM) 64-Bit Server VM (25.111-b14) for windows-amd64 JRE (1.8.0_111-b14), built on Sep 22 2016 19:24:05 by "java_re" with MS VC++ 10.0 (VS2010)

time: Mon Jan 16 14:01:40 2017
elapsed time: 9 seconds (0d 0h 0m 9s)

